{
    "Node Type": "Aggregate",
    "Strategy": "Plain",
    "Partial Mode": "Simple",
    "Plan Rows": 1,
    "Plan Width": 64,
    "Actual Startup Time": 449.115,
    "Actual Total Time": 449.158,
    "Actual Rows": 1,
    "Actual Loops": 1,
    "Plans": [
        {
            "Node Type": "Nested Loop",
            "Join Type": "Inner",
            "Plan Rows": 1,
            "Plan Width": 33,
            "Actual Startup Time": 82.848,
            "Actual Total Time": 448.881,
            "Actual Rows": 104,
            "Actual Loops": 1,
            "Inner Unique": true,
            "Plans": [
                {
                    "Node Type": "Nested Loop",
                    "Join Type": "Inner",
                    "Plan Rows": 1,
                    "Plan Width": 37,
                    "Actual Startup Time": 82.463,
                    "Actual Total Time": 448.35,
                    "Actual Rows": 104,
                    "Actual Loops": 1,
                    "Inner Unique": true,
                    "Plans": [
                        {
                            "Node Type": "Gather",
                            "Plan Rows": 1,
                            "Plan Width": 25,
                            "Actual Startup Time": 82.21,
                            "Actual Total Time": 442.124,
                            "Actual Rows": 112,
                            "Actual Loops": 1,
                            "Workers Planned": 2,
                            "Workers Launched": 2,
                            "Plans": [
                                {
                                    "Node Type": "Nested Loop",
                                    "Join Type": "Inner",
                                    "Plan Rows": 1,
                                    "Plan Width": 25,
                                    "Actual Startup Time": 57.929,
                                    "Actual Total Time": 441.511,
                                    "Actual Rows": 37,
                                    "Actual Loops": 3,
                                    "Inner Unique": true,
                                    "Workers": [],
                                    "Plans": [
                                        {
                                            "Node Type": "Nested Loop",
                                            "Join Type": "Inner",
                                            "Plan Rows": 53,
                                            "Plan Width": 29,
                                            "Actual Startup Time": 49.62,
                                            "Actual Total Time": 441.348,
                                            "Actual Rows": 50,
                                            "Actual Loops": 3,
                                            "Inner Unique": false,
                                            "Join Filter": "id",
                                            "Rows Removed by Join Filter": 0,
                                            "Workers": [],
                                            "Plans": [
                                                {
                                                    "Node Type": "Nested Loop",
                                                    "Join Type": "Inner",
                                                    "Plan Rows": 2459,
                                                    "Plan Width": 29,
                                                    "Actual Startup Time": 7.805,
                                                    "Actual Total Time": 118.374,
                                                    "Actual Rows": 1513,
                                                    "Actual Loops": 3,
                                                    "Inner Unique": true,
                                                    "Workers": [],
                                                    "Plans": [
                                                        {
                                                            "Node Type": "Hash Join",
                                                            "Join Type": "Inner",
                                                            "Plan Rows": 6195,
                                                            "Plan Width": 8,
                                                            "Actual Startup Time": 7.555,
                                                            "Actual Total Time": 101.495,
                                                            "Actual Rows": 2930,
                                                            "Actual Loops": 3,
                                                            "Inner Unique": true,
                                                            "Hash Cond": "company_id",
                                                            "Workers": [],
                                                            "Plans": [
                                                                {
                                                                    "Node Type": "Seq Scan",
                                                                    "Plan Rows": 1087137,
                                                                    "Plan Width": 12,
                                                                    "Actual Startup Time": 0.04,
                                                                    "Actual Total Time": 40.051,
                                                                    "Actual Rows": 869710,
                                                                    "Actual Loops": 3,
                                                                    "Workers": []
                                                                },
                                                                {
                                                                    "Node Type": "Hash",
                                                                    "Plan Rows": 788,
                                                                    "Plan Width": 4,
                                                                    "Actual Startup Time": 7.224,
                                                                    "Actual Total Time": 7.224,
                                                                    "Actual Rows": 454,
                                                                    "Actual Loops": 3,
                                                                    "Hash Buckets": 2048,
                                                                    "Original Hash Buckets": 2048,
                                                                    "Hash Batches": 1,
                                                                    "Original Hash Batches": 1,
                                                                    "Peak Memory Usage": 112,
                                                                    "Workers": [],
                                                                    "Plans": [
                                                                        {
                                                                            "Node Type": "Seq Scan",
                                                                            "Plan Rows": 788,
                                                                            "Plan Width": 4,
                                                                            "Actual Startup Time": 0.011,
                                                                            "Actual Total Time": 7.119,
                                                                            "Actual Rows": 454,
                                                                            "Actual Loops": 3,
                                                                            "Filter": "countryde",
                                                                            "Rows Removed by Filter": 77879,
                                                                            "Workers": []
                                                                        }
                                                                    ]
                                                                }
                                                            ]
                                                        },
                                                        {
                                                            "Node Type": "Index Scan",
                                                            "Scan Direction": "Forward",
                                                            "Index Name": "title_pkey",
                                                            "Plan Rows": 1,
                                                            "Plan Width": 21,
                                                            "Actual Startup Time": 0.005,
                                                            "Actual Total Time": 0.005,
                                                            "Actual Rows": 1,
                                                            "Actual Loops": 8790,
                                                            "Index Cond": "id",
                                                            "Rows Removed by Index Recheck": 0,
                                                            "Filter": "productinyea",
                                                            "Rows Removed by Filter": 0,
                                                            "Workers": []
                                                        }
                                                    ]
                                                },
                                                {
                                                    "Node Type": "Index Scan",
                                                    "Scan Direction": "Forward",
                                                    "Index Name": "movie_id_cast_info",
                                                    "Plan Rows": 1,
                                                    "Plan Width": 12,
                                                    "Actual Startup Time": 0.204,
                                                    "Actual Total Time": 0.213,
                                                    "Actual Rows": 0,
                                                    "Actual Loops": 4539,
                                                    "Index Cond": "movie_id",
                                                    "Rows Removed by Index Recheck": 0,
                                                    "Filter": "note",
                                                    "Rows Removed by Filter": 50,
                                                    "Workers": []
                                                }
                                            ]
                                        },
                                        {
                                            "Node Type": "Memoize",
                                            "Plan Rows": 1,
                                            "Plan Width": 4,
                                            "Actual Startup Time": 0.003,
                                            "Actual Total Time": 0.003,
                                            "Actual Rows": 1,
                                            "Actual Loops": 151,
                                            "Cache Key": "role_id",
                                            "Cache Mode": "logical",
                                            "Cache Hits": 80,
                                            "Cache Misses": 3,
                                            "Cache Evictions": 0,
                                            "Cache Overflows": 0,
                                            "Peak Memory Usage": 1,
                                            "Workers": [
                                                {
                                                    "Worker Number": 0,
                                                    "Cache Hits": 43,
                                                    "Cache Misses": 3,
                                                    "Cache Evictions": 0,
                                                    "Cache Overflows": 0,
                                                    "Peak Memory Usage": 1
                                                },
                                                {
                                                    "Worker Number": 1,
                                                    "Cache Hits": 20,
                                                    "Cache Misses": 2,
                                                    "Cache Evictions": 0,
                                                    "Cache Overflows": 0,
                                                    "Peak Memory Usage": 1
                                                }
                                            ],
                                            "Plans": [
                                                {
                                                    "Node Type": "Index Scan",
                                                    "Scan Direction": "Forward",
                                                    "Index Name": "role_type_pkey",
                                                    "Plan Rows": 1,
                                                    "Plan Width": 4,
                                                    "Actual Startup Time": 0.033,
                                                    "Actual Total Time": 0.033,
                                                    "Actual Rows": 0,
                                                    "Actual Loops": 8,
                                                    "Index Cond": "id",
                                                    "Rows Removed by Index Recheck": 0,
                                                    "Filter": "role",
                                                    "Rows Removed by Filter": 1,
                                                    "Workers": []
                                                }
                                            ]
                                        }
                                    ]
                                }
                            ]
                        },
                        {
                            "Node Type": "Index Scan",
                            "Scan Direction": "Forward",
                            "Index Name": "char_name_pkey",
                            "Plan Rows": 1,
                            "Plan Width": 20,
                            "Actual Startup Time": 0.055,
                            "Actual Total Time": 0.055,
                            "Actual Rows": 1,
                            "Actual Loops": 112,
                            "Index Cond": "id",
                            "Rows Removed by Index Recheck": 0
                        }
                    ]
                },
                {
                    "Node Type": "Index Only Scan",
                    "Scan Direction": "Forward",
                    "Index Name": "company_type_pkey",
                    "Plan Rows": 1,
                    "Plan Width": 4,
                    "Actual Startup Time": 0.005,
                    "Actual Total Time": 0.005,
                    "Actual Rows": 1,
                    "Actual Loops": 104,
                    "Index Cond": "id",
                    "Rows Removed by Index Recheck": 0,
                    "Heap Fetches": 104
                }
            ]
        }
    ]
}