{
    "Node Type": "Aggregate",
    "Strategy": "Plain",
    "Partial Mode": "Simple",
    "Plan Rows": 1,
    "Plan Width": 96,
    "Actual Startup Time": 54.497,
    "Actual Total Time": 54.498,
    "Actual Rows": 1,
    "Actual Loops": 1,
    "Plans": [
        {
            "Node Type": "Nested Loop",
            "Join Type": "Inner",
            "Plan Rows": 1,
            "Plan Width": 118,
            "Actual Startup Time": 10.384,
            "Actual Total Time": 54.186,
            "Actual Rows": 310,
            "Actual Loops": 1,
            "Inner Unique": true,
            "Plans": [
                {
                    "Node Type": "Nested Loop",
                    "Join Type": "Inner",
                    "Plan Rows": 3,
                    "Plan Width": 122,
                    "Actual Startup Time": 3.963,
                    "Actual Total Time": 38.754,
                    "Actual Rows": 6863,
                    "Actual Loops": 1,
                    "Inner Unique": false,
                    "Join Filter": "movie_id",
                    "Rows Removed by Join Filter": 0,
                    "Plans": [
                        {
                            "Node Type": "Nested Loop",
                            "Join Type": "Inner",
                            "Plan Rows": 1,
                            "Plan Width": 130,
                            "Actual Startup Time": 3.694,
                            "Actual Total Time": 31.089,
                            "Actual Rows": 698,
                            "Actual Loops": 1,
                            "Inner Unique": true,
                            "Join Filter": "movie_id",
                            "Rows Removed by Join Filter": 0,
                            "Plans": [
                                {
                                    "Node Type": "Nested Loop",
                                    "Join Type": "Inner",
                                    "Plan Rows": 1,
                                    "Plan Width": 109,
                                    "Actual Startup Time": 1.2,
                                    "Actual Total Time": 22.968,
                                    "Actual Rows": 1152,
                                    "Actual Loops": 1,
                                    "Inner Unique": true,
                                    "Plans": [
                                        {
                                            "Node Type": "Nested Loop",
                                            "Join Type": "Inner",
                                            "Plan Rows": 1,
                                            "Plan Width": 94,
                                            "Actual Startup Time": 0.882,
                                            "Actual Total Time": 12.171,
                                            "Actual Rows": 4393,
                                            "Actual Loops": 1,
                                            "Inner Unique": true,
                                            "Plans": [
                                                {
                                                    "Node Type": "Nested Loop",
                                                    "Join Type": "Inner",
                                                    "Plan Rows": 109,
                                                    "Plan Width": 98,
                                                    "Actual Startup Time": 0.6,
                                                    "Actual Total Time": 11.049,
                                                    "Actual Rows": 5069,
                                                    "Actual Loops": 1,
                                                    "Inner Unique": false,
                                                    "Plans": [
                                                        {
                                                            "Node Type": "Nested Loop",
                                                            "Join Type": "Inner",
                                                            "Plan Rows": 42,
                                                            "Plan Width": 86,
                                                            "Actual Startup Time": 0.587,
                                                            "Actual Total Time": 4.764,
                                                            "Actual Rows": 2315,
                                                            "Actual Loops": 1,
                                                            "Inner Unique": false,
                                                            "Plans": [
                                                                {
                                                                    "Node Type": "Seq Scan",
                                                                    "Plan Rows": 1,
                                                                    "Plan Width": 86,
                                                                    "Actual Startup Time": 0.12,
                                                                    "Actual Total Time": 0.123,
                                                                    "Actual Rows": 2,
                                                                    "Actual Loops": 1,
                                                                    "Filter": "link",
                                                                    "Rows Removed by Filter": 16
                                                                },
                                                                {
                                                                    "Node Type": "Bitmap Heap Scan",
                                                                    "Plan Rows": 1875,
                                                                    "Plan Width": 8,
                                                                    "Actual Startup Time": 0.245,
                                                                    "Actual Total Time": 2.25,
                                                                    "Actual Rows": 1158,
                                                                    "Actual Loops": 2,
                                                                    "Recheck Cond": "link_type_id",
                                                                    "Rows Removed by Index Recheck": 0,
                                                                    "Exact Heap Blocks": 191,
                                                                    "Lossy Heap Blocks": 0,
                                                                    "Plans": [
                                                                        {
                                                                            "Node Type": "Bitmap Index Scan",
                                                                            "Index Name": "link_type_id_movie_link",
                                                                            "Plan Rows": 1875,
                                                                            "Plan Width": 0,
                                                                            "Actual Startup Time": 0.178,
                                                                            "Actual Total Time": 0.178,
                                                                            "Actual Rows": 1158,
                                                                            "Actual Loops": 2,
                                                                            "Index Cond": "link_type_id"
                                                                        }
                                                                    ]
                                                                }
                                                            ]
                                                        },
                                                        {
                                                            "Node Type": "Index Scan",
                                                            "Scan Direction": "Forward",
                                                            "Index Name": "movie_id_movie_companies",
                                                            "Plan Rows": 3,
                                                            "Plan Width": 12,
                                                            "Actual Startup Time": 0.002,
                                                            "Actual Total Time": 0.003,
                                                            "Actual Rows": 2,
                                                            "Actual Loops": 2315,
                                                            "Index Cond": "movie_id",
                                                            "Rows Removed by Index Recheck": 0,
                                                            "Filter": "noteISNUL",
                                                            "Rows Removed by Filter": 2
                                                        }
                                                    ]
                                                },
                                                {
                                                    "Node Type": "Memoize",
                                                    "Plan Rows": 1,
                                                    "Plan Width": 4,
                                                    "Actual Startup Time": 0.0,
                                                    "Actual Total Time": 0.0,
                                                    "Actual Rows": 1,
                                                    "Actual Loops": 5069,
                                                    "Cache Key": "company_type_id",
                                                    "Cache Mode": "logical",
                                                    "Cache Hits": 5067,
                                                    "Cache Misses": 2,
                                                    "Cache Evictions": 0,
                                                    "Cache Overflows": 0,
                                                    "Peak Memory Usage": 1,
                                                    "Plans": [
                                                        {
                                                            "Node Type": "Index Scan",
                                                            "Scan Direction": "Forward",
                                                            "Index Name": "company_type_pkey",
                                                            "Plan Rows": 1,
                                                            "Plan Width": 4,
                                                            "Actual Startup Time": 0.14,
                                                            "Actual Total Time": 0.14,
                                                            "Actual Rows": 0,
                                                            "Actual Loops": 2,
                                                            "Index Cond": "id",
                                                            "Rows Removed by Index Recheck": 0,
                                                            "Filter": "kind",
                                                            "Rows Removed by Filter": 0
                                                        }
                                                    ]
                                                }
                                            ]
                                        },
                                        {
                                            "Node Type": "Index Scan",
                                            "Scan Direction": "Forward",
                                            "Index Name": "company_name_pkey",
                                            "Plan Rows": 1,
                                            "Plan Width": 23,
                                            "Actual Startup Time": 0.002,
                                            "Actual Total Time": 0.002,
                                            "Actual Rows": 0,
                                            "Actual Loops": 4393,
                                            "Index Cond": "id",
                                            "Rows Removed by Index Recheck": 0,
                                            "Filter": "countrydeam",
                                            "Rows Removed by Filter": 1
                                        }
                                    ]
                                },
                                {
                                    "Node Type": "Index Scan",
                                    "Scan Direction": "Forward",
                                    "Index Name": "title_pkey",
                                    "Plan Rows": 1,
                                    "Plan Width": 21,
                                    "Actual Startup Time": 0.007,
                                    "Actual Total Time": 0.007,
                                    "Actual Rows": 1,
                                    "Actual Loops": 1152,
                                    "Index Cond": "id",
                                    "Rows Removed by Index Recheck": 0,
                                    "Filter": "productinyea",
                                    "Rows Removed by Filter": 0
                                }
                            ]
                        },
                        {
                            "Node Type": "Index Scan",
                            "Scan Direction": "Forward",
                            "Index Name": "movie_id_movie_keyword",
                            "Plan Rows": 47,
                            "Plan Width": 8,
                            "Actual Startup Time": 0.01,
                            "Actual Total Time": 0.01,
                            "Actual Rows": 10,
                            "Actual Loops": 698,
                            "Index Cond": "movie_id",
                            "Rows Removed by Index Recheck": 0
                        }
                    ]
                },
                {
                    "Node Type": "Index Scan",
                    "Scan Direction": "Forward",
                    "Index Name": "keyword_pkey",
                    "Plan Rows": 1,
                    "Plan Width": 4,
                    "Actual Startup Time": 0.002,
                    "Actual Total Time": 0.002,
                    "Actual Rows": 0,
                    "Actual Loops": 6863,
                    "Index Cond": "id",
                    "Rows Removed by Index Recheck": 0,
                    "Filter": "keyword",
                    "Rows Removed by Filter": 1
                }
            ]
        }
    ]
}