{
    "Node Type": "Aggregate",
    "Strategy": "Plain",
    "Partial Mode": "Simple",
    "Plan Rows": 1,
    "Plan Width": 96,
    "Actual Startup Time": 151.929,
    "Actual Total Time": 153.454,
    "Actual Rows": 1,
    "Actual Loops": 1,
    "Plans": [
        {
            "Node Type": "Nested Loop",
            "Join Type": "Inner",
            "Plan Rows": 1,
            "Plan Width": 60,
            "Actual Startup Time": 112.187,
            "Actual Total Time": 146.935,
            "Actual Rows": 6946,
            "Actual Loops": 1,
            "Inner Unique": true,
            "Join Filter": "movie_id",
            "Rows Removed by Join Filter": 0,
            "Plans": [
                {
                    "Node Type": "Nested Loop",
                    "Join Type": "Inner",
                    "Plan Rows": 1,
                    "Plan Width": 55,
                    "Actual Startup Time": 112.038,
                    "Actual Total Time": 141.298,
                    "Actual Rows": 6946,
                    "Actual Loops": 1,
                    "Inner Unique": true,
                    "Plans": [
                        {
                            "Node Type": "Nested Loop",
                            "Join Type": "Inner",
                            "Plan Rows": 1,
                            "Plan Width": 59,
                            "Actual Startup Time": 111.726,
                            "Actual Total Time": 138.209,
                            "Actual Rows": 6946,
                            "Actual Loops": 1,
                            "Inner Unique": true,
                            "Plans": [
                                {
                                    "Node Type": "Nested Loop",
                                    "Join Type": "Inner",
                                    "Plan Rows": 1,
                                    "Plan Width": 63,
                                    "Actual Startup Time": 111.721,
                                    "Actual Total Time": 135.359,
                                    "Actual Rows": 6946,
                                    "Actual Loops": 1,
                                    "Inner Unique": true,
                                    "Plans": [
                                        {
                                            "Node Type": "Nested Loop",
                                            "Join Type": "Inner",
                                            "Plan Rows": 85,
                                            "Plan Width": 48,
                                            "Actual Startup Time": 110.713,
                                            "Actual Total Time": 121.825,
                                            "Actual Rows": 15510,
                                            "Actual Loops": 1,
                                            "Inner Unique": false,
                                            "Join Filter": "movie_id",
                                            "Rows Removed by Join Filter": 0,
                                            "Plans": [
                                                {
                                                    "Node Type": "Merge Join",
                                                    "Join Type": "Inner",
                                                    "Plan Rows": 31,
                                                    "Plan Width": 12,
                                                    "Actual Startup Time": 110.706,
                                                    "Actual Total Time": 117.818,
                                                    "Actual Rows": 1460,
                                                    "Actual Loops": 1,
                                                    "Inner Unique": false,
                                                    "Merge Cond": "(mk.movie_id = ml.movie_id)",
                                                    "Plans": [
                                                        {
                                                            "Node Type": "Gather Merge",
                                                            "Plan Rows": 101,
                                                            "Plan Width": 4,
                                                            "Actual Startup Time": 110.653,
                                                            "Actual Total Time": 112.467,
                                                            "Actual Rows": 481,
                                                            "Actual Loops": 1,
                                                            "Workers Planned": 2,
                                                            "Workers Launched": 2,
                                                            "Plans": [
                                                                {
                                                                    "Node Type": "Nested Loop",
                                                                    "Join Type": "Inner",
                                                                    "Plan Rows": 42,
                                                                    "Plan Width": 4,
                                                                    "Actual Startup Time": 1.17,
                                                                    "Actual Total Time": 96.237,
                                                                    "Actual Rows": 629,
                                                                    "Actual Loops": 3,
                                                                    "Inner Unique": true,
                                                                    "Workers": [],
                                                                    "Plans": [
                                                                        {
                                                                            "Node Type": "Index Scan",
                                                                            "Scan Direction": "Forward",
                                                                            "Index Name": "movie_id_movie_keyword",
                                                                            "Plan Rows": 1884971,
                                                                            "Plan Width": 8,
                                                                            "Actual Startup Time": 0.186,
                                                                            "Actual Total Time": 35.586,
                                                                            "Actual Rows": 132894,
                                                                            "Actual Loops": 3,
                                                                            "Workers": []
                                                                        },
                                                                        {
                                                                            "Node Type": "Memoize",
                                                                            "Plan Rows": 1,
                                                                            "Plan Width": 4,
                                                                            "Actual Startup Time": 0.0,
                                                                            "Actual Total Time": 0.0,
                                                                            "Actual Rows": 0,
                                                                            "Actual Loops": 398681,
                                                                            "Cache Key": "keyword_id",
                                                                            "Cache Mode": "logical",
                                                                            "Cache Hits": 246,
                                                                            "Cache Misses": 451,
                                                                            "Cache Evictions": 0,
                                                                            "Cache Overflows": 0,
                                                                            "Peak Memory Usage": 31,
                                                                            "Workers": [
                                                                                {
                                                                                    "Worker Number": 0,
                                                                                    "Cache Hits": 168816,
                                                                                    "Cache Misses": 34067,
                                                                                    "Cache Evictions": 0,
                                                                                    "Cache Overflows": 0,
                                                                                    "Peak Memory Usage": 2263
                                                                                },
                                                                                {
                                                                                    "Worker Number": 1,
                                                                                    "Cache Hits": 161523,
                                                                                    "Cache Misses": 33578,
                                                                                    "Cache Evictions": 0,
                                                                                    "Cache Overflows": 0,
                                                                                    "Peak Memory Usage": 2230
                                                                                }
                                                                            ],
                                                                            "Plans": [
                                                                                {
                                                                                    "Node Type": "Index Scan",
                                                                                    "Scan Direction": "Forward",
                                                                                    "Index Name": "keyword_pkey",
                                                                                    "Plan Rows": 1,
                                                                                    "Plan Width": 4,
                                                                                    "Actual Startup Time": 0.001,
                                                                                    "Actual Total Time": 0.001,
                                                                                    "Actual Rows": 0,
                                                                                    "Actual Loops": 68096,
                                                                                    "Index Cond": "id",
                                                                                    "Rows Removed by Index Recheck": 0,
                                                                                    "Filter": "keyword",
                                                                                    "Rows Removed by Filter": 1,
                                                                                    "Workers": []
                                                                                }
                                                                            ]
                                                                        }
                                                                    ]
                                                                }
                                                            ]
                                                        },
                                                        {
                                                            "Node Type": "Index Scan",
                                                            "Scan Direction": "Forward",
                                                            "Index Name": "movie_id_movie_link",
                                                            "Plan Rows": 29997,
                                                            "Plan Width": 8,
                                                            "Actual Startup Time": 0.01,
                                                            "Actual Total Time": 4.354,
                                                            "Actual Rows": 30043,
                                                            "Actual Loops": 1
                                                        }
                                                    ]
                                                },
                                                {
                                                    "Node Type": "Index Scan",
                                                    "Scan Direction": "Forward",
                                                    "Index Name": "movie_id_movie_companies",
                                                    "Plan Rows": 3,
                                                    "Plan Width": 36,
                                                    "Actual Startup Time": 0.001,
                                                    "Actual Total Time": 0.002,
                                                    "Actual Rows": 11,
                                                    "Actual Loops": 1460,
                                                    "Index Cond": "movie_id",
                                                    "Rows Removed by Index Recheck": 0,
                                                    "Filter": "noteISNOTUL",
                                                    "Rows Removed by Filter": 2
                                                }
                                            ]
                                        },
                                        {
                                            "Node Type": "Index Scan",
                                            "Scan Direction": "Forward",
                                            "Index Name": "company_name_pkey",
                                            "Plan Rows": 1,
                                            "Plan Width": 23,
                                            "Actual Startup Time": 0.001,
                                            "Actual Total Time": 0.001,
                                            "Actual Rows": 0,
                                            "Actual Loops": 15510,
                                            "Index Cond": "id",
                                            "Rows Removed by Index Recheck": 0,
                                            "Filter": "countrydeam",
                                            "Rows Removed by Filter": 1
                                        }
                                    ]
                                },
                                {
                                    "Node Type": "Index Scan",
                                    "Scan Direction": "Forward",
                                    "Index Name": "company_type_pkey",
                                    "Plan Rows": 1,
                                    "Plan Width": 4,
                                    "Actual Startup Time": 0.0,
                                    "Actual Total Time": 0.0,
                                    "Actual Rows": 1,
                                    "Actual Loops": 6946,
                                    "Index Cond": "id",
                                    "Rows Removed by Index Recheck": 0,
                                    "Filter": "kindISNOTUL",
                                    "Rows Removed by Filter": 0
                                }
                            ]
                        },
                        {
                            "Node Type": "Index Only Scan",
                            "Scan Direction": "Forward",
                            "Index Name": "link_type_pkey",
                            "Plan Rows": 1,
                            "Plan Width": 4,
                            "Actual Startup Time": 0.0,
                            "Actual Total Time": 0.0,
                            "Actual Rows": 1,
                            "Actual Loops": 6946,
                            "Index Cond": "id",
                            "Rows Removed by Index Recheck": 0,
                            "Heap Fetches": 6946
                        }
                    ]
                },
                {
                    "Node Type": "Index Scan",
                    "Scan Direction": "Forward",
                    "Index Name": "title_pkey",
                    "Plan Rows": 1,
                    "Plan Width": 21,
                    "Actual Startup Time": 0.001,
                    "Actual Total Time": 0.001,
                    "Actual Rows": 1,
                    "Actual Loops": 6946,
                    "Index Cond": "id",
                    "Rows Removed by Index Recheck": 0,
                    "Filter": "productinyea",
                    "Rows Removed by Filter": 0
                }
            ]
        }
    ]
}