{
    "Node Type": "Aggregate",
    "Strategy": "Plain",
    "Partial Mode": "Simple",
    "Plan Rows": 1,
    "Plan Width": 96,
    "Actual Startup Time": 1063.821,
    "Actual Total Time": 1063.842,
    "Actual Rows": 1,
    "Actual Loops": 1,
    "Plans": [
        {
            "Node Type": "Nested Loop",
            "Join Type": "Inner",
            "Plan Rows": 1,
            "Plan Width": 41,
            "Actual Startup Time": 38.747,
            "Actual Total Time": 1063.087,
            "Actual Rows": 397,
            "Actual Loops": 1,
            "Inner Unique": true,
            "Plans": [
                {
                    "Node Type": "Gather",
                    "Plan Rows": 1,
                    "Plan Width": 26,
                    "Actual Startup Time": 38.737,
                    "Actual Total Time": 1050.675,
                    "Actual Rows": 708,
                    "Actual Loops": 1,
                    "Workers Planned": 2,
                    "Workers Launched": 2,
                    "Plans": [
                        {
                            "Node Type": "Nested Loop",
                            "Join Type": "Inner",
                            "Plan Rows": 1,
                            "Plan Width": 26,
                            "Actual Startup Time": 30.904,
                            "Actual Total Time": 1048.584,
                            "Actual Rows": 236,
                            "Actual Loops": 3,
                            "Inner Unique": true,
                            "Workers": [],
                            "Plans": [
                                {
                                    "Node Type": "Nested Loop",
                                    "Join Type": "Inner",
                                    "Plan Rows": 1,
                                    "Plan Width": 30,
                                    "Actual Startup Time": 30.881,
                                    "Actual Total Time": 1048.358,
                                    "Actual Rows": 236,
                                    "Actual Loops": 3,
                                    "Inner Unique": false,
                                    "Join Filter": "id",
                                    "Rows Removed by Join Filter": 0,
                                    "Workers": [],
                                    "Plans": [
                                        {
                                            "Node Type": "Nested Loop",
                                            "Join Type": "Inner",
                                            "Plan Rows": 1,
                                            "Plan Width": 38,
                                            "Actual Startup Time": 1.499,
                                            "Actual Total Time": 409.904,
                                            "Actual Rows": 2203,
                                            "Actual Loops": 3,
                                            "Inner Unique": true,
                                            "Join Filter": "movie_id",
                                            "Rows Removed by Join Filter": 0,
                                            "Workers": [],
                                            "Plans": [
                                                {
                                                    "Node Type": "Hash Join",
                                                    "Join Type": "Inner",
                                                    "Plan Rows": 6,
                                                    "Plan Width": 17,
                                                    "Actual Startup Time": 0.338,
                                                    "Actual Total Time": 291.373,
                                                    "Actual Rows": 8078,
                                                    "Actual Loops": 3,
                                                    "Inner Unique": true,
                                                    "Hash Cond": "company_type_id",
                                                    "Workers": [],
                                                    "Plans": [
                                                        {
                                                            "Node Type": "Nested Loop",
                                                            "Join Type": "Inner",
                                                            "Plan Rows": 1084,
                                                            "Plan Width": 21,
                                                            "Actual Startup Time": 0.312,
                                                            "Actual Total Time": 289.319,
                                                            "Actual Rows": 21569,
                                                            "Actual Loops": 3,
                                                            "Inner Unique": false,
                                                            "Workers": [],
                                                            "Plans": [
                                                                {
                                                                    "Node Type": "Hash Join",
                                                                    "Join Type": "Inner",
                                                                    "Plan Rows": 204,
                                                                    "Plan Width": 9,
                                                                    "Actual Startup Time": 0.258,
                                                                    "Actual Total Time": 260.237,
                                                                    "Actual Rows": 5283,
                                                                    "Actual Loops": 3,
                                                                    "Inner Unique": true,
                                                                    "Hash Cond": "info_type_id",
                                                                    "Workers": [],
                                                                    "Plans": [
                                                                        {
                                                                            "Node Type": "Seq Scan",
                                                                            "Plan Rows": 23058,
                                                                            "Plan Width": 13,
                                                                            "Actual Startup Time": 0.11,
                                                                            "Actual Total Time": 258.106,
                                                                            "Actual Rows": 17543,
                                                                            "Actual Loops": 3,
                                                                            "Filter": "info",
                                                                            "Rows Removed by Filter": 442469,
                                                                            "Workers": []
                                                                        },
                                                                        {
                                                                            "Node Type": "Hash",
                                                                            "Plan Rows": 1,
                                                                            "Plan Width": 4,
                                                                            "Actual Startup Time": 0.033,
                                                                            "Actual Total Time": 0.033,
                                                                            "Actual Rows": 1,
                                                                            "Actual Loops": 3,
                                                                            "Hash Buckets": 1024,
                                                                            "Original Hash Buckets": 1024,
                                                                            "Hash Batches": 1,
                                                                            "Original Hash Batches": 1,
                                                                            "Peak Memory Usage": 9,
                                                                            "Workers": [],
                                                                            "Plans": [
                                                                                {
                                                                                    "Node Type": "Seq Scan",
                                                                                    "Plan Rows": 1,
                                                                                    "Plan Width": 4,
                                                                                    "Actual Startup Time": 0.021,
                                                                                    "Actual Total Time": 0.022,
                                                                                    "Actual Rows": 1,
                                                                                    "Actual Loops": 3,
                                                                                    "Filter": "info",
                                                                                    "Rows Removed by Filter": 112,
                                                                                    "Workers": []
                                                                                }
                                                                            ]
                                                                        }
                                                                    ]
                                                                },
                                                                {
                                                                    "Node Type": "Index Scan",
                                                                    "Scan Direction": "Forward",
                                                                    "Index Name": "movie_id_movie_companies",
                                                                    "Plan Rows": 5,
                                                                    "Plan Width": 12,
                                                                    "Actual Startup Time": 0.004,
                                                                    "Actual Total Time": 0.005,
                                                                    "Actual Rows": 4,
                                                                    "Actual Loops": 15849,
                                                                    "Index Cond": "movie_id",
                                                                    "Rows Removed by Index Recheck": 0,
                                                                    "Workers": []
                                                                }
                                                            ]
                                                        },
                                                        {
                                                            "Node Type": "Hash",
                                                            "Plan Rows": 4,
                                                            "Plan Width": 4,
                                                            "Actual Startup Time": 0.017,
                                                            "Actual Total Time": 0.017,
                                                            "Actual Rows": 1,
                                                            "Actual Loops": 3,
                                                            "Hash Buckets": 1024,
                                                            "Original Hash Buckets": 1024,
                                                            "Hash Batches": 1,
                                                            "Original Hash Batches": 1,
                                                            "Peak Memory Usage": 9,
                                                            "Workers": [],
                                                            "Plans": [
                                                                {
                                                                    "Node Type": "Seq Scan",
                                                                    "Plan Rows": 4,
                                                                    "Plan Width": 4,
                                                                    "Actual Startup Time": 0.015,
                                                                    "Actual Total Time": 0.016,
                                                                    "Actual Rows": 1,
                                                                    "Actual Loops": 3,
                                                                    "Filter": "kind",
                                                                    "Rows Removed by Filter": 3,
                                                                    "Workers": []
                                                                }
                                                            ]
                                                        }
                                                    ]
                                                },
                                                {
                                                    "Node Type": "Index Scan",
                                                    "Scan Direction": "Forward",
                                                    "Index Name": "title_pkey",
                                                    "Plan Rows": 1,
                                                    "Plan Width": 21,
                                                    "Actual Startup Time": 0.014,
                                                    "Actual Total Time": 0.014,
                                                    "Actual Rows": 0,
                                                    "Actual Loops": 24233,
                                                    "Index Cond": "id",
                                                    "Rows Removed by Index Recheck": 0,
                                                    "Filter": "productinyea",
                                                    "Rows Removed by Filter": 1,
                                                    "Workers": []
                                                }
                                            ]
                                        },
                                        {
                                            "Node Type": "Index Scan",
                                            "Scan Direction": "Forward",
                                            "Index Name": "movie_id_movie_info",
                                            "Plan Rows": 1,
                                            "Plan Width": 8,
                                            "Actual Startup Time": 0.289,
                                            "Actual Total Time": 0.29,
                                            "Actual Rows": 0,
                                            "Actual Loops": 6610,
                                            "Index Cond": "movie_id",
                                            "Rows Removed by Index Recheck": 0,
                                            "Filter": "info",
                                            "Rows Removed by Filter": 29,
                                            "Workers": []
                                        }
                                    ]
                                },
                                {
                                    "Node Type": "Memoize",
                                    "Plan Rows": 1,
                                    "Plan Width": 4,
                                    "Actual Startup Time": 0.0,
                                    "Actual Total Time": 0.0,
                                    "Actual Rows": 1,
                                    "Actual Loops": 708,
                                    "Cache Key": "info_type_id",
                                    "Cache Mode": "logical",
                                    "Cache Hits": 240,
                                    "Cache Misses": 1,
                                    "Cache Evictions": 0,
                                    "Cache Overflows": 0,
                                    "Peak Memory Usage": 1,
                                    "Workers": [
                                        {
                                            "Worker Number": 0,
                                            "Cache Hits": 248,
                                            "Cache Misses": 1,
                                            "Cache Evictions": 0,
                                            "Cache Overflows": 0,
                                            "Peak Memory Usage": 1
                                        },
                                        {
                                            "Worker Number": 1,
                                            "Cache Hits": 217,
                                            "Cache Misses": 1,
                                            "Cache Evictions": 0,
                                            "Cache Overflows": 0,
                                            "Peak Memory Usage": 1
                                        }
                                    ],
                                    "Plans": [
                                        {
                                            "Node Type": "Index Scan",
                                            "Scan Direction": "Forward",
                                            "Index Name": "info_type_pkey",
                                            "Plan Rows": 1,
                                            "Plan Width": 4,
                                            "Actual Startup Time": 0.019,
                                            "Actual Total Time": 0.019,
                                            "Actual Rows": 1,
                                            "Actual Loops": 3,
                                            "Index Cond": "id",
                                            "Rows Removed by Index Recheck": 0,
                                            "Filter": "info",
                                            "Rows Removed by Filter": 0,
                                            "Workers": []
                                        }
                                    ]
                                }
                            ]
                        }
                    ]
                },
                {
                    "Node Type": "Index Scan",
                    "Scan Direction": "Forward",
                    "Index Name": "company_name_pkey",
                    "Plan Rows": 1,
                    "Plan Width": 23,
                    "Actual Startup Time": 0.017,
                    "Actual Total Time": 0.017,
                    "Actual Rows": 1,
                    "Actual Loops": 708,
                    "Index Cond": "id",
                    "Rows Removed by Index Recheck": 0,
                    "Filter": "countryde",
                    "Rows Removed by Filter": 0
                }
            ]
        }
    ]
}