{
    "Node Type": "Aggregate",
    "Strategy": "Plain",
    "Partial Mode": "Simple",
    "Plan Rows": 1,
    "Plan Width": 64,
    "Actual Startup Time": 93.551,
    "Actual Total Time": 93.553,
    "Actual Rows": 1,
    "Actual Loops": 1,
    "Plans": [
        {
            "Node Type": "Nested Loop",
            "Join Type": "Inner",
            "Plan Rows": 1,
            "Plan Width": 22,
            "Actual Startup Time": 57.536,
            "Actual Total Time": 93.547,
            "Actual Rows": 1,
            "Actual Loops": 1,
            "Inner Unique": true,
            "Join Filter": "kind_id",
            "Rows Removed by Join Filter": 1,
            "Plans": [
                {
                    "Node Type": "Nested Loop",
                    "Join Type": "Inner",
                    "Plan Rows": 1,
                    "Plan Width": 26,
                    "Actual Startup Time": 5.78,
                    "Actual Total Time": 93.525,
                    "Actual Rows": 2,
                    "Actual Loops": 1,
                    "Inner Unique": true,
                    "Join Filter": "info_type_id",
                    "Rows Removed by Join Filter": 1,
                    "Plans": [
                        {
                            "Node Type": "Nested Loop",
                            "Join Type": "Inner",
                            "Plan Rows": 1,
                            "Plan Width": 30,
                            "Actual Startup Time": 5.765,
                            "Actual Total Time": 93.505,
                            "Actual Rows": 3,
                            "Actual Loops": 1,
                            "Inner Unique": false,
                            "Join Filter": "id",
                            "Rows Removed by Join Filter": 0,
                            "Plans": [
                                {
                                    "Node Type": "Nested Loop",
                                    "Join Type": "Inner",
                                    "Plan Rows": 1,
                                    "Plan Width": 33,
                                    "Actual Startup Time": 5.571,
                                    "Actual Total Time": 93.09,
                                    "Actual Rows": 8,
                                    "Actual Loops": 1,
                                    "Inner Unique": true,
                                    "Join Filter": "info_type_id",
                                    "Rows Removed by Join Filter": 0,
                                    "Plans": [
                                        {
                                            "Node Type": "Nested Loop",
                                            "Join Type": "Inner",
                                            "Plan Rows": 1,
                                            "Plan Width": 37,
                                            "Actual Startup Time": 5.565,
                                            "Actual Total Time": 93.044,
                                            "Actual Rows": 8,
                                            "Actual Loops": 1,
                                            "Inner Unique": false,
                                            "Join Filter": "id",
                                            "Rows Removed by Join Filter": 0,
                                            "Plans": [
                                                {
                                                    "Node Type": "Nested Loop",
                                                    "Join Type": "Inner",
                                                    "Plan Rows": 1,
                                                    "Plan Width": 29,
                                                    "Actual Startup Time": 3.296,
                                                    "Actual Total Time": 87.46,
                                                    "Actual Rows": 15,
                                                    "Actual Loops": 1,
                                                    "Inner Unique": true,
                                                    "Plans": [
                                                        {
                                                            "Node Type": "Nested Loop",
                                                            "Join Type": "Inner",
                                                            "Plan Rows": 67,
                                                            "Plan Width": 4,
                                                            "Actual Startup Time": 2.572,
                                                            "Actual Total Time": 39.205,
                                                            "Actual Rows": 19528,
                                                            "Actual Loops": 1,
                                                            "Inner Unique": false,
                                                            "Plans": [
                                                                {
                                                                    "Node Type": "Seq Scan",
                                                                    "Plan Rows": 2,
                                                                    "Plan Width": 4,
                                                                    "Actual Startup Time": 0.506,
                                                                    "Actual Total Time": 9.478,
                                                                    "Actual Rows": 1,
                                                                    "Actual Loops": 1,
                                                                    "Filter": "keyword",
                                                                    "Rows Removed by Filter": 134169
                                                                },
                                                                {
                                                                    "Node Type": "Bitmap Heap Scan",
                                                                    "Plan Rows": 301,
                                                                    "Plan Width": 8,
                                                                    "Actual Startup Time": 2.064,
                                                                    "Actual Total Time": 28.852,
                                                                    "Actual Rows": 19528,
                                                                    "Actual Loops": 1,
                                                                    "Recheck Cond": "keyword_id",
                                                                    "Rows Removed by Index Recheck": 0,
                                                                    "Exact Heap Blocks": 12389,
                                                                    "Lossy Heap Blocks": 0,
                                                                    "Plans": [
                                                                        {
                                                                            "Node Type": "Bitmap Index Scan",
                                                                            "Index Name": "keyword_id_movie_keyword",
                                                                            "Plan Rows": 301,
                                                                            "Plan Width": 0,
                                                                            "Actual Startup Time": 0.956,
                                                                            "Actual Total Time": 0.956,
                                                                            "Actual Rows": 19528,
                                                                            "Actual Loops": 1,
                                                                            "Index Cond": "keyword_id"
                                                                        }
                                                                    ]
                                                                }
                                                            ]
                                                        },
                                                        {
                                                            "Node Type": "Index Scan",
                                                            "Scan Direction": "Forward",
                                                            "Index Name": "title_pkey",
                                                            "Plan Rows": 1,
                                                            "Plan Width": 25,
                                                            "Actual Startup Time": 0.002,
                                                            "Actual Total Time": 0.002,
                                                            "Actual Rows": 0,
                                                            "Actual Loops": 19528,
                                                            "Index Cond": "id",
                                                            "Rows Removed by Index Recheck": 0,
                                                            "Filter": "productinyeal",
                                                            "Rows Removed by Filter": 1
                                                        }
                                                    ]
                                                },
                                                {
                                                    "Node Type": "Index Scan",
                                                    "Scan Direction": "Forward",
                                                    "Index Name": "movie_id_movie_info",
                                                    "Plan Rows": 2,
                                                    "Plan Width": 8,
                                                    "Actual Startup Time": 0.37,
                                                    "Actual Total Time": 0.371,
                                                    "Actual Rows": 1,
                                                    "Actual Loops": 15,
                                                    "Index Cond": "movie_id",
                                                    "Rows Removed by Index Recheck": 0,
                                                    "Filter": "info",
                                                    "Rows Removed by Filter": 12
                                                }
                                            ]
                                        },
                                        {
                                            "Node Type": "Seq Scan",
                                            "Plan Rows": 1,
                                            "Plan Width": 4,
                                            "Actual Startup Time": 0.002,
                                            "Actual Total Time": 0.002,
                                            "Actual Rows": 1,
                                            "Actual Loops": 8,
                                            "Filter": "info",
                                            "Rows Removed by Filter": 7
                                        }
                                    ]
                                },
                                {
                                    "Node Type": "Index Scan",
                                    "Scan Direction": "Forward",
                                    "Index Name": "movie_id_movie_info_idx",
                                    "Plan Rows": 1,
                                    "Plan Width": 13,
                                    "Actual Startup Time": 0.051,
                                    "Actual Total Time": 0.051,
                                    "Actual Rows": 0,
                                    "Actual Loops": 8,
                                    "Index Cond": "movie_id",
                                    "Rows Removed by Index Recheck": 0,
                                    "Filter": "info",
                                    "Rows Removed by Filter": 1
                                }
                            ]
                        },
                        {
                            "Node Type": "Seq Scan",
                            "Plan Rows": 1,
                            "Plan Width": 4,
                            "Actual Startup Time": 0.005,
                            "Actual Total Time": 0.005,
                            "Actual Rows": 1,
                            "Actual Loops": 3,
                            "Filter": "info",
                            "Rows Removed by Filter": 104
                        }
                    ]
                },
                {
                    "Node Type": "Seq Scan",
                    "Plan Rows": 5,
                    "Plan Width": 4,
                    "Actual Startup Time": 0.009,
                    "Actual Total Time": 0.009,
                    "Actual Rows": 1,
                    "Actual Loops": 2,
                    "Filter": "kind",
                    "Rows Removed by Filter": 3
                }
            ]
        }
    ]
}