{
    "Node Type": "Aggregate",
    "Strategy": "Plain",
    "Partial Mode": "Simple",
    "Plan Rows": 1,
    "Plan Width": 64,
    "Actual Startup Time": 3244.044,
    "Actual Total Time": 3244.046,
    "Actual Rows": 1,
    "Actual Loops": 1,
    "Plans": [
        {
            "Node Type": "Nested Loop",
            "Join Type": "Inner",
            "Plan Rows": 1,
            "Plan Width": 22,
            "Actual Startup Time": 2.949,
            "Actual Total Time": 3240.112,
            "Actual Rows": 4115,
            "Actual Loops": 1,
            "Inner Unique": true,
            "Join Filter": "info_type_id",
            "Rows Removed by Join Filter": 8224,
            "Plans": [
                {
                    "Node Type": "Nested Loop",
                    "Join Type": "Inner",
                    "Plan Rows": 1,
                    "Plan Width": 26,
                    "Actual Startup Time": 2.93,
                    "Actual Total Time": 3177.375,
                    "Actual Rows": 12339,
                    "Actual Loops": 1,
                    "Inner Unique": false,
                    "Join Filter": "id",
                    "Rows Removed by Join Filter": 0,
                    "Plans": [
                        {
                            "Node Type": "Nested Loop",
                            "Join Type": "Inner",
                            "Plan Rows": 1,
                            "Plan Width": 29,
                            "Actual Startup Time": 2.782,
                            "Actual Total Time": 3101.713,
                            "Actual Rows": 5316,
                            "Actual Loops": 1,
                            "Inner Unique": true,
                            "Join Filter": "info_type_id",
                            "Rows Removed by Join Filter": 701,
                            "Plans": [
                                {
                                    "Node Type": "Nested Loop",
                                    "Join Type": "Inner",
                                    "Plan Rows": 1,
                                    "Plan Width": 33,
                                    "Actual Startup Time": 2.778,
                                    "Actual Total Time": 3085.575,
                                    "Actual Rows": 6017,
                                    "Actual Loops": 1,
                                    "Inner Unique": false,
                                    "Join Filter": "id",
                                    "Rows Removed by Join Filter": 0,
                                    "Plans": [
                                        {
                                            "Node Type": "Nested Loop",
                                            "Join Type": "Inner",
                                            "Plan Rows": 1,
                                            "Plan Width": 25,
                                            "Actual Startup Time": 2.022,
                                            "Actual Total Time": 227.784,
                                            "Actual Rows": 8073,
                                            "Actual Loops": 1,
                                            "Inner Unique": true,
                                            "Join Filter": "kind_id",
                                            "Rows Removed by Join Filter": 4332,
                                            "Plans": [
                                                {
                                                    "Node Type": "Nested Loop",
                                                    "Join Type": "Inner",
                                                    "Plan Rows": 54,
                                                    "Plan Width": 29,
                                                    "Actual Startup Time": 2.0,
                                                    "Actual Total Time": 225.576,
                                                    "Actual Rows": 9739,
                                                    "Actual Loops": 1,
                                                    "Inner Unique": true,
                                                    "Plans": [
                                                        {
                                                            "Node Type": "Nested Loop",
                                                            "Join Type": "Inner",
                                                            "Plan Rows": 135,
                                                            "Plan Width": 4,
                                                            "Actual Startup Time": 1.989,
                                                            "Actual Total Time": 100.896,
                                                            "Actual Rows": 37091,
                                                            "Actual Loops": 1,
                                                            "Inner Unique": false,
                                                            "Plans": [
                                                                {
                                                                    "Node Type": "Seq Scan",
                                                                    "Plan Rows": 4,
                                                                    "Plan Width": 4,
                                                                    "Actual Startup Time": 0.693,
                                                                    "Actual Total Time": 14.801,
                                                                    "Actual Rows": 3,
                                                                    "Actual Loops": 1,
                                                                    "Filter": "keywordISNOTUL",
                                                                    "Rows Removed by Filter": 134167
                                                                },
                                                                {
                                                                    "Node Type": "Bitmap Heap Scan",
                                                                    "Plan Rows": 301,
                                                                    "Plan Width": 8,
                                                                    "Actual Startup Time": 1.467,
                                                                    "Actual Total Time": 28.063,
                                                                    "Actual Rows": 12364,
                                                                    "Actual Loops": 3,
                                                                    "Recheck Cond": "keyword_id",
                                                                    "Rows Removed by Index Recheck": 0,
                                                                    "Exact Heap Blocks": 26312,
                                                                    "Lossy Heap Blocks": 0,
                                                                    "Plans": [
                                                                        {
                                                                            "Node Type": "Bitmap Index Scan",
                                                                            "Index Name": "keyword_id_movie_keyword",
                                                                            "Plan Rows": 301,
                                                                            "Plan Width": 0,
                                                                            "Actual Startup Time": 0.725,
                                                                            "Actual Total Time": 0.725,
                                                                            "Actual Rows": 12364,
                                                                            "Actual Loops": 3,
                                                                            "Index Cond": "keyword_id"
                                                                        }
                                                                    ]
                                                                }
                                                            ]
                                                        },
                                                        {
                                                            "Node Type": "Index Scan",
                                                            "Scan Direction": "Forward",
                                                            "Index Name": "title_pkey",
                                                            "Plan Rows": 1,
                                                            "Plan Width": 25,
                                                            "Actual Startup Time": 0.003,
                                                            "Actual Total Time": 0.003,
                                                            "Actual Rows": 0,
                                                            "Actual Loops": 37091,
                                                            "Index Cond": "id",
                                                            "Rows Removed by Index Recheck": 0,
                                                            "Filter": "productinyea",
                                                            "Rows Removed by Filter": 1
                                                        }
                                                    ]
                                                },
                                                {
                                                    "Node Type": "Materialize",
                                                    "Plan Rows": 10,
                                                    "Plan Width": 4,
                                                    "Actual Startup Time": 0.0,
                                                    "Actual Total Time": 0.0,
                                                    "Actual Rows": 1,
                                                    "Actual Loops": 9739,
                                                    "Plans": [
                                                        {
                                                            "Node Type": "Seq Scan",
                                                            "Plan Rows": 10,
                                                            "Plan Width": 4,
                                                            "Actual Startup Time": 0.003,
                                                            "Actual Total Time": 0.004,
                                                            "Actual Rows": 2,
                                                            "Actual Loops": 1,
                                                            "Filter": "kind",
                                                            "Rows Removed by Filter": 5
                                                        }
                                                    ]
                                                }
                                            ]
                                        },
                                        {
                                            "Node Type": "Index Scan",
                                            "Scan Direction": "Forward",
                                            "Index Name": "movie_id_movie_info",
                                            "Plan Rows": 2,
                                            "Plan Width": 8,
                                            "Actual Startup Time": 0.311,
                                            "Actual Total Time": 0.354,
                                            "Actual Rows": 1,
                                            "Actual Loops": 8073,
                                            "Index Cond": "movie_id",
                                            "Rows Removed by Index Recheck": 0,
                                            "Filter": "info",
                                            "Rows Removed by Filter": 57
                                        }
                                    ]
                                },
                                {
                                    "Node Type": "Seq Scan",
                                    "Plan Rows": 1,
                                    "Plan Width": 4,
                                    "Actual Startup Time": 0.001,
                                    "Actual Total Time": 0.002,
                                    "Actual Rows": 1,
                                    "Actual Loops": 6017,
                                    "Filter": "info",
                                    "Rows Removed by Filter": 19
                                }
                            ]
                        },
                        {
                            "Node Type": "Index Scan",
                            "Scan Direction": "Forward",
                            "Index Name": "movie_id_movie_info_idx",
                            "Plan Rows": 3,
                            "Plan Width": 13,
                            "Actual Startup Time": 0.013,
                            "Actual Total Time": 0.014,
                            "Actual Rows": 2,
                            "Actual Loops": 5316,
                            "Index Cond": "movie_id",
                            "Rows Removed by Index Recheck": 0,
                            "Filter": "info",
                            "Rows Removed by Filter": 0
                        }
                    ]
                },
                {
                    "Node Type": "Seq Scan",
                    "Plan Rows": 1,
                    "Plan Width": 4,
                    "Actual Startup Time": 0.004,
                    "Actual Total Time": 0.005,
                    "Actual Rows": 1,
                    "Actual Loops": 12339,
                    "Filter": "info",
                    "Rows Removed by Filter": 108
                }
            ]
        }
    ]
}