{
    "Node Type": "Aggregate",
    "Strategy": "Plain",
    "Partial Mode": "Finalize",
    "Plan Rows": 1,
    "Plan Width": 64,
    "Actual Startup Time": 544.874,
    "Actual Total Time": 546.645,
    "Actual Rows": 1,
    "Actual Loops": 1,
    "Plans": [
        {
            "Node Type": "Gather",
            "Plan Rows": 2,
            "Plan Width": 64,
            "Actual Startup Time": 544.738,
            "Actual Total Time": 546.633,
            "Actual Rows": 3,
            "Actual Loops": 1,
            "Workers Planned": 2,
            "Workers Launched": 2,
            "Plans": [
                {
                    "Node Type": "Aggregate",
                    "Strategy": "Plain",
                    "Partial Mode": "Partial",
                    "Plan Rows": 1,
                    "Plan Width": 64,
                    "Actual Startup Time": 527.337,
                    "Actual Total Time": 527.34,
                    "Actual Rows": 1,
                    "Actual Loops": 3,
                    "Workers": [],
                    "Plans": [
                        {
                            "Node Type": "Nested Loop",
                            "Join Type": "Inner",
                            "Plan Rows": 7,
                            "Plan Width": 59,
                            "Actual Startup Time": 196.464,
                            "Actual Total Time": 523.527,
                            "Actual Rows": 109,
                            "Actual Loops": 3,
                            "Inner Unique": true,
                            "Workers": [],
                            "Plans": [
                                {
                                    "Node Type": "Nested Loop",
                                    "Join Type": "Inner",
                                    "Plan Rows": 7,
                                    "Plan Width": 63,
                                    "Actual Startup Time": 196.429,
                                    "Actual Total Time": 521.467,
                                    "Actual Rows": 109,
                                    "Actual Loops": 3,
                                    "Inner Unique": false,
                                    "Workers": [],
                                    "Plans": [
                                        {
                                            "Node Type": "Nested Loop",
                                            "Join Type": "Inner",
                                            "Plan Rows": 1,
                                            "Plan Width": 75,
                                            "Actual Startup Time": 48.423,
                                            "Actual Total Time": 519.131,
                                            "Actual Rows": 19,
                                            "Actual Loops": 3,
                                            "Inner Unique": true,
                                            "Workers": [],
                                            "Plans": [
                                                {
                                                    "Node Type": "Nested Loop",
                                                    "Join Type": "Inner",
                                                    "Plan Rows": 1,
                                                    "Plan Width": 79,
                                                    "Actual Startup Time": 48.407,
                                                    "Actual Total Time": 519.092,
                                                    "Actual Rows": 19,
                                                    "Actual Loops": 3,
                                                    "Inner Unique": true,
                                                    "Workers": [],
                                                    "Plans": [
                                                        {
                                                            "Node Type": "Nested Loop",
                                                            "Join Type": "Inner",
                                                            "Plan Rows": 1,
                                                            "Plan Width": 83,
                                                            "Actual Startup Time": 48.367,
                                                            "Actual Total Time": 519.02,
                                                            "Actual Rows": 19,
                                                            "Actual Loops": 3,
                                                            "Inner Unique": false,
                                                            "Workers": [],
                                                            "Plans": [
                                                                {
                                                                    "Node Type": "Nested Loop",
                                                                    "Join Type": "Inner",
                                                                    "Plan Rows": 1337,
                                                                    "Plan Width": 33,
                                                                    "Actual Startup Time": 12.683,
                                                                    "Actual Total Time": 147.602,
                                                                    "Actual Rows": 1711,
                                                                    "Actual Loops": 3,
                                                                    "Inner Unique": true,
                                                                    "Workers": [],
                                                                    "Plans": [
                                                                        {
                                                                            "Node Type": "Nested Loop",
                                                                            "Join Type": "Inner",
                                                                            "Plan Rows": 2483,
                                                                            "Plan Width": 12,
                                                                            "Actual Startup Time": 12.644,
                                                                            "Actual Total Time": 133.606,
                                                                            "Actual Rows": 4566,
                                                                            "Actual Loops": 3,
                                                                            "Inner Unique": false,
                                                                            "Workers": [],
                                                                            "Plans": [
                                                                                {
                                                                                    "Node Type": "Hash Join",
                                                                                    "Join Type": "Inner",
                                                                                    "Plan Rows": 3377,
                                                                                    "Plan Width": 8,
                                                                                    "Actual Startup Time": 12.481,
                                                                                    "Actual Total Time": 113.664,
                                                                                    "Actual Rows": 14612,
                                                                                    "Actual Loops": 3,
                                                                                    "Inner Unique": true,
                                                                                    "Hash Cond": "company_id",
                                                                                    "Workers": [],
                                                                                    "Plans": [
                                                                                        {
                                                                                            "Node Type": "Seq Scan",
                                                                                            "Plan Rows": 9316,
                                                                                            "Plan Width": 12,
                                                                                            "Actual Startup Time": 0.138,
                                                                                            "Actual Total Time": 95.796,
                                                                                            "Actual Rows": 20555,
                                                                                            "Actual Loops": 3,
                                                                                            "Filter": "note",
                                                                                            "Rows Removed by Filter": 849155,
                                                                                            "Workers": []
                                                                                        },
                                                                                        {
                                                                                            "Node Type": "Hash",
                                                                                            "Plan Rows": 50105,
                                                                                            "Plan Width": 4,
                                                                                            "Actual Startup Time": 12.247,
                                                                                            "Actual Total Time": 12.247,
                                                                                            "Actual Rows": 28281,
                                                                                            "Actual Loops": 3,
                                                                                            "Hash Buckets": 131072,
                                                                                            "Original Hash Buckets": 131072,
                                                                                            "Hash Batches": 1,
                                                                                            "Original Hash Batches": 1,
                                                                                            "Peak Memory Usage": 4384,
                                                                                            "Workers": [],
                                                                                            "Plans": [
                                                                                                {
                                                                                                    "Node Type": "Seq Scan",
                                                                                                    "Plan Rows": 50105,
                                                                                                    "Plan Width": 4,
                                                                                                    "Actual Startup Time": 0.017,
                                                                                                    "Actual Total Time": 8.8,
                                                                                                    "Actual Rows": 28281,
                                                                                                    "Actual Loops": 3,
                                                                                                    "Filter": "countryde",
                                                                                                    "Rows Removed by Filter": 50051,
                                                                                                    "Workers": []
                                                                                                }
                                                                                            ]
                                                                                        }
                                                                                    ]
                                                                                },
                                                                                {
                                                                                    "Node Type": "Index Only Scan",
                                                                                    "Scan Direction": "Forward",
                                                                                    "Index Name": "movie_id_aka_title",
                                                                                    "Plan Rows": 3,
                                                                                    "Plan Width": 4,
                                                                                    "Actual Startup Time": 0.001,
                                                                                    "Actual Total Time": 0.001,
                                                                                    "Actual Rows": 0,
                                                                                    "Actual Loops": 43837,
                                                                                    "Index Cond": "movie_id",
                                                                                    "Rows Removed by Index Recheck": 0,
                                                                                    "Heap Fetches": 0,
                                                                                    "Workers": []
                                                                                }
                                                                            ]
                                                                        },
                                                                        {
                                                                            "Node Type": "Index Scan",
                                                                            "Scan Direction": "Forward",
                                                                            "Index Name": "title_pkey",
                                                                            "Plan Rows": 1,
                                                                            "Plan Width": 21,
                                                                            "Actual Startup Time": 0.003,
                                                                            "Actual Total Time": 0.003,
                                                                            "Actual Rows": 0,
                                                                            "Actual Loops": 13699,
                                                                            "Index Cond": "id",
                                                                            "Rows Removed by Index Recheck": 0,
                                                                            "Filter": "productinyea",
                                                                            "Rows Removed by Filter": 1,
                                                                            "Workers": []
                                                                        }
                                                                    ]
                                                                },
                                                                {
                                                                    "Node Type": "Index Scan",
                                                                    "Scan Direction": "Forward",
                                                                    "Index Name": "movie_id_movie_info",
                                                                    "Plan Rows": 1,
                                                                    "Plan Width": 50,
                                                                    "Actual Startup Time": 0.216,
                                                                    "Actual Total Time": 0.217,
                                                                    "Actual Rows": 0,
                                                                    "Actual Loops": 5134,
                                                                    "Index Cond": "movie_id",
                                                                    "Rows Removed by Index Recheck": 0,
                                                                    "Filter": "noteif",
                                                                    "Rows Removed by Filter": 72,
                                                                    "Workers": []
                                                                }
                                                            ]
                                                        },
                                                        {
                                                            "Node Type": "Index Only Scan",
                                                            "Scan Direction": "Forward",
                                                            "Index Name": "company_type_pkey",
                                                            "Plan Rows": 1,
                                                            "Plan Width": 4,
                                                            "Actual Startup Time": 0.003,
                                                            "Actual Total Time": 0.003,
                                                            "Actual Rows": 1,
                                                            "Actual Loops": 57,
                                                            "Index Cond": "id",
                                                            "Rows Removed by Index Recheck": 0,
                                                            "Heap Fetches": 57,
                                                            "Workers": []
                                                        }
                                                    ]
                                                },
                                                {
                                                    "Node Type": "Memoize",
                                                    "Plan Rows": 1,
                                                    "Plan Width": 4,
                                                    "Actual Startup Time": 0.001,
                                                    "Actual Total Time": 0.001,
                                                    "Actual Rows": 1,
                                                    "Actual Loops": 57,
                                                    "Cache Key": "info_type_id",
                                                    "Cache Mode": "logical",
                                                    "Cache Hits": 20,
                                                    "Cache Misses": 1,
                                                    "Cache Evictions": 0,
                                                    "Cache Overflows": 0,
                                                    "Peak Memory Usage": 1,
                                                    "Workers": [
                                                        {
                                                            "Worker Number": 0,
                                                            "Cache Hits": 17,
                                                            "Cache Misses": 1,
                                                            "Cache Evictions": 0,
                                                            "Cache Overflows": 0,
                                                            "Peak Memory Usage": 1
                                                        },
                                                        {
                                                            "Worker Number": 1,
                                                            "Cache Hits": 17,
                                                            "Cache Misses": 1,
                                                            "Cache Evictions": 0,
                                                            "Cache Overflows": 0,
                                                            "Peak Memory Usage": 1
                                                        }
                                                    ],
                                                    "Plans": [
                                                        {
                                                            "Node Type": "Index Scan",
                                                            "Scan Direction": "Forward",
                                                            "Index Name": "info_type_pkey",
                                                            "Plan Rows": 1,
                                                            "Plan Width": 4,
                                                            "Actual Startup Time": 0.013,
                                                            "Actual Total Time": 0.013,
                                                            "Actual Rows": 1,
                                                            "Actual Loops": 3,
                                                            "Index Cond": "id",
                                                            "Rows Removed by Index Recheck": 0,
                                                            "Filter": "info",
                                                            "Rows Removed by Filter": 0,
                                                            "Workers": []
                                                        }
                                                    ]
                                                }
                                            ]
                                        },
                                        {
                                            "Node Type": "Index Scan",
                                            "Scan Direction": "Forward",
                                            "Index Name": "movie_id_movie_keyword",
                                            "Plan Rows": 47,
                                            "Plan Width": 8,
                                            "Actual Startup Time": 0.121,
                                            "Actual Total Time": 0.122,
                                            "Actual Rows": 6,
                                            "Actual Loops": 57,
                                            "Index Cond": "movie_id",
                                            "Rows Removed by Index Recheck": 0,
                                            "Workers": []
                                        }
                                    ]
                                },
                                {
                                    "Node Type": "Index Only Scan",
                                    "Scan Direction": "Forward",
                                    "Index Name": "keyword_pkey",
                                    "Plan Rows": 1,
                                    "Plan Width": 4,
                                    "Actual Startup Time": 0.019,
                                    "Actual Total Time": 0.019,
                                    "Actual Rows": 1,
                                    "Actual Loops": 328,
                                    "Index Cond": "id",
                                    "Rows Removed by Index Recheck": 0,
                                    "Heap Fetches": 0,
                                    "Workers": []
                                }
                            ]
                        }
                    ]
                }
            ]
        }
    ]
}