{
    "Node Type": "Aggregate",
    "Strategy": "Plain",
    "Partial Mode": "Finalize",
    "Plan Rows": 1,
    "Plan Width": 64,
    "Actual Startup Time": 16.261,
    "Actual Total Time": 17.361,
    "Actual Rows": 1,
    "Actual Loops": 1,
    "Plans": [
        {
            "Node Type": "Gather",
            "Plan Rows": 1,
            "Plan Width": 64,
            "Actual Startup Time": 16.192,
            "Actual Total Time": 17.357,
            "Actual Rows": 2,
            "Actual Loops": 1,
            "Workers Planned": 1,
            "Workers Launched": 1,
            "Plans": [
                {
                    "Node Type": "Aggregate",
                    "Strategy": "Plain",
                    "Partial Mode": "Partial",
                    "Plan Rows": 1,
                    "Plan Width": 64,
                    "Actual Startup Time": 14.363,
                    "Actual Total Time": 14.365,
                    "Actual Rows": 1,
                    "Actual Loops": 2,
                    "Workers": [],
                    "Plans": [
                        {
                            "Node Type": "Nested Loop",
                            "Join Type": "Inner",
                            "Plan Rows": 5,
                            "Plan Width": 59,
                            "Actual Startup Time": 9.545,
                            "Actual Total Time": 14.35,
                            "Actual Rows": 18,
                            "Actual Loops": 2,
                            "Inner Unique": true,
                            "Workers": [],
                            "Plans": [
                                {
                                    "Node Type": "Nested Loop",
                                    "Join Type": "Inner",
                                    "Plan Rows": 5,
                                    "Plan Width": 63,
                                    "Actual Startup Time": 9.541,
                                    "Actual Total Time": 14.315,
                                    "Actual Rows": 18,
                                    "Actual Loops": 2,
                                    "Inner Unique": false,
                                    "Workers": [],
                                    "Plans": [
                                        {
                                            "Node Type": "Nested Loop",
                                            "Join Type": "Inner",
                                            "Plan Rows": 1,
                                            "Plan Width": 75,
                                            "Actual Startup Time": 8.615,
                                            "Actual Total Time": 14.298,
                                            "Actual Rows": 2,
                                            "Actual Loops": 2,
                                            "Inner Unique": true,
                                            "Workers": [],
                                            "Plans": [
                                                {
                                                    "Node Type": "Nested Loop",
                                                    "Join Type": "Inner",
                                                    "Plan Rows": 1,
                                                    "Plan Width": 79,
                                                    "Actual Startup Time": 8.613,
                                                    "Actual Total Time": 14.294,
                                                    "Actual Rows": 2,
                                                    "Actual Loops": 2,
                                                    "Inner Unique": false,
                                                    "Workers": [],
                                                    "Plans": [
                                                        {
                                                            "Node Type": "Nested Loop",
                                                            "Join Type": "Inner",
                                                            "Plan Rows": 1,
                                                            "Plan Width": 29,
                                                            "Actual Startup Time": 7.983,
                                                            "Actual Total Time": 14.013,
                                                            "Actual Rows": 13,
                                                            "Actual Loops": 2,
                                                            "Inner Unique": true,
                                                            "Workers": [],
                                                            "Plans": [
                                                                {
                                                                    "Node Type": "Nested Loop",
                                                                    "Join Type": "Inner",
                                                                    "Plan Rows": 1,
                                                                    "Plan Width": 8,
                                                                    "Actual Startup Time": 7.975,
                                                                    "Actual Total Time": 13.926,
                                                                    "Actual Rows": 14,
                                                                    "Actual Loops": 2,
                                                                    "Inner Unique": true,
                                                                    "Workers": [],
                                                                    "Plans": [
                                                                        {
                                                                            "Node Type": "Nested Loop",
                                                                            "Join Type": "Inner",
                                                                            "Plan Rows": 1,
                                                                            "Plan Width": 12,
                                                                            "Actual Startup Time": 7.974,
                                                                            "Actual Total Time": 13.916,
                                                                            "Actual Rows": 14,
                                                                            "Actual Loops": 2,
                                                                            "Inner Unique": false,
                                                                            "Workers": [],
                                                                            "Plans": [
                                                                                {
                                                                                    "Node Type": "Nested Loop",
                                                                                    "Join Type": "Inner",
                                                                                    "Plan Rows": 1,
                                                                                    "Plan Width": 8,
                                                                                    "Actual Startup Time": 7.858,
                                                                                    "Actual Total Time": 13.691,
                                                                                    "Actual Rows": 139,
                                                                                    "Actual Loops": 2,
                                                                                    "Inner Unique": false,
                                                                                    "Workers": [],
                                                                                    "Plans": [
                                                                                        {
                                                                                            "Node Type": "Seq Scan",
                                                                                            "Plan Rows": 1,
                                                                                            "Plan Width": 4,
                                                                                            "Actual Startup Time": 7.842,
                                                                                            "Actual Total Time": 12.272,
                                                                                            "Actual Rows": 0,
                                                                                            "Actual Loops": 2,
                                                                                            "Filter": "countrydeam",
                                                                                            "Rows Removed by Filter": 117498,
                                                                                            "Workers": []
                                                                                        },
                                                                                        {
                                                                                            "Node Type": "Index Scan",
                                                                                            "Scan Direction": "Forward",
                                                                                            "Index Name": "company_id_movie_companies",
                                                                                            "Plan Rows": 1,
                                                                                            "Plan Width": 12,
                                                                                            "Actual Startup Time": 0.03,
                                                                                            "Actual Total Time": 2.823,
                                                                                            "Actual Rows": 278,
                                                                                            "Actual Loops": 1,
                                                                                            "Index Cond": "company_id",
                                                                                            "Rows Removed by Index Recheck": 0,
                                                                                            "Filter": "note",
                                                                                            "Rows Removed by Filter": 1180,
                                                                                            "Workers": []
                                                                                        }
                                                                                    ]
                                                                                },
                                                                                {
                                                                                    "Node Type": "Index Only Scan",
                                                                                    "Scan Direction": "Forward",
                                                                                    "Index Name": "movie_id_aka_title",
                                                                                    "Plan Rows": 3,
                                                                                    "Plan Width": 4,
                                                                                    "Actual Startup Time": 0.002,
                                                                                    "Actual Total Time": 0.002,
                                                                                    "Actual Rows": 0,
                                                                                    "Actual Loops": 278,
                                                                                    "Index Cond": "movie_id",
                                                                                    "Rows Removed by Index Recheck": 0,
                                                                                    "Heap Fetches": 0,
                                                                                    "Workers": []
                                                                                }
                                                                            ]
                                                                        },
                                                                        {
                                                                            "Node Type": "Index Only Scan",
                                                                            "Scan Direction": "Forward",
                                                                            "Index Name": "company_type_pkey",
                                                                            "Plan Rows": 1,
                                                                            "Plan Width": 4,
                                                                            "Actual Startup Time": 0.0,
                                                                            "Actual Total Time": 0.0,
                                                                            "Actual Rows": 1,
                                                                            "Actual Loops": 27,
                                                                            "Index Cond": "id",
                                                                            "Rows Removed by Index Recheck": 0,
                                                                            "Heap Fetches": 27,
                                                                            "Workers": []
                                                                        }
                                                                    ]
                                                                },
                                                                {
                                                                    "Node Type": "Index Scan",
                                                                    "Scan Direction": "Forward",
                                                                    "Index Name": "title_pkey",
                                                                    "Plan Rows": 1,
                                                                    "Plan Width": 21,
                                                                    "Actual Startup Time": 0.006,
                                                                    "Actual Total Time": 0.006,
                                                                    "Actual Rows": 1,
                                                                    "Actual Loops": 27,
                                                                    "Index Cond": "id",
                                                                    "Rows Removed by Index Recheck": 0,
                                                                    "Filter": "productinyea",
                                                                    "Rows Removed by Filter": 0,
                                                                    "Workers": []
                                                                }
                                                            ]
                                                        },
                                                        {
                                                            "Node Type": "Index Scan",
                                                            "Scan Direction": "Forward",
                                                            "Index Name": "movie_id_movie_info",
                                                            "Plan Rows": 1,
                                                            "Plan Width": 50,
                                                            "Actual Startup Time": 0.02,
                                                            "Actual Total Time": 0.021,
                                                            "Actual Rows": 0,
                                                            "Actual Loops": 26,
                                                            "Index Cond": "movie_id",
                                                            "Rows Removed by Index Recheck": 0,
                                                            "Filter": "noteif",
                                                            "Rows Removed by Filter": 19,
                                                            "Workers": []
                                                        }
                                                    ]
                                                },
                                                {
                                                    "Node Type": "Index Scan",
                                                    "Scan Direction": "Forward",
                                                    "Index Name": "info_type_pkey",
                                                    "Plan Rows": 1,
                                                    "Plan Width": 4,
                                                    "Actual Startup Time": 0.002,
                                                    "Actual Total Time": 0.002,
                                                    "Actual Rows": 1,
                                                    "Actual Loops": 3,
                                                    "Index Cond": "id",
                                                    "Rows Removed by Index Recheck": 0,
                                                    "Filter": "info",
                                                    "Rows Removed by Filter": 0,
                                                    "Workers": []
                                                }
                                            ]
                                        },
                                        {
                                            "Node Type": "Index Scan",
                                            "Scan Direction": "Forward",
                                            "Index Name": "movie_id_movie_keyword",
                                            "Plan Rows": 47,
                                            "Plan Width": 8,
                                            "Actual Startup Time": 0.009,
                                            "Actual Total Time": 0.01,
                                            "Actual Rows": 12,
                                            "Actual Loops": 3,
                                            "Index Cond": "movie_id",
                                            "Rows Removed by Index Recheck": 0,
                                            "Workers": []
                                        }
                                    ]
                                },
                                {
                                    "Node Type": "Index Only Scan",
                                    "Scan Direction": "Forward",
                                    "Index Name": "keyword_pkey",
                                    "Plan Rows": 1,
                                    "Plan Width": 4,
                                    "Actual Startup Time": 0.002,
                                    "Actual Total Time": 0.002,
                                    "Actual Rows": 1,
                                    "Actual Loops": 37,
                                    "Index Cond": "id",
                                    "Rows Removed by Index Recheck": 0,
                                    "Heap Fetches": 0,
                                    "Workers": []
                                }
                            ]
                        }
                    ]
                }
            ]
        }
    ]
}