{
    "Node Type": "Aggregate",
    "Strategy": "Plain",
    "Partial Mode": "Simple",
    "Plan Rows": 1,
    "Plan Width": 64,
    "Actual Startup Time": 494.185,
    "Actual Total Time": 494.186,
    "Actual Rows": 1,
    "Actual Loops": 1,
    "Plans": [
        {
            "Node Type": "Nested Loop",
            "Join Type": "Inner",
            "Plan Rows": 83,
            "Plan Width": 33,
            "Actual Startup Time": 12.793,
            "Actual Total Time": 493.635,
            "Actual Rows": 385,
            "Actual Loops": 1,
            "Inner Unique": false,
            "Join Filter": "id",
            "Rows Removed by Join Filter": 0,
            "Plans": [
                {
                    "Node Type": "Nested Loop",
                    "Join Type": "Inner",
                    "Plan Rows": 34,
                    "Plan Width": 25,
                    "Actual Startup Time": 12.184,
                    "Actual Total Time": 453.476,
                    "Actual Rows": 323,
                    "Actual Loops": 1,
                    "Inner Unique": true,
                    "Plans": [
                        {
                            "Node Type": "Nested Loop",
                            "Join Type": "Inner",
                            "Plan Rows": 34,
                            "Plan Width": 21,
                            "Actual Startup Time": 11.899,
                            "Actual Total Time": 421.788,
                            "Actual Rows": 323,
                            "Actual Loops": 1,
                            "Inner Unique": false,
                            "Join Filter": "id",
                            "Rows Removed by Join Filter": 0,
                            "Plans": [
                                {
                                    "Node Type": "Nested Loop",
                                    "Join Type": "Inner",
                                    "Plan Rows": 2,
                                    "Plan Width": 29,
                                    "Actual Startup Time": 11.358,
                                    "Actual Total Time": 404.954,
                                    "Actual Rows": 25,
                                    "Actual Loops": 1,
                                    "Inner Unique": true,
                                    "Plans": [
                                        {
                                            "Node Type": "Nested Loop",
                                            "Join Type": "Inner",
                                            "Plan Rows": 5,
                                            "Plan Width": 33,
                                            "Actual Startup Time": 11.291,
                                            "Actual Total Time": 404.754,
                                            "Actual Rows": 54,
                                            "Actual Loops": 1,
                                            "Inner Unique": false,
                                            "Join Filter": "id",
                                            "Rows Removed by Join Filter": 0,
                                            "Plans": [
                                                {
                                                    "Node Type": "Nested Loop",
                                                    "Join Type": "Inner",
                                                    "Plan Rows": 1,
                                                    "Plan Width": 25,
                                                    "Actual Startup Time": 8.836,
                                                    "Actual Total Time": 403.539,
                                                    "Actual Rows": 146,
                                                    "Actual Loops": 1,
                                                    "Inner Unique": true,
                                                    "Plans": [
                                                        {
                                                            "Node Type": "Nested Loop",
                                                            "Join Type": "Inner",
                                                            "Plan Rows": 34,
                                                            "Plan Width": 4,
                                                            "Actual Startup Time": 3.306,
                                                            "Actual Total Time": 262.297,
                                                            "Actual Rows": 41840,
                                                            "Actual Loops": 1,
                                                            "Inner Unique": false,
                                                            "Plans": [
                                                                {
                                                                    "Node Type": "Seq Scan",
                                                                    "Plan Rows": 1,
                                                                    "Plan Width": 4,
                                                                    "Actual Startup Time": 0.272,
                                                                    "Actual Total Time": 6.937,
                                                                    "Actual Rows": 1,
                                                                    "Actual Loops": 1,
                                                                    "Filter": "keyword",
                                                                    "Rows Removed by Filter": 134169
                                                                },
                                                                {
                                                                    "Node Type": "Bitmap Heap Scan",
                                                                    "Plan Rows": 301,
                                                                    "Plan Width": 8,
                                                                    "Actual Startup Time": 3.032,
                                                                    "Actual Total Time": 253.107,
                                                                    "Actual Rows": 41840,
                                                                    "Actual Loops": 1,
                                                                    "Recheck Cond": "keyword_id",
                                                                    "Rows Removed by Index Recheck": 0,
                                                                    "Exact Heap Blocks": 11541,
                                                                    "Lossy Heap Blocks": 0,
                                                                    "Plans": [
                                                                        {
                                                                            "Node Type": "Bitmap Index Scan",
                                                                            "Index Name": "keyword_id_movie_keyword",
                                                                            "Plan Rows": 301,
                                                                            "Plan Width": 0,
                                                                            "Actual Startup Time": 2.033,
                                                                            "Actual Total Time": 2.034,
                                                                            "Actual Rows": 41840,
                                                                            "Actual Loops": 1,
                                                                            "Index Cond": "keyword_id"
                                                                        }
                                                                    ]
                                                                }
                                                            ]
                                                        },
                                                        {
                                                            "Node Type": "Index Scan",
                                                            "Scan Direction": "Forward",
                                                            "Index Name": "title_pkey",
                                                            "Plan Rows": 1,
                                                            "Plan Width": 21,
                                                            "Actual Startup Time": 0.003,
                                                            "Actual Total Time": 0.003,
                                                            "Actual Rows": 0,
                                                            "Actual Loops": 41840,
                                                            "Index Cond": "id",
                                                            "Rows Removed by Index Recheck": 0,
                                                            "Filter": "episodnr",
                                                            "Rows Removed by Filter": 1
                                                        }
                                                    ]
                                                },
                                                {
                                                    "Node Type": "Index Scan",
                                                    "Scan Direction": "Forward",
                                                    "Index Name": "movie_id_movie_companies",
                                                    "Plan Rows": 5,
                                                    "Plan Width": 8,
                                                    "Actual Startup Time": 0.006,
                                                    "Actual Total Time": 0.008,
                                                    "Actual Rows": 0,
                                                    "Actual Loops": 146,
                                                    "Index Cond": "movie_id",
                                                    "Rows Removed by Index Recheck": 0
                                                }
                                            ]
                                        },
                                        {
                                            "Node Type": "Index Scan",
                                            "Scan Direction": "Forward",
                                            "Index Name": "company_name_pkey",
                                            "Plan Rows": 1,
                                            "Plan Width": 4,
                                            "Actual Startup Time": 0.003,
                                            "Actual Total Time": 0.003,
                                            "Actual Rows": 0,
                                            "Actual Loops": 54,
                                            "Index Cond": "id",
                                            "Rows Removed by Index Recheck": 0,
                                            "Filter": "countryde",
                                            "Rows Removed by Filter": 1
                                        }
                                    ]
                                },
                                {
                                    "Node Type": "Index Scan",
                                    "Scan Direction": "Forward",
                                    "Index Name": "movie_id_cast_info",
                                    "Plan Rows": 38,
                                    "Plan Width": 8,
                                    "Actual Startup Time": 0.176,
                                    "Actual Total Time": 0.671,
                                    "Actual Rows": 13,
                                    "Actual Loops": 25,
                                    "Index Cond": "movie_id",
                                    "Rows Removed by Index Recheck": 0
                                }
                            ]
                        },
                        {
                            "Node Type": "Index Only Scan",
                            "Scan Direction": "Forward",
                            "Index Name": "name_pkey",
                            "Plan Rows": 1,
                            "Plan Width": 4,
                            "Actual Startup Time": 0.098,
                            "Actual Total Time": 0.098,
                            "Actual Rows": 1,
                            "Actual Loops": 323,
                            "Index Cond": "id",
                            "Rows Removed by Index Recheck": 0,
                            "Heap Fetches": 0
                        }
                    ]
                },
                {
                    "Node Type": "Index Scan",
                    "Scan Direction": "Forward",
                    "Index Name": "person_id_aka_name",
                    "Plan Rows": 2,
                    "Plan Width": 20,
                    "Actual Startup Time": 0.111,
                    "Actual Total Time": 0.124,
                    "Actual Rows": 1,
                    "Actual Loops": 323,
                    "Index Cond": "person_id",
                    "Rows Removed by Index Recheck": 0
                }
            ]
        }
    ]
}