{
    "Node Type": "Aggregate",
    "Strategy": "Plain",
    "Partial Mode": "Simple",
    "Plan Rows": 1,
    "Plan Width": 64,
    "Actual Startup Time": 2571.274,
    "Actual Total Time": 2571.276,
    "Actual Rows": 1,
    "Actual Loops": 1,
    "Plans": [
        {
            "Node Type": "Nested Loop",
            "Join Type": "Inner",
            "Plan Rows": 1170,
            "Plan Width": 33,
            "Actual Startup Time": 3.491,
            "Actual Total Time": 2302.624,
            "Actual Rows": 319932,
            "Actual Loops": 1,
            "Inner Unique": false,
            "Join Filter": "id",
            "Rows Removed by Join Filter": 0,
            "Plans": [
                {
                    "Node Type": "Nested Loop",
                    "Join Type": "Inner",
                    "Plan Rows": 485,
                    "Plan Width": 25,
                    "Actual Startup Time": 3.484,
                    "Actual Total Time": 1933.601,
                    "Actual Rows": 221609,
                    "Actual Loops": 1,
                    "Inner Unique": true,
                    "Plans": [
                        {
                            "Node Type": "Nested Loop",
                            "Join Type": "Inner",
                            "Plan Rows": 485,
                            "Plan Width": 21,
                            "Actual Startup Time": 3.476,
                            "Actual Total Time": 1609.711,
                            "Actual Rows": 221609,
                            "Actual Loops": 1,
                            "Inner Unique": false,
                            "Join Filter": "id",
                            "Rows Removed by Join Filter": 0,
                            "Plans": [
                                {
                                    "Node Type": "Nested Loop",
                                    "Join Type": "Inner",
                                    "Plan Rows": 24,
                                    "Plan Width": 29,
                                    "Actual Startup Time": 3.301,
                                    "Actual Total Time": 433.416,
                                    "Actual Rows": 8538,
                                    "Actual Loops": 1,
                                    "Inner Unique": true,
                                    "Plans": [
                                        {
                                            "Node Type": "Nested Loop",
                                            "Join Type": "Inner",
                                            "Plan Rows": 67,
                                            "Plan Width": 33,
                                            "Actual Startup Time": 2.763,
                                            "Actual Total Time": 413.131,
                                            "Actual Rows": 11406,
                                            "Actual Loops": 1,
                                            "Inner Unique": false,
                                            "Join Filter": "id",
                                            "Rows Removed by Join Filter": 0,
                                            "Plans": [
                                                {
                                                    "Node Type": "Nested Loop",
                                                    "Join Type": "Inner",
                                                    "Plan Rows": 13,
                                                    "Plan Width": 25,
                                                    "Actual Startup Time": 2.73,
                                                    "Actual Total Time": 385.581,
                                                    "Actual Rows": 6926,
                                                    "Actual Loops": 1,
                                                    "Inner Unique": true,
                                                    "Plans": [
                                                        {
                                                            "Node Type": "Nested Loop",
                                                            "Join Type": "Inner",
                                                            "Plan Rows": 34,
                                                            "Plan Width": 4,
                                                            "Actual Startup Time": 2.721,
                                                            "Actual Total Time": 238.414,
                                                            "Actual Rows": 41840,
                                                            "Actual Loops": 1,
                                                            "Inner Unique": false,
                                                            "Plans": [
                                                                {
                                                                    "Node Type": "Seq Scan",
                                                                    "Plan Rows": 1,
                                                                    "Plan Width": 4,
                                                                    "Actual Startup Time": 0.345,
                                                                    "Actual Total Time": 7.335,
                                                                    "Actual Rows": 1,
                                                                    "Actual Loops": 1,
                                                                    "Filter": "keyword",
                                                                    "Rows Removed by Filter": 134169
                                                                },
                                                                {
                                                                    "Node Type": "Bitmap Heap Scan",
                                                                    "Plan Rows": 301,
                                                                    "Plan Width": 8,
                                                                    "Actual Startup Time": 2.374,
                                                                    "Actual Total Time": 228.756,
                                                                    "Actual Rows": 41840,
                                                                    "Actual Loops": 1,
                                                                    "Recheck Cond": "keyword_id",
                                                                    "Rows Removed by Index Recheck": 0,
                                                                    "Exact Heap Blocks": 11541,
                                                                    "Lossy Heap Blocks": 0,
                                                                    "Plans": [
                                                                        {
                                                                            "Node Type": "Bitmap Index Scan",
                                                                            "Index Name": "keyword_id_movie_keyword",
                                                                            "Plan Rows": 301,
                                                                            "Plan Width": 0,
                                                                            "Actual Startup Time": 1.347,
                                                                            "Actual Total Time": 1.347,
                                                                            "Actual Rows": 41840,
                                                                            "Actual Loops": 1,
                                                                            "Index Cond": "keyword_id"
                                                                        }
                                                                    ]
                                                                }
                                                            ]
                                                        },
                                                        {
                                                            "Node Type": "Index Scan",
                                                            "Scan Direction": "Forward",
                                                            "Index Name": "title_pkey",
                                                            "Plan Rows": 1,
                                                            "Plan Width": 21,
                                                            "Actual Startup Time": 0.003,
                                                            "Actual Total Time": 0.003,
                                                            "Actual Rows": 0,
                                                            "Actual Loops": 41840,
                                                            "Index Cond": "id",
                                                            "Rows Removed by Index Recheck": 0,
                                                            "Filter": "episodnr",
                                                            "Rows Removed by Filter": 1
                                                        }
                                                    ]
                                                },
                                                {
                                                    "Node Type": "Index Scan",
                                                    "Scan Direction": "Forward",
                                                    "Index Name": "movie_id_movie_companies",
                                                    "Plan Rows": 5,
                                                    "Plan Width": 8,
                                                    "Actual Startup Time": 0.003,
                                                    "Actual Total Time": 0.004,
                                                    "Actual Rows": 2,
                                                    "Actual Loops": 6926,
                                                    "Index Cond": "movie_id",
                                                    "Rows Removed by Index Recheck": 0
                                                }
                                            ]
                                        },
                                        {
                                            "Node Type": "Index Scan",
                                            "Scan Direction": "Forward",
                                            "Index Name": "company_name_pkey",
                                            "Plan Rows": 1,
                                            "Plan Width": 4,
                                            "Actual Startup Time": 0.002,
                                            "Actual Total Time": 0.002,
                                            "Actual Rows": 1,
                                            "Actual Loops": 11406,
                                            "Index Cond": "id",
                                            "Rows Removed by Index Recheck": 0,
                                            "Filter": "countryde",
                                            "Rows Removed by Filter": 0
                                        }
                                    ]
                                },
                                {
                                    "Node Type": "Index Scan",
                                    "Scan Direction": "Forward",
                                    "Index Name": "movie_id_cast_info",
                                    "Plan Rows": 38,
                                    "Plan Width": 8,
                                    "Actual Startup Time": 0.017,
                                    "Actual Total Time": 0.136,
                                    "Actual Rows": 26,
                                    "Actual Loops": 8538,
                                    "Index Cond": "movie_id",
                                    "Rows Removed by Index Recheck": 0
                                }
                            ]
                        },
                        {
                            "Node Type": "Index Only Scan",
                            "Scan Direction": "Forward",
                            "Index Name": "name_pkey",
                            "Plan Rows": 1,
                            "Plan Width": 4,
                            "Actual Startup Time": 0.001,
                            "Actual Total Time": 0.001,
                            "Actual Rows": 1,
                            "Actual Loops": 221609,
                            "Index Cond": "id",
                            "Rows Removed by Index Recheck": 0,
                            "Heap Fetches": 0
                        }
                    ]
                },
                {
                    "Node Type": "Index Scan",
                    "Scan Direction": "Forward",
                    "Index Name": "person_id_aka_name",
                    "Plan Rows": 2,
                    "Plan Width": 20,
                    "Actual Startup Time": 0.001,
                    "Actual Total Time": 0.001,
                    "Actual Rows": 1,
                    "Actual Loops": 221609,
                    "Index Cond": "person_id",
                    "Rows Removed by Index Recheck": 0
                }
            ]
        }
    ]
}