{
    "Node Type": "Aggregate",
    "Strategy": "Plain",
    "Partial Mode": "Simple",
    "Plan Rows": 1,
    "Plan Width": 64,
    "Actual Startup Time": 30346.559,
    "Actual Total Time": 30346.561,
    "Actual Rows": 1,
    "Actual Loops": 1,
    "Plans": [
        {
            "Node Type": "Nested Loop",
            "Join Type": "Inner",
            "Plan Rows": 105,
            "Plan Width": 15,
            "Actual Startup Time": 3.511,
            "Actual Total Time": 30191.969,
            "Actual Rows": 258289,
            "Actual Loops": 1,
            "Inner Unique": true,
            "Plans": [
                {
                    "Node Type": "Nested Loop",
                    "Join Type": "Inner",
                    "Plan Rows": 1301,
                    "Plan Width": 4,
                    "Actual Startup Time": 3.177,
                    "Actual Total Time": 16173.873,
                    "Actual Rows": 2832555,
                    "Actual Loops": 1,
                    "Inner Unique": false,
                    "Join Filter": "id",
                    "Rows Removed by Join Filter": 0,
                    "Plans": [
                        {
                            "Node Type": "Nested Loop",
                            "Join Type": "Inner",
                            "Plan Rows": 65,
                            "Plan Width": 12,
                            "Actual Startup Time": 2.65,
                            "Actual Total Time": 1199.51,
                            "Actual Rows": 68316,
                            "Actual Loops": 1,
                            "Inner Unique": true,
                            "Plans": [
                                {
                                    "Node Type": "Nested Loop",
                                    "Join Type": "Inner",
                                    "Plan Rows": 180,
                                    "Plan Width": 16,
                                    "Actual Startup Time": 2.633,
                                    "Actual Total Time": 720.463,
                                    "Actual Rows": 148552,
                                    "Actual Loops": 1,
                                    "Inner Unique": false,
                                    "Join Filter": "id",
                                    "Rows Removed by Join Filter": 0,
                                    "Plans": [
                                        {
                                            "Node Type": "Nested Loop",
                                            "Join Type": "Inner",
                                            "Plan Rows": 34,
                                            "Plan Width": 8,
                                            "Actual Startup Time": 2.614,
                                            "Actual Total Time": 468.055,
                                            "Actual Rows": 41840,
                                            "Actual Loops": 1,
                                            "Inner Unique": true,
                                            "Plans": [
                                                {
                                                    "Node Type": "Nested Loop",
                                                    "Join Type": "Inner",
                                                    "Plan Rows": 34,
                                                    "Plan Width": 4,
                                                    "Actual Startup Time": 2.608,
                                                    "Actual Total Time": 318.644,
                                                    "Actual Rows": 41840,
                                                    "Actual Loops": 1,
                                                    "Inner Unique": false,
                                                    "Plans": [
                                                        {
                                                            "Node Type": "Seq Scan",
                                                            "Plan Rows": 1,
                                                            "Plan Width": 4,
                                                            "Actual Startup Time": 0.322,
                                                            "Actual Total Time": 6.605,
                                                            "Actual Rows": 1,
                                                            "Actual Loops": 1,
                                                            "Filter": "keyword",
                                                            "Rows Removed by Filter": 134169
                                                        },
                                                        {
                                                            "Node Type": "Bitmap Heap Scan",
                                                            "Plan Rows": 301,
                                                            "Plan Width": 8,
                                                            "Actual Startup Time": 2.283,
                                                            "Actual Total Time": 308.245,
                                                            "Actual Rows": 41840,
                                                            "Actual Loops": 1,
                                                            "Recheck Cond": "keyword_id",
                                                            "Rows Removed by Index Recheck": 0,
                                                            "Exact Heap Blocks": 11541,
                                                            "Lossy Heap Blocks": 0,
                                                            "Plans": [
                                                                {
                                                                    "Node Type": "Bitmap Index Scan",
                                                                    "Index Name": "keyword_id_movie_keyword",
                                                                    "Plan Rows": 301,
                                                                    "Plan Width": 0,
                                                                    "Actual Startup Time": 1.304,
                                                                    "Actual Total Time": 1.304,
                                                                    "Actual Rows": 41840,
                                                                    "Actual Loops": 1,
                                                                    "Index Cond": "keyword_id"
                                                                }
                                                            ]
                                                        }
                                                    ]
                                                },
                                                {
                                                    "Node Type": "Index Only Scan",
                                                    "Scan Direction": "Forward",
                                                    "Index Name": "title_pkey",
                                                    "Plan Rows": 1,
                                                    "Plan Width": 4,
                                                    "Actual Startup Time": 0.003,
                                                    "Actual Total Time": 0.003,
                                                    "Actual Rows": 1,
                                                    "Actual Loops": 41840,
                                                    "Index Cond": "id",
                                                    "Rows Removed by Index Recheck": 0,
                                                    "Heap Fetches": 0
                                                }
                                            ]
                                        },
                                        {
                                            "Node Type": "Index Scan",
                                            "Scan Direction": "Forward",
                                            "Index Name": "movie_id_movie_companies",
                                            "Plan Rows": 5,
                                            "Plan Width": 8,
                                            "Actual Startup Time": 0.004,
                                            "Actual Total Time": 0.006,
                                            "Actual Rows": 4,
                                            "Actual Loops": 41840,
                                            "Index Cond": "movie_id",
                                            "Rows Removed by Index Recheck": 0
                                        }
                                    ]
                                },
                                {
                                    "Node Type": "Index Scan",
                                    "Scan Direction": "Forward",
                                    "Index Name": "company_name_pkey",
                                    "Plan Rows": 1,
                                    "Plan Width": 4,
                                    "Actual Startup Time": 0.003,
                                    "Actual Total Time": 0.003,
                                    "Actual Rows": 0,
                                    "Actual Loops": 148552,
                                    "Index Cond": "id",
                                    "Rows Removed by Index Recheck": 0,
                                    "Filter": "countryde",
                                    "Rows Removed by Filter": 1
                                }
                            ]
                        },
                        {
                            "Node Type": "Index Scan",
                            "Scan Direction": "Forward",
                            "Index Name": "movie_id_cast_info",
                            "Plan Rows": 38,
                            "Plan Width": 8,
                            "Actual Startup Time": 0.017,
                            "Actual Total Time": 0.216,
                            "Actual Rows": 41,
                            "Actual Loops": 68316,
                            "Index Cond": "movie_id",
                            "Rows Removed by Index Recheck": 0
                        }
                    ]
                },
                {
                    "Node Type": "Index Scan",
                    "Scan Direction": "Forward",
                    "Index Name": "name_pkey",
                    "Plan Rows": 1,
                    "Plan Width": 19,
                    "Actual Startup Time": 0.005,
                    "Actual Total Time": 0.005,
                    "Actual Rows": 0,
                    "Actual Loops": 2832555,
                    "Index Cond": "id",
                    "Rows Removed by Index Recheck": 0,
                    "Filter": "name",
                    "Rows Removed by Filter": 1
                }
            ]
        }
    ]
}