{
    "Node Type": "Aggregate",
    "Strategy": "Plain",
    "Partial Mode": "Simple",
    "Plan Rows": 1,
    "Plan Width": 64,
    "Actual Startup Time": 36044.129,
    "Actual Total Time": 36044.13,
    "Actual Rows": 1,
    "Actual Loops": 1,
    "Plans": [
        {
            "Node Type": "Nested Loop",
            "Join Type": "Inner",
            "Plan Rows": 36,
            "Plan Width": 15,
            "Actual Startup Time": 13.457,
            "Actual Total Time": 36012.192,
            "Actual Rows": 52306,
            "Actual Loops": 1,
            "Inner Unique": true,
            "Plans": [
                {
                    "Node Type": "Nested Loop",
                    "Join Type": "Inner",
                    "Plan Rows": 36,
                    "Plan Width": 19,
                    "Actual Startup Time": 13.448,
                    "Actual Total Time": 35893.181,
                    "Actual Rows": 52306,
                    "Actual Loops": 1,
                    "Inner Unique": false,
                    "Plans": [
                        {
                            "Node Type": "Nested Loop",
                            "Join Type": "Inner",
                            "Plan Rows": 13,
                            "Plan Width": 27,
                            "Actual Startup Time": 13.437,
                            "Actual Total Time": 35741.619,
                            "Actual Rows": 6642,
                            "Actual Loops": 1,
                            "Inner Unique": true,
                            "Plans": [
                                {
                                    "Node Type": "Nested Loop",
                                    "Join Type": "Inner",
                                    "Plan Rows": 13,
                                    "Plan Width": 23,
                                    "Actual Startup Time": 13.271,
                                    "Actual Total Time": 35683.613,
                                    "Actual Rows": 6642,
                                    "Actual Loops": 1,
                                    "Inner Unique": true,
                                    "Plans": [
                                        {
                                            "Node Type": "Nested Loop",
                                            "Join Type": "Inner",
                                            "Plan Rows": 1296,
                                            "Plan Width": 12,
                                            "Actual Startup Time": 2.741,
                                            "Actual Total Time": 27456.616,
                                            "Actual Rows": 1038393,
                                            "Actual Loops": 1,
                                            "Inner Unique": false,
                                            "Plans": [
                                                {
                                                    "Node Type": "Nested Loop",
                                                    "Join Type": "Inner",
                                                    "Plan Rows": 34,
                                                    "Plan Width": 4,
                                                    "Actual Startup Time": 2.582,
                                                    "Actual Total Time": 364.971,
                                                    "Actual Rows": 41840,
                                                    "Actual Loops": 1,
                                                    "Inner Unique": false,
                                                    "Plans": [
                                                        {
                                                            "Node Type": "Seq Scan",
                                                            "Plan Rows": 1,
                                                            "Plan Width": 4,
                                                            "Actual Startup Time": 0.278,
                                                            "Actual Total Time": 7.594,
                                                            "Actual Rows": 1,
                                                            "Actual Loops": 1,
                                                            "Filter": "keyword",
                                                            "Rows Removed by Filter": 134169
                                                        },
                                                        {
                                                            "Node Type": "Bitmap Heap Scan",
                                                            "Plan Rows": 301,
                                                            "Plan Width": 8,
                                                            "Actual Startup Time": 2.303,
                                                            "Actual Total Time": 354.438,
                                                            "Actual Rows": 41840,
                                                            "Actual Loops": 1,
                                                            "Recheck Cond": "keyword_id",
                                                            "Rows Removed by Index Recheck": 0,
                                                            "Exact Heap Blocks": 11541,
                                                            "Lossy Heap Blocks": 0,
                                                            "Plans": [
                                                                {
                                                                    "Node Type": "Bitmap Index Scan",
                                                                    "Index Name": "keyword_id_movie_keyword",
                                                                    "Plan Rows": 301,
                                                                    "Plan Width": 0,
                                                                    "Actual Startup Time": 1.317,
                                                                    "Actual Total Time": 1.317,
                                                                    "Actual Rows": 41840,
                                                                    "Actual Loops": 1,
                                                                    "Index Cond": "keyword_id"
                                                                }
                                                            ]
                                                        }
                                                    ]
                                                },
                                                {
                                                    "Node Type": "Index Scan",
                                                    "Scan Direction": "Forward",
                                                    "Index Name": "movie_id_cast_info",
                                                    "Plan Rows": 38,
                                                    "Plan Width": 8,
                                                    "Actual Startup Time": 0.037,
                                                    "Actual Total Time": 0.646,
                                                    "Actual Rows": 25,
                                                    "Actual Loops": 41840,
                                                    "Index Cond": "movie_id",
                                                    "Rows Removed by Index Recheck": 0
                                                }
                                            ]
                                        },
                                        {
                                            "Node Type": "Index Scan",
                                            "Scan Direction": "Forward",
                                            "Index Name": "name_pkey",
                                            "Plan Rows": 1,
                                            "Plan Width": 19,
                                            "Actual Startup Time": 0.008,
                                            "Actual Total Time": 0.008,
                                            "Actual Rows": 0,
                                            "Actual Loops": 1038393,
                                            "Index Cond": "id",
                                            "Rows Removed by Index Recheck": 0,
                                            "Filter": "name",
                                            "Rows Removed by Filter": 1
                                        }
                                    ]
                                },
                                {
                                    "Node Type": "Index Only Scan",
                                    "Scan Direction": "Forward",
                                    "Index Name": "title_pkey",
                                    "Plan Rows": 1,
                                    "Plan Width": 4,
                                    "Actual Startup Time": 0.008,
                                    "Actual Total Time": 0.008,
                                    "Actual Rows": 1,
                                    "Actual Loops": 6642,
                                    "Index Cond": "id",
                                    "Rows Removed by Index Recheck": 0,
                                    "Heap Fetches": 0
                                }
                            ]
                        },
                        {
                            "Node Type": "Index Scan",
                            "Scan Direction": "Forward",
                            "Index Name": "movie_id_movie_companies",
                            "Plan Rows": 5,
                            "Plan Width": 8,
                            "Actual Startup Time": 0.017,
                            "Actual Total Time": 0.022,
                            "Actual Rows": 8,
                            "Actual Loops": 6642,
                            "Index Cond": "movie_id",
                            "Rows Removed by Index Recheck": 0
                        }
                    ]
                },
                {
                    "Node Type": "Index Only Scan",
                    "Scan Direction": "Forward",
                    "Index Name": "company_name_pkey",
                    "Plan Rows": 1,
                    "Plan Width": 4,
                    "Actual Startup Time": 0.002,
                    "Actual Total Time": 0.002,
                    "Actual Rows": 1,
                    "Actual Loops": 52306,
                    "Index Cond": "id",
                    "Rows Removed by Index Recheck": 0,
                    "Heap Fetches": 0
                }
            ]
        }
    ]
}