{
    "Node Type": "Aggregate",
    "Strategy": "Plain",
    "Partial Mode": "Finalize",
    "Plan Rows": 1,
    "Plan Width": 96,
    "Actual Startup Time": 11332.621,
    "Actual Total Time": 11333.796,
    "Actual Rows": 1,
    "Actual Loops": 1,
    "Plans": [
        {
            "Node Type": "Gather",
            "Plan Rows": 2,
            "Plan Width": 96,
            "Actual Startup Time": 11331.81,
            "Actual Total Time": 11333.785,
            "Actual Rows": 3,
            "Actual Loops": 1,
            "Workers Planned": 2,
            "Workers Launched": 2,
            "Plans": [
                {
                    "Node Type": "Aggregate",
                    "Strategy": "Plain",
                    "Partial Mode": "Partial",
                    "Plan Rows": 1,
                    "Plan Width": 96,
                    "Actual Startup Time": 11322.053,
                    "Actual Total Time": 11322.058,
                    "Actual Rows": 1,
                    "Actual Loops": 3,
                    "Workers": [],
                    "Plans": [
                        {
                            "Node Type": "Nested Loop",
                            "Join Type": "Inner",
                            "Plan Rows": 15,
                            "Plan Width": 64,
                            "Actual Startup Time": 746.273,
                            "Actual Total Time": 11317.032,
                            "Actual Rows": 137,
                            "Actual Loops": 3,
                            "Inner Unique": true,
                            "Workers": [],
                            "Plans": [
                                {
                                    "Node Type": "Nested Loop",
                                    "Join Type": "Inner",
                                    "Plan Rows": 15,
                                    "Plan Width": 59,
                                    "Actual Startup Time": 746.087,
                                    "Actual Total Time": 11295.308,
                                    "Actual Rows": 137,
                                    "Actual Loops": 3,
                                    "Inner Unique": true,
                                    "Workers": [],
                                    "Plans": [
                                        {
                                            "Node Type": "Nested Loop",
                                            "Join Type": "Inner",
                                            "Plan Rows": 3477,
                                            "Plan Width": 63,
                                            "Actual Startup Time": 4.405,
                                            "Actual Total Time": 11084.161,
                                            "Actual Rows": 35780,
                                            "Actual Loops": 3,
                                            "Inner Unique": false,
                                            "Workers": [],
                                            "Plans": [
                                                {
                                                    "Node Type": "Hash Join",
                                                    "Join Type": "Inner",
                                                    "Plan Rows": 1479,
                                                    "Plan Width": 55,
                                                    "Actual Startup Time": 3.711,
                                                    "Actual Total Time": 5012.349,
                                                    "Actual Rows": 15144,
                                                    "Actual Loops": 3,
                                                    "Inner Unique": true,
                                                    "Hash Cond": "info_type_id",
                                                    "Workers": [],
                                                    "Plans": [
                                                        {
                                                            "Node Type": "Nested Loop",
                                                            "Join Type": "Inner",
                                                            "Plan Rows": 167135,
                                                            "Plan Width": 59,
                                                            "Actual Startup Time": 0.632,
                                                            "Actual Total Time": 4898.218,
                                                            "Actual Rows": 2310111,
                                                            "Actual Loops": 3,
                                                            "Inner Unique": false,
                                                            "Workers": [],
                                                            "Plans": [
                                                                {
                                                                    "Node Type": "Hash Join",
                                                                    "Join Type": "Inner",
                                                                    "Plan Rows": 5089,
                                                                    "Plan Width": 9,
                                                                    "Actual Startup Time": 0.268,
                                                                    "Actual Total Time": 221.593,
                                                                    "Actual Rows": 153308,
                                                                    "Actual Loops": 3,
                                                                    "Inner Unique": true,
                                                                    "Hash Cond": "info_type_id",
                                                                    "Workers": [],
                                                                    "Plans": [
                                                                        {
                                                                            "Node Type": "Seq Scan",
                                                                            "Plan Rows": 575015,
                                                                            "Plan Width": 13,
                                                                            "Actual Startup Time": 0.255,
                                                                            "Actual Total Time": 182.642,
                                                                            "Actual Rows": 460012,
                                                                            "Actual Loops": 3,
                                                                            "Workers": []
                                                                        },
                                                                        {
                                                                            "Node Type": "Hash",
                                                                            "Plan Rows": 1,
                                                                            "Plan Width": 4,
                                                                            "Actual Startup Time": 0.009,
                                                                            "Actual Total Time": 0.009,
                                                                            "Actual Rows": 1,
                                                                            "Actual Loops": 3,
                                                                            "Hash Buckets": 1024,
                                                                            "Original Hash Buckets": 1024,
                                                                            "Hash Batches": 1,
                                                                            "Original Hash Batches": 1,
                                                                            "Peak Memory Usage": 9,
                                                                            "Workers": [],
                                                                            "Plans": [
                                                                                {
                                                                                    "Node Type": "Seq Scan",
                                                                                    "Plan Rows": 1,
                                                                                    "Plan Width": 4,
                                                                                    "Actual Startup Time": 0.006,
                                                                                    "Actual Total Time": 0.007,
                                                                                    "Actual Rows": 1,
                                                                                    "Actual Loops": 3,
                                                                                    "Filter": "info",
                                                                                    "Rows Removed by Filter": 112,
                                                                                    "Workers": []
                                                                                }
                                                                            ]
                                                                        }
                                                                    ]
                                                                },
                                                                {
                                                                    "Node Type": "Index Scan",
                                                                    "Scan Direction": "Forward",
                                                                    "Index Name": "movie_id_movie_info",
                                                                    "Plan Rows": 42,
                                                                    "Plan Width": 50,
                                                                    "Actual Startup Time": 0.005,
                                                                    "Actual Total Time": 0.03,
                                                                    "Actual Rows": 15,
                                                                    "Actual Loops": 459925,
                                                                    "Index Cond": "movie_id",
                                                                    "Rows Removed by Index Recheck": 0,
                                                                    "Workers": []
                                                                }
                                                            ]
                                                        },
                                                        {
                                                            "Node Type": "Hash",
                                                            "Plan Rows": 1,
                                                            "Plan Width": 4,
                                                            "Actual Startup Time": 0.022,
                                                            "Actual Total Time": 0.022,
                                                            "Actual Rows": 1,
                                                            "Actual Loops": 3,
                                                            "Hash Buckets": 1024,
                                                            "Original Hash Buckets": 1024,
                                                            "Hash Batches": 1,
                                                            "Original Hash Batches": 1,
                                                            "Peak Memory Usage": 9,
                                                            "Workers": [],
                                                            "Plans": [
                                                                {
                                                                    "Node Type": "Seq Scan",
                                                                    "Plan Rows": 1,
                                                                    "Plan Width": 4,
                                                                    "Actual Startup Time": 0.019,
                                                                    "Actual Total Time": 0.02,
                                                                    "Actual Rows": 1,
                                                                    "Actual Loops": 3,
                                                                    "Filter": "info",
                                                                    "Rows Removed by Filter": 112,
                                                                    "Workers": []
                                                                }
                                                            ]
                                                        }
                                                    ]
                                                },
                                                {
                                                    "Node Type": "Index Scan",
                                                    "Scan Direction": "Forward",
                                                    "Index Name": "movie_id_cast_info",
                                                    "Plan Rows": 2,
                                                    "Plan Width": 8,
                                                    "Actual Startup Time": 0.282,
                                                    "Actual Total Time": 0.401,
                                                    "Actual Rows": 2,
                                                    "Actual Loops": 45431,
                                                    "Index Cond": "movie_id",
                                                    "Rows Removed by Index Recheck": 0,
                                                    "Filter": "notexcuivprd",
                                                    "Rows Removed by Filter": 38,
                                                    "Workers": []
                                                }
                                            ]
                                        },
                                        {
                                            "Node Type": "Index Scan",
                                            "Scan Direction": "Forward",
                                            "Index Name": "name_pkey",
                                            "Plan Rows": 1,
                                            "Plan Width": 4,
                                            "Actual Startup Time": 0.006,
                                            "Actual Total Time": 0.006,
                                            "Actual Rows": 0,
                                            "Actual Loops": 107339,
                                            "Index Cond": "id",
                                            "Rows Removed by Index Recheck": 0,
                                            "Filter": "namegdr",
                                            "Rows Removed by Filter": 1,
                                            "Workers": []
                                        }
                                    ]
                                },
                                {
                                    "Node Type": "Index Scan",
                                    "Scan Direction": "Forward",
                                    "Index Name": "title_pkey",
                                    "Plan Rows": 1,
                                    "Plan Width": 21,
                                    "Actual Startup Time": 0.158,
                                    "Actual Total Time": 0.158,
                                    "Actual Rows": 1,
                                    "Actual Loops": 410,
                                    "Index Cond": "id",
                                    "Rows Removed by Index Recheck": 0,
                                    "Workers": []
                                }
                            ]
                        }
                    ]
                }
            ]
        }
    ]
}