{
    "Node Type": "Aggregate",
    "Strategy": "Plain",
    "Partial Mode": "Finalize",
    "Plan Rows": 1,
    "Plan Width": 96,
    "Actual Startup Time": 10793.706,
    "Actual Total Time": 10794.35,
    "Actual Rows": 1,
    "Actual Loops": 1,
    "Plans": [
        {
            "Node Type": "Gather",
            "Plan Rows": 2,
            "Plan Width": 96,
            "Actual Startup Time": 10793.696,
            "Actual Total Time": 10794.345,
            "Actual Rows": 3,
            "Actual Loops": 1,
            "Workers Planned": 2,
            "Workers Launched": 2,
            "Plans": [
                {
                    "Node Type": "Aggregate",
                    "Strategy": "Plain",
                    "Partial Mode": "Partial",
                    "Plan Rows": 1,
                    "Plan Width": 96,
                    "Actual Startup Time": 10786.591,
                    "Actual Total Time": 10786.593,
                    "Actual Rows": 1,
                    "Actual Loops": 3,
                    "Workers": [],
                    "Plans": [
                        {
                            "Node Type": "Nested Loop",
                            "Join Type": "Inner",
                            "Plan Rows": 10,
                            "Plan Width": 64,
                            "Actual Startup Time": 48.343,
                            "Actual Total Time": 10766.91,
                            "Actual Rows": 9358,
                            "Actual Loops": 3,
                            "Inner Unique": true,
                            "Workers": [],
                            "Plans": [
                                {
                                    "Node Type": "Nested Loop",
                                    "Join Type": "Inner",
                                    "Plan Rows": 23,
                                    "Plan Width": 68,
                                    "Actual Startup Time": 35.669,
                                    "Actual Total Time": 10640.576,
                                    "Actual Rows": 18052,
                                    "Actual Loops": 3,
                                    "Inner Unique": false,
                                    "Workers": [],
                                    "Plans": [
                                        {
                                            "Node Type": "Nested Loop",
                                            "Join Type": "Inner",
                                            "Plan Rows": 18,
                                            "Plan Width": 76,
                                            "Actual Startup Time": 3.27,
                                            "Actual Total Time": 5552.176,
                                            "Actual Rows": 34172,
                                            "Actual Loops": 3,
                                            "Inner Unique": true,
                                            "Join Filter": "movie_id",
                                            "Rows Removed by Join Filter": 0,
                                            "Workers": [],
                                            "Plans": [
                                                {
                                                    "Node Type": "Hash Join",
                                                    "Join Type": "Inner",
                                                    "Plan Rows": 18,
                                                    "Plan Width": 55,
                                                    "Actual Startup Time": 3.012,
                                                    "Actual Total Time": 4832.738,
                                                    "Actual Rows": 34172,
                                                    "Actual Loops": 3,
                                                    "Inner Unique": true,
                                                    "Hash Cond": "info_type_id",
                                                    "Workers": [],
                                                    "Plans": [
                                                        {
                                                            "Node Type": "Nested Loop",
                                                            "Join Type": "Inner",
                                                            "Plan Rows": 2032,
                                                            "Plan Width": 59,
                                                            "Actual Startup Time": 2.424,
                                                            "Actual Total Time": 4824.926,
                                                            "Actual Rows": 34964,
                                                            "Actual Loops": 3,
                                                            "Inner Unique": false,
                                                            "Workers": [],
                                                            "Plans": [
                                                                {
                                                                    "Node Type": "Hash Join",
                                                                    "Join Type": "Inner",
                                                                    "Plan Rows": 5089,
                                                                    "Plan Width": 9,
                                                                    "Actual Startup Time": 0.099,
                                                                    "Actual Total Time": 171.646,
                                                                    "Actual Rows": 153308,
                                                                    "Actual Loops": 3,
                                                                    "Inner Unique": true,
                                                                    "Hash Cond": "info_type_id",
                                                                    "Workers": [],
                                                                    "Plans": [
                                                                        {
                                                                            "Node Type": "Seq Scan",
                                                                            "Plan Rows": 575015,
                                                                            "Plan Width": 13,
                                                                            "Actual Startup Time": 0.088,
                                                                            "Actual Total Time": 127.756,
                                                                            "Actual Rows": 460012,
                                                                            "Actual Loops": 3,
                                                                            "Workers": []
                                                                        },
                                                                        {
                                                                            "Node Type": "Hash",
                                                                            "Plan Rows": 1,
                                                                            "Plan Width": 4,
                                                                            "Actual Startup Time": 0.008,
                                                                            "Actual Total Time": 0.008,
                                                                            "Actual Rows": 1,
                                                                            "Actual Loops": 3,
                                                                            "Hash Buckets": 1024,
                                                                            "Original Hash Buckets": 1024,
                                                                            "Hash Batches": 1,
                                                                            "Original Hash Batches": 1,
                                                                            "Peak Memory Usage": 9,
                                                                            "Workers": [],
                                                                            "Plans": [
                                                                                {
                                                                                    "Node Type": "Seq Scan",
                                                                                    "Plan Rows": 1,
                                                                                    "Plan Width": 4,
                                                                                    "Actual Startup Time": 0.005,
                                                                                    "Actual Total Time": 0.006,
                                                                                    "Actual Rows": 1,
                                                                                    "Actual Loops": 3,
                                                                                    "Filter": "info",
                                                                                    "Rows Removed by Filter": 112,
                                                                                    "Workers": []
                                                                                }
                                                                            ]
                                                                        }
                                                                    ]
                                                                },
                                                                {
                                                                    "Node Type": "Index Scan",
                                                                    "Scan Direction": "Forward",
                                                                    "Index Name": "movie_id_movie_info",
                                                                    "Plan Rows": 1,
                                                                    "Plan Width": 50,
                                                                    "Actual Startup Time": 0.03,
                                                                    "Actual Total Time": 0.03,
                                                                    "Actual Rows": 0,
                                                                    "Actual Loops": 459925,
                                                                    "Index Cond": "movie_id",
                                                                    "Rows Removed by Index Recheck": 0,
                                                                    "Filter": "info",
                                                                    "Rows Removed by Filter": 15,
                                                                    "Workers": []
                                                                }
                                                            ]
                                                        },
                                                        {
                                                            "Node Type": "Hash",
                                                            "Plan Rows": 1,
                                                            "Plan Width": 4,
                                                            "Actual Startup Time": 0.022,
                                                            "Actual Total Time": 0.022,
                                                            "Actual Rows": 1,
                                                            "Actual Loops": 3,
                                                            "Hash Buckets": 1024,
                                                            "Original Hash Buckets": 1024,
                                                            "Hash Batches": 1,
                                                            "Original Hash Batches": 1,
                                                            "Peak Memory Usage": 9,
                                                            "Workers": [],
                                                            "Plans": [
                                                                {
                                                                    "Node Type": "Seq Scan",
                                                                    "Plan Rows": 1,
                                                                    "Plan Width": 4,
                                                                    "Actual Startup Time": 0.015,
                                                                    "Actual Total Time": 0.019,
                                                                    "Actual Rows": 1,
                                                                    "Actual Loops": 3,
                                                                    "Filter": "info",
                                                                    "Rows Removed by Filter": 112,
                                                                    "Workers": []
                                                                }
                                                            ]
                                                        }
                                                    ]
                                                },
                                                {
                                                    "Node Type": "Index Scan",
                                                    "Scan Direction": "Forward",
                                                    "Index Name": "title_pkey",
                                                    "Plan Rows": 1,
                                                    "Plan Width": 21,
                                                    "Actual Startup Time": 0.021,
                                                    "Actual Total Time": 0.021,
                                                    "Actual Rows": 1,
                                                    "Actual Loops": 102516,
                                                    "Index Cond": "id",
                                                    "Rows Removed by Index Recheck": 0,
                                                    "Workers": []
                                                }
                                            ]
                                        },
                                        {
                                            "Node Type": "Index Scan",
                                            "Scan Direction": "Forward",
                                            "Index Name": "movie_id_cast_info",
                                            "Plan Rows": 1,
                                            "Plan Width": 8,
                                            "Actual Startup Time": 0.131,
                                            "Actual Total Time": 0.149,
                                            "Actual Rows": 1,
                                            "Actual Loops": 102516,
                                            "Index Cond": "movie_id",
                                            "Rows Removed by Index Recheck": 0,
                                            "Filter": "notehadwribysx",
                                            "Rows Removed by Filter": 39,
                                            "Workers": []
                                        }
                                    ]
                                },
                                {
                                    "Node Type": "Index Scan",
                                    "Scan Direction": "Forward",
                                    "Index Name": "name_pkey",
                                    "Plan Rows": 1,
                                    "Plan Width": 4,
                                    "Actual Startup Time": 0.007,
                                    "Actual Total Time": 0.007,
                                    "Actual Rows": 1,
                                    "Actual Loops": 54155,
                                    "Index Cond": "id",
                                    "Rows Removed by Index Recheck": 0,
                                    "Filter": "gendr",
                                    "Rows Removed by Filter": 0,
                                    "Workers": []
                                }
                            ]
                        }
                    ]
                }
            ]
        }
    ]
}