{
    "Node Type": "Aggregate",
    "Strategy": "Plain",
    "Partial Mode": "Simple",
    "Plan Rows": 1,
    "Plan Width": 64,
    "Actual Startup Time": 360.657,
    "Actual Total Time": 360.675,
    "Actual Rows": 1,
    "Actual Loops": 1,
    "Plans": [
        {
            "Node Type": "Nested Loop",
            "Join Type": "Inner",
            "Plan Rows": 1,
            "Plan Width": 32,
            "Actual Startup Time": 346.668,
            "Actual Total Time": 360.668,
            "Actual Rows": 15,
            "Actual Loops": 1,
            "Inner Unique": true,
            "Plans": [
                {
                    "Node Type": "Nested Loop",
                    "Join Type": "Inner",
                    "Plan Rows": 1,
                    "Plan Width": 36,
                    "Actual Startup Time": 346.484,
                    "Actual Total Time": 360.474,
                    "Actual Rows": 15,
                    "Actual Loops": 1,
                    "Inner Unique": true,
                    "Join Filter": "person_id",
                    "Rows Removed by Join Filter": 0,
                    "Plans": [
                        {
                            "Node Type": "Nested Loop",
                            "Join Type": "Inner",
                            "Plan Rows": 1,
                            "Plan Width": 29,
                            "Actual Startup Time": 335.818,
                            "Actual Total Time": 359.825,
                            "Actual Rows": 275,
                            "Actual Loops": 1,
                            "Inner Unique": true,
                            "Plans": [
                                {
                                    "Node Type": "Nested Loop",
                                    "Join Type": "Inner",
                                    "Plan Rows": 1,
                                    "Plan Width": 33,
                                    "Actual Startup Time": 335.812,
                                    "Actual Total Time": 359.666,
                                    "Actual Rows": 275,
                                    "Actual Loops": 1,
                                    "Inner Unique": false,
                                    "Join Filter": "id",
                                    "Rows Removed by Join Filter": 0,
                                    "Plans": [
                                        {
                                            "Node Type": "Nested Loop",
                                            "Join Type": "Inner",
                                            "Plan Rows": 1,
                                            "Plan Width": 41,
                                            "Actual Startup Time": 335.796,
                                            "Actual Total Time": 350.932,
                                            "Actual Rows": 275,
                                            "Actual Loops": 1,
                                            "Inner Unique": true,
                                            "Plans": [
                                                {
                                                    "Node Type": "Nested Loop",
                                                    "Join Type": "Inner",
                                                    "Plan Rows": 1,
                                                    "Plan Width": 45,
                                                    "Actual Startup Time": 335.774,
                                                    "Actual Total Time": 350.468,
                                                    "Actual Rows": 275,
                                                    "Actual Loops": 1,
                                                    "Inner Unique": false,
                                                    "Plans": [
                                                        {
                                                            "Node Type": "Nested Loop",
                                                            "Join Type": "Inner",
                                                            "Plan Rows": 1,
                                                            "Plan Width": 41,
                                                            "Actual Startup Time": 335.49,
                                                            "Actual Total Time": 345.836,
                                                            "Actual Rows": 99,
                                                            "Actual Loops": 1,
                                                            "Inner Unique": true,
                                                            "Plans": [
                                                                {
                                                                    "Node Type": "Nested Loop",
                                                                    "Join Type": "Inner",
                                                                    "Plan Rows": 1,
                                                                    "Plan Width": 45,
                                                                    "Actual Startup Time": 335.302,
                                                                    "Actual Total Time": 337.21,
                                                                    "Actual Rows": 100,
                                                                    "Actual Loops": 1,
                                                                    "Inner Unique": false,
                                                                    "Join Filter": "id",
                                                                    "Rows Removed by Join Filter": 0,
                                                                    "Plans": [
                                                                        {
                                                                            "Node Type": "Gather",
                                                                            "Plan Rows": 1,
                                                                            "Plan Width": 29,
                                                                            "Actual Startup Time": 335.276,
                                                                            "Actual Total Time": 336.06,
                                                                            "Actual Rows": 4,
                                                                            "Actual Loops": 1,
                                                                            "Workers Planned": 2,
                                                                            "Workers Launched": 2,
                                                                            "Plans": [
                                                                                {
                                                                                    "Node Type": "Nested Loop",
                                                                                    "Join Type": "Inner",
                                                                                    "Plan Rows": 1,
                                                                                    "Plan Width": 29,
                                                                                    "Actual Startup Time": 332.434,
                                                                                    "Actual Total Time": 338.717,
                                                                                    "Actual Rows": 1,
                                                                                    "Actual Loops": 3,
                                                                                    "Inner Unique": false,
                                                                                    "Workers": [],
                                                                                    "Plans": [
                                                                                        {
                                                                                            "Node Type": "Seq Scan",
                                                                                            "Plan Rows": 9,
                                                                                            "Plan Width": 21,
                                                                                            "Actual Startup Time": 128.277,
                                                                                            "Actual Total Time": 338.109,
                                                                                            "Actual Rows": 2,
                                                                                            "Actual Loops": 3,
                                                                                            "Filter": "productinyeal",
                                                                                            "Rows Removed by Filter": 842768,
                                                                                            "Workers": []
                                                                                        },
                                                                                        {
                                                                                            "Node Type": "Index Scan",
                                                                                            "Scan Direction": "Forward",
                                                                                            "Index Name": "movie_id_movie_companies",
                                                                                            "Plan Rows": 1,
                                                                                            "Plan Width": 8,
                                                                                            "Actual Startup Time": 0.257,
                                                                                            "Actual Total Time": 0.259,
                                                                                            "Actual Rows": 1,
                                                                                            "Actual Loops": 7,
                                                                                            "Index Cond": "movie_id",
                                                                                            "Rows Removed by Index Recheck": 0,
                                                                                            "Filter": "note",
                                                                                            "Rows Removed by Filter": 6,
                                                                                            "Workers": []
                                                                                        }
                                                                                    ]
                                                                                }
                                                                            ]
                                                                        },
                                                                        {
                                                                            "Node Type": "Index Scan",
                                                                            "Scan Direction": "Forward",
                                                                            "Index Name": "movie_id_cast_info",
                                                                            "Plan Rows": 1,
                                                                            "Plan Width": 16,
                                                                            "Actual Startup Time": 0.008,
                                                                            "Actual Total Time": 0.284,
                                                                            "Actual Rows": 25,
                                                                            "Actual Loops": 4,
                                                                            "Index Cond": "movie_id",
                                                                            "Rows Removed by Index Recheck": 0,
                                                                            "Filter": "notex",
                                                                            "Rows Removed by Filter": 127
                                                                        }
                                                                    ]
                                                                },
                                                                {
                                                                    "Node Type": "Index Only Scan",
                                                                    "Scan Direction": "Forward",
                                                                    "Index Name": "char_name_pkey",
                                                                    "Plan Rows": 1,
                                                                    "Plan Width": 4,
                                                                    "Actual Startup Time": 0.086,
                                                                    "Actual Total Time": 0.086,
                                                                    "Actual Rows": 1,
                                                                    "Actual Loops": 100,
                                                                    "Index Cond": "id",
                                                                    "Rows Removed by Index Recheck": 0,
                                                                    "Heap Fetches": 0
                                                                }
                                                            ]
                                                        },
                                                        {
                                                            "Node Type": "Index Only Scan",
                                                            "Scan Direction": "Forward",
                                                            "Index Name": "person_id_aka_name",
                                                            "Plan Rows": 2,
                                                            "Plan Width": 4,
                                                            "Actual Startup Time": 0.046,
                                                            "Actual Total Time": 0.046,
                                                            "Actual Rows": 3,
                                                            "Actual Loops": 99,
                                                            "Index Cond": "person_id",
                                                            "Rows Removed by Index Recheck": 0,
                                                            "Heap Fetches": 0
                                                        }
                                                    ]
                                                },
                                                {
                                                    "Node Type": "Index Scan",
                                                    "Scan Direction": "Forward",
                                                    "Index Name": "company_name_pkey",
                                                    "Plan Rows": 1,
                                                    "Plan Width": 4,
                                                    "Actual Startup Time": 0.002,
                                                    "Actual Total Time": 0.002,
                                                    "Actual Rows": 1,
                                                    "Actual Loops": 275,
                                                    "Index Cond": "id",
                                                    "Rows Removed by Index Recheck": 0,
                                                    "Filter": "countryde",
                                                    "Rows Removed by Filter": 0
                                                }
                                            ]
                                        },
                                        {
                                            "Node Type": "Index Scan",
                                            "Scan Direction": "Forward",
                                            "Index Name": "movie_id_movie_info",
                                            "Plan Rows": 1,
                                            "Plan Width": 8,
                                            "Actual Startup Time": 0.004,
                                            "Actual Total Time": 0.032,
                                            "Actual Rows": 1,
                                            "Actual Loops": 275,
                                            "Index Cond": "movie_id",
                                            "Rows Removed by Index Recheck": 0,
                                            "Filter": "infoISNOTUL",
                                            "Rows Removed by Filter": 295
                                        }
                                    ]
                                },
                                {
                                    "Node Type": "Index Scan",
                                    "Scan Direction": "Forward",
                                    "Index Name": "info_type_pkey",
                                    "Plan Rows": 1,
                                    "Plan Width": 4,
                                    "Actual Startup Time": 0.0,
                                    "Actual Total Time": 0.0,
                                    "Actual Rows": 1,
                                    "Actual Loops": 275,
                                    "Index Cond": "id",
                                    "Rows Removed by Index Recheck": 0,
                                    "Filter": "info",
                                    "Rows Removed by Filter": 0
                                }
                            ]
                        },
                        {
                            "Node Type": "Index Scan",
                            "Scan Direction": "Forward",
                            "Index Name": "name_pkey",
                            "Plan Rows": 1,
                            "Plan Width": 19,
                            "Actual Startup Time": 0.002,
                            "Actual Total Time": 0.002,
                            "Actual Rows": 0,
                            "Actual Loops": 275,
                            "Index Cond": "id",
                            "Rows Removed by Index Recheck": 0,
                            "Filter": "namegdr",
                            "Rows Removed by Filter": 1
                        }
                    ]
                },
                {
                    "Node Type": "Index Scan",
                    "Scan Direction": "Forward",
                    "Index Name": "role_type_pkey",
                    "Plan Rows": 1,
                    "Plan Width": 4,
                    "Actual Startup Time": 0.013,
                    "Actual Total Time": 0.013,
                    "Actual Rows": 1,
                    "Actual Loops": 15,
                    "Index Cond": "id",
                    "Rows Removed by Index Recheck": 0,
                    "Filter": "role",
                    "Rows Removed by Filter": 0
                }
            ]
        }
    ]
}