{
    "Node Type": "Aggregate",
    "Strategy": "Plain",
    "Partial Mode": "Finalize",
    "Plan Rows": 1,
    "Plan Width": 64,
    "Actual Startup Time": 75016.634,
    "Actual Total Time": 75018.754,
    "Actual Rows": 1,
    "Actual Loops": 1,
    "Plans": [
        {
            "Node Type": "Gather",
            "Plan Rows": 2,
            "Plan Width": 64,
            "Actual Startup Time": 75016.431,
            "Actual Total Time": 75018.744,
            "Actual Rows": 3,
            "Actual Loops": 1,
            "Workers Planned": 2,
            "Workers Launched": 2,
            "Plans": [
                {
                    "Node Type": "Aggregate",
                    "Strategy": "Plain",
                    "Partial Mode": "Partial",
                    "Plan Rows": 1,
                    "Plan Width": 64,
                    "Actual Startup Time": 75008.492,
                    "Actual Total Time": 75008.495,
                    "Actual Rows": 1,
                    "Actual Loops": 3,
                    "Workers": [],
                    "Plans": [
                        {
                            "Node Type": "Nested Loop",
                            "Join Type": "Inner",
                            "Plan Rows": 84,
                            "Plan Width": 32,
                            "Actual Startup Time": 1005.833,
                            "Actual Total Time": 74537.191,
                            "Actual Rows": 586882,
                            "Actual Loops": 3,
                            "Inner Unique": false,
                            "Workers": [],
                            "Plans": [
                                {
                                    "Node Type": "Nested Loop",
                                    "Join Type": "Inner",
                                    "Plan Rows": 35,
                                    "Plan Width": 40,
                                    "Actual Startup Time": 1003.943,
                                    "Actual Total Time": 74309.458,
                                    "Actual Rows": 262348,
                                    "Actual Loops": 3,
                                    "Inner Unique": true,
                                    "Workers": [],
                                    "Plans": [
                                        {
                                            "Node Type": "Nested Loop",
                                            "Join Type": "Inner",
                                            "Plan Rows": 96,
                                            "Plan Width": 44,
                                            "Actual Startup Time": 1002.071,
                                            "Actual Total Time": 51370.066,
                                            "Actual Rows": 1076352,
                                            "Actual Loops": 3,
                                            "Inner Unique": false,
                                            "Join Filter": "id",
                                            "Rows Removed by Join Filter": 0,
                                            "Workers": [],
                                            "Plans": [
                                                {
                                                    "Node Type": "Hash Join",
                                                    "Join Type": "Inner",
                                                    "Plan Rows": 18,
                                                    "Plan Width": 52,
                                                    "Actual Startup Time": 1001.032,
                                                    "Actual Total Time": 50376.058,
                                                    "Actual Rows": 113945,
                                                    "Actual Loops": 3,
                                                    "Inner Unique": true,
                                                    "Hash Cond": "info_type_id",
                                                    "Workers": [],
                                                    "Plans": [
                                                        {
                                                            "Node Type": "Nested Loop",
                                                            "Join Type": "Inner",
                                                            "Plan Rows": 2042,
                                                            "Plan Width": 56,
                                                            "Actual Startup Time": 1000.067,
                                                            "Actual Total Time": 50335.919,
                                                            "Actual Rows": 540998,
                                                            "Actual Loops": 3,
                                                            "Inner Unique": false,
                                                            "Workers": [],
                                                            "Plans": [
                                                                {
                                                                    "Node Type": "Nested Loop",
                                                                    "Join Type": "Inner",
                                                                    "Plan Rows": 130,
                                                                    "Plan Width": 48,
                                                                    "Actual Startup Time": 999.688,
                                                                    "Actual Total Time": 3113.969,
                                                                    "Actual Rows": 53102,
                                                                    "Actual Loops": 3,
                                                                    "Inner Unique": true,
                                                                    "Workers": [],
                                                                    "Plans": [
                                                                        {
                                                                            "Node Type": "Nested Loop",
                                                                            "Join Type": "Inner",
                                                                            "Plan Rows": 241,
                                                                            "Plan Width": 27,
                                                                            "Actual Startup Time": 999.337,
                                                                            "Actual Total Time": 2463.992,
                                                                            "Actual Rows": 85164,
                                                                            "Actual Loops": 3,
                                                                            "Inner Unique": true,
                                                                            "Workers": [],
                                                                            "Plans": [
                                                                                {
                                                                                    "Node Type": "Nested Loop",
                                                                                    "Join Type": "Inner",
                                                                                    "Plan Rows": 1061,
                                                                                    "Plan Width": 8,
                                                                                    "Actual Startup Time": 999.154,
                                                                                    "Actual Total Time": 2276.051,
                                                                                    "Actual Rows": 85217,
                                                                                    "Actual Loops": 3,
                                                                                    "Inner Unique": true,
                                                                                    "Workers": [],
                                                                                    "Plans": [
                                                                                        {
                                                                                            "Node Type": "Hash Join",
                                                                                            "Join Type": "Inner",
                                                                                            "Plan Rows": 2172,
                                                                                            "Plan Width": 12,
                                                                                            "Actual Startup Time": 990.894,
                                                                                            "Actual Total Time": 1925.068,
                                                                                            "Actual Rows": 92055,
                                                                                            "Actual Loops": 3,
                                                                                            "Inner Unique": true,
                                                                                            "Hash Cond": "role_id",
                                                                                            "Workers": [],
                                                                                            "Plans": [
                                                                                                {
                                                                                                    "Node Type": "Seq Scan",
                                                                                                    "Plan Rows": 385600,
                                                                                                    "Plan Width": 16,
                                                                                                    "Actual Startup Time": 4.155,
                                                                                                    "Actual Total Time": 1902.141,
                                                                                                    "Actual Rows": 289159,
                                                                                                    "Actual Loops": 3,
                                                                                                    "Filter": "notevicJapsrudEglhx",
                                                                                                    "Rows Removed by Filter": 11792289,
                                                                                                    "Workers": []
                                                                                                },
                                                                                                {
                                                                                                    "Node Type": "Hash",
                                                                                                    "Plan Rows": 4,
                                                                                                    "Plan Width": 4,
                                                                                                    "Actual Startup Time": 0.072,
                                                                                                    "Actual Total Time": 0.072,
                                                                                                    "Actual Rows": 1,
                                                                                                    "Actual Loops": 3,
                                                                                                    "Hash Buckets": 1024,
                                                                                                    "Original Hash Buckets": 1024,
                                                                                                    "Hash Batches": 1,
                                                                                                    "Original Hash Batches": 1,
                                                                                                    "Peak Memory Usage": 9,
                                                                                                    "Workers": [],
                                                                                                    "Plans": [
                                                                                                        {
                                                                                                            "Node Type": "Seq Scan",
                                                                                                            "Plan Rows": 4,
                                                                                                            "Plan Width": 4,
                                                                                                            "Actual Startup Time": 0.07,
                                                                                                            "Actual Total Time": 0.07,
                                                                                                            "Actual Rows": 1,
                                                                                                            "Actual Loops": 3,
                                                                                                            "Filter": "role",
                                                                                                            "Rows Removed by Filter": 11,
                                                                                                            "Workers": []
                                                                                                        }
                                                                                                    ]
                                                                                                }
                                                                                            ]
                                                                                        },
                                                                                        {
                                                                                            "Node Type": "Index Only Scan",
                                                                                            "Scan Direction": "Forward",
                                                                                            "Index Name": "char_name_pkey",
                                                                                            "Plan Rows": 1,
                                                                                            "Plan Width": 4,
                                                                                            "Actual Startup Time": 0.004,
                                                                                            "Actual Total Time": 0.004,
                                                                                            "Actual Rows": 1,
                                                                                            "Actual Loops": 276166,
                                                                                            "Index Cond": "id",
                                                                                            "Rows Removed by Index Recheck": 0,
                                                                                            "Heap Fetches": 0,
                                                                                            "Workers": []
                                                                                        }
                                                                                    ]
                                                                                },
                                                                                {
                                                                                    "Node Type": "Index Scan",
                                                                                    "Scan Direction": "Forward",
                                                                                    "Index Name": "name_pkey",
                                                                                    "Plan Rows": 1,
                                                                                    "Plan Width": 19,
                                                                                    "Actual Startup Time": 0.002,
                                                                                    "Actual Total Time": 0.002,
                                                                                    "Actual Rows": 1,
                                                                                    "Actual Loops": 255651,
                                                                                    "Index Cond": "id",
                                                                                    "Rows Removed by Index Recheck": 0,
                                                                                    "Filter": "gendr",
                                                                                    "Rows Removed by Filter": 0,
                                                                                    "Workers": []
                                                                                }
                                                                            ]
                                                                        },
                                                                        {
                                                                            "Node Type": "Index Scan",
                                                                            "Scan Direction": "Forward",
                                                                            "Index Name": "title_pkey",
                                                                            "Plan Rows": 1,
                                                                            "Plan Width": 21,
                                                                            "Actual Startup Time": 0.007,
                                                                            "Actual Total Time": 0.007,
                                                                            "Actual Rows": 1,
                                                                            "Actual Loops": 255493,
                                                                            "Index Cond": "id",
                                                                            "Rows Removed by Index Recheck": 0,
                                                                            "Filter": "productinyea",
                                                                            "Rows Removed by Filter": 0,
                                                                            "Workers": []
                                                                        }
                                                                    ]
                                                                },
                                                                {
                                                                    "Node Type": "Index Scan",
                                                                    "Scan Direction": "Forward",
                                                                    "Index Name": "movie_id_movie_info",
                                                                    "Plan Rows": 42,
                                                                    "Plan Width": 8,
                                                                    "Actual Startup Time": 0.018,
                                                                    "Actual Total Time": 0.889,
                                                                    "Actual Rows": 10,
                                                                    "Actual Loops": 159307,
                                                                    "Index Cond": "movie_id",
                                                                    "Rows Removed by Index Recheck": 0,
                                                                    "Workers": []
                                                                }
                                                            ]
                                                        },
                                                        {
                                                            "Node Type": "Hash",
                                                            "Plan Rows": 1,
                                                            "Plan Width": 4,
                                                            "Actual Startup Time": 0.025,
                                                            "Actual Total Time": 0.025,
                                                            "Actual Rows": 1,
                                                            "Actual Loops": 3,
                                                            "Hash Buckets": 1024,
                                                            "Original Hash Buckets": 1024,
                                                            "Hash Batches": 1,
                                                            "Original Hash Batches": 1,
                                                            "Peak Memory Usage": 9,
                                                            "Workers": [],
                                                            "Plans": [
                                                                {
                                                                    "Node Type": "Seq Scan",
                                                                    "Plan Rows": 1,
                                                                    "Plan Width": 4,
                                                                    "Actual Startup Time": 0.016,
                                                                    "Actual Total Time": 0.021,
                                                                    "Actual Rows": 1,
                                                                    "Actual Loops": 3,
                                                                    "Filter": "info",
                                                                    "Rows Removed by Filter": 112,
                                                                    "Workers": []
                                                                }
                                                            ]
                                                        }
                                                    ]
                                                },
                                                {
                                                    "Node Type": "Index Scan",
                                                    "Scan Direction": "Forward",
                                                    "Index Name": "movie_id_movie_companies",
                                                    "Plan Rows": 5,
                                                    "Plan Width": 8,
                                                    "Actual Startup Time": 0.006,
                                                    "Actual Total Time": 0.008,
                                                    "Actual Rows": 9,
                                                    "Actual Loops": 341836,
                                                    "Index Cond": "movie_id",
                                                    "Rows Removed by Index Recheck": 0,
                                                    "Workers": []
                                                }
                                            ]
                                        },
                                        {
                                            "Node Type": "Index Scan",
                                            "Scan Direction": "Forward",
                                            "Index Name": "company_name_pkey",
                                            "Plan Rows": 1,
                                            "Plan Width": 4,
                                            "Actual Startup Time": 0.021,
                                            "Actual Total Time": 0.021,
                                            "Actual Rows": 0,
                                            "Actual Loops": 3229056,
                                            "Index Cond": "id",
                                            "Rows Removed by Index Recheck": 0,
                                            "Filter": "countryde",
                                            "Rows Removed by Filter": 1,
                                            "Workers": []
                                        }
                                    ]
                                },
                                {
                                    "Node Type": "Index Only Scan",
                                    "Scan Direction": "Forward",
                                    "Index Name": "person_id_aka_name",
                                    "Plan Rows": 2,
                                    "Plan Width": 4,
                                    "Actual Startup Time": 0.001,
                                    "Actual Total Time": 0.001,
                                    "Actual Rows": 2,
                                    "Actual Loops": 787043,
                                    "Index Cond": "person_id",
                                    "Rows Removed by Index Recheck": 0,
                                    "Heap Fetches": 0,
                                    "Workers": []
                                }
                            ]
                        }
                    ]
                }
            ]
        }
    ]
}