{
    "Node Type": "Aggregate",
    "Strategy": "Plain",
    "Partial Mode": "Simple",
    "Plan Rows": 1,
    "Plan Width": 68,
    "Actual Startup Time": 97.578,
    "Actual Total Time": 98.289,
    "Actual Rows": 1,
    "Actual Loops": 1,
    "Plans": [
        {
            "Node Type": "Gather",
            "Plan Rows": 2,
            "Plan Width": 45,
            "Actual Startup Time": 91.166,
            "Actual Total Time": 98.066,
            "Actual Rows": 142,
            "Actual Loops": 1,
            "Workers Planned": 2,
            "Workers Launched": 2,
            "Plans": [
                {
                    "Node Type": "Nested Loop",
                    "Join Type": "Inner",
                    "Plan Rows": 1,
                    "Plan Width": 45,
                    "Actual Startup Time": 77.21,
                    "Actual Total Time": 80.523,
                    "Actual Rows": 47,
                    "Actual Loops": 3,
                    "Inner Unique": true,
                    "Join Filter": "movie_id",
                    "Rows Removed by Join Filter": 0,
                    "Workers": [],
                    "Plans": [
                        {
                            "Node Type": "Nested Loop",
                            "Join Type": "Inner",
                            "Plan Rows": 1,
                            "Plan Width": 32,
                            "Actual Startup Time": 77.179,
                            "Actual Total Time": 79.58,
                            "Actual Rows": 47,
                            "Actual Loops": 3,
                            "Inner Unique": true,
                            "Workers": [],
                            "Plans": [
                                {
                                    "Node Type": "Nested Loop",
                                    "Join Type": "Inner",
                                    "Plan Rows": 122,
                                    "Plan Width": 36,
                                    "Actual Startup Time": 77.06,
                                    "Actual Total Time": 79.447,
                                    "Actual Rows": 49,
                                    "Actual Loops": 3,
                                    "Inner Unique": false,
                                    "Workers": [],
                                    "Plans": [
                                        {
                                            "Node Type": "Hash Join",
                                            "Join Type": "Inner",
                                            "Plan Rows": 5089,
                                            "Plan Width": 4,
                                            "Actual Startup Time": 76.97,
                                            "Actual Total Time": 76.986,
                                            "Actual Rows": 83,
                                            "Actual Loops": 3,
                                            "Inner Unique": true,
                                            "Hash Cond": "info_type_id",
                                            "Workers": [],
                                            "Plans": [
                                                {
                                                    "Node Type": "Seq Scan",
                                                    "Plan Rows": 575015,
                                                    "Plan Width": 8,
                                                    "Actual Startup Time": 0.011,
                                                    "Actual Total Time": 45.811,
                                                    "Actual Rows": 460012,
                                                    "Actual Loops": 3,
                                                    "Workers": []
                                                },
                                                {
                                                    "Node Type": "Hash",
                                                    "Plan Rows": 1,
                                                    "Plan Width": 4,
                                                    "Actual Startup Time": 0.032,
                                                    "Actual Total Time": 0.032,
                                                    "Actual Rows": 1,
                                                    "Actual Loops": 3,
                                                    "Hash Buckets": 1024,
                                                    "Original Hash Buckets": 1024,
                                                    "Hash Batches": 1,
                                                    "Original Hash Batches": 1,
                                                    "Peak Memory Usage": 9,
                                                    "Workers": [],
                                                    "Plans": [
                                                        {
                                                            "Node Type": "Seq Scan",
                                                            "Plan Rows": 1,
                                                            "Plan Width": 4,
                                                            "Actual Startup Time": 0.022,
                                                            "Actual Total Time": 0.022,
                                                            "Actual Rows": 1,
                                                            "Actual Loops": 3,
                                                            "Filter": "info",
                                                            "Rows Removed by Filter": 112,
                                                            "Workers": []
                                                        }
                                                    ]
                                                }
                                            ]
                                        },
                                        {
                                            "Node Type": "Index Scan",
                                            "Scan Direction": "Forward",
                                            "Index Name": "movie_id_movie_companies",
                                            "Plan Rows": 1,
                                            "Plan Width": 32,
                                            "Actual Startup Time": 0.029,
                                            "Actual Total Time": 0.029,
                                            "Actual Rows": 1,
                                            "Actual Loops": 250,
                                            "Index Cond": "movie_id",
                                            "Rows Removed by Index Recheck": 0,
                                            "Filter": "note",
                                            "Rows Removed by Filter": 33,
                                            "Workers": []
                                        }
                                    ]
                                },
                                {
                                    "Node Type": "Memoize",
                                    "Plan Rows": 1,
                                    "Plan Width": 4,
                                    "Actual Startup Time": 0.003,
                                    "Actual Total Time": 0.003,
                                    "Actual Rows": 1,
                                    "Actual Loops": 147,
                                    "Cache Key": "company_type_id",
                                    "Cache Mode": "logical",
                                    "Cache Hits": 50,
                                    "Cache Misses": 2,
                                    "Cache Evictions": 0,
                                    "Cache Overflows": 0,
                                    "Peak Memory Usage": 1,
                                    "Workers": [
                                        {
                                            "Worker Number": 1,
                                            "Cache Hits": 94,
                                            "Cache Misses": 1,
                                            "Cache Evictions": 0,
                                            "Cache Overflows": 0,
                                            "Peak Memory Usage": 1
                                        }
                                    ],
                                    "Plans": [
                                        {
                                            "Node Type": "Index Scan",
                                            "Scan Direction": "Forward",
                                            "Index Name": "company_type_pkey",
                                            "Plan Rows": 1,
                                            "Plan Width": 4,
                                            "Actual Startup Time": 0.117,
                                            "Actual Total Time": 0.117,
                                            "Actual Rows": 1,
                                            "Actual Loops": 3,
                                            "Index Cond": "id",
                                            "Rows Removed by Index Recheck": 0,
                                            "Filter": "kind",
                                            "Rows Removed by Filter": 0,
                                            "Workers": []
                                        }
                                    ]
                                }
                            ]
                        },
                        {
                            "Node Type": "Index Scan",
                            "Scan Direction": "Forward",
                            "Index Name": "title_pkey",
                            "Plan Rows": 1,
                            "Plan Width": 25,
                            "Actual Startup Time": 0.02,
                            "Actual Total Time": 0.02,
                            "Actual Rows": 1,
                            "Actual Loops": 142,
                            "Index Cond": "id",
                            "Rows Removed by Index Recheck": 0,
                            "Workers": []
                        }
                    ]
                }
            ]
        }
    ]
}