{
    "Node Type": "Aggregate",
    "Strategy": "Plain",
    "Partial Mode": "Simple",
    "Plan Rows": 1,
    "Plan Width": 68,
    "Actual Startup Time": 40.488,
    "Actual Total Time": 40.505,
    "Actual Rows": 1,
    "Actual Loops": 1,
    "Plans": [
        {
            "Node Type": "Nested Loop",
            "Join Type": "Inner",
            "Plan Rows": 1,
            "Plan Width": 45,
            "Actual Startup Time": 39.396,
            "Actual Total Time": 40.5,
            "Actual Rows": 3,
            "Actual Loops": 1,
            "Inner Unique": true,
            "Join Filter": "movie_id",
            "Rows Removed by Join Filter": 0,
            "Plans": [
                {
                    "Node Type": "Gather",
                    "Plan Rows": 1,
                    "Plan Width": 32,
                    "Actual Startup Time": 38.75,
                    "Actual Total Time": 40.451,
                    "Actual Rows": 23,
                    "Actual Loops": 1,
                    "Workers Planned": 2,
                    "Workers Launched": 2,
                    "Plans": [
                        {
                            "Node Type": "Nested Loop",
                            "Join Type": "Inner",
                            "Plan Rows": 1,
                            "Plan Width": 32,
                            "Actual Startup Time": 37.563,
                            "Actual Total Time": 38.223,
                            "Actual Rows": 8,
                            "Actual Loops": 3,
                            "Inner Unique": true,
                            "Workers": [],
                            "Plans": [
                                {
                                    "Node Type": "Nested Loop",
                                    "Join Type": "Inner",
                                    "Plan Rows": 85,
                                    "Plan Width": 36,
                                    "Actual Startup Time": 37.558,
                                    "Actual Total Time": 38.217,
                                    "Actual Rows": 8,
                                    "Actual Loops": 3,
                                    "Inner Unique": false,
                                    "Workers": [],
                                    "Plans": [
                                        {
                                            "Node Type": "Hash Join",
                                            "Join Type": "Inner",
                                            "Plan Rows": 5089,
                                            "Plan Width": 4,
                                            "Actual Startup Time": 37.276,
                                            "Actual Total Time": 37.289,
                                            "Actual Rows": 83,
                                            "Actual Loops": 3,
                                            "Inner Unique": true,
                                            "Hash Cond": "info_type_id",
                                            "Workers": [],
                                            "Plans": [
                                                {
                                                    "Node Type": "Seq Scan",
                                                    "Plan Rows": 575015,
                                                    "Plan Width": 8,
                                                    "Actual Startup Time": 0.014,
                                                    "Actual Total Time": 16.294,
                                                    "Actual Rows": 460012,
                                                    "Actual Loops": 3,
                                                    "Workers": []
                                                },
                                                {
                                                    "Node Type": "Hash",
                                                    "Plan Rows": 1,
                                                    "Plan Width": 4,
                                                    "Actual Startup Time": 0.018,
                                                    "Actual Total Time": 0.018,
                                                    "Actual Rows": 1,
                                                    "Actual Loops": 3,
                                                    "Hash Buckets": 1024,
                                                    "Original Hash Buckets": 1024,
                                                    "Hash Batches": 1,
                                                    "Original Hash Batches": 1,
                                                    "Peak Memory Usage": 9,
                                                    "Workers": [],
                                                    "Plans": [
                                                        {
                                                            "Node Type": "Seq Scan",
                                                            "Plan Rows": 1,
                                                            "Plan Width": 4,
                                                            "Actual Startup Time": 0.016,
                                                            "Actual Total Time": 0.016,
                                                            "Actual Rows": 1,
                                                            "Actual Loops": 3,
                                                            "Filter": "info",
                                                            "Rows Removed by Filter": 112,
                                                            "Workers": []
                                                        }
                                                    ]
                                                }
                                            ]
                                        },
                                        {
                                            "Node Type": "Index Scan",
                                            "Scan Direction": "Forward",
                                            "Index Name": "movie_id_movie_companies",
                                            "Plan Rows": 1,
                                            "Plan Width": 32,
                                            "Actual Startup Time": 0.011,
                                            "Actual Total Time": 0.011,
                                            "Actual Rows": 0,
                                            "Actual Loops": 250,
                                            "Index Cond": "movie_id",
                                            "Rows Removed by Index Recheck": 0,
                                            "Filter": "note",
                                            "Rows Removed by Filter": 33,
                                            "Workers": []
                                        }
                                    ]
                                },
                                {
                                    "Node Type": "Memoize",
                                    "Plan Rows": 1,
                                    "Plan Width": 4,
                                    "Actual Startup Time": 0.001,
                                    "Actual Total Time": 0.001,
                                    "Actual Rows": 1,
                                    "Actual Loops": 23,
                                    "Cache Key": "company_type_id",
                                    "Cache Mode": "logical",
                                    "Cache Hits": 21,
                                    "Cache Misses": 1,
                                    "Cache Evictions": 0,
                                    "Cache Overflows": 0,
                                    "Peak Memory Usage": 1,
                                    "Workers": [
                                        {
                                            "Worker Number": 0,
                                            "Cache Hits": 0,
                                            "Cache Misses": 1,
                                            "Cache Evictions": 0,
                                            "Cache Overflows": 0,
                                            "Peak Memory Usage": 1
                                        }
                                    ],
                                    "Plans": [
                                        {
                                            "Node Type": "Index Scan",
                                            "Scan Direction": "Forward",
                                            "Index Name": "company_type_pkey",
                                            "Plan Rows": 1,
                                            "Plan Width": 4,
                                            "Actual Startup Time": 0.005,
                                            "Actual Total Time": 0.005,
                                            "Actual Rows": 1,
                                            "Actual Loops": 2,
                                            "Index Cond": "id",
                                            "Rows Removed by Index Recheck": 0,
                                            "Filter": "kind",
                                            "Rows Removed by Filter": 0,
                                            "Workers": []
                                        }
                                    ]
                                }
                            ]
                        }
                    ]
                },
                {
                    "Node Type": "Index Scan",
                    "Scan Direction": "Forward",
                    "Index Name": "title_pkey",
                    "Plan Rows": 1,
                    "Plan Width": 25,
                    "Actual Startup Time": 0.002,
                    "Actual Total Time": 0.002,
                    "Actual Rows": 0,
                    "Actual Loops": 23,
                    "Index Cond": "id",
                    "Rows Removed by Index Recheck": 0,
                    "Filter": "productinyea",
                    "Rows Removed by Filter": 1
                }
            ]
        }
    ]
}