{
    "Node Type": "Aggregate",
    "Strategy": "Plain",
    "Partial Mode": "Simple",
    "Plan Rows": 1,
    "Plan Width": 32,
    "Actual Startup Time": 90993.231,
    "Actual Total Time": 90993.233,
    "Actual Rows": 1,
    "Actual Loops": 1,
    "Plans": [
        {
            "Node Type": "Nested Loop",
            "Join Type": "Inner",
            "Plan Rows": 1,
            "Plan Width": 17,
            "Actual Startup Time": 24381.45,
            "Actual Total Time": 90993.188,
            "Actual Rows": 33,
            "Actual Loops": 1,
            "Inner Unique": true,
            "Plans": [
                {
                    "Node Type": "Nested Loop",
                    "Join Type": "Inner",
                    "Plan Rows": 1,
                    "Plan Width": 21,
                    "Actual Startup Time": 24380.919,
                    "Actual Total Time": 90990.898,
                    "Actual Rows": 33,
                    "Actual Loops": 1,
                    "Inner Unique": true,
                    "Plans": [
                        {
                            "Node Type": "Nested Loop",
                            "Join Type": "Inner",
                            "Plan Rows": 1,
                            "Plan Width": 25,
                            "Actual Startup Time": 24363.467,
                            "Actual Total Time": 90928.74,
                            "Actual Rows": 1314,
                            "Actual Loops": 1,
                            "Inner Unique": true,
                            "Plans": [
                                {
                                    "Node Type": "Nested Loop",
                                    "Join Type": "Inner",
                                    "Plan Rows": 1,
                                    "Plan Width": 29,
                                    "Actual Startup Time": 1.44,
                                    "Actual Total Time": 36623.694,
                                    "Actual Rows": 87986607,
                                    "Actual Loops": 1,
                                    "Inner Unique": false,
                                    "Join Filter": "id",
                                    "Rows Removed by Join Filter": 0,
                                    "Plans": [
                                        {
                                            "Node Type": "Nested Loop",
                                            "Join Type": "Inner",
                                            "Plan Rows": 1,
                                            "Plan Width": 33,
                                            "Actual Startup Time": 1.12,
                                            "Actual Total Time": 2409.668,
                                            "Actual Rows": 978322,
                                            "Actual Loops": 1,
                                            "Inner Unique": false,
                                            "Plans": [
                                                {
                                                    "Node Type": "Nested Loop",
                                                    "Join Type": "Inner",
                                                    "Plan Rows": 1,
                                                    "Plan Width": 25,
                                                    "Actual Startup Time": 0.629,
                                                    "Actual Total Time": 1437.159,
                                                    "Actual Rows": 28583,
                                                    "Actual Loops": 1,
                                                    "Inner Unique": true,
                                                    "Plans": [
                                                        {
                                                            "Node Type": "Nested Loop",
                                                            "Join Type": "Inner",
                                                            "Plan Rows": 1,
                                                            "Plan Width": 29,
                                                            "Actual Startup Time": 0.338,
                                                            "Actual Total Time": 1397.157,
                                                            "Actual Rows": 73560,
                                                            "Actual Loops": 1,
                                                            "Inner Unique": true,
                                                            "Plans": [
                                                                {
                                                                    "Node Type": "Nested Loop",
                                                                    "Join Type": "Inner",
                                                                    "Plan Rows": 1,
                                                                    "Plan Width": 4,
                                                                    "Actual Startup Time": 0.331,
                                                                    "Actual Total Time": 80.102,
                                                                    "Actual Rows": 85941,
                                                                    "Actual Loops": 1,
                                                                    "Inner Unique": true,
                                                                    "Plans": [
                                                                        {
                                                                            "Node Type": "Hash Join",
                                                                            "Join Type": "Inner",
                                                                            "Plan Rows": 190,
                                                                            "Plan Width": 8,
                                                                            "Actual Startup Time": 0.318,
                                                                            "Actual Total Time": 58.498,
                                                                            "Actual Rows": 135086,
                                                                            "Actual Loops": 1,
                                                                            "Inner Unique": true,
                                                                            "Hash Cond": "status_id",
                                                                            "Plans": [
                                                                                {
                                                                                    "Node Type": "Seq Scan",
                                                                                    "Plan Rows": 135086,
                                                                                    "Plan Width": 12,
                                                                                    "Actual Startup Time": 0.165,
                                                                                    "Actual Total Time": 40.814,
                                                                                    "Actual Rows": 135086,
                                                                                    "Actual Loops": 1
                                                                                },
                                                                                {
                                                                                    "Node Type": "Hash",
                                                                                    "Plan Rows": 1,
                                                                                    "Plan Width": 4,
                                                                                    "Actual Startup Time": 0.151,
                                                                                    "Actual Total Time": 0.152,
                                                                                    "Actual Rows": 2,
                                                                                    "Actual Loops": 1,
                                                                                    "Hash Buckets": 1024,
                                                                                    "Original Hash Buckets": 1024,
                                                                                    "Hash Batches": 1,
                                                                                    "Original Hash Batches": 1,
                                                                                    "Peak Memory Usage": 9,
                                                                                    "Plans": [
                                                                                        {
                                                                                            "Node Type": "Seq Scan",
                                                                                            "Plan Rows": 1,
                                                                                            "Plan Width": 4,
                                                                                            "Actual Startup Time": 0.15,
                                                                                            "Actual Total Time": 0.15,
                                                                                            "Actual Rows": 2,
                                                                                            "Actual Loops": 1,
                                                                                            "Filter": "kind",
                                                                                            "Rows Removed by Filter": 2
                                                                                        }
                                                                                    ]
                                                                                }
                                                                            ]
                                                                        },
                                                                        {
                                                                            "Node Type": "Memoize",
                                                                            "Plan Rows": 1,
                                                                            "Plan Width": 4,
                                                                            "Actual Startup Time": 0.0,
                                                                            "Actual Total Time": 0.0,
                                                                            "Actual Rows": 1,
                                                                            "Actual Loops": 135086,
                                                                            "Cache Key": "subject_id",
                                                                            "Cache Mode": "logical",
                                                                            "Cache Hits": 135084,
                                                                            "Cache Misses": 2,
                                                                            "Cache Evictions": 0,
                                                                            "Cache Overflows": 0,
                                                                            "Peak Memory Usage": 1,
                                                                            "Plans": [
                                                                                {
                                                                                    "Node Type": "Index Scan",
                                                                                    "Scan Direction": "Forward",
                                                                                    "Index Name": "comp_cast_type_pkey",
                                                                                    "Plan Rows": 1,
                                                                                    "Plan Width": 4,
                                                                                    "Actual Startup Time": 0.108,
                                                                                    "Actual Total Time": 0.108,
                                                                                    "Actual Rows": 0,
                                                                                    "Actual Loops": 2,
                                                                                    "Index Cond": "id",
                                                                                    "Rows Removed by Index Recheck": 0,
                                                                                    "Filter": "kind",
                                                                                    "Rows Removed by Filter": 0
                                                                                }
                                                                            ]
                                                                        }
                                                                    ]
                                                                },
                                                                {
                                                                    "Node Type": "Index Scan",
                                                                    "Scan Direction": "Forward",
                                                                    "Index Name": "title_pkey",
                                                                    "Plan Rows": 1,
                                                                    "Plan Width": 25,
                                                                    "Actual Startup Time": 0.015,
                                                                    "Actual Total Time": 0.015,
                                                                    "Actual Rows": 1,
                                                                    "Actual Loops": 85941,
                                                                    "Index Cond": "id",
                                                                    "Rows Removed by Index Recheck": 0,
                                                                    "Filter": "productinyea",
                                                                    "Rows Removed by Filter": 0
                                                                }
                                                            ]
                                                        },
                                                        {
                                                            "Node Type": "Index Scan",
                                                            "Scan Direction": "Forward",
                                                            "Index Name": "kind_type_pkey",
                                                            "Plan Rows": 1,
                                                            "Plan Width": 4,
                                                            "Actual Startup Time": 0.0,
                                                            "Actual Total Time": 0.0,
                                                            "Actual Rows": 0,
                                                            "Actual Loops": 73560,
                                                            "Index Cond": "id",
                                                            "Rows Removed by Index Recheck": 0,
                                                            "Filter": "kind",
                                                            "Rows Removed by Filter": 1
                                                        }
                                                    ]
                                                },
                                                {
                                                    "Node Type": "Index Scan",
                                                    "Scan Direction": "Forward",
                                                    "Index Name": "movie_id_movie_keyword",
                                                    "Plan Rows": 47,
                                                    "Plan Width": 8,
                                                    "Actual Startup Time": 0.023,
                                                    "Actual Total Time": 0.032,
                                                    "Actual Rows": 34,
                                                    "Actual Loops": 28583,
                                                    "Index Cond": "movie_id",
                                                    "Rows Removed by Index Recheck": 0
                                                }
                                            ]
                                        },
                                        {
                                            "Node Type": "Index Scan",
                                            "Scan Direction": "Forward",
                                            "Index Name": "movie_id_cast_info",
                                            "Plan Rows": 38,
                                            "Plan Width": 12,
                                            "Actual Startup Time": 0.002,
                                            "Actual Total Time": 0.029,
                                            "Actual Rows": 90,
                                            "Actual Loops": 978322,
                                            "Index Cond": "movie_id",
                                            "Rows Removed by Index Recheck": 0
                                        }
                                    ]
                                },
                                {
                                    "Node Type": "Index Scan",
                                    "Scan Direction": "Forward",
                                    "Index Name": "char_name_pkey",
                                    "Plan Rows": 1,
                                    "Plan Width": 4,
                                    "Actual Startup Time": 0.001,
                                    "Actual Total Time": 0.001,
                                    "Actual Rows": 0,
                                    "Actual Loops": 87986607,
                                    "Index Cond": "id",
                                    "Rows Removed by Index Recheck": 0,
                                    "Filter": "name",
                                    "Rows Removed by Filter": 0
                                }
                            ]
                        },
                        {
                            "Node Type": "Index Scan",
                            "Scan Direction": "Forward",
                            "Index Name": "keyword_pkey",
                            "Plan Rows": 1,
                            "Plan Width": 4,
                            "Actual Startup Time": 0.047,
                            "Actual Total Time": 0.047,
                            "Actual Rows": 0,
                            "Actual Loops": 1314,
                            "Index Cond": "id",
                            "Rows Removed by Index Recheck": 0,
                            "Filter": "keyword",
                            "Rows Removed by Filter": 1
                        }
                    ]
                },
                {
                    "Node Type": "Index Only Scan",
                    "Scan Direction": "Forward",
                    "Index Name": "name_pkey",
                    "Plan Rows": 1,
                    "Plan Width": 4,
                    "Actual Startup Time": 0.069,
                    "Actual Total Time": 0.069,
                    "Actual Rows": 1,
                    "Actual Loops": 33,
                    "Index Cond": "id",
                    "Rows Removed by Index Recheck": 0,
                    "Heap Fetches": 0
                }
            ]
        }
    ]
}