{
    "Node Type": "Aggregate",
    "Strategy": "Plain",
    "Partial Mode": "Simple",
    "Plan Rows": 1,
    "Plan Width": 32,
    "Actual Startup Time": 31313.005,
    "Actual Total Time": 31313.007,
    "Actual Rows": 1,
    "Actual Loops": 1,
    "Plans": [
        {
            "Node Type": "Nested Loop",
            "Join Type": "Inner",
            "Plan Rows": 1,
            "Plan Width": 17,
            "Actual Startup Time": 11814.779,
            "Actual Total Time": 31312.972,
            "Actual Rows": 17,
            "Actual Loops": 1,
            "Inner Unique": true,
            "Plans": [
                {
                    "Node Type": "Nested Loop",
                    "Join Type": "Inner",
                    "Plan Rows": 1,
                    "Plan Width": 21,
                    "Actual Startup Time": 6731.995,
                    "Actual Total Time": 31310.368,
                    "Actual Rows": 33,
                    "Actual Loops": 1,
                    "Inner Unique": true,
                    "Plans": [
                        {
                            "Node Type": "Nested Loop",
                            "Join Type": "Inner",
                            "Plan Rows": 1,
                            "Plan Width": 25,
                            "Actual Startup Time": 6719.919,
                            "Actual Total Time": 31272.631,
                            "Actual Rows": 1280,
                            "Actual Loops": 1,
                            "Inner Unique": true,
                            "Plans": [
                                {
                                    "Node Type": "Nested Loop",
                                    "Join Type": "Inner",
                                    "Plan Rows": 1,
                                    "Plan Width": 29,
                                    "Actual Startup Time": 0.43,
                                    "Actual Total Time": 12744.873,
                                    "Actual Rows": 41145539,
                                    "Actual Loops": 1,
                                    "Inner Unique": false,
                                    "Join Filter": "id",
                                    "Rows Removed by Join Filter": 0,
                                    "Plans": [
                                        {
                                            "Node Type": "Nested Loop",
                                            "Join Type": "Inner",
                                            "Plan Rows": 1,
                                            "Plan Width": 33,
                                            "Actual Startup Time": 0.42,
                                            "Actual Total Time": 1107.024,
                                            "Actual Rows": 294672,
                                            "Actual Loops": 1,
                                            "Inner Unique": false,
                                            "Plans": [
                                                {
                                                    "Node Type": "Nested Loop",
                                                    "Join Type": "Inner",
                                                    "Plan Rows": 1,
                                                    "Plan Width": 25,
                                                    "Actual Startup Time": 0.239,
                                                    "Actual Total Time": 619.289,
                                                    "Actual Rows": 4696,
                                                    "Actual Loops": 1,
                                                    "Inner Unique": true,
                                                    "Plans": [
                                                        {
                                                            "Node Type": "Nested Loop",
                                                            "Join Type": "Inner",
                                                            "Plan Rows": 1,
                                                            "Plan Width": 29,
                                                            "Actual Startup Time": 0.238,
                                                            "Actual Total Time": 607.898,
                                                            "Actual Rows": 23557,
                                                            "Actual Loops": 1,
                                                            "Inner Unique": true,
                                                            "Plans": [
                                                                {
                                                                    "Node Type": "Nested Loop",
                                                                    "Join Type": "Inner",
                                                                    "Plan Rows": 1,
                                                                    "Plan Width": 4,
                                                                    "Actual Startup Time": 0.211,
                                                                    "Actual Total Time": 51.593,
                                                                    "Actual Rows": 85941,
                                                                    "Actual Loops": 1,
                                                                    "Inner Unique": true,
                                                                    "Plans": [
                                                                        {
                                                                            "Node Type": "Hash Join",
                                                                            "Join Type": "Inner",
                                                                            "Plan Rows": 190,
                                                                            "Plan Width": 8,
                                                                            "Actual Startup Time": 0.208,
                                                                            "Actual Total Time": 32.283,
                                                                            "Actual Rows": 135086,
                                                                            "Actual Loops": 1,
                                                                            "Inner Unique": true,
                                                                            "Hash Cond": "status_id",
                                                                            "Plans": [
                                                                                {
                                                                                    "Node Type": "Seq Scan",
                                                                                    "Plan Rows": 135086,
                                                                                    "Plan Width": 12,
                                                                                    "Actual Startup Time": 0.202,
                                                                                    "Actual Total Time": 18.448,
                                                                                    "Actual Rows": 135086,
                                                                                    "Actual Loops": 1
                                                                                },
                                                                                {
                                                                                    "Node Type": "Hash",
                                                                                    "Plan Rows": 1,
                                                                                    "Plan Width": 4,
                                                                                    "Actual Startup Time": 0.004,
                                                                                    "Actual Total Time": 0.004,
                                                                                    "Actual Rows": 2,
                                                                                    "Actual Loops": 1,
                                                                                    "Hash Buckets": 1024,
                                                                                    "Original Hash Buckets": 1024,
                                                                                    "Hash Batches": 1,
                                                                                    "Original Hash Batches": 1,
                                                                                    "Peak Memory Usage": 9,
                                                                                    "Plans": [
                                                                                        {
                                                                                            "Node Type": "Seq Scan",
                                                                                            "Plan Rows": 1,
                                                                                            "Plan Width": 4,
                                                                                            "Actual Startup Time": 0.002,
                                                                                            "Actual Total Time": 0.003,
                                                                                            "Actual Rows": 2,
                                                                                            "Actual Loops": 1,
                                                                                            "Filter": "kind",
                                                                                            "Rows Removed by Filter": 2
                                                                                        }
                                                                                    ]
                                                                                }
                                                                            ]
                                                                        },
                                                                        {
                                                                            "Node Type": "Memoize",
                                                                            "Plan Rows": 1,
                                                                            "Plan Width": 4,
                                                                            "Actual Startup Time": 0.0,
                                                                            "Actual Total Time": 0.0,
                                                                            "Actual Rows": 1,
                                                                            "Actual Loops": 135086,
                                                                            "Cache Key": "subject_id",
                                                                            "Cache Mode": "logical",
                                                                            "Cache Hits": 135084,
                                                                            "Cache Misses": 2,
                                                                            "Cache Evictions": 0,
                                                                            "Cache Overflows": 0,
                                                                            "Peak Memory Usage": 1,
                                                                            "Plans": [
                                                                                {
                                                                                    "Node Type": "Index Scan",
                                                                                    "Scan Direction": "Forward",
                                                                                    "Index Name": "comp_cast_type_pkey",
                                                                                    "Plan Rows": 1,
                                                                                    "Plan Width": 4,
                                                                                    "Actual Startup Time": 0.086,
                                                                                    "Actual Total Time": 0.086,
                                                                                    "Actual Rows": 0,
                                                                                    "Actual Loops": 2,
                                                                                    "Index Cond": "id",
                                                                                    "Rows Removed by Index Recheck": 0,
                                                                                    "Filter": "kind",
                                                                                    "Rows Removed by Filter": 0
                                                                                }
                                                                            ]
                                                                        }
                                                                    ]
                                                                },
                                                                {
                                                                    "Node Type": "Index Scan",
                                                                    "Scan Direction": "Forward",
                                                                    "Index Name": "title_pkey",
                                                                    "Plan Rows": 1,
                                                                    "Plan Width": 25,
                                                                    "Actual Startup Time": 0.006,
                                                                    "Actual Total Time": 0.006,
                                                                    "Actual Rows": 0,
                                                                    "Actual Loops": 85941,
                                                                    "Index Cond": "id",
                                                                    "Rows Removed by Index Recheck": 0,
                                                                    "Filter": "productinyea",
                                                                    "Rows Removed by Filter": 1
                                                                }
                                                            ]
                                                        },
                                                        {
                                                            "Node Type": "Index Scan",
                                                            "Scan Direction": "Forward",
                                                            "Index Name": "kind_type_pkey",
                                                            "Plan Rows": 1,
                                                            "Plan Width": 4,
                                                            "Actual Startup Time": 0.0,
                                                            "Actual Total Time": 0.0,
                                                            "Actual Rows": 0,
                                                            "Actual Loops": 23557,
                                                            "Index Cond": "id",
                                                            "Rows Removed by Index Recheck": 0,
                                                            "Filter": "kind",
                                                            "Rows Removed by Filter": 1
                                                        }
                                                    ]
                                                },
                                                {
                                                    "Node Type": "Index Scan",
                                                    "Scan Direction": "Forward",
                                                    "Index Name": "movie_id_movie_keyword",
                                                    "Plan Rows": 47,
                                                    "Plan Width": 8,
                                                    "Actual Startup Time": 0.082,
                                                    "Actual Total Time": 0.1,
                                                    "Actual Rows": 63,
                                                    "Actual Loops": 4696,
                                                    "Index Cond": "movie_id",
                                                    "Rows Removed by Index Recheck": 0
                                                }
                                            ]
                                        },
                                        {
                                            "Node Type": "Index Scan",
                                            "Scan Direction": "Forward",
                                            "Index Name": "movie_id_cast_info",
                                            "Plan Rows": 38,
                                            "Plan Width": 12,
                                            "Actual Startup Time": 0.002,
                                            "Actual Total Time": 0.03,
                                            "Actual Rows": 140,
                                            "Actual Loops": 294672,
                                            "Index Cond": "movie_id",
                                            "Rows Removed by Index Recheck": 0
                                        }
                                    ]
                                },
                                {
                                    "Node Type": "Index Scan",
                                    "Scan Direction": "Forward",
                                    "Index Name": "char_name_pkey",
                                    "Plan Rows": 1,
                                    "Plan Width": 4,
                                    "Actual Startup Time": 0.0,
                                    "Actual Total Time": 0.0,
                                    "Actual Rows": 0,
                                    "Actual Loops": 41145539,
                                    "Index Cond": "id",
                                    "Rows Removed by Index Recheck": 0,
                                    "Filter": "name",
                                    "Rows Removed by Filter": 0
                                }
                            ]
                        },
                        {
                            "Node Type": "Index Scan",
                            "Scan Direction": "Forward",
                            "Index Name": "keyword_pkey",
                            "Plan Rows": 1,
                            "Plan Width": 4,
                            "Actual Startup Time": 0.029,
                            "Actual Total Time": 0.029,
                            "Actual Rows": 0,
                            "Actual Loops": 1280,
                            "Index Cond": "id",
                            "Rows Removed by Index Recheck": 0,
                            "Filter": "keyword",
                            "Rows Removed by Filter": 1
                        }
                    ]
                },
                {
                    "Node Type": "Index Scan",
                    "Scan Direction": "Forward",
                    "Index Name": "name_pkey",
                    "Plan Rows": 1,
                    "Plan Width": 4,
                    "Actual Startup Time": 0.079,
                    "Actual Total Time": 0.079,
                    "Actual Rows": 1,
                    "Actual Loops": 33,
                    "Index Cond": "id",
                    "Rows Removed by Index Recheck": 0,
                    "Filter": "name",
                    "Rows Removed by Filter": 0
                }
            ]
        }
    ]
}