{
    "Node Type": "Aggregate",
    "Strategy": "Plain",
    "Partial Mode": "Simple",
    "Plan Rows": 1,
    "Plan Width": 96,
    "Actual Startup Time": 2354.311,
    "Actual Total Time": 2354.314,
    "Actual Rows": 1,
    "Actual Loops": 1,
    "Plans": [
        {
            "Node Type": "Nested Loop",
            "Join Type": "Inner",
            "Plan Rows": 1,
            "Plan Width": 41,
            "Actual Startup Time": 70.88,
            "Actual Total Time": 2351.115,
            "Actual Rows": 2851,
            "Actual Loops": 1,
            "Inner Unique": true,
            "Join Filter": "info_type_id",
            "Rows Removed by Join Filter": 7729,
            "Plans": [
                {
                    "Node Type": "Nested Loop",
                    "Join Type": "Inner",
                    "Plan Rows": 1,
                    "Plan Width": 45,
                    "Actual Startup Time": 36.287,
                    "Actual Total Time": 2300.548,
                    "Actual Rows": 10580,
                    "Actual Loops": 1,
                    "Inner Unique": false,
                    "Join Filter": "id",
                    "Rows Removed by Join Filter": 0,
                    "Plans": [
                        {
                            "Node Type": "Nested Loop",
                            "Join Type": "Inner",
                            "Plan Rows": 1,
                            "Plan Width": 52,
                            "Actual Startup Time": 35.8,
                            "Actual Total Time": 2230.869,
                            "Actual Rows": 3994,
                            "Actual Loops": 1,
                            "Inner Unique": true,
                            "Join Filter": "info_type_id",
                            "Rows Removed by Join Filter": 380,
                            "Plans": [
                                {
                                    "Node Type": "Nested Loop",
                                    "Join Type": "Inner",
                                    "Plan Rows": 1,
                                    "Plan Width": 56,
                                    "Actual Startup Time": 35.795,
                                    "Actual Total Time": 2221.959,
                                    "Actual Rows": 4374,
                                    "Actual Loops": 1,
                                    "Inner Unique": false,
                                    "Join Filter": "id",
                                    "Rows Removed by Join Filter": 0,
                                    "Plans": [
                                        {
                                            "Node Type": "Nested Loop",
                                            "Join Type": "Inner",
                                            "Plan Rows": 1,
                                            "Plan Width": 48,
                                            "Actual Startup Time": 14.744,
                                            "Actual Total Time": 1455.423,
                                            "Actual Rows": 4302,
                                            "Actual Loops": 1,
                                            "Inner Unique": true,
                                            "Join Filter": "company_type_id",
                                            "Rows Removed by Join Filter": 0,
                                            "Plans": [
                                                {
                                                    "Node Type": "Nested Loop",
                                                    "Join Type": "Inner",
                                                    "Plan Rows": 1,
                                                    "Plan Width": 52,
                                                    "Actual Startup Time": 14.741,
                                                    "Actual Total Time": 1452.082,
                                                    "Actual Rows": 4302,
                                                    "Actual Loops": 1,
                                                    "Inner Unique": true,
                                                    "Plans": [
                                                        {
                                                            "Node Type": "Nested Loop",
                                                            "Join Type": "Inner",
                                                            "Plan Rows": 1,
                                                            "Plan Width": 37,
                                                            "Actual Startup Time": 14.732,
                                                            "Actual Total Time": 1423.699,
                                                            "Actual Rows": 4808,
                                                            "Actual Loops": 1,
                                                            "Inner Unique": false,
                                                            "Join Filter": "id",
                                                            "Rows Removed by Join Filter": 0,
                                                            "Plans": [
                                                                {
                                                                    "Node Type": "Nested Loop",
                                                                    "Join Type": "Inner",
                                                                    "Plan Rows": 1,
                                                                    "Plan Width": 25,
                                                                    "Actual Startup Time": 3.16,
                                                                    "Actual Total Time": 978.445,
                                                                    "Actual Rows": 4832,
                                                                    "Actual Loops": 1,
                                                                    "Inner Unique": true,
                                                                    "Join Filter": "kind_id",
                                                                    "Rows Removed by Join Filter": 2286,
                                                                    "Plans": [
                                                                        {
                                                                            "Node Type": "Nested Loop",
                                                                            "Join Type": "Inner",
                                                                            "Plan Rows": 35,
                                                                            "Plan Width": 29,
                                                                            "Actual Startup Time": 3.152,
                                                                            "Actual Total Time": 977.397,
                                                                            "Actual Rows": 5606,
                                                                            "Actual Loops": 1,
                                                                            "Inner Unique": true,
                                                                            "Plans": [
                                                                                {
                                                                                    "Node Type": "Nested Loop",
                                                                                    "Join Type": "Inner",
                                                                                    "Plan Rows": 135,
                                                                                    "Plan Width": 4,
                                                                                    "Actual Startup Time": 2.641,
                                                                                    "Actual Total Time": 686.999,
                                                                                    "Actual Rows": 37091,
                                                                                    "Actual Loops": 1,
                                                                                    "Inner Unique": false,
                                                                                    "Plans": [
                                                                                        {
                                                                                            "Node Type": "Seq Scan",
                                                                                            "Plan Rows": 4,
                                                                                            "Plan Width": 4,
                                                                                            "Actual Startup Time": 0.532,
                                                                                            "Actual Total Time": 15.953,
                                                                                            "Actual Rows": 3,
                                                                                            "Actual Loops": 1,
                                                                                            "Filter": "keyword",
                                                                                            "Rows Removed by Filter": 134167
                                                                                        },
                                                                                        {
                                                                                            "Node Type": "Bitmap Heap Scan",
                                                                                            "Plan Rows": 301,
                                                                                            "Plan Width": 8,
                                                                                            "Actual Startup Time": 5.697,
                                                                                            "Actual Total Time": 222.965,
                                                                                            "Actual Rows": 12364,
                                                                                            "Actual Loops": 3,
                                                                                            "Recheck Cond": "keyword_id",
                                                                                            "Rows Removed by Index Recheck": 0,
                                                                                            "Exact Heap Blocks": 26312,
                                                                                            "Lossy Heap Blocks": 0,
                                                                                            "Plans": [
                                                                                                {
                                                                                                    "Node Type": "Bitmap Index Scan",
                                                                                                    "Index Name": "keyword_id_movie_keyword",
                                                                                                    "Plan Rows": 301,
                                                                                                    "Plan Width": 0,
                                                                                                    "Actual Startup Time": 4.845,
                                                                                                    "Actual Total Time": 4.845,
                                                                                                    "Actual Rows": 12364,
                                                                                                    "Actual Loops": 3,
                                                                                                    "Index Cond": "keyword_id"
                                                                                                }
                                                                                            ]
                                                                                        }
                                                                                    ]
                                                                                },
                                                                                {
                                                                                    "Node Type": "Index Scan",
                                                                                    "Scan Direction": "Forward",
                                                                                    "Index Name": "title_pkey",
                                                                                    "Plan Rows": 1,
                                                                                    "Plan Width": 25,
                                                                                    "Actual Startup Time": 0.008,
                                                                                    "Actual Total Time": 0.008,
                                                                                    "Actual Rows": 0,
                                                                                    "Actual Loops": 37091,
                                                                                    "Index Cond": "id",
                                                                                    "Rows Removed by Index Recheck": 0,
                                                                                    "Filter": "productinyea",
                                                                                    "Rows Removed by Filter": 1
                                                                                }
                                                                            ]
                                                                        },
                                                                        {
                                                                            "Node Type": "Materialize",
                                                                            "Plan Rows": 10,
                                                                            "Plan Width": 4,
                                                                            "Actual Startup Time": 0.0,
                                                                            "Actual Total Time": 0.0,
                                                                            "Actual Rows": 1,
                                                                            "Actual Loops": 5606,
                                                                            "Plans": [
                                                                                {
                                                                                    "Node Type": "Seq Scan",
                                                                                    "Plan Rows": 10,
                                                                                    "Plan Width": 4,
                                                                                    "Actual Startup Time": 0.005,
                                                                                    "Actual Total Time": 0.005,
                                                                                    "Actual Rows": 2,
                                                                                    "Actual Loops": 1,
                                                                                    "Filter": "kind",
                                                                                    "Rows Removed by Filter": 5
                                                                                }
                                                                            ]
                                                                        }
                                                                    ]
                                                                },
                                                                {
                                                                    "Node Type": "Index Scan",
                                                                    "Scan Direction": "Forward",
                                                                    "Index Name": "movie_id_movie_companies",
                                                                    "Plan Rows": 1,
                                                                    "Plan Width": 12,
                                                                    "Actual Startup Time": 0.085,
                                                                    "Actual Total Time": 0.092,
                                                                    "Actual Rows": 1,
                                                                    "Actual Loops": 4832,
                                                                    "Index Cond": "movie_id",
                                                                    "Rows Removed by Index Recheck": 0,
                                                                    "Filter": "note",
                                                                    "Rows Removed by Filter": 8
                                                                }
                                                            ]
                                                        },
                                                        {
                                                            "Node Type": "Index Scan",
                                                            "Scan Direction": "Forward",
                                                            "Index Name": "company_name_pkey",
                                                            "Plan Rows": 1,
                                                            "Plan Width": 23,
                                                            "Actual Startup Time": 0.006,
                                                            "Actual Total Time": 0.006,
                                                            "Actual Rows": 1,
                                                            "Actual Loops": 4808,
                                                            "Index Cond": "id",
                                                            "Rows Removed by Index Recheck": 0,
                                                            "Filter": "countryde",
                                                            "Rows Removed by Filter": 0
                                                        }
                                                    ]
                                                },
                                                {
                                                    "Node Type": "Seq Scan",
                                                    "Plan Rows": 710,
                                                    "Plan Width": 4,
                                                    "Actual Startup Time": 0.0,
                                                    "Actual Total Time": 0.0,
                                                    "Actual Rows": 1,
                                                    "Actual Loops": 4302
                                                }
                                            ]
                                        },
                                        {
                                            "Node Type": "Index Scan",
                                            "Scan Direction": "Forward",
                                            "Index Name": "movie_id_movie_info",
                                            "Plan Rows": 2,
                                            "Plan Width": 8,
                                            "Actual Startup Time": 0.16,
                                            "Actual Total Time": 0.178,
                                            "Actual Rows": 1,
                                            "Actual Loops": 4302,
                                            "Index Cond": "movie_id",
                                            "Rows Removed by Index Recheck": 0,
                                            "Filter": "info",
                                            "Rows Removed by Filter": 185
                                        }
                                    ]
                                },
                                {
                                    "Node Type": "Seq Scan",
                                    "Plan Rows": 1,
                                    "Plan Width": 4,
                                    "Actual Startup Time": 0.001,
                                    "Actual Total Time": 0.001,
                                    "Actual Rows": 1,
                                    "Actual Loops": 4374,
                                    "Filter": "info",
                                    "Rows Removed by Filter": 16
                                }
                            ]
                        },
                        {
                            "Node Type": "Index Scan",
                            "Scan Direction": "Forward",
                            "Index Name": "movie_id_movie_info_idx",
                            "Plan Rows": 3,
                            "Plan Width": 13,
                            "Actual Startup Time": 0.016,
                            "Actual Total Time": 0.017,
                            "Actual Rows": 3,
                            "Actual Loops": 3994,
                            "Index Cond": "movie_id",
                            "Rows Removed by Index Recheck": 0,
                            "Filter": "info",
                            "Rows Removed by Filter": 0
                        }
                    ]
                },
                {
                    "Node Type": "Seq Scan",
                    "Plan Rows": 1,
                    "Plan Width": 4,
                    "Actual Startup Time": 0.004,
                    "Actual Total Time": 0.004,
                    "Actual Rows": 1,
                    "Actual Loops": 10580,
                    "Filter": "info",
                    "Rows Removed by Filter": 109
                }
            ]
        }
    ]
}