{
    "Node Type": "Aggregate",
    "Strategy": "Plain",
    "Partial Mode": "Simple",
    "Plan Rows": 1,
    "Plan Width": 96,
    "Actual Startup Time": 3958.025,
    "Actual Total Time": 3958.027,
    "Actual Rows": 1,
    "Actual Loops": 1,
    "Plans": [
        {
            "Node Type": "Nested Loop",
            "Join Type": "Inner",
            "Plan Rows": 1,
            "Plan Width": 41,
            "Actual Startup Time": 6.44,
            "Actual Total Time": 3934.878,
            "Actual Rows": 21489,
            "Actual Loops": 1,
            "Inner Unique": true,
            "Join Filter": "info_type_id",
            "Rows Removed by Join Filter": 42593,
            "Plans": [
                {
                    "Node Type": "Nested Loop",
                    "Join Type": "Inner",
                    "Plan Rows": 1,
                    "Plan Width": 45,
                    "Actual Startup Time": 4.677,
                    "Actual Total Time": 3630.032,
                    "Actual Rows": 64082,
                    "Actual Loops": 1,
                    "Inner Unique": false,
                    "Join Filter": "id",
                    "Rows Removed by Join Filter": 0,
                    "Plans": [
                        {
                            "Node Type": "Nested Loop",
                            "Join Type": "Inner",
                            "Plan Rows": 1,
                            "Plan Width": 52,
                            "Actual Startup Time": 4.348,
                            "Actual Total Time": 3437.069,
                            "Actual Rows": 21827,
                            "Actual Loops": 1,
                            "Inner Unique": true,
                            "Join Filter": "info_type_id",
                            "Rows Removed by Join Filter": 3193,
                            "Plans": [
                                {
                                    "Node Type": "Nested Loop",
                                    "Join Type": "Inner",
                                    "Plan Rows": 1,
                                    "Plan Width": 56,
                                    "Actual Startup Time": 4.343,
                                    "Actual Total Time": 3384.14,
                                    "Actual Rows": 25020,
                                    "Actual Loops": 1,
                                    "Inner Unique": false,
                                    "Join Filter": "id",
                                    "Rows Removed by Join Filter": 0,
                                    "Plans": [
                                        {
                                            "Node Type": "Nested Loop",
                                            "Join Type": "Inner",
                                            "Plan Rows": 1,
                                            "Plan Width": 48,
                                            "Actual Startup Time": 2.194,
                                            "Actual Total Time": 605.782,
                                            "Actual Rows": 23902,
                                            "Actual Loops": 1,
                                            "Inner Unique": true,
                                            "Join Filter": "company_type_id",
                                            "Rows Removed by Join Filter": 0,
                                            "Plans": [
                                                {
                                                    "Node Type": "Nested Loop",
                                                    "Join Type": "Inner",
                                                    "Plan Rows": 1,
                                                    "Plan Width": 52,
                                                    "Actual Startup Time": 2.188,
                                                    "Actual Total Time": 589.373,
                                                    "Actual Rows": 23902,
                                                    "Actual Loops": 1,
                                                    "Inner Unique": true,
                                                    "Plans": [
                                                        {
                                                            "Node Type": "Nested Loop",
                                                            "Join Type": "Inner",
                                                            "Plan Rows": 1,
                                                            "Plan Width": 37,
                                                            "Actual Startup Time": 2.177,
                                                            "Actual Total Time": 535.036,
                                                            "Actual Rows": 25853,
                                                            "Actual Loops": 1,
                                                            "Inner Unique": false,
                                                            "Join Filter": "id",
                                                            "Rows Removed by Join Filter": 0,
                                                            "Plans": [
                                                                {
                                                                    "Node Type": "Nested Loop",
                                                                    "Join Type": "Inner",
                                                                    "Plan Rows": 1,
                                                                    "Plan Width": 25,
                                                                    "Actual Startup Time": 1.816,
                                                                    "Actual Total Time": 247.385,
                                                                    "Actual Rows": 8073,
                                                                    "Actual Loops": 1,
                                                                    "Inner Unique": true,
                                                                    "Join Filter": "kind_id",
                                                                    "Rows Removed by Join Filter": 4332,
                                                                    "Plans": [
                                                                        {
                                                                            "Node Type": "Nested Loop",
                                                                            "Join Type": "Inner",
                                                                            "Plan Rows": 54,
                                                                            "Plan Width": 29,
                                                                            "Actual Startup Time": 1.795,
                                                                            "Actual Total Time": 245.84,
                                                                            "Actual Rows": 9739,
                                                                            "Actual Loops": 1,
                                                                            "Inner Unique": true,
                                                                            "Plans": [
                                                                                {
                                                                                    "Node Type": "Nested Loop",
                                                                                    "Join Type": "Inner",
                                                                                    "Plan Rows": 135,
                                                                                    "Plan Width": 4,
                                                                                    "Actual Startup Time": 1.784,
                                                                                    "Actual Total Time": 122.625,
                                                                                    "Actual Rows": 37091,
                                                                                    "Actual Loops": 1,
                                                                                    "Inner Unique": false,
                                                                                    "Plans": [
                                                                                        {
                                                                                            "Node Type": "Seq Scan",
                                                                                            "Plan Rows": 4,
                                                                                            "Plan Width": 4,
                                                                                            "Actual Startup Time": 0.606,
                                                                                            "Actual Total Time": 12.457,
                                                                                            "Actual Rows": 3,
                                                                                            "Actual Loops": 1,
                                                                                            "Filter": "keyword",
                                                                                            "Rows Removed by Filter": 134167
                                                                                        },
                                                                                        {
                                                                                            "Node Type": "Bitmap Heap Scan",
                                                                                            "Plan Rows": 301,
                                                                                            "Plan Width": 8,
                                                                                            "Actual Startup Time": 1.416,
                                                                                            "Actual Total Time": 36.136,
                                                                                            "Actual Rows": 12364,
                                                                                            "Actual Loops": 3,
                                                                                            "Recheck Cond": "keyword_id",
                                                                                            "Rows Removed by Index Recheck": 0,
                                                                                            "Exact Heap Blocks": 26312,
                                                                                            "Lossy Heap Blocks": 0,
                                                                                            "Plans": [
                                                                                                {
                                                                                                    "Node Type": "Bitmap Index Scan",
                                                                                                    "Index Name": "keyword_id_movie_keyword",
                                                                                                    "Plan Rows": 301,
                                                                                                    "Plan Width": 0,
                                                                                                    "Actual Startup Time": 0.709,
                                                                                                    "Actual Total Time": 0.709,
                                                                                                    "Actual Rows": 12364,
                                                                                                    "Actual Loops": 3,
                                                                                                    "Index Cond": "keyword_id"
                                                                                                }
                                                                                            ]
                                                                                        }
                                                                                    ]
                                                                                },
                                                                                {
                                                                                    "Node Type": "Index Scan",
                                                                                    "Scan Direction": "Forward",
                                                                                    "Index Name": "title_pkey",
                                                                                    "Plan Rows": 1,
                                                                                    "Plan Width": 25,
                                                                                    "Actual Startup Time": 0.003,
                                                                                    "Actual Total Time": 0.003,
                                                                                    "Actual Rows": 0,
                                                                                    "Actual Loops": 37091,
                                                                                    "Index Cond": "id",
                                                                                    "Rows Removed by Index Recheck": 0,
                                                                                    "Filter": "productinyea",
                                                                                    "Rows Removed by Filter": 1
                                                                                }
                                                                            ]
                                                                        },
                                                                        {
                                                                            "Node Type": "Materialize",
                                                                            "Plan Rows": 10,
                                                                            "Plan Width": 4,
                                                                            "Actual Startup Time": 0.0,
                                                                            "Actual Total Time": 0.0,
                                                                            "Actual Rows": 1,
                                                                            "Actual Loops": 9739,
                                                                            "Plans": [
                                                                                {
                                                                                    "Node Type": "Seq Scan",
                                                                                    "Plan Rows": 10,
                                                                                    "Plan Width": 4,
                                                                                    "Actual Startup Time": 0.005,
                                                                                    "Actual Total Time": 0.005,
                                                                                    "Actual Rows": 2,
                                                                                    "Actual Loops": 1,
                                                                                    "Filter": "kind",
                                                                                    "Rows Removed by Filter": 5
                                                                                }
                                                                            ]
                                                                        }
                                                                    ]
                                                                },
                                                                {
                                                                    "Node Type": "Index Scan",
                                                                    "Scan Direction": "Forward",
                                                                    "Index Name": "movie_id_movie_companies",
                                                                    "Plan Rows": 1,
                                                                    "Plan Width": 12,
                                                                    "Actual Startup Time": 0.027,
                                                                    "Actual Total Time": 0.035,
                                                                    "Actual Rows": 3,
                                                                    "Actual Loops": 8073,
                                                                    "Index Cond": "movie_id",
                                                                    "Rows Removed by Index Recheck": 0,
                                                                    "Filter": "note",
                                                                    "Rows Removed by Filter": 7
                                                                }
                                                            ]
                                                        },
                                                        {
                                                            "Node Type": "Index Scan",
                                                            "Scan Direction": "Forward",
                                                            "Index Name": "company_name_pkey",
                                                            "Plan Rows": 1,
                                                            "Plan Width": 23,
                                                            "Actual Startup Time": 0.002,
                                                            "Actual Total Time": 0.002,
                                                            "Actual Rows": 1,
                                                            "Actual Loops": 25853,
                                                            "Index Cond": "id",
                                                            "Rows Removed by Index Recheck": 0,
                                                            "Filter": "countryde",
                                                            "Rows Removed by Filter": 0
                                                        }
                                                    ]
                                                },
                                                {
                                                    "Node Type": "Seq Scan",
                                                    "Plan Rows": 710,
                                                    "Plan Width": 4,
                                                    "Actual Startup Time": 0.0,
                                                    "Actual Total Time": 0.0,
                                                    "Actual Rows": 1,
                                                    "Actual Loops": 23902
                                                }
                                            ]
                                        },
                                        {
                                            "Node Type": "Index Scan",
                                            "Scan Direction": "Forward",
                                            "Index Name": "movie_id_movie_info",
                                            "Plan Rows": 2,
                                            "Plan Width": 8,
                                            "Actual Startup Time": 0.1,
                                            "Actual Total Time": 0.116,
                                            "Actual Rows": 1,
                                            "Actual Loops": 23902,
                                            "Index Cond": "movie_id",
                                            "Rows Removed by Index Recheck": 0,
                                            "Filter": "info",
                                            "Rows Removed by Filter": 184
                                        }
                                    ]
                                },
                                {
                                    "Node Type": "Seq Scan",
                                    "Plan Rows": 1,
                                    "Plan Width": 4,
                                    "Actual Startup Time": 0.001,
                                    "Actual Total Time": 0.002,
                                    "Actual Rows": 1,
                                    "Actual Loops": 25020,
                                    "Filter": "info",
                                    "Rows Removed by Filter": 20
                                }
                            ]
                        },
                        {
                            "Node Type": "Index Scan",
                            "Scan Direction": "Forward",
                            "Index Name": "movie_id_movie_info_idx",
                            "Plan Rows": 3,
                            "Plan Width": 13,
                            "Actual Startup Time": 0.008,
                            "Actual Total Time": 0.009,
                            "Actual Rows": 3,
                            "Actual Loops": 21827,
                            "Index Cond": "movie_id",
                            "Rows Removed by Index Recheck": 0,
                            "Filter": "info",
                            "Rows Removed by Filter": 0
                        }
                    ]
                },
                {
                    "Node Type": "Seq Scan",
                    "Plan Rows": 1,
                    "Plan Width": 4,
                    "Actual Startup Time": 0.004,
                    "Actual Total Time": 0.004,
                    "Actual Rows": 1,
                    "Actual Loops": 64082,
                    "Filter": "info",
                    "Rows Removed by Filter": 108
                }
            ]
        }
    ]
}