{
    "Node Type": "Aggregate",
    "Strategy": "Plain",
    "Partial Mode": "Simple",
    "Plan Rows": 1,
    "Plan Width": 64,
    "Actual Startup Time": 2528.505,
    "Actual Total Time": 2528.508,
    "Actual Rows": 1,
    "Actual Loops": 1,
    "Plans": [
        {
            "Node Type": "Nested Loop",
            "Join Type": "Inner",
            "Plan Rows": 1,
            "Plan Width": 65,
            "Actual Startup Time": 496.511,
            "Actual Total Time": 2528.245,
            "Actual Rows": 628,
            "Actual Loops": 1,
            "Inner Unique": true,
            "Plans": [
                {
                    "Node Type": "Nested Loop",
                    "Join Type": "Inner",
                    "Plan Rows": 1,
                    "Plan Width": 69,
                    "Actual Startup Time": 496.505,
                    "Actual Total Time": 2526.895,
                    "Actual Rows": 628,
                    "Actual Loops": 1,
                    "Inner Unique": true,
                    "Plans": [
                        {
                            "Node Type": "Nested Loop",
                            "Join Type": "Inner",
                            "Plan Rows": 1,
                            "Plan Width": 73,
                            "Actual Startup Time": 496.496,
                            "Actual Total Time": 2526.389,
                            "Actual Rows": 628,
                            "Actual Loops": 1,
                            "Inner Unique": true,
                            "Plans": [
                                {
                                    "Node Type": "Nested Loop",
                                    "Join Type": "Inner",
                                    "Plan Rows": 1,
                                    "Plan Width": 77,
                                    "Actual Startup Time": 496.49,
                                    "Actual Total Time": 2526.109,
                                    "Actual Rows": 628,
                                    "Actual Loops": 1,
                                    "Inner Unique": true,
                                    "Plans": [
                                        {
                                            "Node Type": "Nested Loop",
                                            "Join Type": "Inner",
                                            "Plan Rows": 1,
                                            "Plan Width": 81,
                                            "Actual Startup Time": 496.477,
                                            "Actual Total Time": 2525.39,
                                            "Actual Rows": 628,
                                            "Actual Loops": 1,
                                            "Inner Unique": false,
                                            "Join Filter": "id",
                                            "Rows Removed by Join Filter": 0,
                                            "Plans": [
                                                {
                                                    "Node Type": "Nested Loop",
                                                    "Join Type": "Inner",
                                                    "Plan Rows": 1,
                                                    "Plan Width": 89,
                                                    "Actual Startup Time": 496.314,
                                                    "Actual Total Time": 2524.499,
                                                    "Actual Rows": 625,
                                                    "Actual Loops": 1,
                                                    "Inner Unique": false,
                                                    "Plans": [
                                                        {
                                                            "Node Type": "Nested Loop",
                                                            "Join Type": "Inner",
                                                            "Plan Rows": 1,
                                                            "Plan Width": 81,
                                                            "Actual Startup Time": 496.134,
                                                            "Actual Total Time": 2524.17,
                                                            "Actual Rows": 6,
                                                            "Actual Loops": 1,
                                                            "Inner Unique": false,
                                                            "Plans": [
                                                                {
                                                                    "Node Type": "Nested Loop",
                                                                    "Join Type": "Inner",
                                                                    "Plan Rows": 10,
                                                                    "Plan Width": 73,
                                                                    "Actual Startup Time": 0.061,
                                                                    "Actual Total Time": 133.006,
                                                                    "Actual Rows": 5053,
                                                                    "Actual Loops": 1,
                                                                    "Inner Unique": true,
                                                                    "Plans": [
                                                                        {
                                                                            "Node Type": "Nested Loop",
                                                                            "Join Type": "Inner",
                                                                            "Plan Rows": 523,
                                                                            "Plan Width": 29,
                                                                            "Actual Startup Time": 0.05,
                                                                            "Actual Total Time": 131.405,
                                                                            "Actual Rows": 6424,
                                                                            "Actual Loops": 1,
                                                                            "Inner Unique": true,
                                                                            "Plans": [
                                                                                {
                                                                                    "Node Type": "Hash Join",
                                                                                    "Join Type": "Inner",
                                                                                    "Plan Rows": 761,
                                                                                    "Plan Width": 4,
                                                                                    "Actual Startup Time": 0.032,
                                                                                    "Actual Total Time": 14.327,
                                                                                    "Actual Rows": 24592,
                                                                                    "Actual Loops": 1,
                                                                                    "Inner Unique": true,
                                                                                    "Hash Cond": "status_id",
                                                                                    "Plans": [
                                                                                        {
                                                                                            "Node Type": "Seq Scan",
                                                                                            "Plan Rows": 135086,
                                                                                            "Plan Width": 8,
                                                                                            "Actual Startup Time": 0.022,
                                                                                            "Actual Total Time": 5.754,
                                                                                            "Actual Rows": 135086,
                                                                                            "Actual Loops": 1
                                                                                        },
                                                                                        {
                                                                                            "Node Type": "Hash",
                                                                                            "Plan Rows": 4,
                                                                                            "Plan Width": 4,
                                                                                            "Actual Startup Time": 0.007,
                                                                                            "Actual Total Time": 0.007,
                                                                                            "Actual Rows": 1,
                                                                                            "Actual Loops": 1,
                                                                                            "Hash Buckets": 1024,
                                                                                            "Original Hash Buckets": 1024,
                                                                                            "Hash Batches": 1,
                                                                                            "Original Hash Batches": 1,
                                                                                            "Peak Memory Usage": 9,
                                                                                            "Plans": [
                                                                                                {
                                                                                                    "Node Type": "Seq Scan",
                                                                                                    "Plan Rows": 4,
                                                                                                    "Plan Width": 4,
                                                                                                    "Actual Startup Time": 0.005,
                                                                                                    "Actual Total Time": 0.005,
                                                                                                    "Actual Rows": 1,
                                                                                                    "Actual Loops": 1,
                                                                                                    "Filter": "kind",
                                                                                                    "Rows Removed by Filter": 3
                                                                                                }
                                                                                            ]
                                                                                        }
                                                                                    ]
                                                                                },
                                                                                {
                                                                                    "Node Type": "Index Scan",
                                                                                    "Scan Direction": "Forward",
                                                                                    "Index Name": "title_pkey",
                                                                                    "Plan Rows": 1,
                                                                                    "Plan Width": 25,
                                                                                    "Actual Startup Time": 0.005,
                                                                                    "Actual Total Time": 0.005,
                                                                                    "Actual Rows": 0,
                                                                                    "Actual Loops": 24592,
                                                                                    "Index Cond": "id",
                                                                                    "Rows Removed by Index Recheck": 0,
                                                                                    "Filter": "productinyea",
                                                                                    "Rows Removed by Filter": 1
                                                                                }
                                                                            ]
                                                                        },
                                                                        {
                                                                            "Node Type": "Memoize",
                                                                            "Plan Rows": 1,
                                                                            "Plan Width": 52,
                                                                            "Actual Startup Time": 0.0,
                                                                            "Actual Total Time": 0.0,
                                                                            "Actual Rows": 1,
                                                                            "Actual Loops": 6424,
                                                                            "Cache Key": "kind_id",
                                                                            "Cache Mode": "logical",
                                                                            "Cache Hits": 6419,
                                                                            "Cache Misses": 5,
                                                                            "Cache Evictions": 0,
                                                                            "Cache Overflows": 0,
                                                                            "Peak Memory Usage": 1,
                                                                            "Plans": [
                                                                                {
                                                                                    "Node Type": "Index Scan",
                                                                                    "Scan Direction": "Forward",
                                                                                    "Index Name": "kind_type_pkey",
                                                                                    "Plan Rows": 1,
                                                                                    "Plan Width": 52,
                                                                                    "Actual Startup Time": 0.003,
                                                                                    "Actual Total Time": 0.003,
                                                                                    "Actual Rows": 1,
                                                                                    "Actual Loops": 5,
                                                                                    "Index Cond": "id",
                                                                                    "Rows Removed by Index Recheck": 0,
                                                                                    "Filter": "kind",
                                                                                    "Rows Removed by Filter": 0
                                                                                }
                                                                            ]
                                                                        }
                                                                    ]
                                                                },
                                                                {
                                                                    "Node Type": "Index Scan",
                                                                    "Scan Direction": "Forward",
                                                                    "Index Name": "movie_id_movie_info",
                                                                    "Plan Rows": 1,
                                                                    "Plan Width": 8,
                                                                    "Actual Startup Time": 0.473,
                                                                    "Actual Total Time": 0.473,
                                                                    "Actual Rows": 0,
                                                                    "Actual Loops": 5053,
                                                                    "Index Cond": "movie_id",
                                                                    "Rows Removed by Index Recheck": 0,
                                                                    "Filter": "infoISNOTULte",
                                                                    "Rows Removed by Filter": 123
                                                                }
                                                            ]
                                                        },
                                                        {
                                                            "Node Type": "Index Scan",
                                                            "Scan Direction": "Forward",
                                                            "Index Name": "movie_id_movie_keyword",
                                                            "Plan Rows": 47,
                                                            "Plan Width": 8,
                                                            "Actual Startup Time": 0.04,
                                                            "Actual Total Time": 0.048,
                                                            "Actual Rows": 104,
                                                            "Actual Loops": 6,
                                                            "Index Cond": "movie_id",
                                                            "Rows Removed by Index Recheck": 0
                                                        }
                                                    ]
                                                },
                                                {
                                                    "Node Type": "Index Scan",
                                                    "Scan Direction": "Forward",
                                                    "Index Name": "movie_id_movie_companies",
                                                    "Plan Rows": 5,
                                                    "Plan Width": 12,
                                                    "Actual Startup Time": 0.001,
                                                    "Actual Total Time": 0.001,
                                                    "Actual Rows": 1,
                                                    "Actual Loops": 625,
                                                    "Index Cond": "movie_id",
                                                    "Rows Removed by Index Recheck": 0
                                                }
                                            ]
                                        },
                                        {
                                            "Node Type": "Index Scan",
                                            "Scan Direction": "Forward",
                                            "Index Name": "company_name_pkey",
                                            "Plan Rows": 1,
                                            "Plan Width": 4,
                                            "Actual Startup Time": 0.001,
                                            "Actual Total Time": 0.001,
                                            "Actual Rows": 1,
                                            "Actual Loops": 628,
                                            "Index Cond": "id",
                                            "Rows Removed by Index Recheck": 0,
                                            "Filter": "countryde",
                                            "Rows Removed by Filter": 0
                                        }
                                    ]
                                },
                                {
                                    "Node Type": "Index Only Scan",
                                    "Scan Direction": "Forward",
                                    "Index Name": "company_type_pkey",
                                    "Plan Rows": 1,
                                    "Plan Width": 4,
                                    "Actual Startup Time": 0.0,
                                    "Actual Total Time": 0.0,
                                    "Actual Rows": 1,
                                    "Actual Loops": 628,
                                    "Index Cond": "id",
                                    "Rows Removed by Index Recheck": 0,
                                    "Heap Fetches": 628
                                }
                            ]
                        },
                        {
                            "Node Type": "Index Scan",
                            "Scan Direction": "Forward",
                            "Index Name": "info_type_pkey",
                            "Plan Rows": 1,
                            "Plan Width": 4,
                            "Actual Startup Time": 0.001,
                            "Actual Total Time": 0.001,
                            "Actual Rows": 1,
                            "Actual Loops": 628,
                            "Index Cond": "id",
                            "Rows Removed by Index Recheck": 0,
                            "Filter": "info",
                            "Rows Removed by Filter": 0
                        }
                    ]
                },
                {
                    "Node Type": "Index Only Scan",
                    "Scan Direction": "Forward",
                    "Index Name": "keyword_pkey",
                    "Plan Rows": 1,
                    "Plan Width": 4,
                    "Actual Startup Time": 0.002,
                    "Actual Total Time": 0.002,
                    "Actual Rows": 1,
                    "Actual Loops": 628,
                    "Index Cond": "id",
                    "Rows Removed by Index Recheck": 0,
                    "Heap Fetches": 0
                }
            ]
        }
    ]
}