{
    "Node Type": "Aggregate",
    "Strategy": "Plain",
    "Partial Mode": "Simple",
    "Plan Rows": 1,
    "Plan Width": 96,
    "Actual Startup Time": 41.382,
    "Actual Total Time": 42.268,
    "Actual Rows": 1,
    "Actual Loops": 1,
    "Plans": [
        {
            "Node Type": "Nested Loop",
            "Join Type": "Inner",
            "Plan Rows": 1,
            "Plan Width": 48,
            "Actual Startup Time": 17.82,
            "Actual Total Time": 42.244,
            "Actual Rows": 45,
            "Actual Loops": 1,
            "Inner Unique": true,
            "Plans": [
                {
                    "Node Type": "Nested Loop",
                    "Join Type": "Inner",
                    "Plan Rows": 1,
                    "Plan Width": 52,
                    "Actual Startup Time": 17.818,
                    "Actual Total Time": 42.221,
                    "Actual Rows": 45,
                    "Actual Loops": 1,
                    "Inner Unique": false,
                    "Join Filter": "id",
                    "Rows Removed by Join Filter": 0,
                    "Plans": [
                        {
                            "Node Type": "Nested Loop",
                            "Join Type": "Inner",
                            "Plan Rows": 1,
                            "Plan Width": 64,
                            "Actual Startup Time": 17.809,
                            "Actual Total Time": 41.904,
                            "Actual Rows": 25,
                            "Actual Loops": 1,
                            "Inner Unique": false,
                            "Join Filter": "id",
                            "Rows Removed by Join Filter": 0,
                            "Plans": [
                                {
                                    "Node Type": "Nested Loop",
                                    "Join Type": "Inner",
                                    "Plan Rows": 1,
                                    "Plan Width": 72,
                                    "Actual Startup Time": 17.801,
                                    "Actual Total Time": 41.888,
                                    "Actual Rows": 5,
                                    "Actual Loops": 1,
                                    "Inner Unique": true,
                                    "Plans": [
                                        {
                                            "Node Type": "Nested Loop",
                                            "Join Type": "Inner",
                                            "Plan Rows": 1,
                                            "Plan Width": 76,
                                            "Actual Startup Time": 17.614,
                                            "Actual Total Time": 41.697,
                                            "Actual Rows": 5,
                                            "Actual Loops": 1,
                                            "Inner Unique": true,
                                            "Plans": [
                                                {
                                                    "Node Type": "Nested Loop",
                                                    "Join Type": "Inner",
                                                    "Plan Rows": 1,
                                                    "Plan Width": 64,
                                                    "Actual Startup Time": 17.604,
                                                    "Actual Total Time": 41.68,
                                                    "Actual Rows": 5,
                                                    "Actual Loops": 1,
                                                    "Inner Unique": true,
                                                    "Plans": [
                                                        {
                                                            "Node Type": "Nested Loop",
                                                            "Join Type": "Inner",
                                                            "Plan Rows": 1,
                                                            "Plan Width": 45,
                                                            "Actual Startup Time": 10.098,
                                                            "Actual Total Time": 32.341,
                                                            "Actual Rows": 108,
                                                            "Actual Loops": 1,
                                                            "Inner Unique": false,
                                                            "Join Filter": "id",
                                                            "Rows Removed by Join Filter": 0,
                                                            "Plans": [
                                                                {
                                                                    "Node Type": "Gather",
                                                                    "Plan Rows": 1,
                                                                    "Plan Width": 29,
                                                                    "Actual Startup Time": 6.676,
                                                                    "Actual Total Time": 31.404,
                                                                    "Actual Rows": 6,
                                                                    "Actual Loops": 1,
                                                                    "Workers Planned": 1,
                                                                    "Workers Launched": 1,
                                                                    "Plans": [
                                                                        {
                                                                            "Node Type": "Nested Loop",
                                                                            "Join Type": "Inner",
                                                                            "Plan Rows": 1,
                                                                            "Plan Width": 29,
                                                                            "Actual Startup Time": 16.572,
                                                                            "Actual Total Time": 28.447,
                                                                            "Actual Rows": 3,
                                                                            "Actual Loops": 2,
                                                                            "Inner Unique": true,
                                                                            "Workers": [],
                                                                            "Plans": [
                                                                                {
                                                                                    "Node Type": "Nested Loop",
                                                                                    "Join Type": "Inner",
                                                                                    "Plan Rows": 1,
                                                                                    "Plan Width": 33,
                                                                                    "Actual Startup Time": 16.553,
                                                                                    "Actual Total Time": 28.324,
                                                                                    "Actual Rows": 42,
                                                                                    "Actual Loops": 2,
                                                                                    "Inner Unique": false,
                                                                                    "Join Filter": "id",
                                                                                    "Rows Removed by Join Filter": 0,
                                                                                    "Workers": [],
                                                                                    "Plans": [
                                                                                        {
                                                                                            "Node Type": "Nested Loop",
                                                                                            "Join Type": "Inner",
                                                                                            "Plan Rows": 1,
                                                                                            "Plan Width": 25,
                                                                                            "Actual Startup Time": 16.4,
                                                                                            "Actual Total Time": 28.069,
                                                                                            "Actual Rows": 2,
                                                                                            "Actual Loops": 2,
                                                                                            "Inner Unique": true,
                                                                                            "Workers": [],
                                                                                            "Plans": [
                                                                                                {
                                                                                                    "Node Type": "Nested Loop",
                                                                                                    "Join Type": "Inner",
                                                                                                    "Plan Rows": 6,
                                                                                                    "Plan Width": 4,
                                                                                                    "Actual Startup Time": 15.817,
                                                                                                    "Actual Total Time": 27.481,
                                                                                                    "Actual Rows": 50,
                                                                                                    "Actual Loops": 2,
                                                                                                    "Inner Unique": false,
                                                                                                    "Workers": [],
                                                                                                    "Plans": [
                                                                                                        {
                                                                                                            "Node Type": "Seq Scan",
                                                                                                            "Plan Rows": 1,
                                                                                                            "Plan Width": 4,
                                                                                                            "Actual Startup Time": 15.603,
                                                                                                            "Actual Total Time": 24.368,
                                                                                                            "Actual Rows": 0,
                                                                                                            "Actual Loops": 2,
                                                                                                            "Filter": "countrydeam",
                                                                                                            "Rows Removed by Filter": 117498,
                                                                                                            "Workers": []
                                                                                                        },
                                                                                                        {
                                                                                                            "Node Type": "Index Scan",
                                                                                                            "Scan Direction": "Forward",
                                                                                                            "Index Name": "company_id_movie_companies",
                                                                                                            "Plan Rows": 133,
                                                                                                            "Plan Width": 8,
                                                                                                            "Actual Startup Time": 0.428,
                                                                                                            "Actual Total Time": 6.215,
                                                                                                            "Actual Rows": 99,
                                                                                                            "Actual Loops": 1,
                                                                                                            "Index Cond": "company_id",
                                                                                                            "Rows Removed by Index Recheck": 0,
                                                                                                            "Workers": []
                                                                                                        }
                                                                                                    ]
                                                                                                },
                                                                                                {
                                                                                                    "Node Type": "Index Scan",
                                                                                                    "Scan Direction": "Forward",
                                                                                                    "Index Name": "title_pkey",
                                                                                                    "Plan Rows": 1,
                                                                                                    "Plan Width": 21,
                                                                                                    "Actual Startup Time": 0.012,
                                                                                                    "Actual Total Time": 0.012,
                                                                                                    "Actual Rows": 0,
                                                                                                    "Actual Loops": 99,
                                                                                                    "Index Cond": "id",
                                                                                                    "Rows Removed by Index Recheck": 0,
                                                                                                    "Filter": "productinyeal",
                                                                                                    "Rows Removed by Filter": 1,
                                                                                                    "Workers": []
                                                                                                }
                                                                                            ]
                                                                                        },
                                                                                        {
                                                                                            "Node Type": "Index Scan",
                                                                                            "Scan Direction": "Forward",
                                                                                            "Index Name": "movie_id_movie_keyword",
                                                                                            "Plan Rows": 47,
                                                                                            "Plan Width": 8,
                                                                                            "Actual Startup Time": 0.123,
                                                                                            "Actual Total Time": 0.125,
                                                                                            "Actual Rows": 21,
                                                                                            "Actual Loops": 4,
                                                                                            "Index Cond": "movie_id",
                                                                                            "Rows Removed by Index Recheck": 0,
                                                                                            "Workers": []
                                                                                        }
                                                                                    ]
                                                                                },
                                                                                {
                                                                                    "Node Type": "Memoize",
                                                                                    "Plan Rows": 1,
                                                                                    "Plan Width": 4,
                                                                                    "Actual Startup Time": 0.003,
                                                                                    "Actual Total Time": 0.003,
                                                                                    "Actual Rows": 0,
                                                                                    "Actual Loops": 83,
                                                                                    "Cache Key": "keyword_id",
                                                                                    "Cache Mode": "logical",
                                                                                    "Cache Hits": 24,
                                                                                    "Cache Misses": 59,
                                                                                    "Cache Evictions": 0,
                                                                                    "Cache Overflows": 0,
                                                                                    "Peak Memory Usage": 4,
                                                                                    "Workers": [],
                                                                                    "Plans": [
                                                                                        {
                                                                                            "Node Type": "Index Scan",
                                                                                            "Scan Direction": "Forward",
                                                                                            "Index Name": "keyword_pkey",
                                                                                            "Plan Rows": 1,
                                                                                            "Plan Width": 4,
                                                                                            "Actual Startup Time": 0.004,
                                                                                            "Actual Total Time": 0.004,
                                                                                            "Actual Rows": 0,
                                                                                            "Actual Loops": 59,
                                                                                            "Index Cond": "id",
                                                                                            "Rows Removed by Index Recheck": 0,
                                                                                            "Filter": "keyword",
                                                                                            "Rows Removed by Filter": 1,
                                                                                            "Workers": []
                                                                                        }
                                                                                    ]
                                                                                }
                                                                            ]
                                                                        }
                                                                    ]
                                                                },
                                                                {
                                                                    "Node Type": "Index Scan",
                                                                    "Scan Direction": "Forward",
                                                                    "Index Name": "movie_id_cast_info",
                                                                    "Plan Rows": 1,
                                                                    "Plan Width": 16,
                                                                    "Actual Startup Time": 0.119,
                                                                    "Actual Total Time": 0.154,
                                                                    "Actual Rows": 18,
                                                                    "Actual Loops": 6,
                                                                    "Index Cond": "movie_id",
                                                                    "Rows Removed by Index Recheck": 0,
                                                                    "Filter": "notevicJapsrudEglhx",
                                                                    "Rows Removed by Filter": 56
                                                                }
                                                            ]
                                                        },
                                                        {
                                                            "Node Type": "Index Scan",
                                                            "Scan Direction": "Forward",
                                                            "Index Name": "name_pkey",
                                                            "Plan Rows": 1,
                                                            "Plan Width": 19,
                                                            "Actual Startup Time": 0.086,
                                                            "Actual Total Time": 0.086,
                                                            "Actual Rows": 0,
                                                            "Actual Loops": 108,
                                                            "Index Cond": "id",
                                                            "Rows Removed by Index Recheck": 0,
                                                            "Filter": "namegdr",
                                                            "Rows Removed by Filter": 1
                                                        }
                                                    ]
                                                },
                                                {
                                                    "Node Type": "Index Scan",
                                                    "Scan Direction": "Forward",
                                                    "Index Name": "char_name_pkey",
                                                    "Plan Rows": 1,
                                                    "Plan Width": 20,
                                                    "Actual Startup Time": 0.003,
                                                    "Actual Total Time": 0.003,
                                                    "Actual Rows": 1,
                                                    "Actual Loops": 5,
                                                    "Index Cond": "id",
                                                    "Rows Removed by Index Recheck": 0
                                                }
                                            ]
                                        },
                                        {
                                            "Node Type": "Index Scan",
                                            "Scan Direction": "Forward",
                                            "Index Name": "role_type_pkey",
                                            "Plan Rows": 1,
                                            "Plan Width": 4,
                                            "Actual Startup Time": 0.038,
                                            "Actual Total Time": 0.038,
                                            "Actual Rows": 1,
                                            "Actual Loops": 5,
                                            "Index Cond": "id",
                                            "Rows Removed by Index Recheck": 0,
                                            "Filter": "role",
                                            "Rows Removed by Filter": 0
                                        }
                                    ]
                                },
                                {
                                    "Node Type": "Index Only Scan",
                                    "Scan Direction": "Forward",
                                    "Index Name": "person_id_aka_name",
                                    "Plan Rows": 2,
                                    "Plan Width": 4,
                                    "Actual Startup Time": 0.002,
                                    "Actual Total Time": 0.002,
                                    "Actual Rows": 5,
                                    "Actual Loops": 5,
                                    "Index Cond": "person_id",
                                    "Rows Removed by Index Recheck": 0,
                                    "Heap Fetches": 0
                                }
                            ]
                        },
                        {
                            "Node Type": "Index Scan",
                            "Scan Direction": "Forward",
                            "Index Name": "movie_id_movie_info",
                            "Plan Rows": 1,
                            "Plan Width": 8,
                            "Actual Startup Time": 0.002,
                            "Actual Total Time": 0.012,
                            "Actual Rows": 2,
                            "Actual Loops": 25,
                            "Index Cond": "movie_id",
                            "Rows Removed by Index Recheck": 0,
                            "Filter": "infoISNOTUL",
                            "Rows Removed by Filter": 104
                        }
                    ]
                },
                {
                    "Node Type": "Index Scan",
                    "Scan Direction": "Forward",
                    "Index Name": "info_type_pkey",
                    "Plan Rows": 1,
                    "Plan Width": 4,
                    "Actual Startup Time": 0.0,
                    "Actual Total Time": 0.0,
                    "Actual Rows": 1,
                    "Actual Loops": 45,
                    "Index Cond": "id",
                    "Rows Removed by Index Recheck": 0,
                    "Filter": "info",
                    "Rows Removed by Filter": 0
                }
            ]
        }
    ]
}