{
    "Node Type": "Aggregate",
    "Strategy": "Plain",
    "Partial Mode": "Simple",
    "Plan Rows": 1,
    "Plan Width": 128,
    "Actual Startup Time": 14827.287,
    "Actual Total Time": 14827.323,
    "Actual Rows": 1,
    "Actual Loops": 1,
    "Plans": [
        {
            "Node Type": "Nested Loop",
            "Join Type": "Inner",
            "Plan Rows": 1,
            "Plan Width": 79,
            "Actual Startup Time": 763.857,
            "Actual Total Time": 14815.205,
            "Actual Rows": 4407,
            "Actual Loops": 1,
            "Inner Unique": true,
            "Join Filter": "movie_id",
            "Rows Removed by Join Filter": 0,
            "Plans": [
                {
                    "Node Type": "Nested Loop",
                    "Join Type": "Inner",
                    "Plan Rows": 1,
                    "Plan Width": 78,
                    "Actual Startup Time": 763.56,
                    "Actual Total Time": 14750.403,
                    "Actual Rows": 4407,
                    "Actual Loops": 1,
                    "Inner Unique": true,
                    "Plans": [
                        {
                            "Node Type": "Nested Loop",
                            "Join Type": "Inner",
                            "Plan Rows": 1,
                            "Plan Width": 67,
                            "Actual Startup Time": 102.252,
                            "Actual Total Time": 13440.289,
                            "Actual Rows": 7112,
                            "Actual Loops": 1,
                            "Inner Unique": true,
                            "Plans": [
                                {
                                    "Node Type": "Nested Loop",
                                    "Join Type": "Inner",
                                    "Plan Rows": 1,
                                    "Plan Width": 71,
                                    "Actual Startup Time": 102.238,
                                    "Actual Total Time": 13430.623,
                                    "Actual Rows": 7740,
                                    "Actual Loops": 1,
                                    "Inner Unique": false,
                                    "Join Filter": "movie_id",
                                    "Rows Removed by Join Filter": 0,
                                    "Plans": [
                                        {
                                            "Node Type": "Gather",
                                            "Plan Rows": 1,
                                            "Plan Width": 63,
                                            "Actual Startup Time": 5.522,
                                            "Actual Total Time": 3629.55,
                                            "Actual Rows": 12260,
                                            "Actual Loops": 1,
                                            "Workers Planned": 2,
                                            "Workers Launched": 2,
                                            "Plans": [
                                                {
                                                    "Node Type": "Nested Loop",
                                                    "Join Type": "Inner",
                                                    "Plan Rows": 1,
                                                    "Plan Width": 63,
                                                    "Actual Startup Time": 16.477,
                                                    "Actual Total Time": 4578.579,
                                                    "Actual Rows": 4087,
                                                    "Actual Loops": 3,
                                                    "Inner Unique": false,
                                                    "Join Filter": "movie_id",
                                                    "Rows Removed by Join Filter": 0,
                                                    "Workers": [],
                                                    "Plans": [
                                                        {
                                                            "Node Type": "Hash Join",
                                                            "Join Type": "Inner",
                                                            "Plan Rows": 2,
                                                            "Plan Width": 13,
                                                            "Actual Startup Time": 2.805,
                                                            "Actual Total Time": 573.13,
                                                            "Actual Rows": 16920,
                                                            "Actual Loops": 3,
                                                            "Inner Unique": true,
                                                            "Hash Cond": "info_type_id",
                                                            "Workers": [],
                                                            "Plans": [
                                                                {
                                                                    "Node Type": "Nested Loop",
                                                                    "Join Type": "Inner",
                                                                    "Plan Rows": 215,
                                                                    "Plan Width": 17,
                                                                    "Actual Startup Time": 2.385,
                                                                    "Actual Total Time": 567.067,
                                                                    "Actual Rows": 50907,
                                                                    "Actual Loops": 3,
                                                                    "Inner Unique": false,
                                                                    "Workers": [],
                                                                    "Plans": [
                                                                        {
                                                                            "Node Type": "Nested Loop",
                                                                            "Join Type": "Inner",
                                                                            "Plan Rows": 70,
                                                                            "Plan Width": 4,
                                                                            "Actual Startup Time": 2.24,
                                                                            "Actual Total Time": 345.094,
                                                                            "Actual Rows": 20699,
                                                                            "Actual Loops": 3,
                                                                            "Inner Unique": false,
                                                                            "Workers": [],
                                                                            "Plans": [
                                                                                {
                                                                                    "Node Type": "Index Scan",
                                                                                    "Scan Direction": "Forward",
                                                                                    "Index Name": "keyword_pkey",
                                                                                    "Plan Rows": 2,
                                                                                    "Plan Width": 4,
                                                                                    "Actual Startup Time": 0.135,
                                                                                    "Actual Total Time": 12.794,
                                                                                    "Actual Rows": 2,
                                                                                    "Actual Loops": 3,
                                                                                    "Filter": "keyword",
                                                                                    "Rows Removed by Filter": 44722,
                                                                                    "Workers": []
                                                                                },
                                                                                {
                                                                                    "Node Type": "Bitmap Heap Scan",
                                                                                    "Plan Rows": 301,
                                                                                    "Plan Width": 8,
                                                                                    "Actual Startup Time": 4.129,
                                                                                    "Actual Total Time": 198.638,
                                                                                    "Actual Rows": 12419,
                                                                                    "Actual Loops": 5,
                                                                                    "Recheck Cond": "keyword_id",
                                                                                    "Rows Removed by Index Recheck": 0,
                                                                                    "Exact Heap Blocks": 12389,
                                                                                    "Lossy Heap Blocks": 0,
                                                                                    "Workers": [],
                                                                                    "Plans": [
                                                                                        {
                                                                                            "Node Type": "Bitmap Index Scan",
                                                                                            "Index Name": "keyword_id_movie_keyword",
                                                                                            "Plan Rows": 301,
                                                                                            "Plan Width": 0,
                                                                                            "Actual Startup Time": 3.34,
                                                                                            "Actual Total Time": 3.34,
                                                                                            "Actual Rows": 12419,
                                                                                            "Actual Loops": 5,
                                                                                            "Index Cond": "keyword_id",
                                                                                            "Workers": []
                                                                                        }
                                                                                    ]
                                                                                }
                                                                            ]
                                                                        },
                                                                        {
                                                                            "Node Type": "Index Scan",
                                                                            "Scan Direction": "Forward",
                                                                            "Index Name": "movie_id_movie_info_idx",
                                                                            "Plan Rows": 3,
                                                                            "Plan Width": 13,
                                                                            "Actual Startup Time": 0.01,
                                                                            "Actual Total Time": 0.01,
                                                                            "Actual Rows": 2,
                                                                            "Actual Loops": 62096,
                                                                            "Index Cond": "movie_id",
                                                                            "Rows Removed by Index Recheck": 0,
                                                                            "Workers": []
                                                                        }
                                                                    ]
                                                                },
                                                                {
                                                                    "Node Type": "Hash",
                                                                    "Plan Rows": 1,
                                                                    "Plan Width": 4,
                                                                    "Actual Startup Time": 0.026,
                                                                    "Actual Total Time": 0.026,
                                                                    "Actual Rows": 1,
                                                                    "Actual Loops": 3,
                                                                    "Hash Buckets": 1024,
                                                                    "Original Hash Buckets": 1024,
                                                                    "Hash Batches": 1,
                                                                    "Original Hash Batches": 1,
                                                                    "Peak Memory Usage": 9,
                                                                    "Workers": [],
                                                                    "Plans": [
                                                                        {
                                                                            "Node Type": "Seq Scan",
                                                                            "Plan Rows": 1,
                                                                            "Plan Width": 4,
                                                                            "Actual Startup Time": 0.019,
                                                                            "Actual Total Time": 0.019,
                                                                            "Actual Rows": 1,
                                                                            "Actual Loops": 3,
                                                                            "Filter": "info",
                                                                            "Rows Removed by Filter": 112,
                                                                            "Workers": []
                                                                        }
                                                                    ]
                                                                }
                                                            ]
                                                        },
                                                        {
                                                            "Node Type": "Index Scan",
                                                            "Scan Direction": "Forward",
                                                            "Index Name": "movie_id_movie_info",
                                                            "Plan Rows": 1,
                                                            "Plan Width": 50,
                                                            "Actual Startup Time": 0.235,
                                                            "Actual Total Time": 0.237,
                                                            "Actual Rows": 0,
                                                            "Actual Loops": 50760,
                                                            "Index Cond": "movie_id",
                                                            "Rows Removed by Index Recheck": 0,
                                                            "Filter": "info",
                                                            "Rows Removed by Filter": 56,
                                                            "Workers": []
                                                        }
                                                    ]
                                                }
                                            ]
                                        },
                                        {
                                            "Node Type": "Index Scan",
                                            "Scan Direction": "Forward",
                                            "Index Name": "movie_id_cast_info",
                                            "Plan Rows": 1,
                                            "Plan Width": 8,
                                            "Actual Startup Time": 0.669,
                                            "Actual Total Time": 0.799,
                                            "Actual Rows": 1,
                                            "Actual Loops": 12260,
                                            "Index Cond": "movie_id",
                                            "Rows Removed by Index Recheck": 0,
                                            "Filter": "notehadwribysx",
                                            "Rows Removed by Filter": 47
                                        }
                                    ]
                                },
                                {
                                    "Node Type": "Index Scan",
                                    "Scan Direction": "Forward",
                                    "Index Name": "info_type_pkey",
                                    "Plan Rows": 1,
                                    "Plan Width": 4,
                                    "Actual Startup Time": 0.001,
                                    "Actual Total Time": 0.001,
                                    "Actual Rows": 1,
                                    "Actual Loops": 7740,
                                    "Index Cond": "id",
                                    "Rows Removed by Index Recheck": 0,
                                    "Filter": "info",
                                    "Rows Removed by Filter": 0
                                }
                            ]
                        },
                        {
                            "Node Type": "Index Scan",
                            "Scan Direction": "Forward",
                            "Index Name": "name_pkey",
                            "Plan Rows": 1,
                            "Plan Width": 19,
                            "Actual Startup Time": 0.184,
                            "Actual Total Time": 0.184,
                            "Actual Rows": 1,
                            "Actual Loops": 7112,
                            "Index Cond": "id",
                            "Rows Removed by Index Recheck": 0,
                            "Filter": "gendr",
                            "Rows Removed by Filter": 0
                        }
                    ]
                },
                {
                    "Node Type": "Index Scan",
                    "Scan Direction": "Forward",
                    "Index Name": "title_pkey",
                    "Plan Rows": 1,
                    "Plan Width": 21,
                    "Actual Startup Time": 0.014,
                    "Actual Total Time": 0.014,
                    "Actual Rows": 1,
                    "Actual Loops": 4407,
                    "Index Cond": "id",
                    "Rows Removed by Index Recheck": 0
                }
            ]
        }
    ]
}