{
    "Node Type": "Aggregate",
    "Strategy": "Plain",
    "Partial Mode": "Simple",
    "Plan Rows": 1,
    "Plan Width": 128,
    "Actual Startup Time": 477.991,
    "Actual Total Time": 478.023,
    "Actual Rows": 1,
    "Actual Loops": 1,
    "Plans": [
        {
            "Node Type": "Nested Loop",
            "Join Type": "Inner",
            "Plan Rows": 1,
            "Plan Width": 79,
            "Actual Startup Time": 475.786,
            "Actual Total Time": 478.006,
            "Actual Rows": 6,
            "Actual Loops": 1,
            "Inner Unique": true,
            "Plans": [
                {
                    "Node Type": "Nested Loop",
                    "Join Type": "Inner",
                    "Plan Rows": 1,
                    "Plan Width": 68,
                    "Actual Startup Time": 475.772,
                    "Actual Total Time": 477.646,
                    "Actual Rows": 6,
                    "Actual Loops": 1,
                    "Inner Unique": true,
                    "Plans": [
                        {
                            "Node Type": "Nested Loop",
                            "Join Type": "Inner",
                            "Plan Rows": 1,
                            "Plan Width": 72,
                            "Actual Startup Time": 475.236,
                            "Actual Total Time": 477.106,
                            "Actual Rows": 6,
                            "Actual Loops": 1,
                            "Inner Unique": false,
                            "Join Filter": "id",
                            "Rows Removed by Join Filter": 0,
                            "Plans": [
                                {
                                    "Node Type": "Nested Loop",
                                    "Join Type": "Inner",
                                    "Plan Rows": 1,
                                    "Plan Width": 42,
                                    "Actual Startup Time": 475.184,
                                    "Actual Total Time": 476.976,
                                    "Actual Rows": 6,
                                    "Actual Loops": 1,
                                    "Inner Unique": false,
                                    "Join Filter": "id",
                                    "Rows Removed by Join Filter": 0,
                                    "Plans": [
                                        {
                                            "Node Type": "Gather",
                                            "Plan Rows": 1,
                                            "Plan Width": 34,
                                            "Actual Startup Time": 339.275,
                                            "Actual Total Time": 474.667,
                                            "Actual Rows": 9,
                                            "Actual Loops": 1,
                                            "Workers Planned": 2,
                                            "Workers Launched": 2,
                                            "Plans": [
                                                {
                                                    "Node Type": "Nested Loop",
                                                    "Join Type": "Inner",
                                                    "Plan Rows": 1,
                                                    "Plan Width": 34,
                                                    "Actual Startup Time": 318.489,
                                                    "Actual Total Time": 387.138,
                                                    "Actual Rows": 3,
                                                    "Actual Loops": 3,
                                                    "Inner Unique": true,
                                                    "Join Filter": "movie_id",
                                                    "Rows Removed by Join Filter": 0,
                                                    "Workers": [],
                                                    "Plans": [
                                                        {
                                                            "Node Type": "Hash Join",
                                                            "Join Type": "Inner",
                                                            "Plan Rows": 2,
                                                            "Plan Width": 13,
                                                            "Actual Startup Time": 3.065,
                                                            "Actual Total Time": 239.204,
                                                            "Actual Rows": 16920,
                                                            "Actual Loops": 3,
                                                            "Inner Unique": true,
                                                            "Hash Cond": "info_type_id",
                                                            "Workers": [],
                                                            "Plans": [
                                                                {
                                                                    "Node Type": "Nested Loop",
                                                                    "Join Type": "Inner",
                                                                    "Plan Rows": 215,
                                                                    "Plan Width": 17,
                                                                    "Actual Startup Time": 2.305,
                                                                    "Actual Total Time": 234.693,
                                                                    "Actual Rows": 50907,
                                                                    "Actual Loops": 3,
                                                                    "Inner Unique": false,
                                                                    "Workers": [],
                                                                    "Plans": [
                                                                        {
                                                                            "Node Type": "Nested Loop",
                                                                            "Join Type": "Inner",
                                                                            "Plan Rows": 70,
                                                                            "Plan Width": 4,
                                                                            "Actual Startup Time": 2.158,
                                                                            "Actual Total Time": 143.385,
                                                                            "Actual Rows": 20699,
                                                                            "Actual Loops": 3,
                                                                            "Inner Unique": false,
                                                                            "Workers": [],
                                                                            "Plans": [
                                                                                {
                                                                                    "Node Type": "Index Scan",
                                                                                    "Scan Direction": "Forward",
                                                                                    "Index Name": "keyword_pkey",
                                                                                    "Plan Rows": 2,
                                                                                    "Plan Width": 4,
                                                                                    "Actual Startup Time": 0.112,
                                                                                    "Actual Total Time": 12.28,
                                                                                    "Actual Rows": 2,
                                                                                    "Actual Loops": 3,
                                                                                    "Filter": "keyword",
                                                                                    "Rows Removed by Filter": 44722,
                                                                                    "Workers": []
                                                                                },
                                                                                {
                                                                                    "Node Type": "Bitmap Heap Scan",
                                                                                    "Plan Rows": 301,
                                                                                    "Plan Width": 8,
                                                                                    "Actual Startup Time": 1.657,
                                                                                    "Actual Total Time": 78.047,
                                                                                    "Actual Rows": 12419,
                                                                                    "Actual Loops": 5,
                                                                                    "Recheck Cond": "keyword_id",
                                                                                    "Rows Removed by Index Recheck": 0,
                                                                                    "Exact Heap Blocks": 12389,
                                                                                    "Lossy Heap Blocks": 0,
                                                                                    "Workers": [],
                                                                                    "Plans": [
                                                                                        {
                                                                                            "Node Type": "Bitmap Index Scan",
                                                                                            "Index Name": "keyword_id_movie_keyword",
                                                                                            "Plan Rows": 301,
                                                                                            "Plan Width": 0,
                                                                                            "Actual Startup Time": 0.922,
                                                                                            "Actual Total Time": 0.922,
                                                                                            "Actual Rows": 12419,
                                                                                            "Actual Loops": 5,
                                                                                            "Index Cond": "keyword_id",
                                                                                            "Workers": []
                                                                                        }
                                                                                    ]
                                                                                }
                                                                            ]
                                                                        },
                                                                        {
                                                                            "Node Type": "Index Scan",
                                                                            "Scan Direction": "Forward",
                                                                            "Index Name": "movie_id_movie_info_idx",
                                                                            "Plan Rows": 3,
                                                                            "Plan Width": 13,
                                                                            "Actual Startup Time": 0.004,
                                                                            "Actual Total Time": 0.004,
                                                                            "Actual Rows": 2,
                                                                            "Actual Loops": 62096,
                                                                            "Index Cond": "movie_id",
                                                                            "Rows Removed by Index Recheck": 0,
                                                                            "Workers": []
                                                                        }
                                                                    ]
                                                                },
                                                                {
                                                                    "Node Type": "Hash",
                                                                    "Plan Rows": 1,
                                                                    "Plan Width": 4,
                                                                    "Actual Startup Time": 0.022,
                                                                    "Actual Total Time": 0.023,
                                                                    "Actual Rows": 1,
                                                                    "Actual Loops": 3,
                                                                    "Hash Buckets": 1024,
                                                                    "Original Hash Buckets": 1024,
                                                                    "Hash Batches": 1,
                                                                    "Original Hash Batches": 1,
                                                                    "Peak Memory Usage": 9,
                                                                    "Workers": [],
                                                                    "Plans": [
                                                                        {
                                                                            "Node Type": "Seq Scan",
                                                                            "Plan Rows": 1,
                                                                            "Plan Width": 4,
                                                                            "Actual Startup Time": 0.019,
                                                                            "Actual Total Time": 0.02,
                                                                            "Actual Rows": 1,
                                                                            "Actual Loops": 3,
                                                                            "Filter": "info",
                                                                            "Rows Removed by Filter": 112,
                                                                            "Workers": []
                                                                        }
                                                                    ]
                                                                }
                                                            ]
                                                        },
                                                        {
                                                            "Node Type": "Index Scan",
                                                            "Scan Direction": "Forward",
                                                            "Index Name": "title_pkey",
                                                            "Plan Rows": 1,
                                                            "Plan Width": 21,
                                                            "Actual Startup Time": 0.009,
                                                            "Actual Total Time": 0.009,
                                                            "Actual Rows": 0,
                                                            "Actual Loops": 50760,
                                                            "Index Cond": "id",
                                                            "Rows Removed by Index Recheck": 0,
                                                            "Filter": "productinyeal",
                                                            "Rows Removed by Filter": 1,
                                                            "Workers": []
                                                        }
                                                    ]
                                                }
                                            ]
                                        },
                                        {
                                            "Node Type": "Index Scan",
                                            "Scan Direction": "Forward",
                                            "Index Name": "movie_id_cast_info",
                                            "Plan Rows": 1,
                                            "Plan Width": 8,
                                            "Actual Startup Time": 0.178,
                                            "Actual Total Time": 0.256,
                                            "Actual Rows": 1,
                                            "Actual Loops": 9,
                                            "Index Cond": "movie_id",
                                            "Rows Removed by Index Recheck": 0,
                                            "Filter": "notehadwribysx",
                                            "Rows Removed by Filter": 21
                                        }
                                    ]
                                },
                                {
                                    "Node Type": "Index Scan",
                                    "Scan Direction": "Forward",
                                    "Index Name": "movie_id_movie_info",
                                    "Plan Rows": 1,
                                    "Plan Width": 50,
                                    "Actual Startup Time": 0.021,
                                    "Actual Total Time": 0.021,
                                    "Actual Rows": 1,
                                    "Actual Loops": 6,
                                    "Index Cond": "movie_id",
                                    "Rows Removed by Index Recheck": 0,
                                    "Filter": "info",
                                    "Rows Removed by Filter": 20
                                }
                            ]
                        },
                        {
                            "Node Type": "Index Scan",
                            "Scan Direction": "Forward",
                            "Index Name": "info_type_pkey",
                            "Plan Rows": 1,
                            "Plan Width": 4,
                            "Actual Startup Time": 0.09,
                            "Actual Total Time": 0.09,
                            "Actual Rows": 1,
                            "Actual Loops": 6,
                            "Index Cond": "id",
                            "Rows Removed by Index Recheck": 0,
                            "Filter": "info",
                            "Rows Removed by Filter": 0
                        }
                    ]
                },
                {
                    "Node Type": "Index Scan",
                    "Scan Direction": "Forward",
                    "Index Name": "name_pkey",
                    "Plan Rows": 1,
                    "Plan Width": 19,
                    "Actual Startup Time": 0.06,
                    "Actual Total Time": 0.06,
                    "Actual Rows": 1,
                    "Actual Loops": 6,
                    "Index Cond": "id",
                    "Rows Removed by Index Recheck": 0,
                    "Filter": "gendr",
                    "Rows Removed by Filter": 0
                }
            ]
        }
    ]
}