{
    "Node Type": "Aggregate",
    "Strategy": "Plain",
    "Partial Mode": "Simple",
    "Plan Rows": 1,
    "Plan Width": 128,
    "Actual Startup Time": 56994.717,
    "Actual Total Time": 56994.83,
    "Actual Rows": 1,
    "Actual Loops": 1,
    "Plans": [
        {
            "Node Type": "Nested Loop",
            "Join Type": "Inner",
            "Plan Rows": 1,
            "Plan Width": 79,
            "Actual Startup Time": 13.74,
            "Actual Total Time": 56926.36,
            "Actual Rows": 26153,
            "Actual Loops": 1,
            "Inner Unique": true,
            "Join Filter": "movie_id",
            "Rows Removed by Join Filter": 0,
            "Plans": [
                {
                    "Node Type": "Nested Loop",
                    "Join Type": "Inner",
                    "Plan Rows": 1,
                    "Plan Width": 78,
                    "Actual Startup Time": 13.729,
                    "Actual Total Time": 56768.345,
                    "Actual Rows": 26153,
                    "Actual Loops": 1,
                    "Inner Unique": true,
                    "Plans": [
                        {
                            "Node Type": "Nested Loop",
                            "Join Type": "Inner",
                            "Plan Rows": 1,
                            "Plan Width": 67,
                            "Actual Startup Time": 13.423,
                            "Actual Total Time": 52896.429,
                            "Actual Rows": 42900,
                            "Actual Loops": 1,
                            "Inner Unique": false,
                            "Join Filter": "movie_id",
                            "Rows Removed by Join Filter": 0,
                            "Plans": [
                                {
                                    "Node Type": "Gather",
                                    "Plan Rows": 1,
                                    "Plan Width": 59,
                                    "Actual Startup Time": 2.683,
                                    "Actual Total Time": 6106.739,
                                    "Actual Rows": 63386,
                                    "Actual Loops": 1,
                                    "Workers Planned": 2,
                                    "Workers Launched": 2,
                                    "Plans": [
                                        {
                                            "Node Type": "Nested Loop",
                                            "Join Type": "Inner",
                                            "Plan Rows": 1,
                                            "Plan Width": 59,
                                            "Actual Startup Time": 2.485,
                                            "Actual Total Time": 8013.078,
                                            "Actual Rows": 21129,
                                            "Actual Loops": 3,
                                            "Inner Unique": true,
                                            "Workers": [],
                                            "Plans": [
                                                {
                                                    "Node Type": "Nested Loop",
                                                    "Join Type": "Inner",
                                                    "Plan Rows": 1,
                                                    "Plan Width": 63,
                                                    "Actual Startup Time": 2.471,
                                                    "Actual Total Time": 8005.251,
                                                    "Actual Rows": 22577,
                                                    "Actual Loops": 3,
                                                    "Inner Unique": false,
                                                    "Join Filter": "movie_id",
                                                    "Rows Removed by Join Filter": 0,
                                                    "Workers": [],
                                                    "Plans": [
                                                        {
                                                            "Node Type": "Hash Join",
                                                            "Join Type": "Inner",
                                                            "Plan Rows": 2,
                                                            "Plan Width": 13,
                                                            "Actual Startup Time": 1.926,
                                                            "Actual Total Time": 394.53,
                                                            "Actual Rows": 21234,
                                                            "Actual Loops": 3,
                                                            "Inner Unique": true,
                                                            "Hash Cond": "info_type_id",
                                                            "Workers": [],
                                                            "Plans": [
                                                                {
                                                                    "Node Type": "Nested Loop",
                                                                    "Join Type": "Inner",
                                                                    "Plan Rows": 300,
                                                                    "Plan Width": 17,
                                                                    "Actual Startup Time": 1.853,
                                                                    "Actual Total Time": 387.292,
                                                                    "Actual Rows": 63896,
                                                                    "Actual Loops": 3,
                                                                    "Inner Unique": false,
                                                                    "Workers": [],
                                                                    "Plans": [
                                                                        {
                                                                            "Node Type": "Nested Loop",
                                                                            "Join Type": "Inner",
                                                                            "Plan Rows": 98,
                                                                            "Plan Width": 4,
                                                                            "Actual Startup Time": 1.828,
                                                                            "Actual Total Time": 248.104,
                                                                            "Actual Rows": 25571,
                                                                            "Actual Loops": 3,
                                                                            "Inner Unique": false,
                                                                            "Workers": [],
                                                                            "Plans": [
                                                                                {
                                                                                    "Node Type": "Index Scan",
                                                                                    "Scan Direction": "Forward",
                                                                                    "Index Name": "keyword_pkey",
                                                                                    "Plan Rows": 3,
                                                                                    "Plan Width": 4,
                                                                                    "Actual Startup Time": 0.118,
                                                                                    "Actual Total Time": 15.658,
                                                                                    "Actual Rows": 2,
                                                                                    "Actual Loops": 3,
                                                                                    "Filter": "keyword",
                                                                                    "Rows Removed by Filter": 44721,
                                                                                    "Workers": []
                                                                                },
                                                                                {
                                                                                    "Node Type": "Bitmap Heap Scan",
                                                                                    "Plan Rows": 301,
                                                                                    "Plan Width": 8,
                                                                                    "Actual Startup Time": 1.498,
                                                                                    "Actual Total Time": 98.908,
                                                                                    "Actual Rows": 10959,
                                                                                    "Actual Loops": 7,
                                                                                    "Recheck Cond": "keyword_id",
                                                                                    "Rows Removed by Index Recheck": 0,
                                                                                    "Exact Heap Blocks": 12389,
                                                                                    "Lossy Heap Blocks": 0,
                                                                                    "Workers": [],
                                                                                    "Plans": [
                                                                                        {
                                                                                            "Node Type": "Bitmap Index Scan",
                                                                                            "Index Name": "keyword_id_movie_keyword",
                                                                                            "Plan Rows": 301,
                                                                                            "Plan Width": 0,
                                                                                            "Actual Startup Time": 0.78,
                                                                                            "Actual Total Time": 0.78,
                                                                                            "Actual Rows": 10959,
                                                                                            "Actual Loops": 7,
                                                                                            "Index Cond": "keyword_id",
                                                                                            "Workers": []
                                                                                        }
                                                                                    ]
                                                                                }
                                                                            ]
                                                                        },
                                                                        {
                                                                            "Node Type": "Index Scan",
                                                                            "Scan Direction": "Forward",
                                                                            "Index Name": "movie_id_movie_info_idx",
                                                                            "Plan Rows": 3,
                                                                            "Plan Width": 13,
                                                                            "Actual Startup Time": 0.005,
                                                                            "Actual Total Time": 0.005,
                                                                            "Actual Rows": 2,
                                                                            "Actual Loops": 76714,
                                                                            "Index Cond": "movie_id",
                                                                            "Rows Removed by Index Recheck": 0,
                                                                            "Workers": []
                                                                        }
                                                                    ]
                                                                },
                                                                {
                                                                    "Node Type": "Hash",
                                                                    "Plan Rows": 1,
                                                                    "Plan Width": 4,
                                                                    "Actual Startup Time": 0.022,
                                                                    "Actual Total Time": 0.022,
                                                                    "Actual Rows": 1,
                                                                    "Actual Loops": 3,
                                                                    "Hash Buckets": 1024,
                                                                    "Original Hash Buckets": 1024,
                                                                    "Hash Batches": 1,
                                                                    "Original Hash Batches": 1,
                                                                    "Peak Memory Usage": 9,
                                                                    "Workers": [],
                                                                    "Plans": [
                                                                        {
                                                                            "Node Type": "Seq Scan",
                                                                            "Plan Rows": 1,
                                                                            "Plan Width": 4,
                                                                            "Actual Startup Time": 0.017,
                                                                            "Actual Total Time": 0.018,
                                                                            "Actual Rows": 1,
                                                                            "Actual Loops": 3,
                                                                            "Filter": "info",
                                                                            "Rows Removed by Filter": 112,
                                                                            "Workers": []
                                                                        }
                                                                    ]
                                                                }
                                                            ]
                                                        },
                                                        {
                                                            "Node Type": "Index Scan",
                                                            "Scan Direction": "Forward",
                                                            "Index Name": "movie_id_movie_info",
                                                            "Plan Rows": 1,
                                                            "Plan Width": 50,
                                                            "Actual Startup Time": 0.351,
                                                            "Actual Total Time": 0.358,
                                                            "Actual Rows": 1,
                                                            "Actual Loops": 63701,
                                                            "Index Cond": "movie_id",
                                                            "Rows Removed by Index Recheck": 0,
                                                            "Filter": "info",
                                                            "Rows Removed by Filter": 58,
                                                            "Workers": []
                                                        }
                                                    ]
                                                },
                                                {
                                                    "Node Type": "Memoize",
                                                    "Plan Rows": 1,
                                                    "Plan Width": 4,
                                                    "Actual Startup Time": 0.0,
                                                    "Actual Total Time": 0.0,
                                                    "Actual Rows": 1,
                                                    "Actual Loops": 67732,
                                                    "Cache Key": "info_type_id",
                                                    "Cache Mode": "logical",
                                                    "Cache Hits": 19179,
                                                    "Cache Misses": 2,
                                                    "Cache Evictions": 0,
                                                    "Cache Overflows": 0,
                                                    "Peak Memory Usage": 1,
                                                    "Workers": [
                                                        {
                                                            "Worker Number": 0,
                                                            "Cache Hits": 12098,
                                                            "Cache Misses": 2,
                                                            "Cache Evictions": 0,
                                                            "Cache Overflows": 0,
                                                            "Peak Memory Usage": 1
                                                        },
                                                        {
                                                            "Worker Number": 1,
                                                            "Cache Hits": 36449,
                                                            "Cache Misses": 2,
                                                            "Cache Evictions": 0,
                                                            "Cache Overflows": 0,
                                                            "Peak Memory Usage": 1
                                                        }
                                                    ],
                                                    "Plans": [
                                                        {
                                                            "Node Type": "Index Scan",
                                                            "Scan Direction": "Forward",
                                                            "Index Name": "info_type_pkey",
                                                            "Plan Rows": 1,
                                                            "Plan Width": 4,
                                                            "Actual Startup Time": 0.008,
                                                            "Actual Total Time": 0.008,
                                                            "Actual Rows": 0,
                                                            "Actual Loops": 6,
                                                            "Index Cond": "id",
                                                            "Rows Removed by Index Recheck": 0,
                                                            "Filter": "info",
                                                            "Rows Removed by Filter": 0,
                                                            "Workers": []
                                                        }
                                                    ]
                                                }
                                            ]
                                        }
                                    ]
                                },
                                {
                                    "Node Type": "Index Scan",
                                    "Scan Direction": "Forward",
                                    "Index Name": "movie_id_cast_info",
                                    "Plan Rows": 1,
                                    "Plan Width": 8,
                                    "Actual Startup Time": 0.609,
                                    "Actual Total Time": 0.738,
                                    "Actual Rows": 1,
                                    "Actual Loops": 63386,
                                    "Index Cond": "movie_id",
                                    "Rows Removed by Index Recheck": 0,
                                    "Filter": "notehadwribysx",
                                    "Rows Removed by Filter": 63
                                }
                            ]
                        },
                        {
                            "Node Type": "Index Scan",
                            "Scan Direction": "Forward",
                            "Index Name": "name_pkey",
                            "Plan Rows": 1,
                            "Plan Width": 19,
                            "Actual Startup Time": 0.09,
                            "Actual Total Time": 0.09,
                            "Actual Rows": 1,
                            "Actual Loops": 42900,
                            "Index Cond": "id",
                            "Rows Removed by Index Recheck": 0,
                            "Filter": "gendr",
                            "Rows Removed by Filter": 0
                        }
                    ]
                },
                {
                    "Node Type": "Index Scan",
                    "Scan Direction": "Forward",
                    "Index Name": "title_pkey",
                    "Plan Rows": 1,
                    "Plan Width": 21,
                    "Actual Startup Time": 0.006,
                    "Actual Total Time": 0.006,
                    "Actual Rows": 1,
                    "Actual Loops": 26153,
                    "Index Cond": "id",
                    "Rows Removed by Index Recheck": 0
                }
            ]
        }
    ]
}