{
    "Node Type": "Aggregate",
    "Strategy": "Plain",
    "Partial Mode": "Simple",
    "Plan Rows": 1,
    "Plan Width": 96,
    "Actual Startup Time": 68.938,
    "Actual Total Time": 68.939,
    "Actual Rows": 1,
    "Actual Loops": 1,
    "Plans": [
        {
            "Node Type": "Nested Loop",
            "Join Type": "Inner",
            "Plan Rows": 1,
            "Plan Width": 118,
            "Actual Startup Time": 28.537,
            "Actual Total Time": 68.6,
            "Actual Rows": 477,
            "Actual Loops": 1,
            "Inner Unique": true,
            "Plans": [
                {
                    "Node Type": "Nested Loop",
                    "Join Type": "Inner",
                    "Plan Rows": 1,
                    "Plan Width": 103,
                    "Actual Startup Time": 27.699,
                    "Actual Total Time": 64.326,
                    "Actual Rows": 1106,
                    "Actual Loops": 1,
                    "Inner Unique": false,
                    "Join Filter": "movie_id",
                    "Rows Removed by Join Filter": 0,
                    "Plans": [
                        {
                            "Node Type": "Nested Loop",
                            "Join Type": "Inner",
                            "Plan Rows": 1,
                            "Plan Width": 123,
                            "Actual Startup Time": 2.642,
                            "Actual Total Time": 48.339,
                            "Actual Rows": 398,
                            "Actual Loops": 1,
                            "Inner Unique": true,
                            "Join Filter": "movie_id",
                            "Rows Removed by Join Filter": 0,
                            "Plans": [
                                {
                                    "Node Type": "Nested Loop",
                                    "Join Type": "Inner",
                                    "Plan Rows": 1,
                                    "Plan Width": 102,
                                    "Actual Startup Time": 2.487,
                                    "Actual Total Time": 47.203,
                                    "Actual Rows": 398,
                                    "Actual Loops": 1,
                                    "Inner Unique": true,
                                    "Plans": [
                                        {
                                            "Node Type": "Nested Loop",
                                            "Join Type": "Inner",
                                            "Plan Rows": 1,
                                            "Plan Width": 106,
                                            "Actual Startup Time": 2.485,
                                            "Actual Total Time": 46.967,
                                            "Actual Rows": 552,
                                            "Actual Loops": 1,
                                            "Inner Unique": true,
                                            "Plans": [
                                                {
                                                    "Node Type": "Nested Loop",
                                                    "Join Type": "Inner",
                                                    "Plan Rows": 47,
                                                    "Plan Width": 110,
                                                    "Actual Startup Time": 2.473,
                                                    "Actual Total Time": 38.375,
                                                    "Actual Rows": 11150,
                                                    "Actual Loops": 1,
                                                    "Inner Unique": false,
                                                    "Join Filter": "movie_id",
                                                    "Rows Removed by Join Filter": 0,
                                                    "Plans": [
                                                        {
                                                            "Node Type": "Nested Loop",
                                                            "Join Type": "Inner",
                                                            "Plan Rows": 1,
                                                            "Plan Width": 102,
                                                            "Actual Startup Time": 2.185,
                                                            "Actual Total Time": 25.939,
                                                            "Actual Rows": 934,
                                                            "Actual Loops": 1,
                                                            "Inner Unique": true,
                                                            "Plans": [
                                                                {
                                                                    "Node Type": "Nested Loop",
                                                                    "Join Type": "Inner",
                                                                    "Plan Rows": 3,
                                                                    "Plan Width": 106,
                                                                    "Actual Startup Time": 1.884,
                                                                    "Actual Total Time": 25.434,
                                                                    "Actual Rows": 1043,
                                                                    "Actual Loops": 1,
                                                                    "Inner Unique": false,
                                                                    "Join Filter": "movie_id",
                                                                    "Rows Removed by Join Filter": 0,
                                                                    "Plans": [
                                                                        {
                                                                            "Node Type": "Nested Loop",
                                                                            "Join Type": "Inner",
                                                                            "Plan Rows": 1,
                                                                            "Plan Width": 94,
                                                                            "Actual Startup Time": 1.452,
                                                                            "Actual Total Time": 7.227,
                                                                            "Actual Rows": 257,
                                                                            "Actual Loops": 1,
                                                                            "Inner Unique": true,
                                                                            "Plans": [
                                                                                {
                                                                                    "Node Type": "Nested Loop",
                                                                                    "Join Type": "Inner",
                                                                                    "Plan Rows": 67,
                                                                                    "Plan Width": 98,
                                                                                    "Actual Startup Time": 1.446,
                                                                                    "Actual Total Time": 7.166,
                                                                                    "Actual Rows": 257,
                                                                                    "Actual Loops": 1,
                                                                                    "Inner Unique": false,
                                                                                    "Plans": [
                                                                                        {
                                                                                            "Node Type": "Nested Loop",
                                                                                            "Join Type": "Inner",
                                                                                            "Plan Rows": 42,
                                                                                            "Plan Width": 86,
                                                                                            "Actual Startup Time": 0.673,
                                                                                            "Actual Total Time": 4.724,
                                                                                            "Actual Rows": 2315,
                                                                                            "Actual Loops": 1,
                                                                                            "Inner Unique": false,
                                                                                            "Plans": [
                                                                                                {
                                                                                                    "Node Type": "Seq Scan",
                                                                                                    "Plan Rows": 1,
                                                                                                    "Plan Width": 86,
                                                                                                    "Actual Startup Time": 0.205,
                                                                                                    "Actual Total Time": 0.207,
                                                                                                    "Actual Rows": 2,
                                                                                                    "Actual Loops": 1,
                                                                                                    "Filter": "link",
                                                                                                    "Rows Removed by Filter": 16
                                                                                                },
                                                                                                {
                                                                                                    "Node Type": "Bitmap Heap Scan",
                                                                                                    "Plan Rows": 1875,
                                                                                                    "Plan Width": 8,
                                                                                                    "Actual Startup Time": 0.245,
                                                                                                    "Actual Total Time": 2.203,
                                                                                                    "Actual Rows": 1158,
                                                                                                    "Actual Loops": 2,
                                                                                                    "Recheck Cond": "link_type_id",
                                                                                                    "Rows Removed by Index Recheck": 0,
                                                                                                    "Exact Heap Blocks": 191,
                                                                                                    "Lossy Heap Blocks": 0,
                                                                                                    "Plans": [
                                                                                                        {
                                                                                                            "Node Type": "Bitmap Index Scan",
                                                                                                            "Index Name": "link_type_id_movie_link",
                                                                                                            "Plan Rows": 1875,
                                                                                                            "Plan Width": 0,
                                                                                                            "Actual Startup Time": 0.161,
                                                                                                            "Actual Total Time": 0.161,
                                                                                                            "Actual Rows": 1158,
                                                                                                            "Actual Loops": 2,
                                                                                                            "Index Cond": "link_type_id"
                                                                                                        }
                                                                                                    ]
                                                                                                }
                                                                                            ]
                                                                                        },
                                                                                        {
                                                                                            "Node Type": "Index Scan",
                                                                                            "Scan Direction": "Forward",
                                                                                            "Index Name": "movie_id_complete_cast",
                                                                                            "Plan Rows": 2,
                                                                                            "Plan Width": 12,
                                                                                            "Actual Startup Time": 0.001,
                                                                                            "Actual Total Time": 0.001,
                                                                                            "Actual Rows": 0,
                                                                                            "Actual Loops": 2315,
                                                                                            "Index Cond": "movie_id",
                                                                                            "Rows Removed by Index Recheck": 0
                                                                                        }
                                                                                    ]
                                                                                },
                                                                                {
                                                                                    "Node Type": "Memoize",
                                                                                    "Plan Rows": 1,
                                                                                    "Plan Width": 4,
                                                                                    "Actual Startup Time": 0.0,
                                                                                    "Actual Total Time": 0.0,
                                                                                    "Actual Rows": 1,
                                                                                    "Actual Loops": 257,
                                                                                    "Cache Key": "subject_id",
                                                                                    "Cache Mode": "logical",
                                                                                    "Cache Hits": 255,
                                                                                    "Cache Misses": 2,
                                                                                    "Cache Evictions": 0,
                                                                                    "Cache Overflows": 0,
                                                                                    "Peak Memory Usage": 1,
                                                                                    "Plans": [
                                                                                        {
                                                                                            "Node Type": "Index Scan",
                                                                                            "Scan Direction": "Forward",
                                                                                            "Index Name": "comp_cast_type_pkey",
                                                                                            "Plan Rows": 1,
                                                                                            "Plan Width": 4,
                                                                                            "Actual Startup Time": 0.002,
                                                                                            "Actual Total Time": 0.002,
                                                                                            "Actual Rows": 1,
                                                                                            "Actual Loops": 2,
                                                                                            "Index Cond": "id",
                                                                                            "Rows Removed by Index Recheck": 0,
                                                                                            "Filter": "kind",
                                                                                            "Rows Removed by Filter": 0
                                                                                        }
                                                                                    ]
                                                                                }
                                                                            ]
                                                                        },
                                                                        {
                                                                            "Node Type": "Index Scan",
                                                                            "Scan Direction": "Forward",
                                                                            "Index Name": "movie_id_movie_companies",
                                                                            "Plan Rows": 3,
                                                                            "Plan Width": 12,
                                                                            "Actual Startup Time": 0.062,
                                                                            "Actual Total Time": 0.071,
                                                                            "Actual Rows": 4,
                                                                            "Actual Loops": 257,
                                                                            "Index Cond": "movie_id",
                                                                            "Rows Removed by Index Recheck": 0,
                                                                            "Filter": "noteISNUL",
                                                                            "Rows Removed by Filter": 3
                                                                        }
                                                                    ]
                                                                },
                                                                {
                                                                    "Node Type": "Memoize",
                                                                    "Plan Rows": 1,
                                                                    "Plan Width": 4,
                                                                    "Actual Startup Time": 0.0,
                                                                    "Actual Total Time": 0.0,
                                                                    "Actual Rows": 1,
                                                                    "Actual Loops": 1043,
                                                                    "Cache Key": "company_type_id",
                                                                    "Cache Mode": "logical",
                                                                    "Cache Hits": 1041,
                                                                    "Cache Misses": 2,
                                                                    "Cache Evictions": 0,
                                                                    "Cache Overflows": 0,
                                                                    "Peak Memory Usage": 1,
                                                                    "Plans": [
                                                                        {
                                                                            "Node Type": "Index Scan",
                                                                            "Scan Direction": "Forward",
                                                                            "Index Name": "company_type_pkey",
                                                                            "Plan Rows": 1,
                                                                            "Plan Width": 4,
                                                                            "Actual Startup Time": 0.15,
                                                                            "Actual Total Time": 0.15,
                                                                            "Actual Rows": 0,
                                                                            "Actual Loops": 2,
                                                                            "Index Cond": "id",
                                                                            "Rows Removed by Index Recheck": 0,
                                                                            "Filter": "kind",
                                                                            "Rows Removed by Filter": 0
                                                                        }
                                                                    ]
                                                                }
                                                            ]
                                                        },
                                                        {
                                                            "Node Type": "Index Scan",
                                                            "Scan Direction": "Forward",
                                                            "Index Name": "movie_id_movie_keyword",
                                                            "Plan Rows": 47,
                                                            "Plan Width": 8,
                                                            "Actual Startup Time": 0.011,
                                                            "Actual Total Time": 0.012,
                                                            "Actual Rows": 12,
                                                            "Actual Loops": 934,
                                                            "Index Cond": "movie_id",
                                                            "Rows Removed by Index Recheck": 0
                                                        }
                                                    ]
                                                },
                                                {
                                                    "Node Type": "Index Scan",
                                                    "Scan Direction": "Forward",
                                                    "Index Name": "keyword_pkey",
                                                    "Plan Rows": 1,
                                                    "Plan Width": 4,
                                                    "Actual Startup Time": 0.001,
                                                    "Actual Total Time": 0.001,
                                                    "Actual Rows": 0,
                                                    "Actual Loops": 11150,
                                                    "Index Cond": "id",
                                                    "Rows Removed by Index Recheck": 0,
                                                    "Filter": "keyword",
                                                    "Rows Removed by Filter": 1
                                                }
                                            ]
                                        },
                                        {
                                            "Node Type": "Index Scan",
                                            "Scan Direction": "Forward",
                                            "Index Name": "comp_cast_type_pkey",
                                            "Plan Rows": 1,
                                            "Plan Width": 4,
                                            "Actual Startup Time": 0.0,
                                            "Actual Total Time": 0.0,
                                            "Actual Rows": 1,
                                            "Actual Loops": 552,
                                            "Index Cond": "id",
                                            "Rows Removed by Index Recheck": 0,
                                            "Filter": "kind",
                                            "Rows Removed by Filter": 0
                                        }
                                    ]
                                },
                                {
                                    "Node Type": "Index Scan",
                                    "Scan Direction": "Forward",
                                    "Index Name": "title_pkey",
                                    "Plan Rows": 1,
                                    "Plan Width": 21,
                                    "Actual Startup Time": 0.003,
                                    "Actual Total Time": 0.003,
                                    "Actual Rows": 1,
                                    "Actual Loops": 398,
                                    "Index Cond": "id",
                                    "Rows Removed by Index Recheck": 0,
                                    "Filter": "productinyea",
                                    "Rows Removed by Filter": 0
                                }
                            ]
                        },
                        {
                            "Node Type": "Index Scan",
                            "Scan Direction": "Forward",
                            "Index Name": "movie_id_movie_info",
                            "Plan Rows": 1,
                            "Plan Width": 4,
                            "Actual Startup Time": 0.038,
                            "Actual Total Time": 0.04,
                            "Actual Rows": 3,
                            "Actual Loops": 398,
                            "Index Cond": "movie_id",
                            "Rows Removed by Index Recheck": 0,
                            "Filter": "info",
                            "Rows Removed by Filter": 18
                        }
                    ]
                },
                {
                    "Node Type": "Index Scan",
                    "Scan Direction": "Forward",
                    "Index Name": "company_name_pkey",
                    "Plan Rows": 1,
                    "Plan Width": 23,
                    "Actual Startup Time": 0.004,
                    "Actual Total Time": 0.004,
                    "Actual Rows": 0,
                    "Actual Loops": 1106,
                    "Index Cond": "id",
                    "Rows Removed by Index Recheck": 0,
                    "Filter": "countrydeam",
                    "Rows Removed by Filter": 1
                }
            ]
        }
    ]
}