{
    "Node Type": "Aggregate",
    "Strategy": "Plain",
    "Partial Mode": "Simple",
    "Plan Rows": 1,
    "Plan Width": 96,
    "Actual Startup Time": 13.174,
    "Actual Total Time": 13.175,
    "Actual Rows": 1,
    "Actual Loops": 1,
    "Plans": [
        {
            "Node Type": "Nested Loop",
            "Join Type": "Inner",
            "Plan Rows": 1,
            "Plan Width": 118,
            "Actual Startup Time": 1.142,
            "Actual Total Time": 13.059,
            "Actual Rows": 247,
            "Actual Loops": 1,
            "Inner Unique": true,
            "Join Filter": "movie_id",
            "Rows Removed by Join Filter": 0,
            "Plans": [
                {
                    "Node Type": "Nested Loop",
                    "Join Type": "Inner",
                    "Plan Rows": 1,
                    "Plan Width": 121,
                    "Actual Startup Time": 0.992,
                    "Actual Total Time": 12.692,
                    "Actual Rows": 477,
                    "Actual Loops": 1,
                    "Inner Unique": true,
                    "Plans": [
                        {
                            "Node Type": "Nested Loop",
                            "Join Type": "Inner",
                            "Plan Rows": 1,
                            "Plan Width": 106,
                            "Actual Startup Time": 0.974,
                            "Actual Total Time": 11.738,
                            "Actual Rows": 1106,
                            "Actual Loops": 1,
                            "Inner Unique": false,
                            "Join Filter": "movie_id",
                            "Rows Removed by Join Filter": 0,
                            "Plans": [
                                {
                                    "Node Type": "Nested Loop",
                                    "Join Type": "Inner",
                                    "Plan Rows": 1,
                                    "Plan Width": 102,
                                    "Actual Startup Time": 0.14,
                                    "Actual Total Time": 9.861,
                                    "Actual Rows": 398,
                                    "Actual Loops": 1,
                                    "Inner Unique": true,
                                    "Plans": [
                                        {
                                            "Node Type": "Nested Loop",
                                            "Join Type": "Inner",
                                            "Plan Rows": 47,
                                            "Plan Width": 106,
                                            "Actual Startup Time": 0.133,
                                            "Actual Total Time": 3.679,
                                            "Actual Rows": 8313,
                                            "Actual Loops": 1,
                                            "Inner Unique": false,
                                            "Join Filter": "movie_id",
                                            "Rows Removed by Join Filter": 0,
                                            "Plans": [
                                                {
                                                    "Node Type": "Nested Loop",
                                                    "Join Type": "Inner",
                                                    "Plan Rows": 1,
                                                    "Plan Width": 98,
                                                    "Actual Startup Time": 0.131,
                                                    "Actual Total Time": 2.167,
                                                    "Actual Rows": 705,
                                                    "Actual Loops": 1,
                                                    "Inner Unique": true,
                                                    "Plans": [
                                                        {
                                                            "Node Type": "Nested Loop",
                                                            "Join Type": "Inner",
                                                            "Plan Rows": 3,
                                                            "Plan Width": 102,
                                                            "Actual Startup Time": 0.129,
                                                            "Actual Total Time": 2.025,
                                                            "Actual Rows": 794,
                                                            "Actual Loops": 1,
                                                            "Inner Unique": false,
                                                            "Join Filter": "movie_id",
                                                            "Rows Removed by Join Filter": 0,
                                                            "Plans": [
                                                                {
                                                                    "Node Type": "Nested Loop",
                                                                    "Join Type": "Inner",
                                                                    "Plan Rows": 1,
                                                                    "Plan Width": 90,
                                                                    "Actual Startup Time": 0.125,
                                                                    "Actual Total Time": 1.665,
                                                                    "Actual Rows": 189,
                                                                    "Actual Loops": 1,
                                                                    "Inner Unique": true,
                                                                    "Plans": [
                                                                        {
                                                                            "Node Type": "Nested Loop",
                                                                            "Join Type": "Inner",
                                                                            "Plan Rows": 1,
                                                                            "Plan Width": 94,
                                                                            "Actual Startup Time": 0.124,
                                                                            "Actual Total Time": 1.576,
                                                                            "Actual Rows": 189,
                                                                            "Actual Loops": 1,
                                                                            "Inner Unique": true,
                                                                            "Plans": [
                                                                                {
                                                                                    "Node Type": "Nested Loop",
                                                                                    "Join Type": "Inner",
                                                                                    "Plan Rows": 67,
                                                                                    "Plan Width": 98,
                                                                                    "Actual Startup Time": 0.122,
                                                                                    "Actual Total Time": 1.529,
                                                                                    "Actual Rows": 257,
                                                                                    "Actual Loops": 1,
                                                                                    "Inner Unique": false,
                                                                                    "Plans": [
                                                                                        {
                                                                                            "Node Type": "Nested Loop",
                                                                                            "Join Type": "Inner",
                                                                                            "Plan Rows": 42,
                                                                                            "Plan Width": 86,
                                                                                            "Actual Startup Time": 0.025,
                                                                                            "Actual Total Time": 0.297,
                                                                                            "Actual Rows": 2315,
                                                                                            "Actual Loops": 1,
                                                                                            "Inner Unique": false,
                                                                                            "Plans": [
                                                                                                {
                                                                                                    "Node Type": "Seq Scan",
                                                                                                    "Plan Rows": 1,
                                                                                                    "Plan Width": 86,
                                                                                                    "Actual Startup Time": 0.002,
                                                                                                    "Actual Total Time": 0.004,
                                                                                                    "Actual Rows": 2,
                                                                                                    "Actual Loops": 1,
                                                                                                    "Filter": "link",
                                                                                                    "Rows Removed by Filter": 16
                                                                                                },
                                                                                                {
                                                                                                    "Node Type": "Bitmap Heap Scan",
                                                                                                    "Plan Rows": 1875,
                                                                                                    "Plan Width": 8,
                                                                                                    "Actual Startup Time": 0.021,
                                                                                                    "Actual Total Time": 0.095,
                                                                                                    "Actual Rows": 1158,
                                                                                                    "Actual Loops": 2,
                                                                                                    "Recheck Cond": "link_type_id",
                                                                                                    "Rows Removed by Index Recheck": 0,
                                                                                                    "Exact Heap Blocks": 191,
                                                                                                    "Lossy Heap Blocks": 0,
                                                                                                    "Plans": [
                                                                                                        {
                                                                                                            "Node Type": "Bitmap Index Scan",
                                                                                                            "Index Name": "link_type_id_movie_link",
                                                                                                            "Plan Rows": 1875,
                                                                                                            "Plan Width": 0,
                                                                                                            "Actual Startup Time": 0.015,
                                                                                                            "Actual Total Time": 0.015,
                                                                                                            "Actual Rows": 1158,
                                                                                                            "Actual Loops": 2,
                                                                                                            "Index Cond": "link_type_id"
                                                                                                        }
                                                                                                    ]
                                                                                                }
                                                                                            ]
                                                                                        },
                                                                                        {
                                                                                            "Node Type": "Index Scan",
                                                                                            "Scan Direction": "Forward",
                                                                                            "Index Name": "movie_id_complete_cast",
                                                                                            "Plan Rows": 2,
                                                                                            "Plan Width": 12,
                                                                                            "Actual Startup Time": 0.0,
                                                                                            "Actual Total Time": 0.0,
                                                                                            "Actual Rows": 0,
                                                                                            "Actual Loops": 2315,
                                                                                            "Index Cond": "movie_id",
                                                                                            "Rows Removed by Index Recheck": 0
                                                                                        }
                                                                                    ]
                                                                                },
                                                                                {
                                                                                    "Node Type": "Memoize",
                                                                                    "Plan Rows": 1,
                                                                                    "Plan Width": 4,
                                                                                    "Actual Startup Time": 0.0,
                                                                                    "Actual Total Time": 0.0,
                                                                                    "Actual Rows": 1,
                                                                                    "Actual Loops": 257,
                                                                                    "Cache Key": "status_id",
                                                                                    "Cache Mode": "logical",
                                                                                    "Cache Hits": 255,
                                                                                    "Cache Misses": 2,
                                                                                    "Cache Evictions": 0,
                                                                                    "Cache Overflows": 0,
                                                                                    "Peak Memory Usage": 1,
                                                                                    "Plans": [
                                                                                        {
                                                                                            "Node Type": "Index Scan",
                                                                                            "Scan Direction": "Forward",
                                                                                            "Index Name": "comp_cast_type_pkey",
                                                                                            "Plan Rows": 1,
                                                                                            "Plan Width": 4,
                                                                                            "Actual Startup Time": 0.001,
                                                                                            "Actual Total Time": 0.001,
                                                                                            "Actual Rows": 0,
                                                                                            "Actual Loops": 2,
                                                                                            "Index Cond": "id",
                                                                                            "Rows Removed by Index Recheck": 0,
                                                                                            "Filter": "kind",
                                                                                            "Rows Removed by Filter": 0
                                                                                        }
                                                                                    ]
                                                                                }
                                                                            ]
                                                                        },
                                                                        {
                                                                            "Node Type": "Index Scan",
                                                                            "Scan Direction": "Forward",
                                                                            "Index Name": "comp_cast_type_pkey",
                                                                            "Plan Rows": 1,
                                                                            "Plan Width": 4,
                                                                            "Actual Startup Time": 0.0,
                                                                            "Actual Total Time": 0.0,
                                                                            "Actual Rows": 1,
                                                                            "Actual Loops": 189,
                                                                            "Index Cond": "id",
                                                                            "Rows Removed by Index Recheck": 0,
                                                                            "Filter": "kind",
                                                                            "Rows Removed by Filter": 0
                                                                        }
                                                                    ]
                                                                },
                                                                {
                                                                    "Node Type": "Index Scan",
                                                                    "Scan Direction": "Forward",
                                                                    "Index Name": "movie_id_movie_companies",
                                                                    "Plan Rows": 3,
                                                                    "Plan Width": 12,
                                                                    "Actual Startup Time": 0.001,
                                                                    "Actual Total Time": 0.002,
                                                                    "Actual Rows": 4,
                                                                    "Actual Loops": 189,
                                                                    "Index Cond": "movie_id",
                                                                    "Rows Removed by Index Recheck": 0,
                                                                    "Filter": "noteISNUL",
                                                                    "Rows Removed by Filter": 3
                                                                }
                                                            ]
                                                        },
                                                        {
                                                            "Node Type": "Memoize",
                                                            "Plan Rows": 1,
                                                            "Plan Width": 4,
                                                            "Actual Startup Time": 0.0,
                                                            "Actual Total Time": 0.0,
                                                            "Actual Rows": 1,
                                                            "Actual Loops": 794,
                                                            "Cache Key": "company_type_id",
                                                            "Cache Mode": "logical",
                                                            "Cache Hits": 792,
                                                            "Cache Misses": 2,
                                                            "Cache Evictions": 0,
                                                            "Cache Overflows": 0,
                                                            "Peak Memory Usage": 1,
                                                            "Plans": [
                                                                {
                                                                    "Node Type": "Index Scan",
                                                                    "Scan Direction": "Forward",
                                                                    "Index Name": "company_type_pkey",
                                                                    "Plan Rows": 1,
                                                                    "Plan Width": 4,
                                                                    "Actual Startup Time": 0.001,
                                                                    "Actual Total Time": 0.001,
                                                                    "Actual Rows": 0,
                                                                    "Actual Loops": 2,
                                                                    "Index Cond": "id",
                                                                    "Rows Removed by Index Recheck": 0,
                                                                    "Filter": "kind",
                                                                    "Rows Removed by Filter": 0
                                                                }
                                                            ]
                                                        }
                                                    ]
                                                },
                                                {
                                                    "Node Type": "Index Scan",
                                                    "Scan Direction": "Forward",
                                                    "Index Name": "movie_id_movie_keyword",
                                                    "Plan Rows": 47,
                                                    "Plan Width": 8,
                                                    "Actual Startup Time": 0.001,
                                                    "Actual Total Time": 0.001,
                                                    "Actual Rows": 12,
                                                    "Actual Loops": 705,
                                                    "Index Cond": "movie_id",
                                                    "Rows Removed by Index Recheck": 0
                                                }
                                            ]
                                        },
                                        {
                                            "Node Type": "Index Scan",
                                            "Scan Direction": "Forward",
                                            "Index Name": "keyword_pkey",
                                            "Plan Rows": 1,
                                            "Plan Width": 4,
                                            "Actual Startup Time": 0.001,
                                            "Actual Total Time": 0.001,
                                            "Actual Rows": 0,
                                            "Actual Loops": 8313,
                                            "Index Cond": "id",
                                            "Rows Removed by Index Recheck": 0,
                                            "Filter": "keyword",
                                            "Rows Removed by Filter": 1
                                        }
                                    ]
                                },
                                {
                                    "Node Type": "Index Scan",
                                    "Scan Direction": "Forward",
                                    "Index Name": "movie_id_movie_info",
                                    "Plan Rows": 1,
                                    "Plan Width": 4,
                                    "Actual Startup Time": 0.004,
                                    "Actual Total Time": 0.004,
                                    "Actual Rows": 3,
                                    "Actual Loops": 398,
                                    "Index Cond": "movie_id",
                                    "Rows Removed by Index Recheck": 0,
                                    "Filter": "info",
                                    "Rows Removed by Filter": 18
                                }
                            ]
                        },
                        {
                            "Node Type": "Index Scan",
                            "Scan Direction": "Forward",
                            "Index Name": "company_name_pkey",
                            "Plan Rows": 1,
                            "Plan Width": 23,
                            "Actual Startup Time": 0.001,
                            "Actual Total Time": 0.001,
                            "Actual Rows": 0,
                            "Actual Loops": 1106,
                            "Index Cond": "id",
                            "Rows Removed by Index Recheck": 0,
                            "Filter": "countrydeam",
                            "Rows Removed by Filter": 1
                        }
                    ]
                },
                {
                    "Node Type": "Index Scan",
                    "Scan Direction": "Forward",
                    "Index Name": "title_pkey",
                    "Plan Rows": 1,
                    "Plan Width": 21,
                    "Actual Startup Time": 0.001,
                    "Actual Total Time": 0.001,
                    "Actual Rows": 1,
                    "Actual Loops": 477,
                    "Index Cond": "id",
                    "Rows Removed by Index Recheck": 0,
                    "Filter": "productinyea",
                    "Rows Removed by Filter": 0
                }
            ]
        }
    ]
}