{
    "Node Type": "Aggregate",
    "Strategy": "Plain",
    "Partial Mode": "Simple",
    "Plan Rows": 1,
    "Plan Width": 96,
    "Actual Startup Time": 57.562,
    "Actual Total Time": 57.564,
    "Actual Rows": 1,
    "Actual Loops": 1,
    "Plans": [
        {
            "Node Type": "Nested Loop",
            "Join Type": "Inner",
            "Plan Rows": 1,
            "Plan Width": 48,
            "Actual Startup Time": 36.975,
            "Actual Total Time": 57.42,
            "Actual Rows": 1620,
            "Actual Loops": 1,
            "Inner Unique": true,
            "Plans": [
                {
                    "Node Type": "Nested Loop",
                    "Join Type": "Inner",
                    "Plan Rows": 1,
                    "Plan Width": 36,
                    "Actual Startup Time": 36.964,
                    "Actual Total Time": 56.381,
                    "Actual Rows": 1620,
                    "Actual Loops": 1,
                    "Inner Unique": false,
                    "Join Filter": "id",
                    "Rows Removed by Join Filter": 0,
                    "Plans": [
                        {
                            "Node Type": "Nested Loop",
                            "Join Type": "Inner",
                            "Plan Rows": 1,
                            "Plan Width": 48,
                            "Actual Startup Time": 36.6,
                            "Actual Total Time": 55.595,
                            "Actual Rows": 540,
                            "Actual Loops": 1,
                            "Inner Unique": true,
                            "Join Filter": "info_type_id",
                            "Rows Removed by Join Filter": 0,
                            "Plans": [
                                {
                                    "Node Type": "Nested Loop",
                                    "Join Type": "Inner",
                                    "Plan Rows": 1,
                                    "Plan Width": 52,
                                    "Actual Startup Time": 36.596,
                                    "Actual Total Time": 54.603,
                                    "Actual Rows": 540,
                                    "Actual Loops": 1,
                                    "Inner Unique": false,
                                    "Join Filter": "id",
                                    "Rows Removed by Join Filter": 1090,
                                    "Plans": [
                                        {
                                            "Node Type": "Seq Scan",
                                            "Plan Rows": 1,
                                            "Plan Width": 4,
                                            "Actual Startup Time": 0.003,
                                            "Actual Total Time": 0.006,
                                            "Actual Rows": 1,
                                            "Actual Loops": 1,
                                            "Filter": "info",
                                            "Rows Removed by Filter": 112
                                        },
                                        {
                                            "Node Type": "Nested Loop",
                                            "Join Type": "Inner",
                                            "Plan Rows": 1,
                                            "Plan Width": 56,
                                            "Actual Startup Time": 36.437,
                                            "Actual Total Time": 54.544,
                                            "Actual Rows": 1630,
                                            "Actual Loops": 1,
                                            "Inner Unique": false,
                                            "Join Filter": "id",
                                            "Rows Removed by Join Filter": 0,
                                            "Plans": [
                                                {
                                                    "Node Type": "Nested Loop",
                                                    "Join Type": "Inner",
                                                    "Plan Rows": 1,
                                                    "Plan Width": 48,
                                                    "Actual Startup Time": 35.9,
                                                    "Actual Total Time": 53.214,
                                                    "Actual Rows": 10,
                                                    "Actual Loops": 1,
                                                    "Inner Unique": false,
                                                    "Join Filter": "id",
                                                    "Rows Removed by Join Filter": 0,
                                                    "Plans": [
                                                        {
                                                            "Node Type": "Nested Loop",
                                                            "Join Type": "Inner",
                                                            "Plan Rows": 1,
                                                            "Plan Width": 64,
                                                            "Actual Startup Time": 35.691,
                                                            "Actual Total Time": 51.232,
                                                            "Actual Rows": 5,
                                                            "Actual Loops": 1,
                                                            "Inner Unique": true,
                                                            "Join Filter": "role_id",
                                                            "Rows Removed by Join Filter": 0,
                                                            "Plans": [
                                                                {
                                                                    "Node Type": "Nested Loop",
                                                                    "Join Type": "Inner",
                                                                    "Plan Rows": 1,
                                                                    "Plan Width": 68,
                                                                    "Actual Startup Time": 35.503,
                                                                    "Actual Total Time": 51.04,
                                                                    "Actual Rows": 5,
                                                                    "Actual Loops": 1,
                                                                    "Inner Unique": true,
                                                                    "Join Filter": "id",
                                                                    "Rows Removed by Join Filter": 0,
                                                                    "Plans": [
                                                                        {
                                                                            "Node Type": "Nested Loop",
                                                                            "Join Type": "Inner",
                                                                            "Plan Rows": 1,
                                                                            "Plan Width": 72,
                                                                            "Actual Startup Time": 35.501,
                                                                            "Actual Total Time": 51.035,
                                                                            "Actual Rows": 5,
                                                                            "Actual Loops": 1,
                                                                            "Inner Unique": true,
                                                                            "Join Filter": "id",
                                                                            "Rows Removed by Join Filter": 0,
                                                                            "Plans": [
                                                                                {
                                                                                    "Node Type": "Nested Loop",
                                                                                    "Join Type": "Inner",
                                                                                    "Plan Rows": 1,
                                                                                    "Plan Width": 76,
                                                                                    "Actual Startup Time": 35.497,
                                                                                    "Actual Total Time": 51.026,
                                                                                    "Actual Rows": 5,
                                                                                    "Actual Loops": 1,
                                                                                    "Inner Unique": false,
                                                                                    "Join Filter": "id",
                                                                                    "Rows Removed by Join Filter": 0,
                                                                                    "Plans": [
                                                                                        {
                                                                                            "Node Type": "Nested Loop",
                                                                                            "Join Type": "Inner",
                                                                                            "Plan Rows": 1,
                                                                                            "Plan Width": 64,
                                                                                            "Actual Startup Time": 35.33,
                                                                                            "Actual Total Time": 50.852,
                                                                                            "Actual Rows": 5,
                                                                                            "Actual Loops": 1,
                                                                                            "Inner Unique": true,
                                                                                            "Plans": [
                                                                                                {
                                                                                                    "Node Type": "Nested Loop",
                                                                                                    "Join Type": "Inner",
                                                                                                    "Plan Rows": 1,
                                                                                                    "Plan Width": 68,
                                                                                                    "Actual Startup Time": 35.321,
                                                                                                    "Actual Total Time": 50.399,
                                                                                                    "Actual Rows": 22,
                                                                                                    "Actual Loops": 1,
                                                                                                    "Inner Unique": false,
                                                                                                    "Join Filter": "id",
                                                                                                    "Rows Removed by Join Filter": 0,
                                                                                                    "Plans": [
                                                                                                        {
                                                                                                            "Node Type": "Nested Loop",
                                                                                                            "Join Type": "Inner",
                                                                                                            "Plan Rows": 1,
                                                                                                            "Plan Width": 60,
                                                                                                            "Actual Startup Time": 35.31,
                                                                                                            "Actual Total Time": 50.382,
                                                                                                            "Actual Rows": 1,
                                                                                                            "Actual Loops": 1,
                                                                                                            "Inner Unique": true,
                                                                                                            "Plans": [
                                                                                                                {
                                                                                                                    "Node Type": "Nested Loop",
                                                                                                                    "Join Type": "Inner",
                                                                                                                    "Plan Rows": 1,
                                                                                                                    "Plan Width": 41,
                                                                                                                    "Actual Startup Time": 34.152,
                                                                                                                    "Actual Total Time": 49.531,
                                                                                                                    "Actual Rows": 38,
                                                                                                                    "Actual Loops": 1,
                                                                                                                    "Inner Unique": false,
                                                                                                                    "Join Filter": "id",
                                                                                                                    "Rows Removed by Join Filter": 0,
                                                                                                                    "Plans": [
                                                                                                                        {
                                                                                                                            "Node Type": "Nested Loop",
                                                                                                                            "Join Type": "Inner",
                                                                                                                            "Plan Rows": 1,
                                                                                                                            "Plan Width": 25,
                                                                                                                            "Actual Startup Time": 34.139,
                                                                                                                            "Actual Total Time": 45.687,
                                                                                                                            "Actual Rows": 1,
                                                                                                                            "Actual Loops": 1,
                                                                                                                            "Inner Unique": true,
                                                                                                                            "Plans": [
                                                                                                                                {
                                                                                                                                    "Node Type": "Nested Loop",
                                                                                                                                    "Join Type": "Inner",
                                                                                                                                    "Plan Rows": 34,
                                                                                                                                    "Plan Width": 4,
                                                                                                                                    "Actual Startup Time": 3.742,
                                                                                                                                    "Actual Total Time": 39.799,
                                                                                                                                    "Actual Rows": 414,
                                                                                                                                    "Actual Loops": 1,
                                                                                                                                    "Inner Unique": false,
                                                                                                                                    "Plans": [
                                                                                                                                        {
                                                                                                                                            "Node Type": "Seq Scan",
                                                                                                                                            "Plan Rows": 1,
                                                                                                                                            "Plan Width": 4,
                                                                                                                                            "Actual Startup Time": 0.014,
                                                                                                                                            "Actual Total Time": 5.069,
                                                                                                                                            "Actual Rows": 1,
                                                                                                                                            "Actual Loops": 1,
                                                                                                                                            "Filter": "keyword",
                                                                                                                                            "Rows Removed by Filter": 134169
                                                                                                                                        },
                                                                                                                                        {
                                                                                                                                            "Node Type": "Bitmap Heap Scan",
                                                                                                                                            "Plan Rows": 301,
                                                                                                                                            "Plan Width": 8,
                                                                                                                                            "Actual Startup Time": 3.727,
                                                                                                                                            "Actual Total Time": 34.694,
                                                                                                                                            "Actual Rows": 414,
                                                                                                                                            "Actual Loops": 1,
                                                                                                                                            "Recheck Cond": "keyword_id",
                                                                                                                                            "Rows Removed by Index Recheck": 0,
                                                                                                                                            "Exact Heap Blocks": 358,
                                                                                                                                            "Lossy Heap Blocks": 0,
                                                                                                                                            "Plans": [
                                                                                                                                                {
                                                                                                                                                    "Node Type": "Bitmap Index Scan",
                                                                                                                                                    "Index Name": "keyword_id_movie_keyword",
                                                                                                                                                    "Plan Rows": 301,
                                                                                                                                                    "Plan Width": 0,
                                                                                                                                                    "Actual Startup Time": 3.519,
                                                                                                                                                    "Actual Total Time": 3.519,
                                                                                                                                                    "Actual Rows": 414,
                                                                                                                                                    "Actual Loops": 1,
                                                                                                                                                    "Index Cond": "keyword_id"
                                                                                                                                                }
                                                                                                                                            ]
                                                                                                                                        }
                                                                                                                                    ]
                                                                                                                                },
                                                                                                                                {
                                                                                                                                    "Node Type": "Index Scan",
                                                                                                                                    "Scan Direction": "Forward",
                                                                                                                                    "Index Name": "title_pkey",
                                                                                                                                    "Plan Rows": 1,
                                                                                                                                    "Plan Width": 21,
                                                                                                                                    "Actual Startup Time": 0.014,
                                                                                                                                    "Actual Total Time": 0.014,
                                                                                                                                    "Actual Rows": 0,
                                                                                                                                    "Actual Loops": 414,
                                                                                                                                    "Index Cond": "id",
                                                                                                                                    "Rows Removed by Index Recheck": 0,
                                                                                                                                    "Filter": "productinyeal",
                                                                                                                                    "Rows Removed by Filter": 1
                                                                                                                                }
                                                                                                                            ]
                                                                                                                        },
                                                                                                                        {
                                                                                                                            "Node Type": "Index Scan",
                                                                                                                            "Scan Direction": "Forward",
                                                                                                                            "Index Name": "movie_id_cast_info",
                                                                                                                            "Plan Rows": 1,
                                                                                                                            "Plan Width": 16,
                                                                                                                            "Actual Startup Time": 0.012,
                                                                                                                            "Actual Total Time": 3.84,
                                                                                                                            "Actual Rows": 38,
                                                                                                                            "Actual Loops": 1,
                                                                                                                            "Index Cond": "movie_id",
                                                                                                                            "Rows Removed by Index Recheck": 0,
                                                                                                                            "Filter": "notevicurdEglshx",
                                                                                                                            "Rows Removed by Filter": 191
                                                                                                                        }
                                                                                                                    ]
                                                                                                                },
                                                                                                                {
                                                                                                                    "Node Type": "Index Scan",
                                                                                                                    "Scan Direction": "Forward",
                                                                                                                    "Index Name": "name_pkey",
                                                                                                                    "Plan Rows": 1,
                                                                                                                    "Plan Width": 19,
                                                                                                                    "Actual Startup Time": 0.022,
                                                                                                                    "Actual Total Time": 0.022,
                                                                                                                    "Actual Rows": 0,
                                                                                                                    "Actual Loops": 38,
                                                                                                                    "Index Cond": "id",
                                                                                                                    "Rows Removed by Index Recheck": 0,
                                                                                                                    "Filter": "namegdr",
                                                                                                                    "Rows Removed by Filter": 1
                                                                                                                }
                                                                                                            ]
                                                                                                        },
                                                                                                        {
                                                                                                            "Node Type": "Index Scan",
                                                                                                            "Scan Direction": "Forward",
                                                                                                            "Index Name": "movie_id_movie_companies",
                                                                                                            "Plan Rows": 5,
                                                                                                            "Plan Width": 8,
                                                                                                            "Actual Startup Time": 0.01,
                                                                                                            "Actual Total Time": 0.014,
                                                                                                            "Actual Rows": 22,
                                                                                                            "Actual Loops": 1,
                                                                                                            "Index Cond": "movie_id",
                                                                                                            "Rows Removed by Index Recheck": 0
                                                                                                        }
                                                                                                    ]
                                                                                                },
                                                                                                {
                                                                                                    "Node Type": "Index Scan",
                                                                                                    "Scan Direction": "Forward",
                                                                                                    "Index Name": "company_name_pkey",
                                                                                                    "Plan Rows": 1,
                                                                                                    "Plan Width": 4,
                                                                                                    "Actual Startup Time": 0.02,
                                                                                                    "Actual Total Time": 0.02,
                                                                                                    "Actual Rows": 0,
                                                                                                    "Actual Loops": 22,
                                                                                                    "Index Cond": "id",
                                                                                                    "Rows Removed by Index Recheck": 0,
                                                                                                    "Filter": "countryde",
                                                                                                    "Rows Removed by Filter": 1
                                                                                                }
                                                                                            ]
                                                                                        },
                                                                                        {
                                                                                            "Node Type": "Index Scan",
                                                                                            "Scan Direction": "Forward",
                                                                                            "Index Name": "movie_id_complete_cast",
                                                                                            "Plan Rows": 2,
                                                                                            "Plan Width": 12,
                                                                                            "Actual Startup Time": 0.034,
                                                                                            "Actual Total Time": 0.034,
                                                                                            "Actual Rows": 1,
                                                                                            "Actual Loops": 5,
                                                                                            "Index Cond": "movie_id",
                                                                                            "Rows Removed by Index Recheck": 0
                                                                                        }
                                                                                    ]
                                                                                },
                                                                                {
                                                                                    "Node Type": "Seq Scan",
                                                                                    "Plan Rows": 4,
                                                                                    "Plan Width": 4,
                                                                                    "Actual Startup Time": 0.001,
                                                                                    "Actual Total Time": 0.001,
                                                                                    "Actual Rows": 1,
                                                                                    "Actual Loops": 5,
                                                                                    "Filter": "kind",
                                                                                    "Rows Removed by Filter": 0
                                                                                }
                                                                            ]
                                                                        },
                                                                        {
                                                                            "Node Type": "Seq Scan",
                                                                            "Plan Rows": 4,
                                                                            "Plan Width": 4,
                                                                            "Actual Startup Time": 0.0,
                                                                            "Actual Total Time": 0.0,
                                                                            "Actual Rows": 1,
                                                                            "Actual Loops": 5,
                                                                            "Filter": "kind",
                                                                            "Rows Removed by Filter": 3
                                                                        }
                                                                    ]
                                                                },
                                                                {
                                                                    "Node Type": "Seq Scan",
                                                                    "Plan Rows": 4,
                                                                    "Plan Width": 4,
                                                                    "Actual Startup Time": 0.038,
                                                                    "Actual Total Time": 0.038,
                                                                    "Actual Rows": 1,
                                                                    "Actual Loops": 5,
                                                                    "Filter": "role",
                                                                    "Rows Removed by Filter": 1
                                                                }
                                                            ]
                                                        },
                                                        {
                                                            "Node Type": "Index Scan",
                                                            "Scan Direction": "Forward",
                                                            "Index Name": "movie_id_movie_info",
                                                            "Plan Rows": 1,
                                                            "Plan Width": 8,
                                                            "Actual Startup Time": 0.044,
                                                            "Actual Total Time": 0.396,
                                                            "Actual Rows": 2,
                                                            "Actual Loops": 5,
                                                            "Index Cond": "movie_id",
                                                            "Rows Removed by Index Recheck": 0,
                                                            "Filter": "infoISNOTUL",
                                                            "Rows Removed by Filter": 455
                                                        }
                                                    ]
                                                },
                                                {
                                                    "Node Type": "Index Scan",
                                                    "Scan Direction": "Forward",
                                                    "Index Name": "person_id_person_info",
                                                    "Plan Rows": 25,
                                                    "Plan Width": 8,
                                                    "Actual Startup Time": 0.055,
                                                    "Actual Total Time": 0.123,
                                                    "Actual Rows": 163,
                                                    "Actual Loops": 10,
                                                    "Index Cond": "person_id",
                                                    "Rows Removed by Index Recheck": 0
                                                }
                                            ]
                                        }
                                    ]
                                },
                                {
                                    "Node Type": "Seq Scan",
                                    "Plan Rows": 1,
                                    "Plan Width": 4,
                                    "Actual Startup Time": 0.001,
                                    "Actual Total Time": 0.001,
                                    "Actual Rows": 1,
                                    "Actual Loops": 540,
                                    "Filter": "info",
                                    "Rows Removed by Filter": 15
                                }
                            ]
                        },
                        {
                            "Node Type": "Index Only Scan",
                            "Scan Direction": "Forward",
                            "Index Name": "person_id_aka_name",
                            "Plan Rows": 2,
                            "Plan Width": 4,
                            "Actual Startup Time": 0.001,
                            "Actual Total Time": 0.001,
                            "Actual Rows": 3,
                            "Actual Loops": 540,
                            "Index Cond": "person_id",
                            "Rows Removed by Index Recheck": 0,
                            "Heap Fetches": 0
                        }
                    ]
                },
                {
                    "Node Type": "Index Scan",
                    "Scan Direction": "Forward",
                    "Index Name": "char_name_pkey",
                    "Plan Rows": 1,
                    "Plan Width": 20,
                    "Actual Startup Time": 0.001,
                    "Actual Total Time": 0.001,
                    "Actual Rows": 1,
                    "Actual Loops": 1620,
                    "Index Cond": "id",
                    "Rows Removed by Index Recheck": 0,
                    "Filter": "name",
                    "Rows Removed by Filter": 0
                }
            ]
        }
    ]
}