{
    "Node Type": "Aggregate",
    "Strategy": "Plain",
    "Partial Mode": "Simple",
    "Plan Rows": 1,
    "Plan Width": 96,
    "Actual Startup Time": 1406.818,
    "Actual Total Time": 1406.822,
    "Actual Rows": 1,
    "Actual Loops": 1,
    "Plans": [
        {
            "Node Type": "Nested Loop",
            "Join Type": "Inner",
            "Plan Rows": 1,
            "Plan Width": 48,
            "Actual Startup Time": 468.359,
            "Actual Total Time": 1399.838,
            "Actual Rows": 16308,
            "Actual Loops": 1,
            "Inner Unique": true,
            "Plans": [
                {
                    "Node Type": "Nested Loop",
                    "Join Type": "Inner",
                    "Plan Rows": 1,
                    "Plan Width": 52,
                    "Actual Startup Time": 467.854,
                    "Actual Total Time": 1338.63,
                    "Actual Rows": 75240,
                    "Actual Loops": 1,
                    "Inner Unique": false,
                    "Join Filter": "id",
                    "Rows Removed by Join Filter": 0,
                    "Plans": [
                        {
                            "Node Type": "Nested Loop",
                            "Join Type": "Inner",
                            "Plan Rows": 1,
                            "Plan Width": 68,
                            "Actual Startup Time": 467.829,
                            "Actual Total Time": 1327.422,
                            "Actual Rows": 2868,
                            "Actual Loops": 1,
                            "Inner Unique": false,
                            "Join Filter": "id",
                            "Rows Removed by Join Filter": 0,
                            "Plans": [
                                {
                                    "Node Type": "Nested Loop",
                                    "Join Type": "Inner",
                                    "Plan Rows": 1,
                                    "Plan Width": 80,
                                    "Actual Startup Time": 467.645,
                                    "Actual Total Time": 1326.31,
                                    "Actual Rows": 666,
                                    "Actual Loops": 1,
                                    "Inner Unique": true,
                                    "Plans": [
                                        {
                                            "Node Type": "Nested Loop",
                                            "Join Type": "Inner",
                                            "Plan Rows": 1,
                                            "Plan Width": 84,
                                            "Actual Startup Time": 467.415,
                                            "Actual Total Time": 1325.187,
                                            "Actual Rows": 2747,
                                            "Actual Loops": 1,
                                            "Inner Unique": false,
                                            "Join Filter": "id",
                                            "Rows Removed by Join Filter": 0,
                                            "Plans": [
                                                {
                                                    "Node Type": "Nested Loop",
                                                    "Join Type": "Inner",
                                                    "Plan Rows": 1,
                                                    "Plan Width": 76,
                                                    "Actual Startup Time": 467.066,
                                                    "Actual Total Time": 1323.416,
                                                    "Actual Rows": 8,
                                                    "Actual Loops": 1,
                                                    "Inner Unique": true,
                                                    "Plans": [
                                                        {
                                                            "Node Type": "Nested Loop",
                                                            "Join Type": "Inner",
                                                            "Plan Rows": 1,
                                                            "Plan Width": 57,
                                                            "Actual Startup Time": 117.676,
                                                            "Actual Total Time": 1320.958,
                                                            "Actual Rows": 315,
                                                            "Actual Loops": 1,
                                                            "Inner Unique": true,
                                                            "Plans": [
                                                                {
                                                                    "Node Type": "Nested Loop",
                                                                    "Join Type": "Inner",
                                                                    "Plan Rows": 1,
                                                                    "Plan Width": 45,
                                                                    "Actual Startup Time": 117.663,
                                                                    "Actual Total Time": 1320.032,
                                                                    "Actual Rows": 417,
                                                                    "Actual Loops": 1,
                                                                    "Inner Unique": true,
                                                                    "Plans": [
                                                                        {
                                                                            "Node Type": "Nested Loop",
                                                                            "Join Type": "Inner",
                                                                            "Plan Rows": 1,
                                                                            "Plan Width": 49,
                                                                            "Actual Startup Time": 117.578,
                                                                            "Actual Total Time": 1319.269,
                                                                            "Actual Rows": 1792,
                                                                            "Actual Loops": 1,
                                                                            "Inner Unique": false,
                                                                            "Join Filter": "id",
                                                                            "Rows Removed by Join Filter": 0,
                                                                            "Plans": [
                                                                                {
                                                                                    "Node Type": "Nested Loop",
                                                                                    "Join Type": "Inner",
                                                                                    "Plan Rows": 1,
                                                                                    "Plan Width": 33,
                                                                                    "Actual Startup Time": 117.55,
                                                                                    "Actual Total Time": 1310.067,
                                                                                    "Actual Rows": 61,
                                                                                    "Actual Loops": 1,
                                                                                    "Inner Unique": true,
                                                                                    "Plans": [
                                                                                        {
                                                                                            "Node Type": "Nested Loop",
                                                                                            "Join Type": "Inner",
                                                                                            "Plan Rows": 1,
                                                                                            "Plan Width": 37,
                                                                                            "Actual Startup Time": 117.545,
                                                                                            "Actual Total Time": 1309.979,
                                                                                            "Actual Rows": 61,
                                                                                            "Actual Loops": 1,
                                                                                            "Inner Unique": false,
                                                                                            "Join Filter": "id",
                                                                                            "Rows Removed by Join Filter": 0,
                                                                                            "Plans": [
                                                                                                {
                                                                                                    "Node Type": "Nested Loop",
                                                                                                    "Join Type": "Inner",
                                                                                                    "Plan Rows": 1,
                                                                                                    "Plan Width": 29,
                                                                                                    "Actual Startup Time": 116.401,
                                                                                                    "Actual Total Time": 1254.236,
                                                                                                    "Actual Rows": 18,
                                                                                                    "Actual Loops": 1,
                                                                                                    "Inner Unique": true,
                                                                                                    "Plans": [
                                                                                                        {
                                                                                                            "Node Type": "Nested Loop",
                                                                                                            "Join Type": "Inner",
                                                                                                            "Plan Rows": 1,
                                                                                                            "Plan Width": 8,
                                                                                                            "Actual Startup Time": 20.913,
                                                                                                            "Actual Total Time": 1253.648,
                                                                                                            "Actual Rows": 23,
                                                                                                            "Actual Loops": 1,
                                                                                                            "Inner Unique": true,
                                                                                                            "Plans": [
                                                                                                                {
                                                                                                                    "Node Type": "Nested Loop",
                                                                                                                    "Join Type": "Inner",
                                                                                                                    "Plan Rows": 188,
                                                                                                                    "Plan Width": 12,
                                                                                                                    "Actual Startup Time": 0.844,
                                                                                                                    "Actual Total Time": 591.734,
                                                                                                                    "Actual Rows": 742266,
                                                                                                                    "Actual Loops": 1,
                                                                                                                    "Inner Unique": false,
                                                                                                                    "Plans": [
                                                                                                                        {
                                                                                                                            "Node Type": "Nested Loop",
                                                                                                                            "Join Type": "Inner",
                                                                                                                            "Plan Rows": 4,
                                                                                                                            "Plan Width": 4,
                                                                                                                            "Actual Startup Time": 0.439,
                                                                                                                            "Actual Total Time": 18.45,
                                                                                                                            "Actual Rows": 17879,
                                                                                                                            "Actual Loops": 1,
                                                                                                                            "Inner Unique": true,
                                                                                                                            "Plans": [
                                                                                                                                {
                                                                                                                                    "Node Type": "Hash Join",
                                                                                                                                    "Join Type": "Inner",
                                                                                                                                    "Plan Rows": 761,
                                                                                                                                    "Plan Width": 8,
                                                                                                                                    "Actual Startup Time": 0.252,
                                                                                                                                    "Actual Total Time": 14.145,
                                                                                                                                    "Actual Rows": 24592,
                                                                                                                                    "Actual Loops": 1,
                                                                                                                                    "Inner Unique": true,
                                                                                                                                    "Hash Cond": "status_id",
                                                                                                                                    "Plans": [
                                                                                                                                        {
                                                                                                                                            "Node Type": "Seq Scan",
                                                                                                                                            "Plan Rows": 135086,
                                                                                                                                            "Plan Width": 12,
                                                                                                                                            "Actual Startup Time": 0.014,
                                                                                                                                            "Actual Total Time": 5.402,
                                                                                                                                            "Actual Rows": 135086,
                                                                                                                                            "Actual Loops": 1
                                                                                                                                        },
                                                                                                                                        {
                                                                                                                                            "Node Type": "Hash",
                                                                                                                                            "Plan Rows": 4,
                                                                                                                                            "Plan Width": 4,
                                                                                                                                            "Actual Startup Time": 0.231,
                                                                                                                                            "Actual Total Time": 0.232,
                                                                                                                                            "Actual Rows": 1,
                                                                                                                                            "Actual Loops": 1,
                                                                                                                                            "Hash Buckets": 1024,
                                                                                                                                            "Original Hash Buckets": 1024,
                                                                                                                                            "Hash Batches": 1,
                                                                                                                                            "Original Hash Batches": 1,
                                                                                                                                            "Peak Memory Usage": 9,
                                                                                                                                            "Plans": [
                                                                                                                                                {
                                                                                                                                                    "Node Type": "Seq Scan",
                                                                                                                                                    "Plan Rows": 4,
                                                                                                                                                    "Plan Width": 4,
                                                                                                                                                    "Actual Startup Time": 0.23,
                                                                                                                                                    "Actual Total Time": 0.23,
                                                                                                                                                    "Actual Rows": 1,
                                                                                                                                                    "Actual Loops": 1,
                                                                                                                                                    "Filter": "kind",
                                                                                                                                                    "Rows Removed by Filter": 3
                                                                                                                                                }
                                                                                                                                            ]
                                                                                                                                        }
                                                                                                                                    ]
                                                                                                                                },
                                                                                                                                {
                                                                                                                                    "Node Type": "Memoize",
                                                                                                                                    "Plan Rows": 1,
                                                                                                                                    "Plan Width": 4,
                                                                                                                                    "Actual Startup Time": 0.0,
                                                                                                                                    "Actual Total Time": 0.0,
                                                                                                                                    "Actual Rows": 1,
                                                                                                                                    "Actual Loops": 24592,
                                                                                                                                    "Cache Key": "subject_id",
                                                                                                                                    "Cache Mode": "logical",
                                                                                                                                    "Cache Hits": 24590,
                                                                                                                                    "Cache Misses": 2,
                                                                                                                                    "Cache Evictions": 0,
                                                                                                                                    "Cache Overflows": 0,
                                                                                                                                    "Peak Memory Usage": 1,
                                                                                                                                    "Plans": [
                                                                                                                                        {
                                                                                                                                            "Node Type": "Index Scan",
                                                                                                                                            "Scan Direction": "Forward",
                                                                                                                                            "Index Name": "comp_cast_type_pkey",
                                                                                                                                            "Plan Rows": 1,
                                                                                                                                            "Plan Width": 4,
                                                                                                                                            "Actual Startup Time": 0.097,
                                                                                                                                            "Actual Total Time": 0.097,
                                                                                                                                            "Actual Rows": 0,
                                                                                                                                            "Actual Loops": 2,
                                                                                                                                            "Index Cond": "id",
                                                                                                                                            "Rows Removed by Index Recheck": 0,
                                                                                                                                            "Filter": "kind",
                                                                                                                                            "Rows Removed by Filter": 0
                                                                                                                                        }
                                                                                                                                    ]
                                                                                                                                }
                                                                                                                            ]
                                                                                                                        },
                                                                                                                        {
                                                                                                                            "Node Type": "Index Scan",
                                                                                                                            "Scan Direction": "Forward",
                                                                                                                            "Index Name": "movie_id_movie_keyword",
                                                                                                                            "Plan Rows": 47,
                                                                                                                            "Plan Width": 8,
                                                                                                                            "Actual Startup Time": 0.025,
                                                                                                                            "Actual Total Time": 0.03,
                                                                                                                            "Actual Rows": 42,
                                                                                                                            "Actual Loops": 17879,
                                                                                                                            "Index Cond": "movie_id",
                                                                                                                            "Rows Removed by Index Recheck": 0
                                                                                                                        }
                                                                                                                    ]
                                                                                                                },
                                                                                                                {
                                                                                                                    "Node Type": "Index Scan",
                                                                                                                    "Scan Direction": "Forward",
                                                                                                                    "Index Name": "keyword_pkey",
                                                                                                                    "Plan Rows": 1,
                                                                                                                    "Plan Width": 4,
                                                                                                                    "Actual Startup Time": 0.001,
                                                                                                                    "Actual Total Time": 0.001,
                                                                                                                    "Actual Rows": 0,
                                                                                                                    "Actual Loops": 742266,
                                                                                                                    "Index Cond": "id",
                                                                                                                    "Rows Removed by Index Recheck": 0,
                                                                                                                    "Filter": "keyword",
                                                                                                                    "Rows Removed by Filter": 1
                                                                                                                }
                                                                                                            ]
                                                                                                        },
                                                                                                        {
                                                                                                            "Node Type": "Index Scan",
                                                                                                            "Scan Direction": "Forward",
                                                                                                            "Index Name": "title_pkey",
                                                                                                            "Plan Rows": 1,
                                                                                                            "Plan Width": 21,
                                                                                                            "Actual Startup Time": 0.024,
                                                                                                            "Actual Total Time": 0.024,
                                                                                                            "Actual Rows": 1,
                                                                                                            "Actual Loops": 23,
                                                                                                            "Index Cond": "id",
                                                                                                            "Rows Removed by Index Recheck": 0,
                                                                                                            "Filter": "productinyea",
                                                                                                            "Rows Removed by Filter": 0
                                                                                                        }
                                                                                                    ]
                                                                                                },
                                                                                                {
                                                                                                    "Node Type": "Index Scan",
                                                                                                    "Scan Direction": "Forward",
                                                                                                    "Index Name": "movie_id_movie_info",
                                                                                                    "Plan Rows": 1,
                                                                                                    "Plan Width": 8,
                                                                                                    "Actual Startup Time": 0.894,
                                                                                                    "Actual Total Time": 3.095,
                                                                                                    "Actual Rows": 3,
                                                                                                    "Actual Loops": 18,
                                                                                                    "Index Cond": "movie_id",
                                                                                                    "Rows Removed by Index Recheck": 0,
                                                                                                    "Filter": "infoISNOTUL",
                                                                                                    "Rows Removed by Filter": 315
                                                                                                }
                                                                                            ]
                                                                                        },
                                                                                        {
                                                                                            "Node Type": "Index Scan",
                                                                                            "Scan Direction": "Forward",
                                                                                            "Index Name": "info_type_pkey",
                                                                                            "Plan Rows": 1,
                                                                                            "Plan Width": 4,
                                                                                            "Actual Startup Time": 0.001,
                                                                                            "Actual Total Time": 0.001,
                                                                                            "Actual Rows": 1,
                                                                                            "Actual Loops": 61,
                                                                                            "Index Cond": "id",
                                                                                            "Rows Removed by Index Recheck": 0,
                                                                                            "Filter": "info",
                                                                                            "Rows Removed by Filter": 0
                                                                                        }
                                                                                    ]
                                                                                },
                                                                                {
                                                                                    "Node Type": "Index Scan",
                                                                                    "Scan Direction": "Forward",
                                                                                    "Index Name": "movie_id_cast_info",
                                                                                    "Plan Rows": 1,
                                                                                    "Plan Width": 16,
                                                                                    "Actual Startup Time": 0.024,
                                                                                    "Actual Total Time": 0.148,
                                                                                    "Actual Rows": 29,
                                                                                    "Actual Loops": 61,
                                                                                    "Index Cond": "movie_id",
                                                                                    "Rows Removed by Index Recheck": 0,
                                                                                    "Filter": "notevicJapsrudEglhx",
                                                                                    "Rows Removed by Filter": 134
                                                                                }
                                                                            ]
                                                                        },
                                                                        {
                                                                            "Node Type": "Index Scan",
                                                                            "Scan Direction": "Forward",
                                                                            "Index Name": "role_type_pkey",
                                                                            "Plan Rows": 1,
                                                                            "Plan Width": 4,
                                                                            "Actual Startup Time": 0.0,
                                                                            "Actual Total Time": 0.0,
                                                                            "Actual Rows": 0,
                                                                            "Actual Loops": 1792,
                                                                            "Index Cond": "id",
                                                                            "Rows Removed by Index Recheck": 0,
                                                                            "Filter": "role",
                                                                            "Rows Removed by Filter": 1
                                                                        }
                                                                    ]
                                                                },
                                                                {
                                                                    "Node Type": "Index Scan",
                                                                    "Scan Direction": "Forward",
                                                                    "Index Name": "char_name_pkey",
                                                                    "Plan Rows": 1,
                                                                    "Plan Width": 20,
                                                                    "Actual Startup Time": 0.002,
                                                                    "Actual Total Time": 0.002,
                                                                    "Actual Rows": 1,
                                                                    "Actual Loops": 417,
                                                                    "Index Cond": "id",
                                                                    "Rows Removed by Index Recheck": 0
                                                                }
                                                            ]
                                                        },
                                                        {
                                                            "Node Type": "Index Scan",
                                                            "Scan Direction": "Forward",
                                                            "Index Name": "name_pkey",
                                                            "Plan Rows": 1,
                                                            "Plan Width": 19,
                                                            "Actual Startup Time": 0.008,
                                                            "Actual Total Time": 0.008,
                                                            "Actual Rows": 0,
                                                            "Actual Loops": 315,
                                                            "Index Cond": "id",
                                                            "Rows Removed by Index Recheck": 0,
                                                            "Filter": "namegdr",
                                                            "Rows Removed by Filter": 1
                                                        }
                                                    ]
                                                },
                                                {
                                                    "Node Type": "Index Scan",
                                                    "Scan Direction": "Forward",
                                                    "Index Name": "person_id_person_info",
                                                    "Plan Rows": 25,
                                                    "Plan Width": 8,
                                                    "Actual Startup Time": 0.091,
                                                    "Actual Total Time": 0.195,
                                                    "Actual Rows": 343,
                                                    "Actual Loops": 8,
                                                    "Index Cond": "person_id",
                                                    "Rows Removed by Index Recheck": 0
                                                }
                                            ]
                                        },
                                        {
                                            "Node Type": "Index Scan",
                                            "Scan Direction": "Forward",
                                            "Index Name": "info_type_pkey",
                                            "Plan Rows": 1,
                                            "Plan Width": 4,
                                            "Actual Startup Time": 0.0,
                                            "Actual Total Time": 0.0,
                                            "Actual Rows": 0,
                                            "Actual Loops": 2747,
                                            "Index Cond": "id",
                                            "Rows Removed by Index Recheck": 0,
                                            "Filter": "info",
                                            "Rows Removed by Filter": 1
                                        }
                                    ]
                                },
                                {
                                    "Node Type": "Index Only Scan",
                                    "Scan Direction": "Forward",
                                    "Index Name": "person_id_aka_name",
                                    "Plan Rows": 2,
                                    "Plan Width": 4,
                                    "Actual Startup Time": 0.001,
                                    "Actual Total Time": 0.001,
                                    "Actual Rows": 4,
                                    "Actual Loops": 666,
                                    "Index Cond": "person_id",
                                    "Rows Removed by Index Recheck": 0,
                                    "Heap Fetches": 0
                                }
                            ]
                        },
                        {
                            "Node Type": "Index Scan",
                            "Scan Direction": "Forward",
                            "Index Name": "movie_id_movie_companies",
                            "Plan Rows": 5,
                            "Plan Width": 8,
                            "Actual Startup Time": 0.001,
                            "Actual Total Time": 0.002,
                            "Actual Rows": 26,
                            "Actual Loops": 2868,
                            "Index Cond": "movie_id",
                            "Rows Removed by Index Recheck": 0
                        }
                    ]
                },
                {
                    "Node Type": "Index Scan",
                    "Scan Direction": "Forward",
                    "Index Name": "company_name_pkey",
                    "Plan Rows": 1,
                    "Plan Width": 4,
                    "Actual Startup Time": 0.001,
                    "Actual Total Time": 0.001,
                    "Actual Rows": 0,
                    "Actual Loops": 75240,
                    "Index Cond": "id",
                    "Rows Removed by Index Recheck": 0,
                    "Filter": "countryde",
                    "Rows Removed by Filter": 1
                }
            ]
        }
    ]
}