{
    "Node Type": "Aggregate",
    "Strategy": "Plain",
    "Partial Mode": "Simple",
    "Plan Rows": 1,
    "Plan Width": 128,
    "Actual Startup Time": 14112.473,
    "Actual Total Time": 14112.48,
    "Actual Rows": 1,
    "Actual Loops": 1,
    "Plans": [
        {
            "Node Type": "Nested Loop",
            "Join Type": "Inner",
            "Plan Rows": 1,
            "Plan Width": 79,
            "Actual Startup Time": 2.455,
            "Actual Total Time": 14095.56,
            "Actual Rows": 8024,
            "Actual Loops": 1,
            "Inner Unique": true,
            "Plans": [
                {
                    "Node Type": "Nested Loop",
                    "Join Type": "Inner",
                    "Plan Rows": 1,
                    "Plan Width": 83,
                    "Actual Startup Time": 2.453,
                    "Actual Total Time": 14087.25,
                    "Actual Rows": 10485,
                    "Actual Loops": 1,
                    "Inner Unique": false,
                    "Join Filter": "id",
                    "Rows Removed by Join Filter": 0,
                    "Plans": [
                        {
                            "Node Type": "Nested Loop",
                            "Join Type": "Inner",
                            "Plan Rows": 1,
                            "Plan Width": 57,
                            "Actual Startup Time": 2.361,
                            "Actual Total Time": 10415.292,
                            "Actual Rows": 5777,
                            "Actual Loops": 1,
                            "Inner Unique": true,
                            "Plans": [
                                {
                                    "Node Type": "Nested Loop",
                                    "Join Type": "Inner",
                                    "Plan Rows": 2,
                                    "Plan Width": 61,
                                    "Actual Startup Time": 2.272,
                                    "Actual Total Time": 9957.71,
                                    "Actual Rows": 332648,
                                    "Actual Loops": 1,
                                    "Inner Unique": false,
                                    "Plans": [
                                        {
                                            "Node Type": "Nested Loop",
                                            "Join Type": "Inner",
                                            "Plan Rows": 1,
                                            "Plan Width": 53,
                                            "Actual Startup Time": 2.25,
                                            "Actual Total Time": 9644.491,
                                            "Actual Rows": 6239,
                                            "Actual Loops": 1,
                                            "Inner Unique": true,
                                            "Plans": [
                                                {
                                                    "Node Type": "Nested Loop",
                                                    "Join Type": "Inner",
                                                    "Plan Rows": 1,
                                                    "Plan Width": 32,
                                                    "Actual Startup Time": 2.244,
                                                    "Actual Total Time": 9580.812,
                                                    "Actual Rows": 6239,
                                                    "Actual Loops": 1,
                                                    "Inner Unique": true,
                                                    "Plans": [
                                                        {
                                                            "Node Type": "Nested Loop",
                                                            "Join Type": "Inner",
                                                            "Plan Rows": 1,
                                                            "Plan Width": 21,
                                                            "Actual Startup Time": 0.551,
                                                            "Actual Total Time": 9330.884,
                                                            "Actual Rows": 11208,
                                                            "Actual Loops": 1,
                                                            "Inner Unique": false,
                                                            "Plans": [
                                                                {
                                                                    "Node Type": "Nested Loop",
                                                                    "Join Type": "Inner",
                                                                    "Plan Rows": 1,
                                                                    "Plan Width": 13,
                                                                    "Actual Startup Time": 0.049,
                                                                    "Actual Total Time": 150.406,
                                                                    "Actual Rows": 17018,
                                                                    "Actual Loops": 1,
                                                                    "Inner Unique": true,
                                                                    "Plans": [
                                                                        {
                                                                            "Node Type": "Nested Loop",
                                                                            "Join Type": "Inner",
                                                                            "Plan Rows": 12,
                                                                            "Plan Width": 17,
                                                                            "Actual Startup Time": 0.044,
                                                                            "Actual Total Time": 138.942,
                                                                            "Actual Rows": 51249,
                                                                            "Actual Loops": 1,
                                                                            "Inner Unique": false,
                                                                            "Plans": [
                                                                                {
                                                                                    "Node Type": "Nested Loop",
                                                                                    "Join Type": "Inner",
                                                                                    "Plan Rows": 4,
                                                                                    "Plan Width": 4,
                                                                                    "Actual Startup Time": 0.033,
                                                                                    "Actual Total Time": 32.814,
                                                                                    "Actual Rows": 17879,
                                                                                    "Actual Loops": 1,
                                                                                    "Inner Unique": true,
                                                                                    "Plans": [
                                                                                        {
                                                                                            "Node Type": "Hash Join",
                                                                                            "Join Type": "Inner",
                                                                                            "Plan Rows": 761,
                                                                                            "Plan Width": 8,
                                                                                            "Actual Startup Time": 0.027,
                                                                                            "Actual Total Time": 20.286,
                                                                                            "Actual Rows": 85941,
                                                                                            "Actual Loops": 1,
                                                                                            "Inner Unique": true,
                                                                                            "Hash Cond": "subject_id",
                                                                                            "Plans": [
                                                                                                {
                                                                                                    "Node Type": "Seq Scan",
                                                                                                    "Plan Rows": 135086,
                                                                                                    "Plan Width": 12,
                                                                                                    "Actual Startup Time": 0.016,
                                                                                                    "Actual Total Time": 8.086,
                                                                                                    "Actual Rows": 135086,
                                                                                                    "Actual Loops": 1
                                                                                                },
                                                                                                {
                                                                                                    "Node Type": "Hash",
                                                                                                    "Plan Rows": 4,
                                                                                                    "Plan Width": 4,
                                                                                                    "Actual Startup Time": 0.009,
                                                                                                    "Actual Total Time": 0.01,
                                                                                                    "Actual Rows": 1,
                                                                                                    "Actual Loops": 1,
                                                                                                    "Hash Buckets": 1024,
                                                                                                    "Original Hash Buckets": 1024,
                                                                                                    "Hash Batches": 1,
                                                                                                    "Original Hash Batches": 1,
                                                                                                    "Peak Memory Usage": 9,
                                                                                                    "Plans": [
                                                                                                        {
                                                                                                            "Node Type": "Seq Scan",
                                                                                                            "Plan Rows": 4,
                                                                                                            "Plan Width": 4,
                                                                                                            "Actual Startup Time": 0.004,
                                                                                                            "Actual Total Time": 0.005,
                                                                                                            "Actual Rows": 1,
                                                                                                            "Actual Loops": 1,
                                                                                                            "Filter": "kind",
                                                                                                            "Rows Removed by Filter": 3
                                                                                                        }
                                                                                                    ]
                                                                                                }
                                                                                            ]
                                                                                        },
                                                                                        {
                                                                                            "Node Type": "Memoize",
                                                                                            "Plan Rows": 1,
                                                                                            "Plan Width": 4,
                                                                                            "Actual Startup Time": 0.0,
                                                                                            "Actual Total Time": 0.0,
                                                                                            "Actual Rows": 0,
                                                                                            "Actual Loops": 85941,
                                                                                            "Cache Key": "status_id",
                                                                                            "Cache Mode": "logical",
                                                                                            "Cache Hits": 85939,
                                                                                            "Cache Misses": 2,
                                                                                            "Cache Evictions": 0,
                                                                                            "Cache Overflows": 0,
                                                                                            "Peak Memory Usage": 1,
                                                                                            "Plans": [
                                                                                                {
                                                                                                    "Node Type": "Index Scan",
                                                                                                    "Scan Direction": "Forward",
                                                                                                    "Index Name": "comp_cast_type_pkey",
                                                                                                    "Plan Rows": 1,
                                                                                                    "Plan Width": 4,
                                                                                                    "Actual Startup Time": 0.002,
                                                                                                    "Actual Total Time": 0.002,
                                                                                                    "Actual Rows": 0,
                                                                                                    "Actual Loops": 2,
                                                                                                    "Index Cond": "id",
                                                                                                    "Rows Removed by Index Recheck": 0,
                                                                                                    "Filter": "kind",
                                                                                                    "Rows Removed by Filter": 0
                                                                                                }
                                                                                            ]
                                                                                        }
                                                                                    ]
                                                                                },
                                                                                {
                                                                                    "Node Type": "Index Scan",
                                                                                    "Scan Direction": "Forward",
                                                                                    "Index Name": "movie_id_movie_info_idx",
                                                                                    "Plan Rows": 3,
                                                                                    "Plan Width": 13,
                                                                                    "Actual Startup Time": 0.005,
                                                                                    "Actual Total Time": 0.006,
                                                                                    "Actual Rows": 3,
                                                                                    "Actual Loops": 17879,
                                                                                    "Index Cond": "movie_id",
                                                                                    "Rows Removed by Index Recheck": 0
                                                                                }
                                                                            ]
                                                                        },
                                                                        {
                                                                            "Node Type": "Memoize",
                                                                            "Plan Rows": 1,
                                                                            "Plan Width": 4,
                                                                            "Actual Startup Time": 0.0,
                                                                            "Actual Total Time": 0.0,
                                                                            "Actual Rows": 0,
                                                                            "Actual Loops": 51249,
                                                                            "Cache Key": "info_type_id",
                                                                            "Cache Mode": "logical",
                                                                            "Cache Hits": 51244,
                                                                            "Cache Misses": 5,
                                                                            "Cache Evictions": 0,
                                                                            "Cache Overflows": 0,
                                                                            "Peak Memory Usage": 1,
                                                                            "Plans": [
                                                                                {
                                                                                    "Node Type": "Index Scan",
                                                                                    "Scan Direction": "Forward",
                                                                                    "Index Name": "info_type_pkey",
                                                                                    "Plan Rows": 1,
                                                                                    "Plan Width": 4,
                                                                                    "Actual Startup Time": 0.002,
                                                                                    "Actual Total Time": 0.002,
                                                                                    "Actual Rows": 0,
                                                                                    "Actual Loops": 5,
                                                                                    "Index Cond": "id",
                                                                                    "Rows Removed by Index Recheck": 0,
                                                                                    "Filter": "info",
                                                                                    "Rows Removed by Filter": 1
                                                                                }
                                                                            ]
                                                                        }
                                                                    ]
                                                                },
                                                                {
                                                                    "Node Type": "Index Scan",
                                                                    "Scan Direction": "Forward",
                                                                    "Index Name": "movie_id_cast_info",
                                                                    "Plan Rows": 1,
                                                                    "Plan Width": 8,
                                                                    "Actual Startup Time": 0.477,
                                                                    "Actual Total Time": 0.539,
                                                                    "Actual Rows": 1,
                                                                    "Actual Loops": 17018,
                                                                    "Index Cond": "movie_id",
                                                                    "Rows Removed by Index Recheck": 0,
                                                                    "Filter": "notehadwribysx",
                                                                    "Rows Removed by Filter": 57
                                                                }
                                                            ]
                                                        },
                                                        {
                                                            "Node Type": "Index Scan",
                                                            "Scan Direction": "Forward",
                                                            "Index Name": "name_pkey",
                                                            "Plan Rows": 1,
                                                            "Plan Width": 19,
                                                            "Actual Startup Time": 0.022,
                                                            "Actual Total Time": 0.022,
                                                            "Actual Rows": 1,
                                                            "Actual Loops": 11208,
                                                            "Index Cond": "id",
                                                            "Rows Removed by Index Recheck": 0,
                                                            "Filter": "gendr",
                                                            "Rows Removed by Filter": 0
                                                        }
                                                    ]
                                                },
                                                {
                                                    "Node Type": "Index Scan",
                                                    "Scan Direction": "Forward",
                                                    "Index Name": "title_pkey",
                                                    "Plan Rows": 1,
                                                    "Plan Width": 21,
                                                    "Actual Startup Time": 0.01,
                                                    "Actual Total Time": 0.01,
                                                    "Actual Rows": 1,
                                                    "Actual Loops": 6239,
                                                    "Index Cond": "id",
                                                    "Rows Removed by Index Recheck": 0
                                                }
                                            ]
                                        },
                                        {
                                            "Node Type": "Index Scan",
                                            "Scan Direction": "Forward",
                                            "Index Name": "movie_id_movie_keyword",
                                            "Plan Rows": 47,
                                            "Plan Width": 8,
                                            "Actual Startup Time": 0.037,
                                            "Actual Total Time": 0.047,
                                            "Actual Rows": 53,
                                            "Actual Loops": 6239,
                                            "Index Cond": "movie_id",
                                            "Rows Removed by Index Recheck": 0
                                        }
                                    ]
                                },
                                {
                                    "Node Type": "Memoize",
                                    "Plan Rows": 1,
                                    "Plan Width": 4,
                                    "Actual Startup Time": 0.001,
                                    "Actual Total Time": 0.001,
                                    "Actual Rows": 0,
                                    "Actual Loops": 332648,
                                    "Cache Key": "keyword_id",
                                    "Cache Mode": "logical",
                                    "Cache Hits": 296140,
                                    "Cache Misses": 36508,
                                    "Cache Evictions": 0,
                                    "Cache Overflows": 0,
                                    "Peak Memory Usage": 2425,
                                    "Plans": [
                                        {
                                            "Node Type": "Index Scan",
                                            "Scan Direction": "Forward",
                                            "Index Name": "keyword_pkey",
                                            "Plan Rows": 1,
                                            "Plan Width": 4,
                                            "Actual Startup Time": 0.004,
                                            "Actual Total Time": 0.004,
                                            "Actual Rows": 0,
                                            "Actual Loops": 36508,
                                            "Index Cond": "id",
                                            "Rows Removed by Index Recheck": 0,
                                            "Filter": "keyword",
                                            "Rows Removed by Filter": 1
                                        }
                                    ]
                                }
                            ]
                        },
                        {
                            "Node Type": "Index Scan",
                            "Scan Direction": "Forward",
                            "Index Name": "movie_id_movie_info",
                            "Plan Rows": 1,
                            "Plan Width": 50,
                            "Actual Startup Time": 0.601,
                            "Actual Total Time": 0.635,
                            "Actual Rows": 2,
                            "Actual Loops": 5777,
                            "Index Cond": "movie_id",
                            "Rows Removed by Index Recheck": 0,
                            "Filter": "info",
                            "Rows Removed by Filter": 172
                        }
                    ]
                },
                {
                    "Node Type": "Index Scan",
                    "Scan Direction": "Forward",
                    "Index Name": "info_type_pkey",
                    "Plan Rows": 1,
                    "Plan Width": 4,
                    "Actual Startup Time": 0.001,
                    "Actual Total Time": 0.001,
                    "Actual Rows": 1,
                    "Actual Loops": 10485,
                    "Index Cond": "id",
                    "Rows Removed by Index Recheck": 0,
                    "Filter": "info",
                    "Rows Removed by Filter": 0
                }
            ]
        }
    ]
}