{
    "Node Type": "Aggregate",
    "Strategy": "Plain",
    "Partial Mode": "Simple",
    "Plan Rows": 1,
    "Plan Width": 128,
    "Actual Startup Time": 1498.714,
    "Actual Total Time": 1498.75,
    "Actual Rows": 1,
    "Actual Loops": 1,
    "Plans": [
        {
            "Node Type": "Nested Loop",
            "Join Type": "Inner",
            "Plan Rows": 1,
            "Plan Width": 79,
            "Actual Startup Time": 242.011,
            "Actual Total Time": 1496.105,
            "Actual Rows": 1273,
            "Actual Loops": 1,
            "Inner Unique": true,
            "Join Filter": "movie_id",
            "Rows Removed by Join Filter": 0,
            "Plans": [
                {
                    "Node Type": "Nested Loop",
                    "Join Type": "Inner",
                    "Plan Rows": 1,
                    "Plan Width": 82,
                    "Actual Startup Time": 241.842,
                    "Actual Total Time": 1492.729,
                    "Actual Rows": 1273,
                    "Actual Loops": 1,
                    "Inner Unique": true,
                    "Plans": [
                        {
                            "Node Type": "Nested Loop",
                            "Join Type": "Inner",
                            "Plan Rows": 1,
                            "Plan Width": 71,
                            "Actual Startup Time": 232.523,
                            "Actual Total Time": 1482.272,
                            "Actual Rows": 1556,
                            "Actual Loops": 1,
                            "Inner Unique": true,
                            "Plans": [
                                {
                                    "Node Type": "Nested Loop",
                                    "Join Type": "Inner",
                                    "Plan Rows": 1,
                                    "Plan Width": 75,
                                    "Actual Startup Time": 232.515,
                                    "Actual Total Time": 1480.957,
                                    "Actual Rows": 1616,
                                    "Actual Loops": 1,
                                    "Inner Unique": false,
                                    "Join Filter": "movie_id",
                                    "Rows Removed by Join Filter": 0,
                                    "Plans": [
                                        {
                                            "Node Type": "Nested Loop",
                                            "Join Type": "Inner",
                                            "Plan Rows": 1,
                                            "Plan Width": 25,
                                            "Actual Startup Time": 83.137,
                                            "Actual Total Time": 1085.59,
                                            "Actual Rows": 1471,
                                            "Actual Loops": 1,
                                            "Inner Unique": false,
                                            "Join Filter": "movie_id",
                                            "Rows Removed by Join Filter": 0,
                                            "Plans": [
                                                {
                                                    "Node Type": "Gather",
                                                    "Plan Rows": 1,
                                                    "Plan Width": 17,
                                                    "Actual Startup Time": 72.256,
                                                    "Actual Total Time": 509.801,
                                                    "Actual Rows": 1547,
                                                    "Actual Loops": 1,
                                                    "Workers Planned": 2,
                                                    "Workers Launched": 2,
                                                    "Plans": [
                                                        {
                                                            "Node Type": "Nested Loop",
                                                            "Join Type": "Inner",
                                                            "Plan Rows": 1,
                                                            "Plan Width": 17,
                                                            "Actual Startup Time": 51.29,
                                                            "Actual Total Time": 941.036,
                                                            "Actual Rows": 516,
                                                            "Actual Loops": 3,
                                                            "Inner Unique": true,
                                                            "Workers": [],
                                                            "Plans": [
                                                                {
                                                                    "Node Type": "Nested Loop",
                                                                    "Join Type": "Inner",
                                                                    "Plan Rows": 14,
                                                                    "Plan Width": 21,
                                                                    "Actual Startup Time": 4.082,
                                                                    "Actual Total Time": 629.023,
                                                                    "Actual Rows": 199419,
                                                                    "Actual Loops": 3,
                                                                    "Inner Unique": false,
                                                                    "Join Filter": "movie_id",
                                                                    "Rows Removed by Join Filter": 0,
                                                                    "Workers": [],
                                                                    "Plans": [
                                                                        {
                                                                            "Node Type": "Hash Join",
                                                                            "Join Type": "Inner",
                                                                            "Plan Rows": 2,
                                                                            "Plan Width": 13,
                                                                            "Actual Startup Time": 3.909,
                                                                            "Actual Total Time": 386.829,
                                                                            "Actual Rows": 21234,
                                                                            "Actual Loops": 3,
                                                                            "Inner Unique": true,
                                                                            "Hash Cond": "info_type_id",
                                                                            "Workers": [],
                                                                            "Plans": [
                                                                                {
                                                                                    "Node Type": "Nested Loop",
                                                                                    "Join Type": "Inner",
                                                                                    "Plan Rows": 300,
                                                                                    "Plan Width": 17,
                                                                                    "Actual Startup Time": 2.911,
                                                                                    "Actual Total Time": 380.502,
                                                                                    "Actual Rows": 63896,
                                                                                    "Actual Loops": 3,
                                                                                    "Inner Unique": false,
                                                                                    "Workers": [],
                                                                                    "Plans": [
                                                                                        {
                                                                                            "Node Type": "Nested Loop",
                                                                                            "Join Type": "Inner",
                                                                                            "Plan Rows": 98,
                                                                                            "Plan Width": 4,
                                                                                            "Actual Startup Time": 2.864,
                                                                                            "Actual Total Time": 300.371,
                                                                                            "Actual Rows": 25571,
                                                                                            "Actual Loops": 3,
                                                                                            "Inner Unique": false,
                                                                                            "Workers": [],
                                                                                            "Plans": [
                                                                                                {
                                                                                                    "Node Type": "Index Scan",
                                                                                                    "Scan Direction": "Forward",
                                                                                                    "Index Name": "keyword_pkey",
                                                                                                    "Plan Rows": 3,
                                                                                                    "Plan Width": 4,
                                                                                                    "Actual Startup Time": 0.188,
                                                                                                    "Actual Total Time": 11.798,
                                                                                                    "Actual Rows": 2,
                                                                                                    "Actual Loops": 3,
                                                                                                    "Filter": "keyword",
                                                                                                    "Rows Removed by Filter": 44721,
                                                                                                    "Workers": []
                                                                                                },
                                                                                                {
                                                                                                    "Node Type": "Bitmap Heap Scan",
                                                                                                    "Plan Rows": 301,
                                                                                                    "Plan Width": 8,
                                                                                                    "Actual Startup Time": 5.187,
                                                                                                    "Actual Total Time": 123.066,
                                                                                                    "Actual Rows": 10959,
                                                                                                    "Actual Loops": 7,
                                                                                                    "Recheck Cond": "keyword_id",
                                                                                                    "Rows Removed by Index Recheck": 0,
                                                                                                    "Exact Heap Blocks": 12389,
                                                                                                    "Lossy Heap Blocks": 0,
                                                                                                    "Workers": [],
                                                                                                    "Plans": [
                                                                                                        {
                                                                                                            "Node Type": "Bitmap Index Scan",
                                                                                                            "Index Name": "keyword_id_movie_keyword",
                                                                                                            "Plan Rows": 301,
                                                                                                            "Plan Width": 0,
                                                                                                            "Actual Startup Time": 4.413,
                                                                                                            "Actual Total Time": 4.413,
                                                                                                            "Actual Rows": 10959,
                                                                                                            "Actual Loops": 7,
                                                                                                            "Index Cond": "keyword_id",
                                                                                                            "Workers": []
                                                                                                        }
                                                                                                    ]
                                                                                                }
                                                                                            ]
                                                                                        },
                                                                                        {
                                                                                            "Node Type": "Index Scan",
                                                                                            "Scan Direction": "Forward",
                                                                                            "Index Name": "movie_id_movie_info_idx",
                                                                                            "Plan Rows": 3,
                                                                                            "Plan Width": 13,
                                                                                            "Actual Startup Time": 0.003,
                                                                                            "Actual Total Time": 0.003,
                                                                                            "Actual Rows": 2,
                                                                                            "Actual Loops": 76714,
                                                                                            "Index Cond": "movie_id",
                                                                                            "Rows Removed by Index Recheck": 0,
                                                                                            "Workers": []
                                                                                        }
                                                                                    ]
                                                                                },
                                                                                {
                                                                                    "Node Type": "Hash",
                                                                                    "Plan Rows": 1,
                                                                                    "Plan Width": 4,
                                                                                    "Actual Startup Time": 0.034,
                                                                                    "Actual Total Time": 0.035,
                                                                                    "Actual Rows": 1,
                                                                                    "Actual Loops": 3,
                                                                                    "Hash Buckets": 1024,
                                                                                    "Original Hash Buckets": 1024,
                                                                                    "Hash Batches": 1,
                                                                                    "Original Hash Batches": 1,
                                                                                    "Peak Memory Usage": 9,
                                                                                    "Workers": [],
                                                                                    "Plans": [
                                                                                        {
                                                                                            "Node Type": "Seq Scan",
                                                                                            "Plan Rows": 1,
                                                                                            "Plan Width": 4,
                                                                                            "Actual Startup Time": 0.026,
                                                                                            "Actual Total Time": 0.027,
                                                                                            "Actual Rows": 1,
                                                                                            "Actual Loops": 3,
                                                                                            "Filter": "info",
                                                                                            "Rows Removed by Filter": 112,
                                                                                            "Workers": []
                                                                                        }
                                                                                    ]
                                                                                }
                                                                            ]
                                                                        },
                                                                        {
                                                                            "Node Type": "Index Scan",
                                                                            "Scan Direction": "Forward",
                                                                            "Index Name": "movie_id_movie_companies",
                                                                            "Plan Rows": 5,
                                                                            "Plan Width": 8,
                                                                            "Actual Startup Time": 0.007,
                                                                            "Actual Total Time": 0.011,
                                                                            "Actual Rows": 9,
                                                                            "Actual Loops": 63701,
                                                                            "Index Cond": "movie_id",
                                                                            "Rows Removed by Index Recheck": 0,
                                                                            "Workers": []
                                                                        }
                                                                    ]
                                                                },
                                                                {
                                                                    "Node Type": "Index Scan",
                                                                    "Scan Direction": "Forward",
                                                                    "Index Name": "company_name_pkey",
                                                                    "Plan Rows": 1,
                                                                    "Plan Width": 4,
                                                                    "Actual Startup Time": 0.001,
                                                                    "Actual Total Time": 0.001,
                                                                    "Actual Rows": 0,
                                                                    "Actual Loops": 598256,
                                                                    "Index Cond": "id",
                                                                    "Rows Removed by Index Recheck": 0,
                                                                    "Filter": "name",
                                                                    "Rows Removed by Filter": 1,
                                                                    "Workers": []
                                                                }
                                                            ]
                                                        }
                                                    ]
                                                },
                                                {
                                                    "Node Type": "Index Scan",
                                                    "Scan Direction": "Forward",
                                                    "Index Name": "movie_id_cast_info",
                                                    "Plan Rows": 1,
                                                    "Plan Width": 8,
                                                    "Actual Startup Time": 0.309,
                                                    "Actual Total Time": 0.372,
                                                    "Actual Rows": 1,
                                                    "Actual Loops": 1547,
                                                    "Index Cond": "movie_id",
                                                    "Rows Removed by Index Recheck": 0,
                                                    "Filter": "notehadwribysx",
                                                    "Rows Removed by Filter": 119
                                                }
                                            ]
                                        },
                                        {
                                            "Node Type": "Index Scan",
                                            "Scan Direction": "Forward",
                                            "Index Name": "movie_id_movie_info",
                                            "Plan Rows": 1,
                                            "Plan Width": 50,
                                            "Actual Startup Time": 0.266,
                                            "Actual Total Time": 0.268,
                                            "Actual Rows": 1,
                                            "Actual Loops": 1471,
                                            "Index Cond": "movie_id",
                                            "Rows Removed by Index Recheck": 0,
                                            "Filter": "info",
                                            "Rows Removed by Filter": 173
                                        }
                                    ]
                                },
                                {
                                    "Node Type": "Index Scan",
                                    "Scan Direction": "Forward",
                                    "Index Name": "info_type_pkey",
                                    "Plan Rows": 1,
                                    "Plan Width": 4,
                                    "Actual Startup Time": 0.001,
                                    "Actual Total Time": 0.001,
                                    "Actual Rows": 1,
                                    "Actual Loops": 1616,
                                    "Index Cond": "id",
                                    "Rows Removed by Index Recheck": 0,
                                    "Filter": "info",
                                    "Rows Removed by Filter": 0
                                }
                            ]
                        },
                        {
                            "Node Type": "Index Scan",
                            "Scan Direction": "Forward",
                            "Index Name": "name_pkey",
                            "Plan Rows": 1,
                            "Plan Width": 19,
                            "Actual Startup Time": 0.007,
                            "Actual Total Time": 0.007,
                            "Actual Rows": 1,
                            "Actual Loops": 1556,
                            "Index Cond": "id",
                            "Rows Removed by Index Recheck": 0,
                            "Filter": "gendr",
                            "Rows Removed by Filter": 0
                        }
                    ]
                },
                {
                    "Node Type": "Index Scan",
                    "Scan Direction": "Forward",
                    "Index Name": "title_pkey",
                    "Plan Rows": 1,
                    "Plan Width": 21,
                    "Actual Startup Time": 0.002,
                    "Actual Total Time": 0.002,
                    "Actual Rows": 1,
                    "Actual Loops": 1273,
                    "Index Cond": "id",
                    "Rows Removed by Index Recheck": 0
                }
            ]
        }
    ]
}