{
    "Node Type": "Aggregate",
    "Strategy": "Plain",
    "Partial Mode": "Simple",
    "Plan Rows": 1,
    "Plan Width": 128,
    "Actual Startup Time": 369.933,
    "Actual Total Time": 369.956,
    "Actual Rows": 1,
    "Actual Loops": 1,
    "Plans": [
        {
            "Node Type": "Nested Loop",
            "Join Type": "Inner",
            "Plan Rows": 1,
            "Plan Width": 79,
            "Actual Startup Time": 242.44,
            "Actual Total Time": 369.844,
            "Actual Rows": 84,
            "Actual Loops": 1,
            "Inner Unique": true,
            "Plans": [
                {
                    "Node Type": "Nested Loop",
                    "Join Type": "Inner",
                    "Plan Rows": 1,
                    "Plan Width": 68,
                    "Actual Startup Time": 242.408,
                    "Actual Total Time": 369.671,
                    "Actual Rows": 84,
                    "Actual Loops": 1,
                    "Inner Unique": true,
                    "Plans": [
                        {
                            "Node Type": "Nested Loop",
                            "Join Type": "Inner",
                            "Plan Rows": 1,
                            "Plan Width": 72,
                            "Actual Startup Time": 242.083,
                            "Actual Total Time": 369.294,
                            "Actual Rows": 84,
                            "Actual Loops": 1,
                            "Inner Unique": false,
                            "Join Filter": "id",
                            "Rows Removed by Join Filter": 0,
                            "Plans": [
                                {
                                    "Node Type": "Nested Loop",
                                    "Join Type": "Inner",
                                    "Plan Rows": 1,
                                    "Plan Width": 46,
                                    "Actual Startup Time": 241.965,
                                    "Actual Total Time": 367.513,
                                    "Actual Rows": 53,
                                    "Actual Loops": 1,
                                    "Inner Unique": true,
                                    "Plans": [
                                        {
                                            "Node Type": "Nested Loop",
                                            "Join Type": "Inner",
                                            "Plan Rows": 1,
                                            "Plan Width": 50,
                                            "Actual Startup Time": 241.941,
                                            "Actual Total Time": 367.358,
                                            "Actual Rows": 119,
                                            "Actual Loops": 1,
                                            "Inner Unique": false,
                                            "Join Filter": "id",
                                            "Rows Removed by Join Filter": 0,
                                            "Plans": [
                                                {
                                                    "Node Type": "Nested Loop",
                                                    "Join Type": "Inner",
                                                    "Plan Rows": 1,
                                                    "Plan Width": 42,
                                                    "Actual Startup Time": 198.106,
                                                    "Actual Total Time": 366.892,
                                                    "Actual Rows": 77,
                                                    "Actual Loops": 1,
                                                    "Inner Unique": false,
                                                    "Join Filter": "id",
                                                    "Rows Removed by Join Filter": 0,
                                                    "Plans": [
                                                        {
                                                            "Node Type": "Gather",
                                                            "Plan Rows": 1,
                                                            "Plan Width": 34,
                                                            "Actual Startup Time": 180.21,
                                                            "Actual Total Time": 358.177,
                                                            "Actual Rows": 47,
                                                            "Actual Loops": 1,
                                                            "Workers Planned": 2,
                                                            "Workers Launched": 2,
                                                            "Plans": [
                                                                {
                                                                    "Node Type": "Nested Loop",
                                                                    "Join Type": "Inner",
                                                                    "Plan Rows": 1,
                                                                    "Plan Width": 34,
                                                                    "Actual Startup Time": 134.773,
                                                                    "Actual Total Time": 316.299,
                                                                    "Actual Rows": 16,
                                                                    "Actual Loops": 3,
                                                                    "Inner Unique": true,
                                                                    "Join Filter": "movie_id",
                                                                    "Rows Removed by Join Filter": 0,
                                                                    "Workers": [],
                                                                    "Plans": [
                                                                        {
                                                                            "Node Type": "Hash Join",
                                                                            "Join Type": "Inner",
                                                                            "Plan Rows": 2,
                                                                            "Plan Width": 13,
                                                                            "Actual Startup Time": 2.009,
                                                                            "Actual Total Time": 117.006,
                                                                            "Actual Rows": 21234,
                                                                            "Actual Loops": 3,
                                                                            "Inner Unique": true,
                                                                            "Hash Cond": "info_type_id",
                                                                            "Workers": [],
                                                                            "Plans": [
                                                                                {
                                                                                    "Node Type": "Nested Loop",
                                                                                    "Join Type": "Inner",
                                                                                    "Plan Rows": 300,
                                                                                    "Plan Width": 17,
                                                                                    "Actual Startup Time": 1.886,
                                                                                    "Actual Total Time": 112.33,
                                                                                    "Actual Rows": 63896,
                                                                                    "Actual Loops": 3,
                                                                                    "Inner Unique": false,
                                                                                    "Workers": [],
                                                                                    "Plans": [
                                                                                        {
                                                                                            "Node Type": "Nested Loop",
                                                                                            "Join Type": "Inner",
                                                                                            "Plan Rows": 98,
                                                                                            "Plan Width": 4,
                                                                                            "Actual Startup Time": 1.861,
                                                                                            "Actual Total Time": 60.38,
                                                                                            "Actual Rows": 25571,
                                                                                            "Actual Loops": 3,
                                                                                            "Inner Unique": false,
                                                                                            "Workers": [],
                                                                                            "Plans": [
                                                                                                {
                                                                                                    "Node Type": "Index Scan",
                                                                                                    "Scan Direction": "Forward",
                                                                                                    "Index Name": "keyword_pkey",
                                                                                                    "Plan Rows": 3,
                                                                                                    "Plan Width": 4,
                                                                                                    "Actual Startup Time": 0.135,
                                                                                                    "Actual Total Time": 12.242,
                                                                                                    "Actual Rows": 2,
                                                                                                    "Actual Loops": 3,
                                                                                                    "Filter": "keyword",
                                                                                                    "Rows Removed by Filter": 44721,
                                                                                                    "Workers": []
                                                                                                },
                                                                                                {
                                                                                                    "Node Type": "Bitmap Heap Scan",
                                                                                                    "Plan Rows": 301,
                                                                                                    "Plan Width": 8,
                                                                                                    "Actual Startup Time": 1.287,
                                                                                                    "Actual Total Time": 20.127,
                                                                                                    "Actual Rows": 10959,
                                                                                                    "Actual Loops": 7,
                                                                                                    "Recheck Cond": "keyword_id",
                                                                                                    "Rows Removed by Index Recheck": 0,
                                                                                                    "Exact Heap Blocks": 12389,
                                                                                                    "Lossy Heap Blocks": 0,
                                                                                                    "Workers": [],
                                                                                                    "Plans": [
                                                                                                        {
                                                                                                            "Node Type": "Bitmap Index Scan",
                                                                                                            "Index Name": "keyword_id_movie_keyword",
                                                                                                            "Plan Rows": 301,
                                                                                                            "Plan Width": 0,
                                                                                                            "Actual Startup Time": 0.64,
                                                                                                            "Actual Total Time": 0.64,
                                                                                                            "Actual Rows": 10959,
                                                                                                            "Actual Loops": 7,
                                                                                                            "Index Cond": "keyword_id",
                                                                                                            "Workers": []
                                                                                                        }
                                                                                                    ]
                                                                                                }
                                                                                            ]
                                                                                        },
                                                                                        {
                                                                                            "Node Type": "Index Scan",
                                                                                            "Scan Direction": "Forward",
                                                                                            "Index Name": "movie_id_movie_info_idx",
                                                                                            "Plan Rows": 3,
                                                                                            "Plan Width": 13,
                                                                                            "Actual Startup Time": 0.002,
                                                                                            "Actual Total Time": 0.002,
                                                                                            "Actual Rows": 2,
                                                                                            "Actual Loops": 76714,
                                                                                            "Index Cond": "movie_id",
                                                                                            "Rows Removed by Index Recheck": 0,
                                                                                            "Workers": []
                                                                                        }
                                                                                    ]
                                                                                },
                                                                                {
                                                                                    "Node Type": "Hash",
                                                                                    "Plan Rows": 1,
                                                                                    "Plan Width": 4,
                                                                                    "Actual Startup Time": 0.032,
                                                                                    "Actual Total Time": 0.032,
                                                                                    "Actual Rows": 1,
                                                                                    "Actual Loops": 3,
                                                                                    "Hash Buckets": 1024,
                                                                                    "Original Hash Buckets": 1024,
                                                                                    "Hash Batches": 1,
                                                                                    "Original Hash Batches": 1,
                                                                                    "Peak Memory Usage": 9,
                                                                                    "Workers": [],
                                                                                    "Plans": [
                                                                                        {
                                                                                            "Node Type": "Seq Scan",
                                                                                            "Plan Rows": 1,
                                                                                            "Plan Width": 4,
                                                                                            "Actual Startup Time": 0.022,
                                                                                            "Actual Total Time": 0.023,
                                                                                            "Actual Rows": 1,
                                                                                            "Actual Loops": 3,
                                                                                            "Filter": "info",
                                                                                            "Rows Removed by Filter": 112,
                                                                                            "Workers": []
                                                                                        }
                                                                                    ]
                                                                                }
                                                                            ]
                                                                        },
                                                                        {
                                                                            "Node Type": "Index Scan",
                                                                            "Scan Direction": "Forward",
                                                                            "Index Name": "title_pkey",
                                                                            "Plan Rows": 1,
                                                                            "Plan Width": 21,
                                                                            "Actual Startup Time": 0.009,
                                                                            "Actual Total Time": 0.009,
                                                                            "Actual Rows": 0,
                                                                            "Actual Loops": 63701,
                                                                            "Index Cond": "id",
                                                                            "Rows Removed by Index Recheck": 0,
                                                                            "Filter": "productinyeal",
                                                                            "Rows Removed by Filter": 1,
                                                                            "Workers": []
                                                                        }
                                                                    ]
                                                                }
                                                            ]
                                                        },
                                                        {
                                                            "Node Type": "Index Scan",
                                                            "Scan Direction": "Forward",
                                                            "Index Name": "movie_id_cast_info",
                                                            "Plan Rows": 1,
                                                            "Plan Width": 8,
                                                            "Actual Startup Time": 0.132,
                                                            "Actual Total Time": 0.185,
                                                            "Actual Rows": 2,
                                                            "Actual Loops": 47,
                                                            "Index Cond": "movie_id",
                                                            "Rows Removed by Index Recheck": 0,
                                                            "Filter": "notehadwribysx",
                                                            "Rows Removed by Filter": 85
                                                        }
                                                    ]
                                                },
                                                {
                                                    "Node Type": "Index Scan",
                                                    "Scan Direction": "Forward",
                                                    "Index Name": "movie_id_movie_companies",
                                                    "Plan Rows": 1,
                                                    "Plan Width": 8,
                                                    "Actual Startup Time": 0.004,
                                                    "Actual Total Time": 0.006,
                                                    "Actual Rows": 2,
                                                    "Actual Loops": 77,
                                                    "Index Cond": "movie_id",
                                                    "Rows Removed by Index Recheck": 0,
                                                    "Filter": "note",
                                                    "Rows Removed by Filter": 24
                                                }
                                            ]
                                        },
                                        {
                                            "Node Type": "Index Scan",
                                            "Scan Direction": "Forward",
                                            "Index Name": "company_name_pkey",
                                            "Plan Rows": 1,
                                            "Plan Width": 4,
                                            "Actual Startup Time": 0.001,
                                            "Actual Total Time": 0.001,
                                            "Actual Rows": 0,
                                            "Actual Loops": 119,
                                            "Index Cond": "id",
                                            "Rows Removed by Index Recheck": 0,
                                            "Filter": "name",
                                            "Rows Removed by Filter": 1
                                        }
                                    ]
                                },
                                {
                                    "Node Type": "Index Scan",
                                    "Scan Direction": "Forward",
                                    "Index Name": "movie_id_movie_info",
                                    "Plan Rows": 1,
                                    "Plan Width": 50,
                                    "Actual Startup Time": 0.033,
                                    "Actual Total Time": 0.033,
                                    "Actual Rows": 2,
                                    "Actual Loops": 53,
                                    "Index Cond": "movie_id",
                                    "Rows Removed by Index Recheck": 0,
                                    "Filter": "info",
                                    "Rows Removed by Filter": 292
                                }
                            ]
                        },
                        {
                            "Node Type": "Index Scan",
                            "Scan Direction": "Forward",
                            "Index Name": "info_type_pkey",
                            "Plan Rows": 1,
                            "Plan Width": 4,
                            "Actual Startup Time": 0.004,
                            "Actual Total Time": 0.004,
                            "Actual Rows": 1,
                            "Actual Loops": 84,
                            "Index Cond": "id",
                            "Rows Removed by Index Recheck": 0,
                            "Filter": "info",
                            "Rows Removed by Filter": 0
                        }
                    ]
                },
                {
                    "Node Type": "Index Scan",
                    "Scan Direction": "Forward",
                    "Index Name": "name_pkey",
                    "Plan Rows": 1,
                    "Plan Width": 19,
                    "Actual Startup Time": 0.002,
                    "Actual Total Time": 0.002,
                    "Actual Rows": 1,
                    "Actual Loops": 84,
                    "Index Cond": "id",
                    "Rows Removed by Index Recheck": 0,
                    "Filter": "gendr",
                    "Rows Removed by Filter": 0
                }
            ]
        }
    ]
}