{
    "Node Type": "Aggregate",
    "Strategy": "Plain",
    "Partial Mode": "Simple",
    "Plan Rows": 1,
    "Plan Width": 96,
    "Actual Startup Time": 223.27,
    "Actual Total Time": 223.272,
    "Actual Rows": 1,
    "Actual Loops": 1,
    "Plans": [
        {
            "Node Type": "Nested Loop",
            "Join Type": "Inner",
            "Plan Rows": 11,
            "Plan Width": 116,
            "Actual Startup Time": 3.643,
            "Actual Total Time": 217.526,
            "Actual Rows": 4388,
            "Actual Loops": 1,
            "Inner Unique": true,
            "Plans": [
                {
                    "Node Type": "Nested Loop",
                    "Join Type": "Inner",
                    "Plan Rows": 11,
                    "Plan Width": 103,
                    "Actual Startup Time": 3.636,
                    "Actual Total Time": 113.085,
                    "Actual Rows": 4388,
                    "Actual Loops": 1,
                    "Inner Unique": true,
                    "Plans": [
                        {
                            "Node Type": "Nested Loop",
                            "Join Type": "Inner",
                            "Plan Rows": 11,
                            "Plan Width": 94,
                            "Actual Startup Time": 3.476,
                            "Actual Total Time": 86.207,
                            "Actual Rows": 4388,
                            "Actual Loops": 1,
                            "Inner Unique": true,
                            "Plans": [
                                {
                                    "Node Type": "Nested Loop",
                                    "Join Type": "Inner",
                                    "Plan Rows": 11,
                                    "Plan Width": 16,
                                    "Actual Startup Time": 3.205,
                                    "Actual Total Time": 83.961,
                                    "Actual Rows": 4388,
                                    "Actual Loops": 1,
                                    "Inner Unique": false,
                                    "Plans": [
                                        {
                                            "Node Type": "Nested Loop",
                                            "Join Type": "Inner",
                                            "Plan Rows": 34,
                                            "Plan Width": 4,
                                            "Actual Startup Time": 2.988,
                                            "Actual Total Time": 66.083,
                                            "Actual Rows": 41840,
                                            "Actual Loops": 1,
                                            "Inner Unique": false,
                                            "Plans": [
                                                {
                                                    "Node Type": "Seq Scan",
                                                    "Plan Rows": 1,
                                                    "Plan Width": 4,
                                                    "Actual Startup Time": 0.204,
                                                    "Actual Total Time": 5.944,
                                                    "Actual Rows": 1,
                                                    "Actual Loops": 1,
                                                    "Filter": "keyword",
                                                    "Rows Removed by Filter": 134169
                                                },
                                                {
                                                    "Node Type": "Bitmap Heap Scan",
                                                    "Plan Rows": 301,
                                                    "Plan Width": 8,
                                                    "Actual Startup Time": 2.784,
                                                    "Actual Total Time": 58.496,
                                                    "Actual Rows": 41840,
                                                    "Actual Loops": 1,
                                                    "Recheck Cond": "keyword_id",
                                                    "Rows Removed by Index Recheck": 0,
                                                    "Exact Heap Blocks": 11541,
                                                    "Lossy Heap Blocks": 0,
                                                    "Plans": [
                                                        {
                                                            "Node Type": "Bitmap Index Scan",
                                                            "Index Name": "keyword_id_movie_keyword",
                                                            "Plan Rows": 301,
                                                            "Plan Width": 0,
                                                            "Actual Startup Time": 1.841,
                                                            "Actual Total Time": 1.841,
                                                            "Actual Rows": 41840,
                                                            "Actual Loops": 1,
                                                            "Index Cond": "keyword_id"
                                                        }
                                                    ]
                                                }
                                            ]
                                        },
                                        {
                                            "Node Type": "Index Scan",
                                            "Scan Direction": "Forward",
                                            "Index Name": "movie_id_movie_link",
                                            "Plan Rows": 5,
                                            "Plan Width": 12,
                                            "Actual Startup Time": 0.0,
                                            "Actual Total Time": 0.0,
                                            "Actual Rows": 0,
                                            "Actual Loops": 41840,
                                            "Index Cond": "movie_id",
                                            "Rows Removed by Index Recheck": 0
                                        }
                                    ]
                                },
                                {
                                    "Node Type": "Index Scan",
                                    "Scan Direction": "Forward",
                                    "Index Name": "link_type_pkey",
                                    "Plan Rows": 1,
                                    "Plan Width": 86,
                                    "Actual Startup Time": 0.0,
                                    "Actual Total Time": 0.0,
                                    "Actual Rows": 1,
                                    "Actual Loops": 4388,
                                    "Index Cond": "id",
                                    "Rows Removed by Index Recheck": 0
                                }
                            ]
                        },
                        {
                            "Node Type": "Index Scan",
                            "Scan Direction": "Forward",
                            "Index Name": "title_pkey",
                            "Plan Rows": 1,
                            "Plan Width": 21,
                            "Actual Startup Time": 0.006,
                            "Actual Total Time": 0.006,
                            "Actual Rows": 1,
                            "Actual Loops": 4388,
                            "Index Cond": "id",
                            "Rows Removed by Index Recheck": 0
                        }
                    ]
                },
                {
                    "Node Type": "Index Scan",
                    "Scan Direction": "Forward",
                    "Index Name": "title_pkey",
                    "Plan Rows": 1,
                    "Plan Width": 21,
                    "Actual Startup Time": 0.024,
                    "Actual Total Time": 0.024,
                    "Actual Rows": 1,
                    "Actual Loops": 4388,
                    "Index Cond": "id",
                    "Rows Removed by Index Recheck": 0
                }
            ]
        }
    ]
}