{
    "Node Type": "Aggregate",
    "Strategy": "Plain",
    "Partial Mode": "Simple",
    "Plan Rows": 1,
    "Plan Width": 192,
    "Actual Startup Time": 46.421,
    "Actual Total Time": 46.425,
    "Actual Rows": 1,
    "Actual Loops": 1,
    "Plans": [
        {
            "Node Type": "Nested Loop",
            "Join Type": "Inner",
            "Plan Rows": 1,
            "Plan Width": 82,
            "Actual Startup Time": 8.923,
            "Actual Total Time": 46.408,
            "Actual Rows": 8,
            "Actual Loops": 1,
            "Inner Unique": false,
            "Join Filter": "id AND id)",
            "Rows Removed by Join Filter": 799,
            "Plans": [
                {
                    "Node Type": "Nested Loop",
                    "Join Type": "Inner",
                    "Plan Rows": 1,
                    "Plan Width": 93,
                    "Actual Startup Time": 1.212,
                    "Actual Total Time": 45.517,
                    "Actual Rows": 465,
                    "Actual Loops": 1,
                    "Inner Unique": true,
                    "Plans": [
                        {
                            "Node Type": "Nested Loop",
                            "Join Type": "Inner",
                            "Plan Rows": 1,
                            "Plan Width": 78,
                            "Actual Startup Time": 1.206,
                            "Actual Total Time": 43.946,
                            "Actual Rows": 1812,
                            "Actual Loops": 1,
                            "Inner Unique": false,
                            "Plans": [
                                {
                                    "Node Type": "Nested Loop",
                                    "Join Type": "Inner",
                                    "Plan Rows": 1,
                                    "Plan Width": 86,
                                    "Actual Startup Time": 1.202,
                                    "Actual Total Time": 42.376,
                                    "Actual Rows": 297,
                                    "Actual Loops": 1,
                                    "Inner Unique": true,
                                    "Plans": [
                                        {
                                            "Node Type": "Nested Loop",
                                            "Join Type": "Inner",
                                            "Plan Rows": 1,
                                            "Plan Width": 90,
                                            "Actual Startup Time": 0.707,
                                            "Actual Total Time": 42.151,
                                            "Actual Rows": 449,
                                            "Actual Loops": 1,
                                            "Inner Unique": true,
                                            "Plans": [
                                                {
                                                    "Node Type": "Nested Loop",
                                                    "Join Type": "Inner",
                                                    "Plan Rows": 1,
                                                    "Plan Width": 75,
                                                    "Actual Startup Time": 0.698,
                                                    "Actual Total Time": 41.264,
                                                    "Actual Rows": 449,
                                                    "Actual Loops": 1,
                                                    "Inner Unique": false,
                                                    "Plans": [
                                                        {
                                                            "Node Type": "Nested Loop",
                                                            "Join Type": "Inner",
                                                            "Plan Rows": 1,
                                                            "Plan Width": 67,
                                                            "Actual Startup Time": 0.679,
                                                            "Actual Total Time": 38.344,
                                                            "Actual Rows": 102,
                                                            "Actual Loops": 1,
                                                            "Inner Unique": true,
                                                            "Plans": [
                                                                {
                                                                    "Node Type": "Nested Loop",
                                                                    "Join Type": "Inner",
                                                                    "Plan Rows": 1,
                                                                    "Plan Width": 42,
                                                                    "Actual Startup Time": 0.642,
                                                                    "Actual Total Time": 20.448,
                                                                    "Actual Rows": 1220,
                                                                    "Actual Loops": 1,
                                                                    "Inner Unique": true,
                                                                    "Plans": [
                                                                        {
                                                                            "Node Type": "Nested Loop",
                                                                            "Join Type": "Inner",
                                                                            "Plan Rows": 13,
                                                                            "Plan Width": 46,
                                                                            "Actual Startup Time": 0.449,
                                                                            "Actual Total Time": 19.91,
                                                                            "Actual Rows": 2064,
                                                                            "Actual Loops": 1,
                                                                            "Inner Unique": true,
                                                                            "Join Filter": "movie_id",
                                                                            "Rows Removed by Join Filter": 0,
                                                                            "Plans": [
                                                                                {
                                                                                    "Node Type": "Nested Loop",
                                                                                    "Join Type": "Inner",
                                                                                    "Plan Rows": 13,
                                                                                    "Plan Width": 21,
                                                                                    "Actual Startup Time": 0.265,
                                                                                    "Actual Total Time": 8.048,
                                                                                    "Actual Rows": 2064,
                                                                                    "Actual Loops": 1,
                                                                                    "Inner Unique": false,
                                                                                    "Plans": [
                                                                                        {
                                                                                            "Node Type": "Index Scan",
                                                                                            "Scan Direction": "Forward",
                                                                                            "Index Name": "info_type_pkey",
                                                                                            "Plan Rows": 1,
                                                                                            "Plan Width": 4,
                                                                                            "Actual Startup Time": 0.008,
                                                                                            "Actual Total Time": 0.011,
                                                                                            "Actual Rows": 1,
                                                                                            "Actual Loops": 1,
                                                                                            "Filter": "info",
                                                                                            "Rows Removed by Filter": 112
                                                                                        },
                                                                                        {
                                                                                            "Node Type": "Nested Loop",
                                                                                            "Join Type": "Inner",
                                                                                            "Plan Rows": 13,
                                                                                            "Plan Width": 17,
                                                                                            "Actual Startup Time": 0.256,
                                                                                            "Actual Total Time": 7.952,
                                                                                            "Actual Rows": 2064,
                                                                                            "Actual Loops": 1,
                                                                                            "Inner Unique": false,
                                                                                            "Join Filter": "info_type_id",
                                                                                            "Rows Removed by Join Filter": 4128,
                                                                                            "Plans": [
                                                                                                {
                                                                                                    "Node Type": "Seq Scan",
                                                                                                    "Plan Rows": 1,
                                                                                                    "Plan Width": 4,
                                                                                                    "Actual Startup Time": 0.008,
                                                                                                    "Actual Total Time": 0.011,
                                                                                                    "Actual Rows": 1,
                                                                                                    "Actual Loops": 1,
                                                                                                    "Filter": "info",
                                                                                                    "Rows Removed by Filter": 112
                                                                                                },
                                                                                                {
                                                                                                    "Node Type": "Nested Loop",
                                                                                                    "Join Type": "Inner",
                                                                                                    "Plan Rows": 1421,
                                                                                                    "Plan Width": 21,
                                                                                                    "Actual Startup Time": 0.247,
                                                                                                    "Actual Total Time": 7.717,
                                                                                                    "Actual Rows": 6192,
                                                                                                    "Actual Loops": 1,
                                                                                                    "Inner Unique": false,
                                                                                                    "Plans": [
                                                                                                        {
                                                                                                            "Node Type": "Hash Join",
                                                                                                            "Join Type": "Inner",
                                                                                                            "Plan Rows": 465,
                                                                                                            "Plan Width": 8,
                                                                                                            "Actual Startup Time": 0.24,
                                                                                                            "Actual Total Time": 3.968,
                                                                                                            "Actual Rows": 2315,
                                                                                                            "Actual Loops": 1,
                                                                                                            "Inner Unique": true,
                                                                                                            "Hash Cond": "link_type_id",
                                                                                                            "Plans": [
                                                                                                                {
                                                                                                                    "Node Type": "Seq Scan",
                                                                                                                    "Plan Rows": 29997,
                                                                                                                    "Plan Width": 12,
                                                                                                                    "Actual Startup Time": 0.229,
                                                                                                                    "Actual Total Time": 2.436,
                                                                                                                    "Actual Rows": 29997,
                                                                                                                    "Actual Loops": 1
                                                                                                                },
                                                                                                                {
                                                                                                                    "Node Type": "Hash",
                                                                                                                    "Plan Rows": 11,
                                                                                                                    "Plan Width": 4,
                                                                                                                    "Actual Startup Time": 0.005,
                                                                                                                    "Actual Total Time": 0.006,
                                                                                                                    "Actual Rows": 2,
                                                                                                                    "Actual Loops": 1,
                                                                                                                    "Hash Buckets": 1024,
                                                                                                                    "Original Hash Buckets": 1024,
                                                                                                                    "Hash Batches": 1,
                                                                                                                    "Original Hash Batches": 1,
                                                                                                                    "Peak Memory Usage": 9,
                                                                                                                    "Plans": [
                                                                                                                        {
                                                                                                                            "Node Type": "Seq Scan",
                                                                                                                            "Plan Rows": 11,
                                                                                                                            "Plan Width": 4,
                                                                                                                            "Actual Startup Time": 0.003,
                                                                                                                            "Actual Total Time": 0.004,
                                                                                                                            "Actual Rows": 2,
                                                                                                                            "Actual Loops": 1,
                                                                                                                            "Filter": "link",
                                                                                                                            "Rows Removed by Filter": 16
                                                                                                                        }
                                                                                                                    ]
                                                                                                                }
                                                                                                            ]
                                                                                                        },
                                                                                                        {
                                                                                                            "Node Type": "Index Scan",
                                                                                                            "Scan Direction": "Forward",
                                                                                                            "Index Name": "movie_id_movie_info_idx",
                                                                                                            "Plan Rows": 3,
                                                                                                            "Plan Width": 13,
                                                                                                            "Actual Startup Time": 0.001,
                                                                                                            "Actual Total Time": 0.001,
                                                                                                            "Actual Rows": 3,
                                                                                                            "Actual Loops": 2315,
                                                                                                            "Index Cond": "movie_id",
                                                                                                            "Rows Removed by Index Recheck": 0
                                                                                                        }
                                                                                                    ]
                                                                                                }
                                                                                            ]
                                                                                        }
                                                                                    ]
                                                                                },
                                                                                {
                                                                                    "Node Type": "Index Scan",
                                                                                    "Scan Direction": "Forward",
                                                                                    "Index Name": "title_pkey",
                                                                                    "Plan Rows": 1,
                                                                                    "Plan Width": 25,
                                                                                    "Actual Startup Time": 0.006,
                                                                                    "Actual Total Time": 0.006,
                                                                                    "Actual Rows": 1,
                                                                                    "Actual Loops": 2064,
                                                                                    "Index Cond": "id",
                                                                                    "Rows Removed by Index Recheck": 0
                                                                                }
                                                                            ]
                                                                        },
                                                                        {
                                                                            "Node Type": "Memoize",
                                                                            "Plan Rows": 1,
                                                                            "Plan Width": 4,
                                                                            "Actual Startup Time": 0.0,
                                                                            "Actual Total Time": 0.0,
                                                                            "Actual Rows": 1,
                                                                            "Actual Loops": 2064,
                                                                            "Cache Key": "kind_id",
                                                                            "Cache Mode": "logical",
                                                                            "Cache Hits": 2062,
                                                                            "Cache Misses": 2,
                                                                            "Cache Evictions": 0,
                                                                            "Cache Overflows": 0,
                                                                            "Peak Memory Usage": 1,
                                                                            "Plans": [
                                                                                {
                                                                                    "Node Type": "Index Scan",
                                                                                    "Scan Direction": "Forward",
                                                                                    "Index Name": "kind_type_pkey",
                                                                                    "Plan Rows": 1,
                                                                                    "Plan Width": 4,
                                                                                    "Actual Startup Time": 0.096,
                                                                                    "Actual Total Time": 0.096,
                                                                                    "Actual Rows": 0,
                                                                                    "Actual Loops": 2,
                                                                                    "Index Cond": "id",
                                                                                    "Rows Removed by Index Recheck": 0,
                                                                                    "Filter": "kind",
                                                                                    "Rows Removed by Filter": 0
                                                                                }
                                                                            ]
                                                                        }
                                                                    ]
                                                                },
                                                                {
                                                                    "Node Type": "Index Scan",
                                                                    "Scan Direction": "Forward",
                                                                    "Index Name": "title_pkey",
                                                                    "Plan Rows": 1,
                                                                    "Plan Width": 25,
                                                                    "Actual Startup Time": 0.015,
                                                                    "Actual Total Time": 0.015,
                                                                    "Actual Rows": 0,
                                                                    "Actual Loops": 1220,
                                                                    "Index Cond": "id",
                                                                    "Rows Removed by Index Recheck": 0,
                                                                    "Filter": "productinyea",
                                                                    "Rows Removed by Filter": 1
                                                                }
                                                            ]
                                                        },
                                                        {
                                                            "Node Type": "Index Scan",
                                                            "Scan Direction": "Forward",
                                                            "Index Name": "movie_id_movie_companies",
                                                            "Plan Rows": 5,
                                                            "Plan Width": 8,
                                                            "Actual Startup Time": 0.022,
                                                            "Actual Total Time": 0.028,
                                                            "Actual Rows": 4,
                                                            "Actual Loops": 102,
                                                            "Index Cond": "movie_id",
                                                            "Rows Removed by Index Recheck": 0
                                                        }
                                                    ]
                                                },
                                                {
                                                    "Node Type": "Index Scan",
                                                    "Scan Direction": "Forward",
                                                    "Index Name": "company_name_pkey",
                                                    "Plan Rows": 1,
                                                    "Plan Width": 23,
                                                    "Actual Startup Time": 0.002,
                                                    "Actual Total Time": 0.002,
                                                    "Actual Rows": 1,
                                                    "Actual Loops": 449,
                                                    "Index Cond": "id",
                                                    "Rows Removed by Index Recheck": 0
                                                }
                                            ]
                                        },
                                        {
                                            "Node Type": "Index Scan",
                                            "Scan Direction": "Forward",
                                            "Index Name": "kind_type_pkey",
                                            "Plan Rows": 1,
                                            "Plan Width": 4,
                                            "Actual Startup Time": 0.0,
                                            "Actual Total Time": 0.0,
                                            "Actual Rows": 1,
                                            "Actual Loops": 449,
                                            "Index Cond": "id",
                                            "Rows Removed by Index Recheck": 0,
                                            "Filter": "kind",
                                            "Rows Removed by Filter": 0
                                        }
                                    ]
                                },
                                {
                                    "Node Type": "Index Scan",
                                    "Scan Direction": "Forward",
                                    "Index Name": "movie_id_movie_companies",
                                    "Plan Rows": 5,
                                    "Plan Width": 8,
                                    "Actual Startup Time": 0.004,
                                    "Actual Total Time": 0.005,
                                    "Actual Rows": 6,
                                    "Actual Loops": 297,
                                    "Index Cond": "movie_id",
                                    "Rows Removed by Index Recheck": 0
                                }
                            ]
                        },
                        {
                            "Node Type": "Index Scan",
                            "Scan Direction": "Forward",
                            "Index Name": "company_name_pkey",
                            "Plan Rows": 1,
                            "Plan Width": 23,
                            "Actual Startup Time": 0.001,
                            "Actual Total Time": 0.001,
                            "Actual Rows": 0,
                            "Actual Loops": 1812,
                            "Index Cond": "id",
                            "Rows Removed by Index Recheck": 0,
                            "Filter": "countryde",
                            "Rows Removed by Filter": 1
                        }
                    ]
                },
                {
                    "Node Type": "Index Scan",
                    "Scan Direction": "Forward",
                    "Index Name": "movie_id_movie_info_idx",
                    "Plan Rows": 1,
                    "Plan Width": 13,
                    "Actual Startup Time": 0.001,
                    "Actual Total Time": 0.002,
                    "Actual Rows": 2,
                    "Actual Loops": 465,
                    "Index Cond": "movie_id",
                    "Rows Removed by Index Recheck": 0,
                    "Filter": "info",
                    "Rows Removed by Filter": 1
                }
            ]
        }
    ]
}