{
    "Node Type": "Aggregate",
    "Strategy": "Plain",
    "Partial Mode": "Simple",
    "Plan Rows": 1,
    "Plan Width": 192,
    "Actual Startup Time": 14.118,
    "Actual Total Time": 14.119,
    "Actual Rows": 1,
    "Actual Loops": 1,
    "Plans": [
        {
            "Node Type": "Nested Loop",
            "Join Type": "Inner",
            "Plan Rows": 1,
            "Plan Width": 82,
            "Actual Startup Time": 1.425,
            "Actual Total Time": 14.113,
            "Actual Rows": 4,
            "Actual Loops": 1,
            "Inner Unique": true,
            "Plans": [
                {
                    "Node Type": "Nested Loop",
                    "Join Type": "Inner",
                    "Plan Rows": 1,
                    "Plan Width": 67,
                    "Actual Startup Time": 1.423,
                    "Actual Total Time": 14.097,
                    "Actual Rows": 14,
                    "Actual Loops": 1,
                    "Inner Unique": false,
                    "Plans": [
                        {
                            "Node Type": "Nested Loop",
                            "Join Type": "Inner",
                            "Plan Rows": 1,
                            "Plan Width": 75,
                            "Actual Startup Time": 1.42,
                            "Actual Total Time": 14.086,
                            "Actual Rows": 6,
                            "Actual Loops": 1,
                            "Inner Unique": true,
                            "Plans": [
                                {
                                    "Node Type": "Nested Loop",
                                    "Join Type": "Inner",
                                    "Plan Rows": 1,
                                    "Plan Width": 79,
                                    "Actual Startup Time": 1.419,
                                    "Actual Total Time": 14.082,
                                    "Actual Rows": 6,
                                    "Actual Loops": 1,
                                    "Inner Unique": true,
                                    "Join Filter": "linked_movie_id",
                                    "Rows Removed by Join Filter": 0,
                                    "Plans": [
                                        {
                                            "Node Type": "Nested Loop",
                                            "Join Type": "Inner",
                                            "Plan Rows": 1,
                                            "Plan Width": 70,
                                            "Actual Startup Time": 1.416,
                                            "Actual Total Time": 14.008,
                                            "Actual Rows": 54,
                                            "Actual Loops": 1,
                                            "Inner Unique": true,
                                            "Plans": [
                                                {
                                                    "Node Type": "Nested Loop",
                                                    "Join Type": "Inner",
                                                    "Plan Rows": 5,
                                                    "Plan Width": 74,
                                                    "Actual Startup Time": 1.415,
                                                    "Actual Total Time": 13.976,
                                                    "Actual Rows": 58,
                                                    "Actual Loops": 1,
                                                    "Inner Unique": true,
                                                    "Plans": [
                                                        {
                                                            "Node Type": "Nested Loop",
                                                            "Join Type": "Inner",
                                                            "Plan Rows": 5,
                                                            "Plan Width": 59,
                                                            "Actual Startup Time": 1.413,
                                                            "Actual Total Time": 13.845,
                                                            "Actual Rows": 58,
                                                            "Actual Loops": 1,
                                                            "Inner Unique": false,
                                                            "Join Filter": "linked_movie_id",
                                                            "Rows Removed by Join Filter": 0,
                                                            "Plans": [
                                                                {
                                                                    "Node Type": "Nested Loop",
                                                                    "Join Type": "Inner",
                                                                    "Plan Rows": 1,
                                                                    "Plan Width": 51,
                                                                    "Actual Startup Time": 1.41,
                                                                    "Actual Total Time": 13.348,
                                                                    "Actual Rows": 30,
                                                                    "Actual Loops": 1,
                                                                    "Inner Unique": true,
                                                                    "Join Filter": "movie_id",
                                                                    "Rows Removed by Join Filter": 0,
                                                                    "Plans": [
                                                                        {
                                                                            "Node Type": "Nested Loop",
                                                                            "Join Type": "Inner",
                                                                            "Plan Rows": 1,
                                                                            "Plan Width": 26,
                                                                            "Actual Startup Time": 1.406,
                                                                            "Actual Total Time": 13.28,
                                                                            "Actual Rows": 30,
                                                                            "Actual Loops": 1,
                                                                            "Inner Unique": true,
                                                                            "Plans": [
                                                                                {
                                                                                    "Node Type": "Nested Loop",
                                                                                    "Join Type": "Inner",
                                                                                    "Plan Rows": 1,
                                                                                    "Plan Width": 30,
                                                                                    "Actual Startup Time": 0.287,
                                                                                    "Actual Total Time": 12.171,
                                                                                    "Actual Rows": 2767,
                                                                                    "Actual Loops": 1,
                                                                                    "Inner Unique": false,
                                                                                    "Plans": [
                                                                                        {
                                                                                            "Node Type": "Nested Loop",
                                                                                            "Join Type": "Inner",
                                                                                            "Plan Rows": 1,
                                                                                            "Plan Width": 17,
                                                                                            "Actual Startup Time": 0.276,
                                                                                            "Actual Total Time": 3.701,
                                                                                            "Actual Rows": 2064,
                                                                                            "Actual Loops": 1,
                                                                                            "Inner Unique": true,
                                                                                            "Plans": [
                                                                                                {
                                                                                                    "Node Type": "Nested Loop",
                                                                                                    "Join Type": "Inner",
                                                                                                    "Plan Rows": 128,
                                                                                                    "Plan Width": 21,
                                                                                                    "Actual Startup Time": 0.272,
                                                                                                    "Actual Total Time": 2.863,
                                                                                                    "Actual Rows": 6192,
                                                                                                    "Actual Loops": 1,
                                                                                                    "Inner Unique": false,
                                                                                                    "Plans": [
                                                                                                        {
                                                                                                            "Node Type": "Nested Loop",
                                                                                                            "Join Type": "Inner",
                                                                                                            "Plan Rows": 42,
                                                                                                            "Plan Width": 8,
                                                                                                            "Actual Startup Time": 0.269,
                                                                                                            "Actual Total Time": 0.602,
                                                                                                            "Actual Rows": 2315,
                                                                                                            "Actual Loops": 1,
                                                                                                            "Inner Unique": false,
                                                                                                            "Plans": [
                                                                                                                {
                                                                                                                    "Node Type": "Seq Scan",
                                                                                                                    "Plan Rows": 1,
                                                                                                                    "Plan Width": 4,
                                                                                                                    "Actual Startup Time": 0.003,
                                                                                                                    "Actual Total Time": 0.005,
                                                                                                                    "Actual Rows": 2,
                                                                                                                    "Actual Loops": 1,
                                                                                                                    "Filter": "link",
                                                                                                                    "Rows Removed by Filter": 16
                                                                                                                },
                                                                                                                {
                                                                                                                    "Node Type": "Bitmap Heap Scan",
                                                                                                                    "Plan Rows": 1875,
                                                                                                                    "Plan Width": 12,
                                                                                                                    "Actual Startup Time": 0.144,
                                                                                                                    "Actual Total Time": 0.245,
                                                                                                                    "Actual Rows": 1158,
                                                                                                                    "Actual Loops": 2,
                                                                                                                    "Recheck Cond": "link_type_id",
                                                                                                                    "Rows Removed by Index Recheck": 0,
                                                                                                                    "Exact Heap Blocks": 191,
                                                                                                                    "Lossy Heap Blocks": 0,
                                                                                                                    "Plans": [
                                                                                                                        {
                                                                                                                            "Node Type": "Bitmap Index Scan",
                                                                                                                            "Index Name": "link_type_id_movie_link",
                                                                                                                            "Plan Rows": 1875,
                                                                                                                            "Plan Width": 0,
                                                                                                                            "Actual Startup Time": 0.137,
                                                                                                                            "Actual Total Time": 0.137,
                                                                                                                            "Actual Rows": 1158,
                                                                                                                            "Actual Loops": 2,
                                                                                                                            "Index Cond": "link_type_id"
                                                                                                                        }
                                                                                                                    ]
                                                                                                                }
                                                                                                            ]
                                                                                                        },
                                                                                                        {
                                                                                                            "Node Type": "Index Scan",
                                                                                                            "Scan Direction": "Forward",
                                                                                                            "Index Name": "movie_id_movie_info_idx",
                                                                                                            "Plan Rows": 3,
                                                                                                            "Plan Width": 13,
                                                                                                            "Actual Startup Time": 0.001,
                                                                                                            "Actual Total Time": 0.001,
                                                                                                            "Actual Rows": 3,
                                                                                                            "Actual Loops": 2315,
                                                                                                            "Index Cond": "movie_id",
                                                                                                            "Rows Removed by Index Recheck": 0
                                                                                                        }
                                                                                                    ]
                                                                                                },
                                                                                                {
                                                                                                    "Node Type": "Memoize",
                                                                                                    "Plan Rows": 1,
                                                                                                    "Plan Width": 4,
                                                                                                    "Actual Startup Time": 0.0,
                                                                                                    "Actual Total Time": 0.0,
                                                                                                    "Actual Rows": 0,
                                                                                                    "Actual Loops": 6192,
                                                                                                    "Cache Key": "info_type_id",
                                                                                                    "Cache Mode": "logical",
                                                                                                    "Cache Hits": 6189,
                                                                                                    "Cache Misses": 3,
                                                                                                    "Cache Evictions": 0,
                                                                                                    "Cache Overflows": 0,
                                                                                                    "Peak Memory Usage": 1,
                                                                                                    "Plans": [
                                                                                                        {
                                                                                                            "Node Type": "Index Scan",
                                                                                                            "Scan Direction": "Forward",
                                                                                                            "Index Name": "info_type_pkey",
                                                                                                            "Plan Rows": 1,
                                                                                                            "Plan Width": 4,
                                                                                                            "Actual Startup Time": 0.001,
                                                                                                            "Actual Total Time": 0.001,
                                                                                                            "Actual Rows": 0,
                                                                                                            "Actual Loops": 3,
                                                                                                            "Index Cond": "id",
                                                                                                            "Rows Removed by Index Recheck": 0,
                                                                                                            "Filter": "info",
                                                                                                            "Rows Removed by Filter": 1
                                                                                                        }
                                                                                                    ]
                                                                                                }
                                                                                            ]
                                                                                        },
                                                                                        {
                                                                                            "Node Type": "Index Scan",
                                                                                            "Scan Direction": "Forward",
                                                                                            "Index Name": "movie_id_movie_info_idx",
                                                                                            "Plan Rows": 1,
                                                                                            "Plan Width": 13,
                                                                                            "Actual Startup Time": 0.003,
                                                                                            "Actual Total Time": 0.004,
                                                                                            "Actual Rows": 1,
                                                                                            "Actual Loops": 2064,
                                                                                            "Index Cond": "movie_id",
                                                                                            "Rows Removed by Index Recheck": 0,
                                                                                            "Filter": "info",
                                                                                            "Rows Removed by Filter": 2
                                                                                        }
                                                                                    ]
                                                                                },
                                                                                {
                                                                                    "Node Type": "Index Scan",
                                                                                    "Scan Direction": "Forward",
                                                                                    "Index Name": "info_type_pkey",
                                                                                    "Plan Rows": 1,
                                                                                    "Plan Width": 4,
                                                                                    "Actual Startup Time": 0.0,
                                                                                    "Actual Total Time": 0.0,
                                                                                    "Actual Rows": 0,
                                                                                    "Actual Loops": 2767,
                                                                                    "Index Cond": "id",
                                                                                    "Rows Removed by Index Recheck": 0,
                                                                                    "Filter": "info",
                                                                                    "Rows Removed by Filter": 1
                                                                                }
                                                                            ]
                                                                        },
                                                                        {
                                                                            "Node Type": "Index Scan",
                                                                            "Scan Direction": "Forward",
                                                                            "Index Name": "title_pkey",
                                                                            "Plan Rows": 1,
                                                                            "Plan Width": 25,
                                                                            "Actual Startup Time": 0.002,
                                                                            "Actual Total Time": 0.002,
                                                                            "Actual Rows": 1,
                                                                            "Actual Loops": 30,
                                                                            "Index Cond": "id",
                                                                            "Rows Removed by Index Recheck": 0
                                                                        }
                                                                    ]
                                                                },
                                                                {
                                                                    "Node Type": "Index Scan",
                                                                    "Scan Direction": "Forward",
                                                                    "Index Name": "movie_id_movie_companies",
                                                                    "Plan Rows": 5,
                                                                    "Plan Width": 8,
                                                                    "Actual Startup Time": 0.01,
                                                                    "Actual Total Time": 0.016,
                                                                    "Actual Rows": 2,
                                                                    "Actual Loops": 30,
                                                                    "Index Cond": "movie_id",
                                                                    "Rows Removed by Index Recheck": 0
                                                                }
                                                            ]
                                                        },
                                                        {
                                                            "Node Type": "Index Scan",
                                                            "Scan Direction": "Forward",
                                                            "Index Name": "company_name_pkey",
                                                            "Plan Rows": 1,
                                                            "Plan Width": 23,
                                                            "Actual Startup Time": 0.002,
                                                            "Actual Total Time": 0.002,
                                                            "Actual Rows": 1,
                                                            "Actual Loops": 58,
                                                            "Index Cond": "id",
                                                            "Rows Removed by Index Recheck": 0
                                                        }
                                                    ]
                                                },
                                                {
                                                    "Node Type": "Index Scan",
                                                    "Scan Direction": "Forward",
                                                    "Index Name": "kind_type_pkey",
                                                    "Plan Rows": 1,
                                                    "Plan Width": 4,
                                                    "Actual Startup Time": 0.0,
                                                    "Actual Total Time": 0.0,
                                                    "Actual Rows": 1,
                                                    "Actual Loops": 58,
                                                    "Index Cond": "id",
                                                    "Rows Removed by Index Recheck": 0,
                                                    "Filter": "kind",
                                                    "Rows Removed by Filter": 0
                                                }
                                            ]
                                        },
                                        {
                                            "Node Type": "Index Scan",
                                            "Scan Direction": "Forward",
                                            "Index Name": "title_pkey",
                                            "Plan Rows": 1,
                                            "Plan Width": 25,
                                            "Actual Startup Time": 0.001,
                                            "Actual Total Time": 0.001,
                                            "Actual Rows": 0,
                                            "Actual Loops": 54,
                                            "Index Cond": "id",
                                            "Rows Removed by Index Recheck": 0,
                                            "Filter": "productinyea",
                                            "Rows Removed by Filter": 1
                                        }
                                    ]
                                },
                                {
                                    "Node Type": "Index Scan",
                                    "Scan Direction": "Forward",
                                    "Index Name": "kind_type_pkey",
                                    "Plan Rows": 1,
                                    "Plan Width": 4,
                                    "Actual Startup Time": 0.0,
                                    "Actual Total Time": 0.0,
                                    "Actual Rows": 1,
                                    "Actual Loops": 6,
                                    "Index Cond": "id",
                                    "Rows Removed by Index Recheck": 0,
                                    "Filter": "kind",
                                    "Rows Removed by Filter": 0
                                }
                            ]
                        },
                        {
                            "Node Type": "Index Scan",
                            "Scan Direction": "Forward",
                            "Index Name": "movie_id_movie_companies",
                            "Plan Rows": 5,
                            "Plan Width": 8,
                            "Actual Startup Time": 0.001,
                            "Actual Total Time": 0.002,
                            "Actual Rows": 2,
                            "Actual Loops": 6,
                            "Index Cond": "movie_id",
                            "Rows Removed by Index Recheck": 0
                        }
                    ]
                },
                {
                    "Node Type": "Index Scan",
                    "Scan Direction": "Forward",
                    "Index Name": "company_name_pkey",
                    "Plan Rows": 1,
                    "Plan Width": 23,
                    "Actual Startup Time": 0.001,
                    "Actual Total Time": 0.001,
                    "Actual Rows": 0,
                    "Actual Loops": 14,
                    "Index Cond": "id",
                    "Rows Removed by Index Recheck": 0,
                    "Filter": "countryde",
                    "Rows Removed by Filter": 1
                }
            ]
        }
    ]
}