{
    "Node Type": "Aggregate",
    "Strategy": "Plain",
    "Partial Mode": "Simple",
    "Plan Rows": 1,
    "Plan Width": 64,
    "Actual Startup Time": 123.854,
    "Actual Total Time": 123.855,
    "Actual Rows": 1,
    "Actual Loops": 1,
    "Plans": [
        {
            "Node Type": "Nested Loop",
            "Join Type": "Inner",
            "Plan Rows": 2,
            "Plan Width": 22,
            "Actual Startup Time": 8.045,
            "Actual Total Time": 123.236,
            "Actual Rows": 740,
            "Actual Loops": 1,
            "Inner Unique": true,
            "Join Filter": "movie_id",
            "Rows Removed by Join Filter": 0,
            "Plans": [
                {
                    "Node Type": "Nested Loop",
                    "Join Type": "Inner",
                    "Plan Rows": 4,
                    "Plan Width": 13,
                    "Actual Startup Time": 1.778,
                    "Actual Total Time": 83.179,
                    "Actual Rows": 5820,
                    "Actual Loops": 1,
                    "Inner Unique": false,
                    "Join Filter": "info_type_id",
                    "Rows Removed by Join Filter": 2613,
                    "Plans": [
                        {
                            "Node Type": "Seq Scan",
                            "Plan Rows": 1,
                            "Plan Width": 4,
                            "Actual Startup Time": 0.008,
                            "Actual Total Time": 0.009,
                            "Actual Rows": 1,
                            "Actual Loops": 1,
                            "Filter": "info",
                            "Rows Removed by Filter": 112
                        },
                        {
                            "Node Type": "Nested Loop",
                            "Join Type": "Inner",
                            "Plan Rows": 504,
                            "Plan Width": 17,
                            "Actual Startup Time": 1.769,
                            "Actual Total Time": 82.794,
                            "Actual Rows": 8433,
                            "Actual Loops": 1,
                            "Inner Unique": false,
                            "Plans": [
                                {
                                    "Node Type": "Nested Loop",
                                    "Join Type": "Inner",
                                    "Plan Rows": 438,
                                    "Plan Width": 4,
                                    "Actual Startup Time": 1.757,
                                    "Actual Total Time": 53.01,
                                    "Actual Rows": 12951,
                                    "Actual Loops": 1,
                                    "Inner Unique": false,
                                    "Plans": [
                                        {
                                            "Node Type": "Seq Scan",
                                            "Plan Rows": 13,
                                            "Plan Width": 4,
                                            "Actual Startup Time": 0.549,
                                            "Actual Total Time": 9.958,
                                            "Actual Rows": 30,
                                            "Actual Loops": 1,
                                            "Filter": "keyword",
                                            "Rows Removed by Filter": 134140
                                        },
                                        {
                                            "Node Type": "Bitmap Heap Scan",
                                            "Plan Rows": 301,
                                            "Plan Width": 8,
                                            "Actual Startup Time": 0.049,
                                            "Actual Total Time": 1.415,
                                            "Actual Rows": 432,
                                            "Actual Loops": 30,
                                            "Recheck Cond": "keyword_id",
                                            "Rows Removed by Index Recheck": 0,
                                            "Exact Heap Blocks": 6979,
                                            "Lossy Heap Blocks": 0,
                                            "Plans": [
                                                {
                                                    "Node Type": "Bitmap Index Scan",
                                                    "Index Name": "keyword_id_movie_keyword",
                                                    "Plan Rows": 301,
                                                    "Plan Width": 0,
                                                    "Actual Startup Time": 0.03,
                                                    "Actual Total Time": 0.03,
                                                    "Actual Rows": 432,
                                                    "Actual Loops": 30,
                                                    "Index Cond": "keyword_id"
                                                }
                                            ]
                                        }
                                    ]
                                },
                                {
                                    "Node Type": "Index Scan",
                                    "Scan Direction": "Forward",
                                    "Index Name": "movie_id_movie_info_idx",
                                    "Plan Rows": 1,
                                    "Plan Width": 13,
                                    "Actual Startup Time": 0.002,
                                    "Actual Total Time": 0.002,
                                    "Actual Rows": 1,
                                    "Actual Loops": 12951,
                                    "Index Cond": "movie_id",
                                    "Rows Removed by Index Recheck": 0,
                                    "Filter": "info",
                                    "Rows Removed by Filter": 1
                                }
                            ]
                        }
                    ]
                },
                {
                    "Node Type": "Index Scan",
                    "Scan Direction": "Forward",
                    "Index Name": "title_pkey",
                    "Plan Rows": 1,
                    "Plan Width": 21,
                    "Actual Startup Time": 0.007,
                    "Actual Total Time": 0.007,
                    "Actual Rows": 0,
                    "Actual Loops": 5820,
                    "Index Cond": "id",
                    "Rows Removed by Index Recheck": 0,
                    "Filter": "productinyea",
                    "Rows Removed by Filter": 1
                }
            ]
        }
    ]
}