{
    "Node Type": "Aggregate",
    "Strategy": "Plain",
    "Partial Mode": "Simple",
    "Plan Rows": 1,
    "Plan Width": 96,
    "Actual Startup Time": 1184.886,
    "Actual Total Time": 1184.888,
    "Actual Rows": 1,
    "Actual Loops": 1,
    "Plans": [
        {
            "Node Type": "Nested Loop",
            "Join Type": "Inner",
            "Plan Rows": 1,
            "Plan Width": 48,
            "Actual Startup Time": 117.142,
            "Actual Total Time": 1184.819,
            "Actual Rows": 12,
            "Actual Loops": 1,
            "Inner Unique": true,
            "Plans": [
                {
                    "Node Type": "Nested Loop",
                    "Join Type": "Inner",
                    "Plan Rows": 1,
                    "Plan Width": 37,
                    "Actual Startup Time": 64.125,
                    "Actual Total Time": 1142.933,
                    "Actual Rows": 383,
                    "Actual Loops": 1,
                    "Inner Unique": false,
                    "Join Filter": "id",
                    "Rows Removed by Join Filter": 0,
                    "Plans": [
                        {
                            "Node Type": "Nested Loop",
                            "Join Type": "Inner",
                            "Plan Rows": 1,
                            "Plan Width": 41,
                            "Actual Startup Time": 64.11,
                            "Actual Total Time": 1118.131,
                            "Actual Rows": 36,
                            "Actual Loops": 1,
                            "Inner Unique": true,
                            "Plans": [
                                {
                                    "Node Type": "Nested Loop",
                                    "Join Type": "Inner",
                                    "Plan Rows": 270,
                                    "Plan Width": 20,
                                    "Actual Startup Time": 1.718,
                                    "Actual Total Time": 544.07,
                                    "Actual Rows": 35548,
                                    "Actual Loops": 1,
                                    "Inner Unique": false,
                                    "Plans": [
                                        {
                                            "Node Type": "Seq Scan",
                                            "Plan Rows": 8,
                                            "Plan Width": 20,
                                            "Actual Startup Time": 0.059,
                                            "Actual Total Time": 19.061,
                                            "Actual Rows": 8,
                                            "Actual Loops": 1,
                                            "Filter": "keyword",
                                            "Rows Removed by Filter": 134162
                                        },
                                        {
                                            "Node Type": "Bitmap Heap Scan",
                                            "Plan Rows": 301,
                                            "Plan Width": 8,
                                            "Actual Startup Time": 1.079,
                                            "Actual Total Time": 65.354,
                                            "Actual Rows": 4444,
                                            "Actual Loops": 8,
                                            "Recheck Cond": "keyword_id",
                                            "Rows Removed by Index Recheck": 0,
                                            "Exact Heap Blocks": 23488,
                                            "Lossy Heap Blocks": 0,
                                            "Plans": [
                                                {
                                                    "Node Type": "Bitmap Index Scan",
                                                    "Index Name": "keyword_id_movie_keyword",
                                                    "Plan Rows": 301,
                                                    "Plan Width": 0,
                                                    "Actual Startup Time": 0.773,
                                                    "Actual Total Time": 0.773,
                                                    "Actual Rows": 4444,
                                                    "Actual Loops": 8,
                                                    "Index Cond": "keyword_id"
                                                }
                                            ]
                                        }
                                    ]
                                },
                                {
                                    "Node Type": "Index Scan",
                                    "Scan Direction": "Forward",
                                    "Index Name": "title_pkey",
                                    "Plan Rows": 1,
                                    "Plan Width": 21,
                                    "Actual Startup Time": 0.016,
                                    "Actual Total Time": 0.016,
                                    "Actual Rows": 0,
                                    "Actual Loops": 35548,
                                    "Index Cond": "id",
                                    "Rows Removed by Index Recheck": 0,
                                    "Filter": "productinyea",
                                    "Rows Removed by Filter": 1
                                }
                            ]
                        },
                        {
                            "Node Type": "Index Scan",
                            "Scan Direction": "Forward",
                            "Index Name": "movie_id_cast_info",
                            "Plan Rows": 38,
                            "Plan Width": 8,
                            "Actual Startup Time": 0.212,
                            "Actual Total Time": 0.687,
                            "Actual Rows": 11,
                            "Actual Loops": 36,
                            "Index Cond": "movie_id",
                            "Rows Removed by Index Recheck": 0
                        }
                    ]
                },
                {
                    "Node Type": "Index Scan",
                    "Scan Direction": "Forward",
                    "Index Name": "name_pkey",
                    "Plan Rows": 1,
                    "Plan Width": 19,
                    "Actual Startup Time": 0.109,
                    "Actual Total Time": 0.109,
                    "Actual Rows": 0,
                    "Actual Loops": 383,
                    "Index Cond": "id",
                    "Rows Removed by Index Recheck": 0,
                    "Filter": "name",
                    "Rows Removed by Filter": 1
                }
            ]
        }
    ]
}