{
    "Node Type": "Aggregate",
    "Strategy": "Plain",
    "Partial Mode": "Simple",
    "Plan Rows": 1,
    "Plan Width": 96,
    "Actual Startup Time": 81142.568,
    "Actual Total Time": 81142.569,
    "Actual Rows": 1,
    "Actual Loops": 1,
    "Plans": [
        {
            "Node Type": "Nested Loop",
            "Join Type": "Inner",
            "Plan Rows": 1,
            "Plan Width": 48,
            "Actual Startup Time": 3938.857,
            "Actual Total Time": 81141.302,
            "Actual Rows": 88,
            "Actual Loops": 1,
            "Inner Unique": true,
            "Plans": [
                {
                    "Node Type": "Nested Loop",
                    "Join Type": "Inner",
                    "Plan Rows": 5583,
                    "Plan Width": 37,
                    "Actual Startup Time": 1.52,
                    "Actual Total Time": 56780.3,
                    "Actual Rows": 785477,
                    "Actual Loops": 1,
                    "Inner Unique": false,
                    "Join Filter": "id",
                    "Rows Removed by Join Filter": 0,
                    "Plans": [
                        {
                            "Node Type": "Nested Loop",
                            "Join Type": "Inner",
                            "Plan Rows": 145,
                            "Plan Width": 41,
                            "Actual Startup Time": 0.278,
                            "Actual Total Time": 1554.179,
                            "Actual Rows": 14165,
                            "Actual Loops": 1,
                            "Inner Unique": true,
                            "Plans": [
                                {
                                    "Node Type": "Nested Loop",
                                    "Join Type": "Inner",
                                    "Plan Rows": 270,
                                    "Plan Width": 20,
                                    "Actual Startup Time": 0.272,
                                    "Actual Total Time": 736.712,
                                    "Actual Rows": 35548,
                                    "Actual Loops": 1,
                                    "Inner Unique": false,
                                    "Plans": [
                                        {
                                            "Node Type": "Seq Scan",
                                            "Plan Rows": 8,
                                            "Plan Width": 20,
                                            "Actual Startup Time": 0.068,
                                            "Actual Total Time": 19.548,
                                            "Actual Rows": 8,
                                            "Actual Loops": 1,
                                            "Filter": "keyword",
                                            "Rows Removed by Filter": 134162
                                        },
                                        {
                                            "Node Type": "Bitmap Heap Scan",
                                            "Plan Rows": 301,
                                            "Plan Width": 8,
                                            "Actual Startup Time": 1.02,
                                            "Actual Total Time": 89.255,
                                            "Actual Rows": 4444,
                                            "Actual Loops": 8,
                                            "Recheck Cond": "keyword_id",
                                            "Rows Removed by Index Recheck": 0,
                                            "Exact Heap Blocks": 23488,
                                            "Lossy Heap Blocks": 0,
                                            "Plans": [
                                                {
                                                    "Node Type": "Bitmap Index Scan",
                                                    "Index Name": "keyword_id_movie_keyword",
                                                    "Plan Rows": 301,
                                                    "Plan Width": 0,
                                                    "Actual Startup Time": 0.687,
                                                    "Actual Total Time": 0.687,
                                                    "Actual Rows": 4444,
                                                    "Actual Loops": 8,
                                                    "Index Cond": "keyword_id"
                                                }
                                            ]
                                        }
                                    ]
                                },
                                {
                                    "Node Type": "Index Scan",
                                    "Scan Direction": "Forward",
                                    "Index Name": "title_pkey",
                                    "Plan Rows": 1,
                                    "Plan Width": 21,
                                    "Actual Startup Time": 0.023,
                                    "Actual Total Time": 0.023,
                                    "Actual Rows": 0,
                                    "Actual Loops": 35548,
                                    "Index Cond": "id",
                                    "Rows Removed by Index Recheck": 0,
                                    "Filter": "productinyea",
                                    "Rows Removed by Filter": 1
                                }
                            ]
                        },
                        {
                            "Node Type": "Index Scan",
                            "Scan Direction": "Forward",
                            "Index Name": "movie_id_cast_info",
                            "Plan Rows": 38,
                            "Plan Width": 8,
                            "Actual Startup Time": 0.179,
                            "Actual Total Time": 3.893,
                            "Actual Rows": 55,
                            "Actual Loops": 14165,
                            "Index Cond": "movie_id",
                            "Rows Removed by Index Recheck": 0
                        }
                    ]
                },
                {
                    "Node Type": "Index Scan",
                    "Scan Direction": "Forward",
                    "Index Name": "name_pkey",
                    "Plan Rows": 1,
                    "Plan Width": 19,
                    "Actual Startup Time": 0.031,
                    "Actual Total Time": 0.031,
                    "Actual Rows": 0,
                    "Actual Loops": 785477,
                    "Index Cond": "id",
                    "Rows Removed by Index Recheck": 0,
                    "Filter": "name",
                    "Rows Removed by Filter": 1
                }
            ]
        }
    ]
}