{
    "Node Type": "Aggregate",
    "Strategy": "Plain",
    "Partial Mode": "Simple",
    "Plan Rows": 1,
    "Plan Width": 64,
    "Actual Startup Time": 27349.466,
    "Actual Total Time": 27349.47,
    "Actual Rows": 1,
    "Actual Loops": 1,
    "Plans": [
        {
            "Node Type": "Nested Loop",
            "Join Type": "Inner",
            "Plan Rows": 1,
            "Plan Width": 110,
            "Actual Startup Time": 2.458,
            "Actual Total Time": 26236.249,
            "Actual Rows": 68185,
            "Actual Loops": 1,
            "Inner Unique": false,
            "Join Filter": "id",
            "Rows Removed by Join Filter": 0,
            "Plans": [
                {
                    "Node Type": "Nested Loop",
                    "Join Type": "Inner",
                    "Plan Rows": 1,
                    "Plan Width": 122,
                    "Actual Startup Time": 2.047,
                    "Actual Total Time": 25676.183,
                    "Actual Rows": 40157,
                    "Actual Loops": 1,
                    "Inner Unique": false,
                    "Join Filter": "info_type_id",
                    "Rows Removed by Join Filter": 0,
                    "Plans": [
                        {
                            "Node Type": "Seq Scan",
                            "Plan Rows": 1,
                            "Plan Width": 4,
                            "Actual Startup Time": 0.006,
                            "Actual Total Time": 0.01,
                            "Actual Rows": 1,
                            "Actual Loops": 1,
                            "Filter": "info",
                            "Rows Removed by Filter": 112
                        },
                        {
                            "Node Type": "Nested Loop",
                            "Join Type": "Inner",
                            "Plan Rows": 31,
                            "Plan Width": 126,
                            "Actual Startup Time": 2.04,
                            "Actual Total Time": 25670.056,
                            "Actual Rows": 40157,
                            "Actual Loops": 1,
                            "Inner Unique": false,
                            "Join Filter": "id",
                            "Rows Removed by Join Filter": 0,
                            "Plans": [
                                {
                                    "Node Type": "Nested Loop",
                                    "Join Type": "Inner",
                                    "Plan Rows": 1593,
                                    "Plan Width": 23,
                                    "Actual Startup Time": 0.719,
                                    "Actual Total Time": 23676.293,
                                    "Actual Rows": 150772,
                                    "Actual Loops": 1,
                                    "Inner Unique": true,
                                    "Plans": [
                                        {
                                            "Node Type": "Nested Loop",
                                            "Join Type": "Inner",
                                            "Plan Rows": 13932,
                                            "Plan Width": 4,
                                            "Actual Startup Time": 0.708,
                                            "Actual Total Time": 17250.591,
                                            "Actual Rows": 1097209,
                                            "Actual Loops": 1,
                                            "Inner Unique": false,
                                            "Plans": [
                                                {
                                                    "Node Type": "Nested Loop",
                                                    "Join Type": "Inner",
                                                    "Plan Rows": 362,
                                                    "Plan Width": 8,
                                                    "Actual Startup Time": 0.372,
                                                    "Actual Total Time": 1232.258,
                                                    "Actual Rows": 14194,
                                                    "Actual Loops": 1,
                                                    "Inner Unique": true,
                                                    "Plans": [
                                                        {
                                                            "Node Type": "Hash Join",
                                                            "Join Type": "Inner",
                                                            "Plan Rows": 591,
                                                            "Plan Width": 4,
                                                            "Actual Startup Time": 0.016,
                                                            "Actual Total Time": 14.976,
                                                            "Actual Rows": 21505,
                                                            "Actual Loops": 1,
                                                            "Inner Unique": true,
                                                            "Hash Cond": "link_type_id",
                                                            "Plans": [
                                                                {
                                                                    "Node Type": "Seq Scan",
                                                                    "Plan Rows": 29997,
                                                                    "Plan Width": 8,
                                                                    "Actual Startup Time": 0.004,
                                                                    "Actual Total Time": 4.319,
                                                                    "Actual Rows": 29997,
                                                                    "Actual Loops": 1
                                                                },
                                                                {
                                                                    "Node Type": "Hash",
                                                                    "Plan Rows": 14,
                                                                    "Plan Width": 4,
                                                                    "Actual Startup Time": 0.008,
                                                                    "Actual Total Time": 0.008,
                                                                    "Actual Rows": 4,
                                                                    "Actual Loops": 1,
                                                                    "Hash Buckets": 1024,
                                                                    "Original Hash Buckets": 1024,
                                                                    "Hash Batches": 1,
                                                                    "Original Hash Batches": 1,
                                                                    "Peak Memory Usage": 9,
                                                                    "Plans": [
                                                                        {
                                                                            "Node Type": "Seq Scan",
                                                                            "Plan Rows": 14,
                                                                            "Plan Width": 4,
                                                                            "Actual Startup Time": 0.005,
                                                                            "Actual Total Time": 0.006,
                                                                            "Actual Rows": 4,
                                                                            "Actual Loops": 1,
                                                                            "Filter": "link",
                                                                            "Rows Removed by Filter": 14
                                                                        }
                                                                    ]
                                                                }
                                                            ]
                                                        },
                                                        {
                                                            "Node Type": "Index Scan",
                                                            "Scan Direction": "Forward",
                                                            "Index Name": "title_pkey",
                                                            "Plan Rows": 1,
                                                            "Plan Width": 4,
                                                            "Actual Startup Time": 0.056,
                                                            "Actual Total Time": 0.056,
                                                            "Actual Rows": 1,
                                                            "Actual Loops": 21505,
                                                            "Index Cond": "id",
                                                            "Rows Removed by Index Recheck": 0,
                                                            "Filter": "productinyea",
                                                            "Rows Removed by Filter": 0
                                                        }
                                                    ]
                                                },
                                                {
                                                    "Node Type": "Index Scan",
                                                    "Scan Direction": "Forward",
                                                    "Index Name": "movie_id_cast_info",
                                                    "Plan Rows": 38,
                                                    "Plan Width": 8,
                                                    "Actual Startup Time": 0.085,
                                                    "Actual Total Time": 1.124,
                                                    "Actual Rows": 77,
                                                    "Actual Loops": 14194,
                                                    "Index Cond": "movie_id",
                                                    "Rows Removed by Index Recheck": 0
                                                }
                                            ]
                                        },
                                        {
                                            "Node Type": "Index Scan",
                                            "Scan Direction": "Forward",
                                            "Index Name": "name_pkey",
                                            "Plan Rows": 1,
                                            "Plan Width": 19,
                                            "Actual Startup Time": 0.006,
                                            "Actual Total Time": 0.006,
                                            "Actual Rows": 0,
                                            "Actual Loops": 1097209,
                                            "Index Cond": "id",
                                            "Rows Removed by Index Recheck": 0,
                                            "Filter": "namepcodfgr",
                                            "Rows Removed by Filter": 1
                                        }
                                    ]
                                },
                                {
                                    "Node Type": "Index Scan",
                                    "Scan Direction": "Forward",
                                    "Index Name": "person_id_person_info",
                                    "Plan Rows": 1,
                                    "Plan Width": 103,
                                    "Actual Startup Time": 0.012,
                                    "Actual Total Time": 0.013,
                                    "Actual Rows": 0,
                                    "Actual Loops": 150772,
                                    "Index Cond": "person_id",
                                    "Rows Removed by Index Recheck": 0,
                                    "Filter": "noteISNOTUL",
                                    "Rows Removed by Filter": 20
                                }
                            ]
                        }
                    ]
                },
                {
                    "Node Type": "Index Scan",
                    "Scan Direction": "Forward",
                    "Index Name": "person_id_aka_name",
                    "Plan Rows": 2,
                    "Plan Width": 4,
                    "Actual Startup Time": 0.012,
                    "Actual Total Time": 0.014,
                    "Actual Rows": 2,
                    "Actual Loops": 40157,
                    "Index Cond": "person_id",
                    "Rows Removed by Index Recheck": 0,
                    "Filter": "nameISNOTUL",
                    "Rows Removed by Filter": 1
                }
            ]
        }
    ]
}