{
    "Node Type": "Aggregate",
    "Strategy": "Plain",
    "Partial Mode": "Simple",
    "Plan Rows": 1,
    "Plan Width": 64,
    "Actual Startup Time": 5009.544,
    "Actual Total Time": 5010.654,
    "Actual Rows": 1,
    "Actual Loops": 1,
    "Plans": [
        {
            "Node Type": "Nested Loop",
            "Join Type": "Inner",
            "Plan Rows": 1,
            "Plan Width": 33,
            "Actual Startup Time": 689.102,
            "Actual Total Time": 5010.479,
            "Actual Rows": 62,
            "Actual Loops": 1,
            "Inner Unique": true,
            "Plans": [
                {
                    "Node Type": "Nested Loop",
                    "Join Type": "Inner",
                    "Plan Rows": 1,
                    "Plan Width": 41,
                    "Actual Startup Time": 45.936,
                    "Actual Total Time": 4984.593,
                    "Actual Rows": 17379,
                    "Actual Loops": 1,
                    "Inner Unique": false,
                    "Plans": [
                        {
                            "Node Type": "Gather",
                            "Plan Rows": 1,
                            "Plan Width": 21,
                            "Actual Startup Time": 45.692,
                            "Actual Total Time": 4833.429,
                            "Actual Rows": 7438,
                            "Actual Loops": 1,
                            "Workers Planned": 2,
                            "Workers Launched": 2,
                            "Plans": [
                                {
                                    "Node Type": "Nested Loop",
                                    "Join Type": "Inner",
                                    "Plan Rows": 1,
                                    "Plan Width": 21,
                                    "Actual Startup Time": 139.08,
                                    "Actual Total Time": 4917.641,
                                    "Actual Rows": 2479,
                                    "Actual Loops": 3,
                                    "Inner Unique": true,
                                    "Workers": [],
                                    "Plans": [
                                        {
                                            "Node Type": "Nested Loop",
                                            "Join Type": "Inner",
                                            "Plan Rows": 22,
                                            "Plan Width": 25,
                                            "Actual Startup Time": 138.58,
                                            "Actual Total Time": 4916.037,
                                            "Actual Rows": 6533,
                                            "Actual Loops": 3,
                                            "Inner Unique": false,
                                            "Workers": [],
                                            "Plans": [
                                                {
                                                    "Node Type": "Nested Loop",
                                                    "Join Type": "Inner",
                                                    "Plan Rows": 218,
                                                    "Plan Width": 25,
                                                    "Actual Startup Time": 30.578,
                                                    "Actual Total Time": 815.383,
                                                    "Actual Rows": 16109,
                                                    "Actual Loops": 3,
                                                    "Inner Unique": true,
                                                    "Workers": [],
                                                    "Plans": [
                                                        {
                                                            "Node Type": "Hash Join",
                                                            "Join Type": "Inner",
                                                            "Plan Rows": 218,
                                                            "Plan Width": 4,
                                                            "Actual Startup Time": 30.193,
                                                            "Actual Total Time": 365.829,
                                                            "Actual Rows": 16109,
                                                            "Actual Loops": 3,
                                                            "Inner Unique": true,
                                                            "Hash Cond": "company_id",
                                                            "Workers": [],
                                                            "Plans": [
                                                                {
                                                                    "Node Type": "Seq Scan",
                                                                    "Plan Rows": 7802,
                                                                    "Plan Width": 8,
                                                                    "Actual Startup Time": 0.057,
                                                                    "Actual Total Time": 328.708,
                                                                    "Actual Rows": 16299,
                                                                    "Actual Loops": 3,
                                                                    "Filter": "note",
                                                                    "Rows Removed by Filter": 853411,
                                                                    "Workers": []
                                                                },
                                                                {
                                                                    "Node Type": "Hash",
                                                                    "Plan Rows": 3856,
                                                                    "Plan Width": 4,
                                                                    "Actual Startup Time": 29.995,
                                                                    "Actual Total Time": 29.995,
                                                                    "Actual Rows": 2251,
                                                                    "Actual Loops": 3,
                                                                    "Hash Buckets": 8192,
                                                                    "Original Hash Buckets": 8192,
                                                                    "Hash Batches": 1,
                                                                    "Original Hash Batches": 1,
                                                                    "Peak Memory Usage": 384,
                                                                    "Workers": [],
                                                                    "Plans": [
                                                                        {
                                                                            "Node Type": "Seq Scan",
                                                                            "Plan Rows": 3856,
                                                                            "Plan Width": 4,
                                                                            "Actual Startup Time": 0.08,
                                                                            "Actual Total Time": 25.872,
                                                                            "Actual Rows": 2251,
                                                                            "Actual Loops": 3,
                                                                            "Filter": "countryde",
                                                                            "Rows Removed by Filter": 76082,
                                                                            "Workers": []
                                                                        }
                                                                    ]
                                                                }
                                                            ]
                                                        },
                                                        {
                                                            "Node Type": "Index Scan",
                                                            "Scan Direction": "Forward",
                                                            "Index Name": "title_pkey",
                                                            "Plan Rows": 1,
                                                            "Plan Width": 21,
                                                            "Actual Startup Time": 0.028,
                                                            "Actual Total Time": 0.028,
                                                            "Actual Rows": 1,
                                                            "Actual Loops": 48328,
                                                            "Index Cond": "id",
                                                            "Rows Removed by Index Recheck": 0,
                                                            "Workers": []
                                                        }
                                                    ]
                                                },
                                                {
                                                    "Node Type": "Index Scan",
                                                    "Scan Direction": "Forward",
                                                    "Index Name": "movie_id_cast_info",
                                                    "Plan Rows": 1,
                                                    "Plan Width": 12,
                                                    "Actual Startup Time": 0.247,
                                                    "Actual Total Time": 0.254,
                                                    "Actual Rows": 0,
                                                    "Actual Loops": 48328,
                                                    "Index Cond": "movie_id",
                                                    "Rows Removed by Index Recheck": 0,
                                                    "Filter": "notex",
                                                    "Rows Removed by Filter": 32,
                                                    "Workers": []
                                                }
                                            ]
                                        },
                                        {
                                            "Node Type": "Memoize",
                                            "Plan Rows": 1,
                                            "Plan Width": 4,
                                            "Actual Startup Time": 0.0,
                                            "Actual Total Time": 0.0,
                                            "Actual Rows": 0,
                                            "Actual Loops": 19600,
                                            "Cache Key": "role_id",
                                            "Cache Mode": "logical",
                                            "Cache Hits": 7684,
                                            "Cache Misses": 2,
                                            "Cache Evictions": 0,
                                            "Cache Overflows": 0,
                                            "Peak Memory Usage": 1,
                                            "Workers": [
                                                {
                                                    "Worker Number": 0,
                                                    "Cache Hits": 6653,
                                                    "Cache Misses": 2,
                                                    "Cache Evictions": 0,
                                                    "Cache Overflows": 0,
                                                    "Peak Memory Usage": 1
                                                },
                                                {
                                                    "Worker Number": 1,
                                                    "Cache Hits": 5257,
                                                    "Cache Misses": 2,
                                                    "Cache Evictions": 0,
                                                    "Cache Overflows": 0,
                                                    "Peak Memory Usage": 1
                                                }
                                            ],
                                            "Plans": [
                                                {
                                                    "Node Type": "Index Scan",
                                                    "Scan Direction": "Forward",
                                                    "Index Name": "role_type_pkey",
                                                    "Plan Rows": 1,
                                                    "Plan Width": 4,
                                                    "Actual Startup Time": 0.03,
                                                    "Actual Total Time": 0.03,
                                                    "Actual Rows": 0,
                                                    "Actual Loops": 6,
                                                    "Index Cond": "id",
                                                    "Rows Removed by Index Recheck": 0,
                                                    "Filter": "role",
                                                    "Rows Removed by Filter": 0,
                                                    "Workers": []
                                                }
                                            ]
                                        }
                                    ]
                                }
                            ]
                        },
                        {
                            "Node Type": "Index Scan",
                            "Scan Direction": "Forward",
                            "Index Name": "person_id_aka_name",
                            "Plan Rows": 2,
                            "Plan Width": 20,
                            "Actual Startup Time": 0.017,
                            "Actual Total Time": 0.02,
                            "Actual Rows": 2,
                            "Actual Loops": 7438,
                            "Index Cond": "person_id",
                            "Rows Removed by Index Recheck": 0
                        }
                    ]
                },
                {
                    "Node Type": "Index Scan",
                    "Scan Direction": "Forward",
                    "Index Name": "name_pkey",
                    "Plan Rows": 1,
                    "Plan Width": 4,
                    "Actual Startup Time": 0.001,
                    "Actual Total Time": 0.001,
                    "Actual Rows": 0,
                    "Actual Loops": 17379,
                    "Index Cond": "id",
                    "Rows Removed by Index Recheck": 0,
                    "Filter": "name",
                    "Rows Removed by Filter": 1
                }
            ]
        }
    ]
}