{
    "Node Type": "Aggregate",
    "Strategy": "Plain",
    "Partial Mode": "Simple",
    "Plan Rows": 1,
    "Plan Width": 64,
    "Actual Startup Time": 293.528,
    "Actual Total Time": 293.55,
    "Actual Rows": 1,
    "Actual Loops": 1,
    "Plans": [
        {
            "Node Type": "Nested Loop",
            "Join Type": "Inner",
            "Plan Rows": 1,
            "Plan Width": 33,
            "Actual Startup Time": 200.387,
            "Actual Total Time": 293.53,
            "Actual Rows": 6,
            "Actual Loops": 1,
            "Inner Unique": true,
            "Plans": [
                {
                    "Node Type": "Nested Loop",
                    "Join Type": "Inner",
                    "Plan Rows": 1,
                    "Plan Width": 37,
                    "Actual Startup Time": 200.238,
                    "Actual Total Time": 293.376,
                    "Actual Rows": 6,
                    "Actual Loops": 1,
                    "Inner Unique": true,
                    "Plans": [
                        {
                            "Node Type": "Nested Loop",
                            "Join Type": "Inner",
                            "Plan Rows": 1,
                            "Plan Width": 45,
                            "Actual Startup Time": 196.076,
                            "Actual Total Time": 291.346,
                            "Actual Rows": 171,
                            "Actual Loops": 1,
                            "Inner Unique": false,
                            "Plans": [
                                {
                                    "Node Type": "Nested Loop",
                                    "Join Type": "Inner",
                                    "Plan Rows": 1,
                                    "Plan Width": 25,
                                    "Actual Startup Time": 196.059,
                                    "Actual Total Time": 282.99,
                                    "Actual Rows": 104,
                                    "Actual Loops": 1,
                                    "Inner Unique": false,
                                    "Join Filter": "id",
                                    "Rows Removed by Join Filter": 0,
                                    "Plans": [
                                        {
                                            "Node Type": "Gather",
                                            "Plan Rows": 1,
                                            "Plan Width": 25,
                                            "Actual Startup Time": 195.869,
                                            "Actual Total Time": 281.673,
                                            "Actual Rows": 4,
                                            "Actual Loops": 1,
                                            "Workers Planned": 2,
                                            "Workers Launched": 2,
                                            "Plans": [
                                                {
                                                    "Node Type": "Nested Loop",
                                                    "Join Type": "Inner",
                                                    "Plan Rows": 1,
                                                    "Plan Width": 25,
                                                    "Actual Startup Time": 238.613,
                                                    "Actual Total Time": 281.586,
                                                    "Actual Rows": 1,
                                                    "Actual Loops": 3,
                                                    "Inner Unique": true,
                                                    "Workers": [],
                                                    "Plans": [
                                                        {
                                                            "Node Type": "Nested Loop",
                                                            "Join Type": "Inner",
                                                            "Plan Rows": 9,
                                                            "Plan Width": 4,
                                                            "Actual Startup Time": 0.244,
                                                            "Actual Total Time": 146.273,
                                                            "Actual Rows": 2832,
                                                            "Actual Loops": 3,
                                                            "Inner Unique": true,
                                                            "Workers": [],
                                                            "Plans": [
                                                                {
                                                                    "Node Type": "Seq Scan",
                                                                    "Plan Rows": 335,
                                                                    "Plan Width": 8,
                                                                    "Actual Startup Time": 0.146,
                                                                    "Actual Total Time": 133.461,
                                                                    "Actual Rows": 2856,
                                                                    "Actual Loops": 3,
                                                                    "Filter": "note",
                                                                    "Rows Removed by Filter": 866853,
                                                                    "Workers": []
                                                                },
                                                                {
                                                                    "Node Type": "Index Scan",
                                                                    "Scan Direction": "Forward",
                                                                    "Index Name": "company_name_pkey",
                                                                    "Plan Rows": 1,
                                                                    "Plan Width": 4,
                                                                    "Actual Startup Time": 0.004,
                                                                    "Actual Total Time": 0.004,
                                                                    "Actual Rows": 1,
                                                                    "Actual Loops": 8569,
                                                                    "Index Cond": "id",
                                                                    "Rows Removed by Index Recheck": 0,
                                                                    "Filter": "countryde",
                                                                    "Rows Removed by Filter": 0,
                                                                    "Workers": []
                                                                }
                                                            ]
                                                        },
                                                        {
                                                            "Node Type": "Memoize",
                                                            "Plan Rows": 1,
                                                            "Plan Width": 21,
                                                            "Actual Startup Time": 0.048,
                                                            "Actual Total Time": 0.048,
                                                            "Actual Rows": 0,
                                                            "Actual Loops": 8495,
                                                            "Cache Key": "movie_id",
                                                            "Cache Mode": "logical",
                                                            "Cache Hits": 789,
                                                            "Cache Misses": 2292,
                                                            "Cache Evictions": 0,
                                                            "Cache Overflows": 0,
                                                            "Peak Memory Usage": 153,
                                                            "Workers": [
                                                                {
                                                                    "Worker Number": 0,
                                                                    "Cache Hits": 693,
                                                                    "Cache Misses": 2027,
                                                                    "Cache Evictions": 0,
                                                                    "Cache Overflows": 0,
                                                                    "Peak Memory Usage": 135
                                                                },
                                                                {
                                                                    "Worker Number": 1,
                                                                    "Cache Hits": 646,
                                                                    "Cache Misses": 2048,
                                                                    "Cache Evictions": 0,
                                                                    "Cache Overflows": 0,
                                                                    "Peak Memory Usage": 137
                                                                }
                                                            ],
                                                            "Plans": [
                                                                {
                                                                    "Node Type": "Index Scan",
                                                                    "Scan Direction": "Forward",
                                                                    "Index Name": "title_pkey",
                                                                    "Plan Rows": 1,
                                                                    "Plan Width": 21,
                                                                    "Actual Startup Time": 0.06,
                                                                    "Actual Total Time": 0.06,
                                                                    "Actual Rows": 0,
                                                                    "Actual Loops": 6367,
                                                                    "Index Cond": "id",
                                                                    "Rows Removed by Index Recheck": 0,
                                                                    "Filter": "productinyeal",
                                                                    "Rows Removed by Filter": 1,
                                                                    "Workers": []
                                                                }
                                                            ]
                                                        }
                                                    ]
                                                }
                                            ]
                                        },
                                        {
                                            "Node Type": "Index Scan",
                                            "Scan Direction": "Forward",
                                            "Index Name": "movie_id_cast_info",
                                            "Plan Rows": 1,
                                            "Plan Width": 12,
                                            "Actual Startup Time": 0.163,
                                            "Actual Total Time": 0.326,
                                            "Actual Rows": 26,
                                            "Actual Loops": 4,
                                            "Index Cond": "movie_id",
                                            "Rows Removed by Index Recheck": 0,
                                            "Filter": "notex",
                                            "Rows Removed by Filter": 17
                                        }
                                    ]
                                },
                                {
                                    "Node Type": "Index Scan",
                                    "Scan Direction": "Forward",
                                    "Index Name": "person_id_aka_name",
                                    "Plan Rows": 2,
                                    "Plan Width": 20,
                                    "Actual Startup Time": 0.07,
                                    "Actual Total Time": 0.08,
                                    "Actual Rows": 2,
                                    "Actual Loops": 104,
                                    "Index Cond": "person_id",
                                    "Rows Removed by Index Recheck": 0
                                }
                            ]
                        },
                        {
                            "Node Type": "Index Scan",
                            "Scan Direction": "Forward",
                            "Index Name": "name_pkey",
                            "Plan Rows": 1,
                            "Plan Width": 4,
                            "Actual Startup Time": 0.012,
                            "Actual Total Time": 0.012,
                            "Actual Rows": 0,
                            "Actual Loops": 171,
                            "Index Cond": "id",
                            "Rows Removed by Index Recheck": 0,
                            "Filter": "name",
                            "Rows Removed by Filter": 1
                        }
                    ]
                },
                {
                    "Node Type": "Index Scan",
                    "Scan Direction": "Forward",
                    "Index Name": "role_type_pkey",
                    "Plan Rows": 1,
                    "Plan Width": 4,
                    "Actual Startup Time": 0.025,
                    "Actual Total Time": 0.025,
                    "Actual Rows": 1,
                    "Actual Loops": 6,
                    "Index Cond": "id",
                    "Rows Removed by Index Recheck": 0,
                    "Filter": "role",
                    "Rows Removed by Filter": 0
                }
            ]
        }
    ]
}