{
    "Node Type": "Aggregate",
    "Strategy": "Plain",
    "Partial Mode": "Finalize",
    "Plan Rows": 1,
    "Plan Width": 64,
    "Actual Startup Time": 9947.093,
    "Actual Total Time": 9989.934,
    "Actual Rows": 1,
    "Actual Loops": 1,
    "Plans": [
        {
            "Node Type": "Gather",
            "Plan Rows": 2,
            "Plan Width": 64,
            "Actual Startup Time": 9944.759,
            "Actual Total Time": 9989.926,
            "Actual Rows": 3,
            "Actual Loops": 1,
            "Workers Planned": 2,
            "Workers Launched": 2,
            "Plans": [
                {
                    "Node Type": "Aggregate",
                    "Strategy": "Plain",
                    "Partial Mode": "Partial",
                    "Plan Rows": 1,
                    "Plan Width": 64,
                    "Actual Startup Time": 9942.123,
                    "Actual Total Time": 9942.275,
                    "Actual Rows": 1,
                    "Actual Loops": 3,
                    "Workers": [],
                    "Plans": [
                        {
                            "Node Type": "Hash Join",
                            "Join Type": "Inner",
                            "Plan Rows": 206012,
                            "Plan Width": 33,
                            "Actual Startup Time": 9128.434,
                            "Actual Total Time": 9264.583,
                            "Actual Rows": 829204,
                            "Actual Loops": 3,
                            "Inner Unique": false,
                            "Hash Cond": "person_id",
                            "Workers": [],
                            "Plans": [
                                {
                                    "Node Type": "Seq Scan",
                                    "Plan Rows": 375560,
                                    "Plan Width": 20,
                                    "Actual Startup Time": 1.403,
                                    "Actual Total Time": 172.285,
                                    "Actual Rows": 300448,
                                    "Actual Loops": 3,
                                    "Workers": []
                                },
                                {
                                    "Node Type": "Hash",
                                    "Plan Rows": 85361,
                                    "Plan Width": 25,
                                    "Actual Startup Time": 8847.131,
                                    "Actual Total Time": 8847.282,
                                    "Actual Rows": 656886,
                                    "Actual Loops": 3,
                                    "Hash Buckets": 131072,
                                    "Original Hash Buckets": 262144,
                                    "Hash Batches": 32,
                                    "Original Hash Batches": 1,
                                    "Peak Memory Usage": 5376,
                                    "Workers": [],
                                    "Plans": [
                                        {
                                            "Node Type": "Hash Join",
                                            "Join Type": "Inner",
                                            "Plan Rows": 85361,
                                            "Plan Width": 25,
                                            "Actual Startup Time": 8304.979,
                                            "Actual Total Time": 8478.487,
                                            "Actual Rows": 656886,
                                            "Actual Loops": 3,
                                            "Inner Unique": false,
                                            "Hash Cond": "movie_id",
                                            "Workers": [],
                                            "Plans": [
                                                {
                                                    "Node Type": "Hash Join",
                                                    "Join Type": "Inner",
                                                    "Plan Rows": 394053,
                                                    "Plan Width": 4,
                                                    "Actual Startup Time": 23.668,
                                                    "Actual Total Time": 206.407,
                                                    "Actual Rows": 384599,
                                                    "Actual Loops": 3,
                                                    "Inner Unique": true,
                                                    "Hash Cond": "company_id",
                                                    "Workers": [],
                                                    "Plans": [
                                                        {
                                                            "Node Type": "Seq Scan",
                                                            "Plan Rows": 1087137,
                                                            "Plan Width": 8,
                                                            "Actual Startup Time": 0.054,
                                                            "Actual Total Time": 95.965,
                                                            "Actual Rows": 869710,
                                                            "Actual Loops": 3,
                                                            "Workers": []
                                                        },
                                                        {
                                                            "Node Type": "Hash",
                                                            "Plan Rows": 50105,
                                                            "Plan Width": 4,
                                                            "Actual Startup Time": 23.539,
                                                            "Actual Total Time": 23.539,
                                                            "Actual Rows": 28281,
                                                            "Actual Loops": 3,
                                                            "Hash Buckets": 131072,
                                                            "Original Hash Buckets": 131072,
                                                            "Hash Batches": 1,
                                                            "Original Hash Batches": 1,
                                                            "Peak Memory Usage": 4416,
                                                            "Workers": [],
                                                            "Plans": [
                                                                {
                                                                    "Node Type": "Seq Scan",
                                                                    "Plan Rows": 50105,
                                                                    "Plan Width": 4,
                                                                    "Actual Startup Time": 1.231,
                                                                    "Actual Total Time": 19.98,
                                                                    "Actual Rows": 28281,
                                                                    "Actual Loops": 3,
                                                                    "Filter": "countryde",
                                                                    "Rows Removed by Filter": 50051,
                                                                    "Workers": []
                                                                }
                                                            ]
                                                        }
                                                    ]
                                                },
                                                {
                                                    "Node Type": "Hash",
                                                    "Plan Rows": 85080,
                                                    "Plan Width": 33,
                                                    "Actual Startup Time": 8033.855,
                                                    "Actual Total Time": 8033.857,
                                                    "Actual Rows": 909648,
                                                    "Actual Loops": 3,
                                                    "Hash Buckets": 131072,
                                                    "Original Hash Buckets": 262144,
                                                    "Hash Batches": 32,
                                                    "Original Hash Batches": 1,
                                                    "Peak Memory Usage": 6848,
                                                    "Workers": [],
                                                    "Plans": [
                                                        {
                                                            "Node Type": "Nested Loop",
                                                            "Join Type": "Inner",
                                                            "Plan Rows": 85080,
                                                            "Plan Width": 33,
                                                            "Actual Startup Time": 2403.034,
                                                            "Actual Total Time": 7559.72,
                                                            "Actual Rows": 909648,
                                                            "Actual Loops": 3,
                                                            "Inner Unique": true,
                                                            "Workers": [],
                                                            "Plans": [
                                                                {
                                                                    "Node Type": "Nested Loop",
                                                                    "Join Type": "Inner",
                                                                    "Plan Rows": 85080,
                                                                    "Plan Width": 12,
                                                                    "Actual Startup Time": 2402.78,
                                                                    "Actual Total Time": 3367.387,
                                                                    "Actual Rows": 909648,
                                                                    "Actual Loops": 3,
                                                                    "Inner Unique": true,
                                                                    "Workers": [],
                                                                    "Plans": [
                                                                        {
                                                                            "Node Type": "Hash Join",
                                                                            "Join Type": "Inner",
                                                                            "Plan Rows": 85080,
                                                                            "Plan Width": 8,
                                                                            "Actual Startup Time": 2402.65,
                                                                            "Actual Total Time": 2954.961,
                                                                            "Actual Rows": 909648,
                                                                            "Actual Loops": 3,
                                                                            "Inner Unique": true,
                                                                            "Hash Cond": "role_id",
                                                                            "Workers": [],
                                                                            "Plans": [
                                                                                {
                                                                                    "Node Type": "Seq Scan",
                                                                                    "Plan Rows": 15101810,
                                                                                    "Plan Width": 12,
                                                                                    "Actual Startup Time": 0.187,
                                                                                    "Actual Total Time": 2194.511,
                                                                                    "Actual Rows": 12081448,
                                                                                    "Actual Loops": 3,
                                                                                    "Workers": []
                                                                                },
                                                                                {
                                                                                    "Node Type": "Hash",
                                                                                    "Plan Rows": 4,
                                                                                    "Plan Width": 4,
                                                                                    "Actual Startup Time": 0.032,
                                                                                    "Actual Total Time": 0.032,
                                                                                    "Actual Rows": 1,
                                                                                    "Actual Loops": 3,
                                                                                    "Hash Buckets": 1024,
                                                                                    "Original Hash Buckets": 1024,
                                                                                    "Hash Batches": 1,
                                                                                    "Original Hash Batches": 1,
                                                                                    "Peak Memory Usage": 9,
                                                                                    "Workers": [],
                                                                                    "Plans": [
                                                                                        {
                                                                                            "Node Type": "Seq Scan",
                                                                                            "Plan Rows": 4,
                                                                                            "Plan Width": 4,
                                                                                            "Actual Startup Time": 0.022,
                                                                                            "Actual Total Time": 0.023,
                                                                                            "Actual Rows": 1,
                                                                                            "Actual Loops": 3,
                                                                                            "Filter": "role",
                                                                                            "Rows Removed by Filter": 11,
                                                                                            "Workers": []
                                                                                        }
                                                                                    ]
                                                                                }
                                                                            ]
                                                                        },
                                                                        {
                                                                            "Node Type": "Memoize",
                                                                            "Plan Rows": 1,
                                                                            "Plan Width": 4,
                                                                            "Actual Startup Time": 0.0,
                                                                            "Actual Total Time": 0.0,
                                                                            "Actual Rows": 1,
                                                                            "Actual Loops": 2728943,
                                                                            "Cache Key": "person_id",
                                                                            "Cache Mode": "logical",
                                                                            "Cache Hits": 769210,
                                                                            "Cache Misses": 130563,
                                                                            "Cache Evictions": 49904,
                                                                            "Cache Overflows": 0,
                                                                            "Peak Memory Usage": 8193,
                                                                            "Workers": [
                                                                                {
                                                                                    "Worker Number": 0,
                                                                                    "Cache Hits": 786304,
                                                                                    "Cache Misses": 131911,
                                                                                    "Cache Evictions": 51252,
                                                                                    "Cache Overflows": 0,
                                                                                    "Peak Memory Usage": 8193
                                                                                },
                                                                                {
                                                                                    "Worker Number": 1,
                                                                                    "Cache Hits": 776767,
                                                                                    "Cache Misses": 134188,
                                                                                    "Cache Evictions": 53529,
                                                                                    "Cache Overflows": 0,
                                                                                    "Peak Memory Usage": 8193
                                                                                }
                                                                            ],
                                                                            "Plans": [
                                                                                {
                                                                                    "Node Type": "Index Only Scan",
                                                                                    "Scan Direction": "Forward",
                                                                                    "Index Name": "name_pkey",
                                                                                    "Plan Rows": 1,
                                                                                    "Plan Width": 4,
                                                                                    "Actual Startup Time": 0.001,
                                                                                    "Actual Total Time": 0.001,
                                                                                    "Actual Rows": 1,
                                                                                    "Actual Loops": 396662,
                                                                                    "Index Cond": "id",
                                                                                    "Rows Removed by Index Recheck": 0,
                                                                                    "Heap Fetches": 0,
                                                                                    "Workers": []
                                                                                }
                                                                            ]
                                                                        }
                                                                    ]
                                                                },
                                                                {
                                                                    "Node Type": "Index Scan",
                                                                    "Scan Direction": "Forward",
                                                                    "Index Name": "title_pkey",
                                                                    "Plan Rows": 1,
                                                                    "Plan Width": 21,
                                                                    "Actual Startup Time": 0.004,
                                                                    "Actual Total Time": 0.004,
                                                                    "Actual Rows": 1,
                                                                    "Actual Loops": 2728943,
                                                                    "Index Cond": "id",
                                                                    "Rows Removed by Index Recheck": 0,
                                                                    "Workers": []
                                                                }
                                                            ]
                                                        }
                                                    ]
                                                }
                                            ]
                                        }
                                    ]
                                }
                            ]
                        }
                    ]
                }
            ]
        }
    ]
}