{
    "Node Type": "Aggregate",
    "Strategy": "Plain",
    "Partial Mode": "Finalize",
    "Plan Rows": 1,
    "Plan Width": 128,
    "Actual Startup Time": 910.898,
    "Actual Total Time": 912.379,
    "Actual Rows": 1,
    "Actual Loops": 1,
    "Plans": [
        {
            "Node Type": "Gather",
            "Plan Rows": 2,
            "Plan Width": 128,
            "Actual Startup Time": 910.418,
            "Actual Total Time": 912.369,
            "Actual Rows": 3,
            "Actual Loops": 1,
            "Workers Planned": 2,
            "Workers Launched": 2,
            "Plans": [
                {
                    "Node Type": "Aggregate",
                    "Strategy": "Plain",
                    "Partial Mode": "Partial",
                    "Plan Rows": 1,
                    "Plan Width": 128,
                    "Actual Startup Time": 906.611,
                    "Actual Total Time": 906.613,
                    "Actual Rows": 1,
                    "Actual Loops": 3,
                    "Workers": [],
                    "Plans": [
                        {
                            "Node Type": "Nested Loop",
                            "Join Type": "Inner",
                            "Plan Rows": 12,
                            "Plan Width": 64,
                            "Actual Startup Time": 545.753,
                            "Actual Total Time": 897.765,
                            "Actual Rows": 2715,
                            "Actual Loops": 3,
                            "Inner Unique": true,
                            "Join Filter": "movie_id",
                            "Rows Removed by Join Filter": 0,
                            "Workers": [],
                            "Plans": [
                                {
                                    "Node Type": "Nested Loop",
                                    "Join Type": "Inner",
                                    "Plan Rows": 12,
                                    "Plan Width": 55,
                                    "Actual Startup Time": 545.718,
                                    "Actual Total Time": 892.31,
                                    "Actual Rows": 2715,
                                    "Actual Loops": 3,
                                    "Inner Unique": true,
                                    "Workers": [],
                                    "Plans": [
                                        {
                                            "Node Type": "Nested Loop",
                                            "Join Type": "Inner",
                                            "Plan Rows": 32,
                                            "Plan Width": 59,
                                            "Actual Startup Time": 543.244,
                                            "Actual Total Time": 866.854,
                                            "Actual Rows": 6115,
                                            "Actual Loops": 3,
                                            "Inner Unique": false,
                                            "Workers": [],
                                            "Plans": [
                                                {
                                                    "Node Type": "Nested Loop",
                                                    "Join Type": "Inner",
                                                    "Plan Rows": 12,
                                                    "Plan Width": 51,
                                                    "Actual Startup Time": 542.841,
                                                    "Actual Total Time": 823.79,
                                                    "Actual Rows": 2575,
                                                    "Actual Loops": 3,
                                                    "Inner Unique": true,
                                                    "Workers": [],
                                                    "Plans": [
                                                        {
                                                            "Node Type": "Hash Join",
                                                            "Join Type": "Inner",
                                                            "Plan Rows": 24,
                                                            "Plan Width": 39,
                                                            "Actual Startup Time": 542.44,
                                                            "Actual Total Time": 746.091,
                                                            "Actual Rows": 2735,
                                                            "Actual Loops": 3,
                                                            "Inner Unique": true,
                                                            "Hash Cond": "role_id",
                                                            "Workers": [],
                                                            "Plans": [
                                                                {
                                                                    "Node Type": "Nested Loop",
                                                                    "Join Type": "Inner",
                                                                    "Plan Rows": 4270,
                                                                    "Plan Width": 43,
                                                                    "Actual Startup Time": 542.243,
                                                                    "Actual Total Time": 745.483,
                                                                    "Actual Rows": 2735,
                                                                    "Actual Loops": 3,
                                                                    "Inner Unique": false,
                                                                    "Join Filter": "id",
                                                                    "Rows Removed by Join Filter": 0,
                                                                    "Workers": [],
                                                                    "Plans": [
                                                                        {
                                                                            "Node Type": "Hash Join",
                                                                            "Join Type": "Inner",
                                                                            "Plan Rows": 1723,
                                                                            "Plan Width": 39,
                                                                            "Actual Startup Time": 539.578,
                                                                            "Actual Total Time": 599.105,
                                                                            "Actual Rows": 3508,
                                                                            "Actual Loops": 3,
                                                                            "Inner Unique": true,
                                                                            "Hash Cond": "person_id",
                                                                            "Workers": [],
                                                                            "Plans": [
                                                                                {
                                                                                    "Node Type": "Seq Scan",
                                                                                    "Plan Rows": 375560,
                                                                                    "Plan Width": 20,
                                                                                    "Actual Startup Time": 0.036,
                                                                                    "Actual Total Time": 17.542,
                                                                                    "Actual Rows": 300448,
                                                                                    "Actual Loops": 3,
                                                                                    "Workers": []
                                                                                },
                                                                                {
                                                                                    "Node Type": "Hash",
                                                                                    "Plan Rows": 7968,
                                                                                    "Plan Width": 19,
                                                                                    "Actual Startup Time": 539.383,
                                                                                    "Actual Total Time": 539.383,
                                                                                    "Actual Rows": 16670,
                                                                                    "Actual Loops": 3,
                                                                                    "Hash Buckets": 65536,
                                                                                    "Original Hash Buckets": 32768,
                                                                                    "Hash Batches": 1,
                                                                                    "Original Hash Batches": 1,
                                                                                    "Peak Memory Usage": 3552,
                                                                                    "Workers": [],
                                                                                    "Plans": [
                                                                                        {
                                                                                            "Node Type": "Seq Scan",
                                                                                            "Plan Rows": 7968,
                                                                                            "Plan Width": 19,
                                                                                            "Actual Startup Time": 102.635,
                                                                                            "Actual Total Time": 525.375,
                                                                                            "Actual Rows": 16670,
                                                                                            "Actual Loops": 3,
                                                                                            "Filter": "namegdr",
                                                                                            "Rows Removed by Filter": 1372493,
                                                                                            "Workers": []
                                                                                        }
                                                                                    ]
                                                                                }
                                                                            ]
                                                                        },
                                                                        {
                                                                            "Node Type": "Index Scan",
                                                                            "Scan Direction": "Forward",
                                                                            "Index Name": "person_id_cast_info",
                                                                            "Plan Rows": 13,
                                                                            "Plan Width": 16,
                                                                            "Actual Startup Time": 0.04,
                                                                            "Actual Total Time": 0.041,
                                                                            "Actual Rows": 1,
                                                                            "Actual Loops": 10525,
                                                                            "Index Cond": "person_id",
                                                                            "Rows Removed by Index Recheck": 0,
                                                                            "Filter": "notevicJapsrudEglhx",
                                                                            "Rows Removed by Filter": 44,
                                                                            "Workers": []
                                                                        }
                                                                    ]
                                                                },
                                                                {
                                                                    "Node Type": "Hash",
                                                                    "Plan Rows": 4,
                                                                    "Plan Width": 4,
                                                                    "Actual Startup Time": 0.03,
                                                                    "Actual Total Time": 0.03,
                                                                    "Actual Rows": 1,
                                                                    "Actual Loops": 3,
                                                                    "Hash Buckets": 1024,
                                                                    "Original Hash Buckets": 1024,
                                                                    "Hash Batches": 1,
                                                                    "Original Hash Batches": 1,
                                                                    "Peak Memory Usage": 9,
                                                                    "Workers": [],
                                                                    "Plans": [
                                                                        {
                                                                            "Node Type": "Seq Scan",
                                                                            "Plan Rows": 4,
                                                                            "Plan Width": 4,
                                                                            "Actual Startup Time": 0.022,
                                                                            "Actual Total Time": 0.022,
                                                                            "Actual Rows": 1,
                                                                            "Actual Loops": 3,
                                                                            "Filter": "role",
                                                                            "Rows Removed by Filter": 11,
                                                                            "Workers": []
                                                                        }
                                                                    ]
                                                                }
                                                            ]
                                                        },
                                                        {
                                                            "Node Type": "Index Scan",
                                                            "Scan Direction": "Forward",
                                                            "Index Name": "char_name_pkey",
                                                            "Plan Rows": 1,
                                                            "Plan Width": 20,
                                                            "Actual Startup Time": 0.028,
                                                            "Actual Total Time": 0.028,
                                                            "Actual Rows": 1,
                                                            "Actual Loops": 8204,
                                                            "Index Cond": "id",
                                                            "Rows Removed by Index Recheck": 0,
                                                            "Workers": []
                                                        }
                                                    ]
                                                },
                                                {
                                                    "Node Type": "Index Scan",
                                                    "Scan Direction": "Forward",
                                                    "Index Name": "movie_id_movie_companies",
                                                    "Plan Rows": 5,
                                                    "Plan Width": 8,
                                                    "Actual Startup Time": 0.016,
                                                    "Actual Total Time": 0.016,
                                                    "Actual Rows": 2,
                                                    "Actual Loops": 7726,
                                                    "Index Cond": "movie_id",
                                                    "Rows Removed by Index Recheck": 0,
                                                    "Workers": []
                                                }
                                            ]
                                        },
                                        {
                                            "Node Type": "Index Scan",
                                            "Scan Direction": "Forward",
                                            "Index Name": "company_name_pkey",
                                            "Plan Rows": 1,
                                            "Plan Width": 4,
                                            "Actual Startup Time": 0.004,
                                            "Actual Total Time": 0.004,
                                            "Actual Rows": 0,
                                            "Actual Loops": 18345,
                                            "Index Cond": "id",
                                            "Rows Removed by Index Recheck": 0,
                                            "Filter": "countryde",
                                            "Rows Removed by Filter": 1,
                                            "Workers": []
                                        }
                                    ]
                                },
                                {
                                    "Node Type": "Index Scan",
                                    "Scan Direction": "Forward",
                                    "Index Name": "title_pkey",
                                    "Plan Rows": 1,
                                    "Plan Width": 21,
                                    "Actual Startup Time": 0.002,
                                    "Actual Total Time": 0.002,
                                    "Actual Rows": 1,
                                    "Actual Loops": 8144,
                                    "Index Cond": "id",
                                    "Rows Removed by Index Recheck": 0,
                                    "Workers": []
                                }
                            ]
                        }
                    ]
                }
            ]
        }
    ]
}