[
    [
        [
            {
                "Plan": {
                    "Node Type": "Bitmap Heap Scan",
                    "Parallel Aware": false,
                    "Async Capable": false,
                    "Relation Name": "title",
                    "Alias": "title",
                    "Startup Cost": 127.95,
                    "Total Cost": 24066.4,
                    "Plan Rows": 11293,
                    "Plan Width": 25,
                    "Recheck Cond": "(kind_id = 6)",
                    "Plans": [
                        {
                            "Node Type": "Bitmap Index Scan",
                            "Parent Relationship": "Outer",
                            "Parallel Aware": false,
                            "Async Capable": false,
                            "Index Name": "kind_id_title",
                            "Startup Cost": 0.0,
                            "Total Cost": 125.13,
                            "Plan Rows": 11293,
                            "Plan Width": 0,
                            "Index Cond": "(kind_id = 6)"
                        }
                    ]
                }
            }
        ]
    ]
]