[
    [
        [
            {
                "Plan": {
                    "Node Type": "Bitmap Heap Scan",
                    "Parallel Aware": false,
                    "Async Capable": false,
                    "Relation Name": "title",
                    "Alias": "title",
                    "Startup Cost": 1259.65,
                    "Total Cost": 38669.28,
                    "Plan Rows": 112931,
                    "Plan Width": 25,
                    "Recheck Cond": "(kind_id = 4)",
                    "Plans": [
                        {
                            "Node Type": "Bitmap Index Scan",
                            "Parent Relationship": "Outer",
                            "Parallel Aware": false,
                            "Async Capable": false,
                            "Index Name": "kind_id_title",
                            "Startup Cost": 0.0,
                            "Total Cost": 1231.41,
                            "Plan Rows": 112931,
                            "Plan Width": 0,
                            "Index Cond": "(kind_id = 4)"
                        }
                    ]
                }
            }
        ]
    ]
]